2015.01.14 13:52:52.975 CET INFO: *** SYSTEM START ***
2015.01.14 13:52:53.835 CET WARNING: [Local Folder Repository] The specified file must be a directory. (D:\Ontologie_Owl\annotator\plugins\edu.stanford.smi.protegex.owl) -- LocalFolderRepository.update()
2015.01.14 13:52:53.866 CET INFO: Loading triples for: null -- ProtegeOWLParser.loadTriples()
2015.01.14 13:52:54.882 CET INFO:     Completed triple loading after 836 ms -- ProtegeOWLParser.loadTriples()
2015.01.14 13:52:54.892 CET INFO: Postprocess: Process entities with incorrect Java type (0 entities) ...  -- TriplePostProcessor.processFramesWithWrongJavaType()
2015.01.14 13:52:54.892 CET INFO: 0 ms
 -- TriplePostProcessor.processFramesWithWrongJavaType()
2015.01.14 13:52:54.892 CET INFO: Postprocess: Process metaclasses (3 metaclasses) ...  -- TriplePostProcessor.processMetaclasses()
2015.01.14 13:52:54.892 CET INFO: 0 ms
 -- TriplePostProcessor.processMetaclasses()
2015.01.14 13:52:54.892 CET INFO: Postprocess: Process subclasses of rdf:List (1 classes) ...  -- TriplePostProcessor.processSubclassesOfRdfList()
2015.01.14 13:52:54.892 CET INFO: 0 ms
 -- TriplePostProcessor.processSubclassesOfRdfList()
2015.01.14 13:52:54.892 CET INFO: Postprocess: Instances with multiple types (15 instances) ...  -- TriplePostProcessor.processInstancesWithMultipleTypes()
2015.01.14 13:52:54.892 CET INFO: 0 ms
 -- TriplePostProcessor.processInstancesWithMultipleTypes()
2015.01.14 13:52:54.892 CET INFO: Postprocess: Add inferred superclasses ...  -- TriplePostProcessor.processInferredSuperclasses()
2015.01.14 13:52:54.892 CET INFO: 0 ms
 -- TriplePostProcessor.processInferredSuperclasses()
2015.01.14 13:52:54.903 CET INFO: Postprocess: Process orphan classes (61 classes) ...  -- TriplePostProcessor.processOrphanClses()
2015.01.14 13:52:54.903 CET INFO: 0 ms
 -- TriplePostProcessor.processOrphanClses()
2015.01.14 13:52:54.903 CET INFO: Postprocess: Generalized Concept Inclusion (0 axioms) ...  -- TriplePostProcessor.processGeneralizedConceptInclusions()
2015.01.14 13:52:54.913 CET INFO: 10 ms
 -- TriplePostProcessor.processGeneralizedConceptInclusions()
2015.01.14 13:52:54.913 CET INFO: Postprocess: Abstract classes...  -- TriplePostProcessor.processAbstractClasses()
2015.01.14 13:52:54.913 CET INFO: 0 ms
 -- TriplePostProcessor.processAbstractClasses()
2015.01.14 13:52:54.913 CET INFO: Postprocess: Domain and range of properties...  -- TriplePostProcessor.processDomainAndRange()
2015.01.14 13:52:54.923 CET INFO: 10 ms
 -- TriplePostProcessor.processDomainAndRange()
2015.01.14 13:52:54.923 CET INFO: Postprocess: Possibly typed entities (0 resources) ...  -- TriplePostProcessor.processPossiblyTypedResources()
2015.01.14 13:52:54.923 CET INFO: 0 ms
 -- TriplePostProcessor.processPossiblyTypedResources()
2015.01.14 13:52:54.923 CET INFO: Updating underlying frames model in 0 ms -- ProtegeOWLParser.doFinalPostProcessing()
2015.01.14 14:09:38.536 CET INFO: *** SYSTEM START ***
2015.01.14 14:09:39.353 CET WARNING: [Local Folder Repository] The specified file must be a directory. (D:\Ontologie_Owl\annotator\plugins\edu.stanford.smi.protegex.owl) -- LocalFolderRepository.update()
2015.01.14 14:09:39.374 CET INFO: Loading triples for: null -- ProtegeOWLParser.loadTriples()
2015.01.14 14:09:40.174 CET INFO:     Completed triple loading after 650 ms -- ProtegeOWLParser.loadTriples()
2015.01.14 14:09:40.174 CET INFO: Postprocess: Process entities with incorrect Java type (0 entities) ...  -- TriplePostProcessor.processFramesWithWrongJavaType()
2015.01.14 14:09:40.174 CET INFO: 0 ms
 -- TriplePostProcessor.processFramesWithWrongJavaType()
2015.01.14 14:09:40.174 CET INFO: Postprocess: Process metaclasses (3 metaclasses) ...  -- TriplePostProcessor.processMetaclasses()
2015.01.14 14:09:40.174 CET INFO: 0 ms
 -- TriplePostProcessor.processMetaclasses()
2015.01.14 14:09:40.174 CET INFO: Postprocess: Process subclasses of rdf:List (1 classes) ...  -- TriplePostProcessor.processSubclassesOfRdfList()
2015.01.14 14:09:40.174 CET INFO: 0 ms
 -- TriplePostProcessor.processSubclassesOfRdfList()
2015.01.14 14:09:40.174 CET INFO: Postprocess: Instances with multiple types (15 instances) ...  -- TriplePostProcessor.processInstancesWithMultipleTypes()
2015.01.14 14:09:40.184 CET INFO: 10 ms
 -- TriplePostProcessor.processInstancesWithMultipleTypes()
2015.01.14 14:09:40.184 CET INFO: Postprocess: Add inferred superclasses ...  -- TriplePostProcessor.processInferredSuperclasses()
2015.01.14 14:09:40.184 CET INFO: 0 ms
 -- TriplePostProcessor.processInferredSuperclasses()
2015.01.14 14:09:40.184 CET INFO: Postprocess: Process orphan classes (61 classes) ...  -- TriplePostProcessor.processOrphanClses()
2015.01.14 14:09:40.184 CET INFO: 0 ms
 -- TriplePostProcessor.processOrphanClses()
2015.01.14 14:09:40.184 CET INFO: Postprocess: Generalized Concept Inclusion (0 axioms) ...  -- TriplePostProcessor.processGeneralizedConceptInclusions()
2015.01.14 14:09:40.184 CET INFO: 0 ms
 -- TriplePostProcessor.processGeneralizedConceptInclusions()
2015.01.14 14:09:40.194 CET INFO: Postprocess: Abstract classes...  -- TriplePostProcessor.processAbstractClasses()
2015.01.14 14:09:40.194 CET INFO: 0 ms
 -- TriplePostProcessor.processAbstractClasses()
2015.01.14 14:09:40.194 CET INFO: Postprocess: Domain and range of properties...  -- TriplePostProcessor.processDomainAndRange()
2015.01.14 14:09:40.204 CET INFO: 10 ms
 -- TriplePostProcessor.processDomainAndRange()
2015.01.14 14:09:40.204 CET INFO: Postprocess: Possibly typed entities (0 resources) ...  -- TriplePostProcessor.processPossiblyTypedResources()
2015.01.14 14:09:40.204 CET INFO: 0 ms
 -- TriplePostProcessor.processPossiblyTypedResources()
2015.01.14 14:09:40.204 CET INFO: Updating underlying frames model in 0 ms -- ProtegeOWLParser.doFinalPostProcessing()
2015.01.14 14:15:53.914 CET INFO: *** SYSTEM START ***
2015.01.14 14:15:54.984 CET WARNING: [Local Folder Repository] The specified file must be a directory. (D:\Ontologie_Owl\annotator\plugins\edu.stanford.smi.protegex.owl) -- LocalFolderRepository.update()
2015.01.14 14:15:55.025 CET INFO: Loading triples for: null -- ProtegeOWLParser.loadTriples()
2015.01.14 14:15:56.072 CET INFO:     Completed triple loading after 817 ms -- ProtegeOWLParser.loadTriples()
2015.01.14 14:15:56.082 CET INFO: Postprocess: Process entities with incorrect Java type (0 entities) ...  -- TriplePostProcessor.processFramesWithWrongJavaType()
2015.01.14 14:15:56.082 CET INFO: 0 ms
 -- TriplePostProcessor.processFramesWithWrongJavaType()
2015.01.14 14:15:56.082 CET INFO: Postprocess: Process metaclasses (3 metaclasses) ...  -- TriplePostProcessor.processMetaclasses()
2015.01.14 14:15:56.082 CET INFO: 0 ms
 -- TriplePostProcessor.processMetaclasses()
2015.01.14 14:15:56.082 CET INFO: Postprocess: Process subclasses of rdf:List (1 classes) ...  -- TriplePostProcessor.processSubclassesOfRdfList()
2015.01.14 14:15:56.082 CET INFO: 0 ms
 -- TriplePostProcessor.processSubclassesOfRdfList()
2015.01.14 14:15:56.082 CET INFO: Postprocess: Instances with multiple types (15 instances) ...  -- TriplePostProcessor.processInstancesWithMultipleTypes()
2015.01.14 14:15:56.082 CET INFO: 0 ms
 -- TriplePostProcessor.processInstancesWithMultipleTypes()
2015.01.14 14:15:56.082 CET INFO: Postprocess: Add inferred superclasses ...  -- TriplePostProcessor.processInferredSuperclasses()
2015.01.14 14:15:56.082 CET INFO: 0 ms
 -- TriplePostProcessor.processInferredSuperclasses()
2015.01.14 14:15:56.092 CET INFO: Postprocess: Process orphan classes (62 classes) ...  -- TriplePostProcessor.processOrphanClses()
2015.01.14 14:15:56.092 CET INFO: 0 ms
 -- TriplePostProcessor.processOrphanClses()
2015.01.14 14:15:56.092 CET INFO: Postprocess: Generalized Concept Inclusion (0 axioms) ...  -- TriplePostProcessor.processGeneralizedConceptInclusions()
2015.01.14 14:15:56.092 CET INFO: 0 ms
 -- TriplePostProcessor.processGeneralizedConceptInclusions()
2015.01.14 14:15:56.092 CET INFO: Postprocess: Abstract classes...  -- TriplePostProcessor.processAbstractClasses()
2015.01.14 14:15:56.102 CET INFO: 0 ms
 -- TriplePostProcessor.processAbstractClasses()
2015.01.14 14:15:56.102 CET INFO: Postprocess: Domain and range of properties...  -- TriplePostProcessor.processDomainAndRange()
2015.01.14 14:15:56.103 CET INFO: 0 ms
 -- TriplePostProcessor.processDomainAndRange()
2015.01.14 14:15:56.103 CET INFO: Postprocess: Possibly typed entities (0 resources) ...  -- TriplePostProcessor.processPossiblyTypedResources()
2015.01.14 14:15:56.113 CET INFO: 0 ms
 -- TriplePostProcessor.processPossiblyTypedResources()
2015.01.14 14:15:56.113 CET INFO: Updating underlying frames model in 0 ms -- ProtegeOWLParser.doFinalPostProcessing()
2015.01.14 14:21:28.511 CET INFO: *** SYSTEM START ***
2015.01.14 14:21:29.441 CET WARNING: [Local Folder Repository] The specified file must be a directory. (D:\Ontologie_Owl\annotator\plugins\edu.stanford.smi.protegex.owl) -- LocalFolderRepository.update()
2015.01.14 14:21:29.472 CET INFO: Loading triples for: null -- ProtegeOWLParser.loadTriples()
2015.01.14 14:21:30.332 CET INFO:     Completed triple loading after 690 ms -- ProtegeOWLParser.loadTriples()
2015.01.14 14:21:30.332 CET INFO: Postprocess: Process entities with incorrect Java type (0 entities) ...  -- TriplePostProcessor.processFramesWithWrongJavaType()
2015.01.14 14:21:30.332 CET INFO: 0 ms
 -- TriplePostProcessor.processFramesWithWrongJavaType()
2015.01.14 14:21:30.332 CET INFO: Postprocess: Process metaclasses (3 metaclasses) ...  -- TriplePostProcessor.processMetaclasses()
2015.01.14 14:21:30.332 CET INFO: 0 ms
 -- TriplePostProcessor.processMetaclasses()
2015.01.14 14:21:30.332 CET INFO: Postprocess: Process subclasses of rdf:List (1 classes) ...  -- TriplePostProcessor.processSubclassesOfRdfList()
2015.01.14 14:21:30.332 CET INFO: 0 ms
 -- TriplePostProcessor.processSubclassesOfRdfList()
2015.01.14 14:21:30.332 CET INFO: Postprocess: Instances with multiple types (15 instances) ...  -- TriplePostProcessor.processInstancesWithMultipleTypes()
2015.01.14 14:21:30.342 CET INFO: 10 ms
 -- TriplePostProcessor.processInstancesWithMultipleTypes()
2015.01.14 14:21:30.342 CET INFO: Postprocess: Add inferred superclasses ...  -- TriplePostProcessor.processInferredSuperclasses()
2015.01.14 14:21:30.342 CET INFO: 0 ms
 -- TriplePostProcessor.processInferredSuperclasses()
2015.01.14 14:21:30.342 CET INFO: Postprocess: Process orphan classes (62 classes) ...  -- TriplePostProcessor.processOrphanClses()
2015.01.14 14:21:30.342 CET INFO: 0 ms
 -- TriplePostProcessor.processOrphanClses()
2015.01.14 14:21:30.342 CET INFO: Postprocess: Generalized Concept Inclusion (0 axioms) ...  -- TriplePostProcessor.processGeneralizedConceptInclusions()
2015.01.14 14:21:30.352 CET INFO: 10 ms
 -- TriplePostProcessor.processGeneralizedConceptInclusions()
2015.01.14 14:21:30.352 CET INFO: Postprocess: Abstract classes...  -- TriplePostProcessor.processAbstractClasses()
2015.01.14 14:21:30.352 CET INFO: 0 ms
 -- TriplePostProcessor.processAbstractClasses()
2015.01.14 14:21:30.352 CET INFO: Postprocess: Domain and range of properties...  -- TriplePostProcessor.processDomainAndRange()
2015.01.14 14:21:30.362 CET INFO: 10 ms
 -- TriplePostProcessor.processDomainAndRange()
2015.01.14 14:21:30.362 CET INFO: Postprocess: Possibly typed entities (0 resources) ...  -- TriplePostProcessor.processPossiblyTypedResources()
2015.01.14 14:21:30.362 CET INFO: 0 ms
 -- TriplePostProcessor.processPossiblyTypedResources()
2015.01.14 14:21:30.362 CET INFO: Updating underlying frames model in 0 ms -- ProtegeOWLParser.doFinalPostProcessing()
2015.01.14 14:29:23.245 CET INFO: *** SYSTEM START ***
2015.01.14 14:29:24.301 CET WARNING: [Local Folder Repository] The specified file must be a directory. (D:\Ontologie_Owl\annotator\plugins\edu.stanford.smi.protegex.owl) -- LocalFolderRepository.update()
2015.01.14 14:29:24.342 CET INFO: Loading triples for: null -- ProtegeOWLParser.loadTriples()
2015.01.14 14:29:25.392 CET INFO:     Completed triple loading after 830 ms -- ProtegeOWLParser.loadTriples()
2015.01.14 14:29:25.402 CET INFO: Postprocess: Process entities with incorrect Java type (0 entities) ...  -- TriplePostProcessor.processFramesWithWrongJavaType()
2015.01.14 14:29:25.402 CET INFO: 0 ms
 -- TriplePostProcessor.processFramesWithWrongJavaType()
2015.01.14 14:29:25.402 CET INFO: Postprocess: Process metaclasses (3 metaclasses) ...  -- TriplePostProcessor.processMetaclasses()
2015.01.14 14:29:25.402 CET INFO: 0 ms
 -- TriplePostProcessor.processMetaclasses()
2015.01.14 14:29:25.402 CET INFO: Postprocess: Process subclasses of rdf:List (1 classes) ...  -- TriplePostProcessor.processSubclassesOfRdfList()
2015.01.14 14:29:25.402 CET INFO: 0 ms
 -- TriplePostProcessor.processSubclassesOfRdfList()
2015.01.14 14:29:25.402 CET INFO: Postprocess: Instances with multiple types (15 instances) ...  -- TriplePostProcessor.processInstancesWithMultipleTypes()
2015.01.14 14:29:25.402 CET INFO: 0 ms
 -- TriplePostProcessor.processInstancesWithMultipleTypes()
2015.01.14 14:29:25.402 CET INFO: Postprocess: Add inferred superclasses ...  -- TriplePostProcessor.processInferredSuperclasses()
2015.01.14 14:29:25.402 CET INFO: 0 ms
 -- TriplePostProcessor.processInferredSuperclasses()
2015.01.14 14:29:25.413 CET INFO: Postprocess: Process orphan classes (62 classes) ...  -- TriplePostProcessor.processOrphanClses()
2015.01.14 14:29:25.413 CET INFO: 0 ms
 -- TriplePostProcessor.processOrphanClses()
2015.01.14 14:29:25.413 CET INFO: Postprocess: Generalized Concept Inclusion (0 axioms) ...  -- TriplePostProcessor.processGeneralizedConceptInclusions()
2015.01.14 14:29:25.423 CET INFO: 10 ms
 -- TriplePostProcessor.processGeneralizedConceptInclusions()
2015.01.14 14:29:25.423 CET INFO: Postprocess: Abstract classes...  -- TriplePostProcessor.processAbstractClasses()
2015.01.14 14:29:25.423 CET INFO: 0 ms
 -- TriplePostProcessor.processAbstractClasses()
2015.01.14 14:29:25.423 CET INFO: Postprocess: Domain and range of properties...  -- TriplePostProcessor.processDomainAndRange()
2015.01.14 14:29:25.433 CET INFO: 10 ms
 -- TriplePostProcessor.processDomainAndRange()
2015.01.14 14:29:25.433 CET INFO: Postprocess: Possibly typed entities (0 resources) ...  -- TriplePostProcessor.processPossiblyTypedResources()
2015.01.14 14:29:25.433 CET INFO: 0 ms
 -- TriplePostProcessor.processPossiblyTypedResources()
2015.01.14 14:29:25.433 CET INFO: Updating underlying frames model in 0 ms -- ProtegeOWLParser.doFinalPostProcessing()
2015.01.14 14:31:03.551 CET INFO: *** SYSTEM START ***
2015.01.14 14:31:04.483 CET WARNING: [Local Folder Repository] The specified file must be a directory. (D:\Ontologie_Owl\annotator\plugins\edu.stanford.smi.protegex.owl) -- LocalFolderRepository.update()
2015.01.14 14:31:04.514 CET INFO: Loading triples for: null -- ProtegeOWLParser.loadTriples()
2015.01.14 14:31:05.364 CET INFO:     Completed triple loading after 650 ms -- ProtegeOWLParser.loadTriples()
2015.01.14 14:31:05.364 CET INFO: Postprocess: Process entities with incorrect Java type (0 entities) ...  -- TriplePostProcessor.processFramesWithWrongJavaType()
2015.01.14 14:31:05.364 CET INFO: 0 ms
 -- TriplePostProcessor.processFramesWithWrongJavaType()
2015.01.14 14:31:05.364 CET INFO: Postprocess: Process metaclasses (3 metaclasses) ...  -- TriplePostProcessor.processMetaclasses()
2015.01.14 14:31:05.364 CET INFO: 0 ms
 -- TriplePostProcessor.processMetaclasses()
2015.01.14 14:31:05.364 CET INFO: Postprocess: Process subclasses of rdf:List (1 classes) ...  -- TriplePostProcessor.processSubclassesOfRdfList()
2015.01.14 14:31:05.364 CET INFO: 0 ms
 -- TriplePostProcessor.processSubclassesOfRdfList()
2015.01.14 14:31:05.364 CET INFO: Postprocess: Instances with multiple types (15 instances) ...  -- TriplePostProcessor.processInstancesWithMultipleTypes()
2015.01.14 14:31:05.364 CET INFO: 0 ms
 -- TriplePostProcessor.processInstancesWithMultipleTypes()
2015.01.14 14:31:05.374 CET INFO: Postprocess: Add inferred superclasses ...  -- TriplePostProcessor.processInferredSuperclasses()
2015.01.14 14:31:05.374 CET INFO: 0 ms
 -- TriplePostProcessor.processInferredSuperclasses()
2015.01.14 14:31:05.374 CET INFO: Postprocess: Process orphan classes (62 classes) ...  -- TriplePostProcessor.processOrphanClses()
2015.01.14 14:31:05.374 CET INFO: 0 ms
 -- TriplePostProcessor.processOrphanClses()
2015.01.14 14:31:05.374 CET INFO: Postprocess: Generalized Concept Inclusion (0 axioms) ...  -- TriplePostProcessor.processGeneralizedConceptInclusions()
2015.01.14 14:31:05.374 CET INFO: 0 ms
 -- TriplePostProcessor.processGeneralizedConceptInclusions()
2015.01.14 14:31:05.384 CET INFO: Postprocess: Abstract classes...  -- TriplePostProcessor.processAbstractClasses()
2015.01.14 14:31:05.384 CET INFO: 0 ms
 -- TriplePostProcessor.processAbstractClasses()
2015.01.14 14:31:05.384 CET INFO: Postprocess: Domain and range of properties...  -- TriplePostProcessor.processDomainAndRange()
2015.01.14 14:31:05.384 CET INFO: 0 ms
 -- TriplePostProcessor.processDomainAndRange()
2015.01.14 14:31:05.384 CET INFO: Postprocess: Possibly typed entities (0 resources) ...  -- TriplePostProcessor.processPossiblyTypedResources()
2015.01.14 14:31:05.394 CET INFO: 0 ms
 -- TriplePostProcessor.processPossiblyTypedResources()
2015.01.14 14:31:05.394 CET INFO: Updating underlying frames model in 0 ms -- ProtegeOWLParser.doFinalPostProcessing()
2015.01.14 17:12:45.102 CET INFO: *** SYSTEM START ***
2015.01.14 17:12:46.172 CET WARNING: [Local Folder Repository] The specified file must be a directory. (D:\Ontologie_Owl\annotator\plugins\edu.stanford.smi.protegex.owl) -- LocalFolderRepository.update()
2015.01.14 17:12:46.203 CET INFO: Loading triples for: null -- ProtegeOWLParser.loadTriples()
2015.01.14 17:12:47.307 CET INFO:     Completed triple loading after 884 ms -- ProtegeOWLParser.loadTriples()
2015.01.14 17:12:47.307 CET INFO: Postprocess: Process entities with incorrect Java type (0 entities) ...  -- TriplePostProcessor.processFramesWithWrongJavaType()
2015.01.14 17:12:47.307 CET INFO: 0 ms
 -- TriplePostProcessor.processFramesWithWrongJavaType()
2015.01.14 17:12:47.317 CET INFO: Postprocess: Process metaclasses (3 metaclasses) ...  -- TriplePostProcessor.processMetaclasses()
2015.01.14 17:12:47.317 CET INFO: 0 ms
 -- TriplePostProcessor.processMetaclasses()
2015.01.14 17:12:47.317 CET INFO: Postprocess: Process subclasses of rdf:List (1 classes) ...  -- TriplePostProcessor.processSubclassesOfRdfList()
2015.01.14 17:12:47.317 CET INFO: 0 ms
 -- TriplePostProcessor.processSubclassesOfRdfList()
2015.01.14 17:12:47.317 CET INFO: Postprocess: Instances with multiple types (15 instances) ...  -- TriplePostProcessor.processInstancesWithMultipleTypes()
2015.01.14 17:12:47.317 CET INFO: 0 ms
 -- TriplePostProcessor.processInstancesWithMultipleTypes()
2015.01.14 17:12:47.317 CET INFO: Postprocess: Add inferred superclasses ...  -- TriplePostProcessor.processInferredSuperclasses()
2015.01.14 17:12:47.317 CET INFO: 0 ms
 -- TriplePostProcessor.processInferredSuperclasses()
2015.01.14 17:12:47.328 CET INFO: Postprocess: Process orphan classes (62 classes) ...  -- TriplePostProcessor.processOrphanClses()
2015.01.14 17:12:47.328 CET INFO: 0 ms
 -- TriplePostProcessor.processOrphanClses()
2015.01.14 17:12:47.328 CET INFO: Postprocess: Generalized Concept Inclusion (0 axioms) ...  -- TriplePostProcessor.processGeneralizedConceptInclusions()
2015.01.14 17:12:47.328 CET INFO: 0 ms
 -- TriplePostProcessor.processGeneralizedConceptInclusions()
2015.01.14 17:12:47.328 CET INFO: Postprocess: Abstract classes...  -- TriplePostProcessor.processAbstractClasses()
2015.01.14 17:12:47.328 CET INFO: 0 ms
 -- TriplePostProcessor.processAbstractClasses()
2015.01.14 17:12:47.328 CET INFO: Postprocess: Domain and range of properties...  -- TriplePostProcessor.processDomainAndRange()
2015.01.14 17:12:47.338 CET INFO: 10 ms
 -- TriplePostProcessor.processDomainAndRange()
2015.01.14 17:12:47.338 CET INFO: Postprocess: Possibly typed entities (0 resources) ...  -- TriplePostProcessor.processPossiblyTypedResources()
2015.01.14 17:12:47.338 CET INFO: 0 ms
 -- TriplePostProcessor.processPossiblyTypedResources()
2015.01.14 17:12:47.348 CET INFO: Updating underlying frames model in 0 ms -- ProtegeOWLParser.doFinalPostProcessing()
2015.01.14 17:15:05.613 CET INFO: *** SYSTEM START ***
2015.01.14 17:15:06.613 CET WARNING: [Local Folder Repository] The specified file must be a directory. (D:\Ontologie_Owl\annotator\plugins\edu.stanford.smi.protegex.owl) -- LocalFolderRepository.update()
2015.01.14 17:15:06.654 CET INFO: Loading triples for: null -- ProtegeOWLParser.loadTriples()
2015.01.14 17:15:07.724 CET INFO:     Completed triple loading after 840 ms -- ProtegeOWLParser.loadTriples()
2015.01.14 17:15:07.724 CET INFO: Postprocess: Process entities with incorrect Java type (0 entities) ...  -- TriplePostProcessor.processFramesWithWrongJavaType()
2015.01.14 17:15:07.724 CET INFO: 0 ms
 -- TriplePostProcessor.processFramesWithWrongJavaType()
2015.01.14 17:15:07.724 CET INFO: Postprocess: Process metaclasses (3 metaclasses) ...  -- TriplePostProcessor.processMetaclasses()
2015.01.14 17:15:07.724 CET INFO: 0 ms
 -- TriplePostProcessor.processMetaclasses()
2015.01.14 17:15:07.724 CET INFO: Postprocess: Process subclasses of rdf:List (1 classes) ...  -- TriplePostProcessor.processSubclassesOfRdfList()
2015.01.14 17:15:07.724 CET INFO: 0 ms
 -- TriplePostProcessor.processSubclassesOfRdfList()
2015.01.14 17:15:07.724 CET INFO: Postprocess: Instances with multiple types (15 instances) ...  -- TriplePostProcessor.processInstancesWithMultipleTypes()
2015.01.14 17:15:07.734 CET INFO: 10 ms
 -- TriplePostProcessor.processInstancesWithMultipleTypes()
2015.01.14 17:15:07.734 CET INFO: Postprocess: Add inferred superclasses ...  -- TriplePostProcessor.processInferredSuperclasses()
2015.01.14 17:15:07.734 CET INFO: 0 ms
 -- TriplePostProcessor.processInferredSuperclasses()
2015.01.14 17:15:07.734 CET INFO: Postprocess: Process orphan classes (62 classes) ...  -- TriplePostProcessor.processOrphanClses()
2015.01.14 17:15:07.745 CET INFO: 11 ms
 -- TriplePostProcessor.processOrphanClses()
2015.01.14 17:15:07.745 CET INFO: Postprocess: Generalized Concept Inclusion (0 axioms) ...  -- TriplePostProcessor.processGeneralizedConceptInclusions()
2015.01.14 17:15:07.745 CET INFO: 0 ms
 -- TriplePostProcessor.processGeneralizedConceptInclusions()
2015.01.14 17:15:07.745 CET INFO: Postprocess: Abstract classes...  -- TriplePostProcessor.processAbstractClasses()
2015.01.14 17:15:07.745 CET INFO: 0 ms
 -- TriplePostProcessor.processAbstractClasses()
2015.01.14 17:15:07.745 CET INFO: Postprocess: Domain and range of properties...  -- TriplePostProcessor.processDomainAndRange()
2015.01.14 17:15:07.755 CET INFO: 10 ms
 -- TriplePostProcessor.processDomainAndRange()
2015.01.14 17:15:07.755 CET INFO: Postprocess: Possibly typed entities (0 resources) ...  -- TriplePostProcessor.processPossiblyTypedResources()
2015.01.14 17:15:07.755 CET INFO: 0 ms
 -- TriplePostProcessor.processPossiblyTypedResources()
2015.01.14 17:15:07.755 CET INFO: Updating underlying frames model in 0 ms -- ProtegeOWLParser.doFinalPostProcessing()
2015.01.14 17:23:05.246 CET INFO: *** SYSTEM START ***
2015.01.14 17:23:06.156 CET WARNING: [Local Folder Repository] The specified file must be a directory. (D:\Ontologie_Owl\annotator\plugins\edu.stanford.smi.protegex.owl) -- LocalFolderRepository.update()
2015.01.14 17:23:06.177 CET INFO: Loading triples for: null -- ProtegeOWLParser.loadTriples()
2015.01.14 17:23:07.007 CET INFO:     Completed triple loading after 630 ms -- ProtegeOWLParser.loadTriples()
2015.01.14 17:23:07.017 CET INFO: Postprocess: Process entities with incorrect Java type (0 entities) ...  -- TriplePostProcessor.processFramesWithWrongJavaType()
2015.01.14 17:23:07.017 CET INFO: 0 ms
 -- TriplePostProcessor.processFramesWithWrongJavaType()
2015.01.14 17:23:07.017 CET INFO: Postprocess: Process metaclasses (3 metaclasses) ...  -- TriplePostProcessor.processMetaclasses()
2015.01.14 17:23:07.017 CET INFO: 0 ms
 -- TriplePostProcessor.processMetaclasses()
2015.01.14 17:23:07.017 CET INFO: Postprocess: Process subclasses of rdf:List (1 classes) ...  -- TriplePostProcessor.processSubclassesOfRdfList()
2015.01.14 17:23:07.017 CET INFO: 0 ms
 -- TriplePostProcessor.processSubclassesOfRdfList()
2015.01.14 17:23:07.017 CET INFO: Postprocess: Instances with multiple types (15 instances) ...  -- TriplePostProcessor.processInstancesWithMultipleTypes()
2015.01.14 17:23:07.017 CET INFO: 0 ms
 -- TriplePostProcessor.processInstancesWithMultipleTypes()
2015.01.14 17:23:07.017 CET INFO: Postprocess: Add inferred superclasses ...  -- TriplePostProcessor.processInferredSuperclasses()
2015.01.14 17:23:07.017 CET INFO: 0 ms
 -- TriplePostProcessor.processInferredSuperclasses()
2015.01.14 17:23:07.027 CET INFO: Postprocess: Process orphan classes (62 classes) ...  -- TriplePostProcessor.processOrphanClses()
2015.01.14 17:23:07.027 CET INFO: 0 ms
 -- TriplePostProcessor.processOrphanClses()
2015.01.14 17:23:07.027 CET INFO: Postprocess: Generalized Concept Inclusion (0 axioms) ...  -- TriplePostProcessor.processGeneralizedConceptInclusions()
2015.01.14 17:23:07.037 CET INFO: 10 ms
 -- TriplePostProcessor.processGeneralizedConceptInclusions()
2015.01.14 17:23:07.037 CET INFO: Postprocess: Abstract classes...  -- TriplePostProcessor.processAbstractClasses()
2015.01.14 17:23:07.037 CET INFO: 0 ms
 -- TriplePostProcessor.processAbstractClasses()
2015.01.14 17:23:07.037 CET INFO: Postprocess: Domain and range of properties...  -- TriplePostProcessor.processDomainAndRange()
2015.01.14 17:23:07.047 CET INFO: 10 ms
 -- TriplePostProcessor.processDomainAndRange()
2015.01.14 17:23:07.047 CET INFO: Postprocess: Possibly typed entities (0 resources) ...  -- TriplePostProcessor.processPossiblyTypedResources()
2015.01.14 17:23:07.047 CET INFO: 0 ms
 -- TriplePostProcessor.processPossiblyTypedResources()
2015.01.14 17:23:07.047 CET INFO: Updating underlying frames model in 0 ms -- ProtegeOWLParser.doFinalPostProcessing()
2015.01.14 17:28:28.712 CET INFO: *** SYSTEM START ***
2015.01.14 17:28:29.675 CET WARNING: [Local Folder Repository] The specified file must be a directory. (D:\Ontologie_Owl\annotator\plugins\edu.stanford.smi.protegex.owl) -- LocalFolderRepository.update()
2015.01.14 17:28:29.706 CET INFO: Loading triples for: null -- ProtegeOWLParser.loadTriples()
2015.01.14 17:28:30.756 CET INFO:     Completed triple loading after 860 ms -- ProtegeOWLParser.loadTriples()
2015.01.14 17:28:30.756 CET INFO: Postprocess: Process entities with incorrect Java type (0 entities) ...  -- TriplePostProcessor.processFramesWithWrongJavaType()
2015.01.14 17:28:30.766 CET INFO: 0 ms
 -- TriplePostProcessor.processFramesWithWrongJavaType()
2015.01.14 17:28:30.766 CET INFO: Postprocess: Process metaclasses (3 metaclasses) ...  -- TriplePostProcessor.processMetaclasses()
2015.01.14 17:28:30.766 CET INFO: 0 ms
 -- TriplePostProcessor.processMetaclasses()
2015.01.14 17:28:30.766 CET INFO: Postprocess: Process subclasses of rdf:List (1 classes) ...  -- TriplePostProcessor.processSubclassesOfRdfList()
2015.01.14 17:28:30.766 CET INFO: 0 ms
 -- TriplePostProcessor.processSubclassesOfRdfList()
2015.01.14 17:28:30.766 CET INFO: Postprocess: Instances with multiple types (15 instances) ...  -- TriplePostProcessor.processInstancesWithMultipleTypes()
2015.01.14 17:28:30.766 CET INFO: 0 ms
 -- TriplePostProcessor.processInstancesWithMultipleTypes()
2015.01.14 17:28:30.766 CET INFO: Postprocess: Add inferred superclasses ...  -- TriplePostProcessor.processInferredSuperclasses()
2015.01.14 17:28:30.766 CET INFO: 0 ms
 -- TriplePostProcessor.processInferredSuperclasses()
2015.01.14 17:28:30.777 CET INFO: Postprocess: Process orphan classes (62 classes) ...  -- TriplePostProcessor.processOrphanClses()
2015.01.14 17:28:30.777 CET INFO: 0 ms
 -- TriplePostProcessor.processOrphanClses()
2015.01.14 17:28:30.777 CET INFO: Postprocess: Generalized Concept Inclusion (0 axioms) ...  -- TriplePostProcessor.processGeneralizedConceptInclusions()
2015.01.14 17:28:30.777 CET INFO: 0 ms
 -- TriplePostProcessor.processGeneralizedConceptInclusions()
2015.01.14 17:28:30.777 CET INFO: Postprocess: Abstract classes...  -- TriplePostProcessor.processAbstractClasses()
2015.01.14 17:28:30.787 CET INFO: 10 ms
 -- TriplePostProcessor.processAbstractClasses()
2015.01.14 17:28:30.787 CET INFO: Postprocess: Domain and range of properties...  -- TriplePostProcessor.processDomainAndRange()
2015.01.14 17:28:30.797 CET INFO: 10 ms
 -- TriplePostProcessor.processDomainAndRange()
2015.01.14 17:28:30.797 CET INFO: Postprocess: Possibly typed entities (0 resources) ...  -- TriplePostProcessor.processPossiblyTypedResources()
2015.01.14 17:28:30.797 CET INFO: 0 ms
 -- TriplePostProcessor.processPossiblyTypedResources()
2015.01.14 17:28:30.797 CET INFO: Updating underlying frames model in 0 ms -- ProtegeOWLParser.doFinalPostProcessing()
2015.01.15 11:16:42.570 CET INFO: *** SYSTEM START ***
2015.01.15 11:16:43.630 CET WARNING: [Local Folder Repository] The specified file must be a directory. (D:\Ontologie_Owl\annotator\plugins\edu.stanford.smi.protegex.owl) -- LocalFolderRepository.update()
2015.01.15 11:16:43.664 CET INFO: Loading triples for: null -- ProtegeOWLParser.loadTriples()
2015.01.15 11:16:44.736 CET INFO:     Completed triple loading after 842 ms -- ProtegeOWLParser.loadTriples()
2015.01.15 11:16:44.746 CET INFO: Postprocess: Process entities with incorrect Java type (0 entities) ...  -- TriplePostProcessor.processFramesWithWrongJavaType()
2015.01.15 11:16:44.746 CET INFO: 0 ms
 -- TriplePostProcessor.processFramesWithWrongJavaType()
2015.01.15 11:16:44.746 CET INFO: Postprocess: Process metaclasses (3 metaclasses) ...  -- TriplePostProcessor.processMetaclasses()
2015.01.15 11:16:44.746 CET INFO: 0 ms
 -- TriplePostProcessor.processMetaclasses()
2015.01.15 11:16:44.746 CET INFO: Postprocess: Process subclasses of rdf:List (1 classes) ...  -- TriplePostProcessor.processSubclassesOfRdfList()
2015.01.15 11:16:44.746 CET INFO: 0 ms
 -- TriplePostProcessor.processSubclassesOfRdfList()
2015.01.15 11:16:44.746 CET INFO: Postprocess: Instances with multiple types (15 instances) ...  -- TriplePostProcessor.processInstancesWithMultipleTypes()
2015.01.15 11:16:44.746 CET INFO: 0 ms
 -- TriplePostProcessor.processInstancesWithMultipleTypes()
2015.01.15 11:16:44.746 CET INFO: Postprocess: Add inferred superclasses ...  -- TriplePostProcessor.processInferredSuperclasses()
2015.01.15 11:16:44.746 CET INFO: 0 ms
 -- TriplePostProcessor.processInferredSuperclasses()
2015.01.15 11:16:44.757 CET INFO: Postprocess: Process orphan classes (62 classes) ...  -- TriplePostProcessor.processOrphanClses()
2015.01.15 11:16:44.757 CET INFO: 0 ms
 -- TriplePostProcessor.processOrphanClses()
2015.01.15 11:16:44.757 CET INFO: Postprocess: Generalized Concept Inclusion (0 axioms) ...  -- TriplePostProcessor.processGeneralizedConceptInclusions()
2015.01.15 11:16:44.757 CET INFO: 0 ms
 -- TriplePostProcessor.processGeneralizedConceptInclusions()
2015.01.15 11:16:44.767 CET INFO: Postprocess: Abstract classes...  -- TriplePostProcessor.processAbstractClasses()
2015.01.15 11:16:44.767 CET INFO: 0 ms
 -- TriplePostProcessor.processAbstractClasses()
2015.01.15 11:16:44.767 CET INFO: Postprocess: Domain and range of properties...  -- TriplePostProcessor.processDomainAndRange()
2015.01.15 11:16:44.777 CET INFO: 10 ms
 -- TriplePostProcessor.processDomainAndRange()
2015.01.15 11:16:44.777 CET INFO: Postprocess: Possibly typed entities (0 resources) ...  -- TriplePostProcessor.processPossiblyTypedResources()
2015.01.15 11:16:44.777 CET INFO: 0 ms
 -- TriplePostProcessor.processPossiblyTypedResources()
2015.01.15 11:16:44.777 CET INFO: Updating underlying frames model in 0 ms -- ProtegeOWLParser.doFinalPostProcessing()
2015.01.15 11:16:44.897 CET WARNING: [Local Folder Repository] The specified file must be a directory. (D:\Ontologie_Owl\annotator\plugins\edu.stanford.smi.protegex.owl) -- LocalFolderRepository.update()
2015.01.15 11:16:44.907 CET INFO: Loading triples for: null -- ProtegeOWLParser.loadTriples()
2015.01.15 11:16:45.057 CET INFO:     Completed triple loading after 150 ms -- ProtegeOWLParser.loadTriples()
2015.01.15 11:16:45.067 CET INFO: Postprocess: Process entities with incorrect Java type (0 entities) ...  -- TriplePostProcessor.processFramesWithWrongJavaType()
2015.01.15 11:16:45.067 CET INFO: 0 ms
 -- TriplePostProcessor.processFramesWithWrongJavaType()
2015.01.15 11:16:45.067 CET INFO: Postprocess: Process metaclasses (3 metaclasses) ...  -- TriplePostProcessor.processMetaclasses()
2015.01.15 11:16:45.067 CET INFO: 0 ms
 -- TriplePostProcessor.processMetaclasses()
2015.01.15 11:16:45.067 CET INFO: Postprocess: Process subclasses of rdf:List (1 classes) ...  -- TriplePostProcessor.processSubclassesOfRdfList()
2015.01.15 11:16:45.067 CET INFO: 0 ms
 -- TriplePostProcessor.processSubclassesOfRdfList()
2015.01.15 11:16:45.067 CET INFO: Postprocess: Instances with multiple types (15 instances) ...  -- TriplePostProcessor.processInstancesWithMultipleTypes()
2015.01.15 11:16:45.067 CET INFO: 0 ms
 -- TriplePostProcessor.processInstancesWithMultipleTypes()
2015.01.15 11:16:45.067 CET INFO: Postprocess: Add inferred superclasses ...  -- TriplePostProcessor.processInferredSuperclasses()
2015.01.15 11:16:45.067 CET INFO: 0 ms
 -- TriplePostProcessor.processInferredSuperclasses()
2015.01.15 11:16:45.067 CET INFO: Postprocess: Process orphan classes (62 classes) ...  -- TriplePostProcessor.processOrphanClses()
2015.01.15 11:16:45.067 CET INFO: 0 ms
 -- TriplePostProcessor.processOrphanClses()
2015.01.15 11:16:45.067 CET INFO: Postprocess: Generalized Concept Inclusion (0 axioms) ...  -- TriplePostProcessor.processGeneralizedConceptInclusions()
2015.01.15 11:16:45.067 CET INFO: 0 ms
 -- TriplePostProcessor.processGeneralizedConceptInclusions()
2015.01.15 11:16:45.067 CET INFO: Postprocess: Abstract classes...  -- TriplePostProcessor.processAbstractClasses()
2015.01.15 11:16:45.067 CET INFO: 0 ms
 -- TriplePostProcessor.processAbstractClasses()
2015.01.15 11:16:45.067 CET INFO: Postprocess: Domain and range of properties...  -- TriplePostProcessor.processDomainAndRange()
2015.01.15 11:16:45.077 CET INFO: 10 ms
 -- TriplePostProcessor.processDomainAndRange()
2015.01.15 11:16:45.077 CET INFO: Postprocess: Possibly typed entities (0 resources) ...  -- TriplePostProcessor.processPossiblyTypedResources()
2015.01.15 11:16:45.077 CET INFO: 0 ms
 -- TriplePostProcessor.processPossiblyTypedResources()
2015.01.15 11:16:45.077 CET INFO: Updating underlying frames model in 0 ms -- ProtegeOWLParser.doFinalPostProcessing()
2015.01.15 11:43:42.810 CET INFO: *** SYSTEM START ***
2015.01.15 11:43:43.730 CET WARNING: [Local Folder Repository] The specified file must be a directory. (D:\Ontologie_Owl\annotator\plugins\edu.stanford.smi.protegex.owl) -- LocalFolderRepository.update()
2015.01.15 11:43:43.761 CET INFO: Loading triples for: null -- ProtegeOWLParser.loadTriples()
2015.01.15 11:43:44.601 CET INFO:     Completed triple loading after 670 ms -- ProtegeOWLParser.loadTriples()
2015.01.15 11:43:44.611 CET INFO: Postprocess: Process entities with incorrect Java type (0 entities) ...  -- TriplePostProcessor.processFramesWithWrongJavaType()
2015.01.15 11:43:44.611 CET INFO: 0 ms
 -- TriplePostProcessor.processFramesWithWrongJavaType()
2015.01.15 11:43:44.611 CET INFO: Postprocess: Process metaclasses (3 metaclasses) ...  -- TriplePostProcessor.processMetaclasses()
2015.01.15 11:43:44.611 CET INFO: 0 ms
 -- TriplePostProcessor.processMetaclasses()
2015.01.15 11:43:44.611 CET INFO: Postprocess: Process subclasses of rdf:List (1 classes) ...  -- TriplePostProcessor.processSubclassesOfRdfList()
2015.01.15 11:43:44.611 CET INFO: 0 ms
 -- TriplePostProcessor.processSubclassesOfRdfList()
2015.01.15 11:43:44.611 CET INFO: Postprocess: Instances with multiple types (15 instances) ...  -- TriplePostProcessor.processInstancesWithMultipleTypes()
2015.01.15 11:43:44.611 CET INFO: 0 ms
 -- TriplePostProcessor.processInstancesWithMultipleTypes()
2015.01.15 11:43:44.611 CET INFO: Postprocess: Add inferred superclasses ...  -- TriplePostProcessor.processInferredSuperclasses()
2015.01.15 11:43:44.611 CET INFO: 0 ms
 -- TriplePostProcessor.processInferredSuperclasses()
2015.01.15 11:43:44.621 CET INFO: Postprocess: Process orphan classes (62 classes) ...  -- TriplePostProcessor.processOrphanClses()
2015.01.15 11:43:44.621 CET INFO: 0 ms
 -- TriplePostProcessor.processOrphanClses()
2015.01.15 11:43:44.621 CET INFO: Postprocess: Generalized Concept Inclusion (0 axioms) ...  -- TriplePostProcessor.processGeneralizedConceptInclusions()
2015.01.15 11:43:44.621 CET INFO: 0 ms
 -- TriplePostProcessor.processGeneralizedConceptInclusions()
2015.01.15 11:43:44.631 CET INFO: Postprocess: Abstract classes...  -- TriplePostProcessor.processAbstractClasses()
2015.01.15 11:43:44.631 CET INFO: 0 ms
 -- TriplePostProcessor.processAbstractClasses()
2015.01.15 11:43:44.631 CET INFO: Postprocess: Domain and range of properties...  -- TriplePostProcessor.processDomainAndRange()
2015.01.15 11:43:44.631 CET INFO: 0 ms
 -- TriplePostProcessor.processDomainAndRange()
2015.01.15 11:43:44.631 CET INFO: Postprocess: Possibly typed entities (0 resources) ...  -- TriplePostProcessor.processPossiblyTypedResources()
2015.01.15 11:43:44.631 CET INFO: 0 ms
 -- TriplePostProcessor.processPossiblyTypedResources()
2015.01.15 11:43:44.641 CET INFO: Updating underlying frames model in 10 ms -- ProtegeOWLParser.doFinalPostProcessing()
