2015.01.07 14:36:21.113 CET INFO: *** SYSTEM START ***
2015.01.07 14:36:22.043 CET WARNING: [Local Folder Repository] The specified file must be a directory. (D:\Ontologie_Owl\annotator\plugins\edu.stanford.smi.protegex.owl) -- LocalFolderRepository.update()
2015.01.07 14:36:22.074 CET INFO: Loading triples for: null -- ProtegeOWLParser.loadTriples()
2015.01.07 14:36:23.127 CET INFO:     Completed triple loading after 840 ms -- ProtegeOWLParser.loadTriples()
2015.01.07 14:36:23.127 CET INFO: Postprocess: Process entities with incorrect Java type (0 entities) ...  -- TriplePostProcessor.processFramesWithWrongJavaType()
2015.01.07 14:36:23.127 CET INFO: 0 ms
 -- TriplePostProcessor.processFramesWithWrongJavaType()
2015.01.07 14:36:23.127 CET INFO: Postprocess: Process metaclasses (3 metaclasses) ...  -- TriplePostProcessor.processMetaclasses()
2015.01.07 14:36:23.127 CET INFO: 0 ms
 -- TriplePostProcessor.processMetaclasses()
2015.01.07 14:36:23.127 CET INFO: Postprocess: Process subclasses of rdf:List (1 classes) ...  -- TriplePostProcessor.processSubclassesOfRdfList()
2015.01.07 14:36:23.127 CET INFO: 0 ms
 -- TriplePostProcessor.processSubclassesOfRdfList()
2015.01.07 14:36:23.127 CET INFO: Postprocess: Instances with multiple types (15 instances) ...  -- TriplePostProcessor.processInstancesWithMultipleTypes()
2015.01.07 14:36:23.137 CET INFO: 10 ms
 -- TriplePostProcessor.processInstancesWithMultipleTypes()
2015.01.07 14:36:23.137 CET INFO: Postprocess: Add inferred superclasses ...  -- TriplePostProcessor.processInferredSuperclasses()
2015.01.07 14:36:23.137 CET INFO: 0 ms
 -- TriplePostProcessor.processInferredSuperclasses()
2015.01.07 14:36:23.137 CET INFO: Postprocess: Process orphan classes (61 classes) ...  -- TriplePostProcessor.processOrphanClses()
2015.01.07 14:36:23.147 CET INFO: 10 ms
 -- TriplePostProcessor.processOrphanClses()
2015.01.07 14:36:23.147 CET INFO: Postprocess: Generalized Concept Inclusion (0 axioms) ...  -- TriplePostProcessor.processGeneralizedConceptInclusions()
2015.01.07 14:36:23.147 CET INFO: 0 ms
 -- TriplePostProcessor.processGeneralizedConceptInclusions()
2015.01.07 14:36:23.147 CET INFO: Postprocess: Abstract classes...  -- TriplePostProcessor.processAbstractClasses()
2015.01.07 14:36:23.147 CET INFO: 0 ms
 -- TriplePostProcessor.processAbstractClasses()
2015.01.07 14:36:23.147 CET INFO: Postprocess: Domain and range of properties...  -- TriplePostProcessor.processDomainAndRange()
2015.01.07 14:36:23.161 CET INFO: 14 ms
 -- TriplePostProcessor.processDomainAndRange()
2015.01.07 14:36:23.161 CET INFO: Postprocess: Possibly typed entities (0 resources) ...  -- TriplePostProcessor.processPossiblyTypedResources()
2015.01.07 14:36:23.161 CET INFO: 0 ms
 -- TriplePostProcessor.processPossiblyTypedResources()
2015.01.07 14:36:23.161 CET INFO: Updating underlying frames model in 0 ms -- ProtegeOWLParser.doFinalPostProcessing()
2015.01.07 14:39:49.848 CET INFO: *** SYSTEM START ***
2015.01.07 14:39:50.768 CET WARNING: [Local Folder Repository] The specified file must be a directory. (D:\Ontologie_Owl\annotator\plugins\edu.stanford.smi.protegex.owl) -- LocalFolderRepository.update()
2015.01.07 14:39:50.789 CET INFO: Loading triples for: null -- ProtegeOWLParser.loadTriples()
2015.01.07 14:39:51.629 CET INFO:     Completed triple loading after 670 ms -- ProtegeOWLParser.loadTriples()
2015.01.07 14:39:51.629 CET INFO: Postprocess: Process entities with incorrect Java type (0 entities) ...  -- TriplePostProcessor.processFramesWithWrongJavaType()
2015.01.07 14:39:51.629 CET INFO: 0 ms
 -- TriplePostProcessor.processFramesWithWrongJavaType()
2015.01.07 14:39:51.629 CET INFO: Postprocess: Process metaclasses (3 metaclasses) ...  -- TriplePostProcessor.processMetaclasses()
2015.01.07 14:39:51.629 CET INFO: 0 ms
 -- TriplePostProcessor.processMetaclasses()
2015.01.07 14:39:51.629 CET INFO: Postprocess: Process subclasses of rdf:List (1 classes) ...  -- TriplePostProcessor.processSubclassesOfRdfList()
2015.01.07 14:39:51.629 CET INFO: 0 ms
 -- TriplePostProcessor.processSubclassesOfRdfList()
2015.01.07 14:39:51.629 CET INFO: Postprocess: Instances with multiple types (15 instances) ...  -- TriplePostProcessor.processInstancesWithMultipleTypes()
2015.01.07 14:39:51.629 CET INFO: 0 ms
 -- TriplePostProcessor.processInstancesWithMultipleTypes()
2015.01.07 14:39:51.629 CET INFO: Postprocess: Add inferred superclasses ...  -- TriplePostProcessor.processInferredSuperclasses()
2015.01.07 14:39:51.629 CET INFO: 0 ms
 -- TriplePostProcessor.processInferredSuperclasses()
2015.01.07 14:39:51.639 CET INFO: Postprocess: Process orphan classes (61 classes) ...  -- TriplePostProcessor.processOrphanClses()
2015.01.07 14:39:51.639 CET INFO: 0 ms
 -- TriplePostProcessor.processOrphanClses()
2015.01.07 14:39:51.639 CET INFO: Postprocess: Generalized Concept Inclusion (0 axioms) ...  -- TriplePostProcessor.processGeneralizedConceptInclusions()
2015.01.07 14:39:51.639 CET INFO: 0 ms
 -- TriplePostProcessor.processGeneralizedConceptInclusions()
2015.01.07 14:39:51.639 CET INFO: Postprocess: Abstract classes...  -- TriplePostProcessor.processAbstractClasses()
2015.01.07 14:39:51.649 CET INFO: 0 ms
 -- TriplePostProcessor.processAbstractClasses()
2015.01.07 14:39:51.649 CET INFO: Postprocess: Domain and range of properties...  -- TriplePostProcessor.processDomainAndRange()
2015.01.07 14:39:51.659 CET INFO: 10 ms
 -- TriplePostProcessor.processDomainAndRange()
2015.01.07 14:39:51.659 CET INFO: Postprocess: Possibly typed entities (0 resources) ...  -- TriplePostProcessor.processPossiblyTypedResources()
2015.01.07 14:39:51.659 CET INFO: 0 ms
 -- TriplePostProcessor.processPossiblyTypedResources()
2015.01.07 14:39:51.659 CET INFO: Updating underlying frames model in 0 ms -- ProtegeOWLParser.doFinalPostProcessing()
2015.01.07 16:03:48.323 CET INFO: *** SYSTEM START ***
2015.01.07 16:03:49.293 CET WARNING: [Local Folder Repository] The specified file must be a directory. (D:\Ontologie_Owl\annotator\plugins\edu.stanford.smi.protegex.owl) -- LocalFolderRepository.update()
2015.01.07 16:03:49.334 CET INFO: Loading triples for: null -- ProtegeOWLParser.loadTriples()
2015.01.07 16:03:50.402 CET INFO:     Completed triple loading after 848 ms -- ProtegeOWLParser.loadTriples()
2015.01.07 16:03:50.402 CET INFO: Postprocess: Process entities with incorrect Java type (0 entities) ...  -- TriplePostProcessor.processFramesWithWrongJavaType()
2015.01.07 16:03:50.402 CET INFO: 0 ms
 -- TriplePostProcessor.processFramesWithWrongJavaType()
2015.01.07 16:03:50.402 CET INFO: Postprocess: Process metaclasses (3 metaclasses) ...  -- TriplePostProcessor.processMetaclasses()
2015.01.07 16:03:50.412 CET INFO: 0 ms
 -- TriplePostProcessor.processMetaclasses()
2015.01.07 16:03:50.412 CET INFO: Postprocess: Process subclasses of rdf:List (1 classes) ...  -- TriplePostProcessor.processSubclassesOfRdfList()
2015.01.07 16:03:50.412 CET INFO: 0 ms
 -- TriplePostProcessor.processSubclassesOfRdfList()
2015.01.07 16:03:50.412 CET INFO: Postprocess: Instances with multiple types (15 instances) ...  -- TriplePostProcessor.processInstancesWithMultipleTypes()
2015.01.07 16:03:50.412 CET INFO: 0 ms
 -- TriplePostProcessor.processInstancesWithMultipleTypes()
2015.01.07 16:03:50.412 CET INFO: Postprocess: Add inferred superclasses ...  -- TriplePostProcessor.processInferredSuperclasses()
2015.01.07 16:03:50.412 CET INFO: 0 ms
 -- TriplePostProcessor.processInferredSuperclasses()
2015.01.07 16:03:50.422 CET INFO: Postprocess: Process orphan classes (61 classes) ...  -- TriplePostProcessor.processOrphanClses()
2015.01.07 16:03:50.422 CET INFO: 0 ms
 -- TriplePostProcessor.processOrphanClses()
2015.01.07 16:03:50.422 CET INFO: Postprocess: Generalized Concept Inclusion (0 axioms) ...  -- TriplePostProcessor.processGeneralizedConceptInclusions()
2015.01.07 16:03:50.422 CET INFO: 0 ms
 -- TriplePostProcessor.processGeneralizedConceptInclusions()
2015.01.07 16:03:50.422 CET INFO: Postprocess: Abstract classes...  -- TriplePostProcessor.processAbstractClasses()
2015.01.07 16:03:50.432 CET INFO: 0 ms
 -- TriplePostProcessor.processAbstractClasses()
2015.01.07 16:03:50.432 CET INFO: Postprocess: Domain and range of properties...  -- TriplePostProcessor.processDomainAndRange()
2015.01.07 16:03:50.442 CET INFO: 10 ms
 -- TriplePostProcessor.processDomainAndRange()
2015.01.07 16:03:50.442 CET INFO: Postprocess: Possibly typed entities (0 resources) ...  -- TriplePostProcessor.processPossiblyTypedResources()
2015.01.07 16:03:50.443 CET INFO: 0 ms
 -- TriplePostProcessor.processPossiblyTypedResources()
2015.01.07 16:03:50.443 CET INFO: Updating underlying frames model in 0 ms -- ProtegeOWLParser.doFinalPostProcessing()
2015.01.08 10:29:12.473 CET INFO: *** SYSTEM START ***
2015.01.08 10:29:13.571 CET WARNING: [Local Folder Repository] The specified file must be a directory. (D:\Ontologie_Owl\annotator\plugins\edu.stanford.smi.protegex.owl) -- LocalFolderRepository.update()
2015.01.08 10:29:13.600 CET INFO: Loading triples for: null -- ProtegeOWLParser.loadTriples()
2015.01.08 10:29:14.512 CET INFO:     Completed triple loading after 720 ms -- ProtegeOWLParser.loadTriples()
2015.01.08 10:29:14.516 CET INFO: Postprocess: Process entities with incorrect Java type (0 entities) ...  -- TriplePostProcessor.processFramesWithWrongJavaType()
2015.01.08 10:29:14.516 CET INFO: 0 ms
 -- TriplePostProcessor.processFramesWithWrongJavaType()
2015.01.08 10:29:14.517 CET INFO: Postprocess: Process metaclasses (3 metaclasses) ...  -- TriplePostProcessor.processMetaclasses()
2015.01.08 10:29:14.517 CET INFO: 0 ms
 -- TriplePostProcessor.processMetaclasses()
2015.01.08 10:29:14.517 CET INFO: Postprocess: Process subclasses of rdf:List (1 classes) ...  -- TriplePostProcessor.processSubclassesOfRdfList()
2015.01.08 10:29:14.518 CET INFO: 1 ms
 -- TriplePostProcessor.processSubclassesOfRdfList()
2015.01.08 10:29:14.518 CET INFO: Postprocess: Instances with multiple types (15 instances) ...  -- TriplePostProcessor.processInstancesWithMultipleTypes()
2015.01.08 10:29:14.521 CET INFO: 3 ms
 -- TriplePostProcessor.processInstancesWithMultipleTypes()
2015.01.08 10:29:14.521 CET INFO: Postprocess: Add inferred superclasses ...  -- TriplePostProcessor.processInferredSuperclasses()
2015.01.08 10:29:14.522 CET INFO: 0 ms
 -- TriplePostProcessor.processInferredSuperclasses()
2015.01.08 10:29:14.525 CET INFO: Postprocess: Process orphan classes (61 classes) ...  -- TriplePostProcessor.processOrphanClses()
2015.01.08 10:29:14.528 CET INFO: 2 ms
 -- TriplePostProcessor.processOrphanClses()
2015.01.08 10:29:14.529 CET INFO: Postprocess: Generalized Concept Inclusion (0 axioms) ...  -- TriplePostProcessor.processGeneralizedConceptInclusions()
2015.01.08 10:29:14.531 CET INFO: 2 ms
 -- TriplePostProcessor.processGeneralizedConceptInclusions()
2015.01.08 10:29:14.533 CET INFO: Postprocess: Abstract classes...  -- TriplePostProcessor.processAbstractClasses()
2015.01.08 10:29:14.533 CET INFO: 0 ms
 -- TriplePostProcessor.processAbstractClasses()
2015.01.08 10:29:14.533 CET INFO: Postprocess: Domain and range of properties...  -- TriplePostProcessor.processDomainAndRange()
2015.01.08 10:29:14.541 CET INFO: 8 ms
 -- TriplePostProcessor.processDomainAndRange()
2015.01.08 10:29:14.541 CET INFO: Postprocess: Possibly typed entities (0 resources) ...  -- TriplePostProcessor.processPossiblyTypedResources()
2015.01.08 10:29:14.541 CET INFO: 0 ms
 -- TriplePostProcessor.processPossiblyTypedResources()
2015.01.08 10:29:14.542 CET INFO: Updating underlying frames model in 0 ms -- ProtegeOWLParser.doFinalPostProcessing()
2015.01.08 10:29:39.240 CET INFO: *** SYSTEM START ***
2015.01.08 10:29:40.268 CET WARNING: [Local Folder Repository] The specified file must be a directory. (D:\Ontologie_Owl\annotator\plugins\edu.stanford.smi.protegex.owl) -- LocalFolderRepository.update()
2015.01.08 10:29:40.300 CET INFO: Loading triples for: null -- ProtegeOWLParser.loadTriples()
2015.01.08 10:29:41.340 CET INFO:     Completed triple loading after 825 ms -- ProtegeOWLParser.loadTriples()
2015.01.08 10:29:41.343 CET INFO: Postprocess: Process entities with incorrect Java type (0 entities) ...  -- TriplePostProcessor.processFramesWithWrongJavaType()
2015.01.08 10:29:41.344 CET INFO: 0 ms
 -- TriplePostProcessor.processFramesWithWrongJavaType()
2015.01.08 10:29:41.344 CET INFO: Postprocess: Process metaclasses (3 metaclasses) ...  -- TriplePostProcessor.processMetaclasses()
2015.01.08 10:29:41.345 CET INFO: 0 ms
 -- TriplePostProcessor.processMetaclasses()
2015.01.08 10:29:41.345 CET INFO: Postprocess: Process subclasses of rdf:List (1 classes) ...  -- TriplePostProcessor.processSubclassesOfRdfList()
2015.01.08 10:29:41.345 CET INFO: 0 ms
 -- TriplePostProcessor.processSubclassesOfRdfList()
2015.01.08 10:29:41.346 CET INFO: Postprocess: Instances with multiple types (15 instances) ...  -- TriplePostProcessor.processInstancesWithMultipleTypes()
2015.01.08 10:29:41.349 CET INFO: 3 ms
 -- TriplePostProcessor.processInstancesWithMultipleTypes()
2015.01.08 10:29:41.350 CET INFO: Postprocess: Add inferred superclasses ...  -- TriplePostProcessor.processInferredSuperclasses()
2015.01.08 10:29:41.350 CET INFO: 0 ms
 -- TriplePostProcessor.processInferredSuperclasses()
2015.01.08 10:29:41.354 CET INFO: Postprocess: Process orphan classes (61 classes) ...  -- TriplePostProcessor.processOrphanClses()
2015.01.08 10:29:41.358 CET INFO: 3 ms
 -- TriplePostProcessor.processOrphanClses()
2015.01.08 10:29:41.358 CET INFO: Postprocess: Generalized Concept Inclusion (0 axioms) ...  -- TriplePostProcessor.processGeneralizedConceptInclusions()
2015.01.08 10:29:41.361 CET INFO: 2 ms
 -- TriplePostProcessor.processGeneralizedConceptInclusions()
2015.01.08 10:29:41.363 CET INFO: Postprocess: Abstract classes...  -- TriplePostProcessor.processAbstractClasses()
2015.01.08 10:29:41.363 CET INFO: 0 ms
 -- TriplePostProcessor.processAbstractClasses()
2015.01.08 10:29:41.364 CET INFO: Postprocess: Domain and range of properties...  -- TriplePostProcessor.processDomainAndRange()
2015.01.08 10:29:41.372 CET INFO: 8 ms
 -- TriplePostProcessor.processDomainAndRange()
2015.01.08 10:29:41.373 CET INFO: Postprocess: Possibly typed entities (0 resources) ...  -- TriplePostProcessor.processPossiblyTypedResources()
2015.01.08 10:29:41.373 CET INFO: 0 ms
 -- TriplePostProcessor.processPossiblyTypedResources()
2015.01.08 10:29:41.374 CET INFO: Updating underlying frames model in 0 ms -- ProtegeOWLParser.doFinalPostProcessing()
2015.01.08 10:30:19.750 CET INFO: *** SYSTEM START ***
2015.01.08 10:30:20.748 CET WARNING: [Local Folder Repository] The specified file must be a directory. (D:\Ontologie_Owl\annotator\plugins\edu.stanford.smi.protegex.owl) -- LocalFolderRepository.update()
2015.01.08 10:30:20.776 CET INFO: Loading triples for: null -- ProtegeOWLParser.loadTriples()
2015.01.08 10:30:21.675 CET INFO:     Completed triple loading after 712 ms -- ProtegeOWLParser.loadTriples()
2015.01.08 10:30:21.679 CET INFO: Postprocess: Process entities with incorrect Java type (0 entities) ...  -- TriplePostProcessor.processFramesWithWrongJavaType()
2015.01.08 10:30:21.679 CET INFO: 0 ms
 -- TriplePostProcessor.processFramesWithWrongJavaType()
2015.01.08 10:30:21.680 CET INFO: Postprocess: Process metaclasses (3 metaclasses) ...  -- TriplePostProcessor.processMetaclasses()
2015.01.08 10:30:21.680 CET INFO: 0 ms
 -- TriplePostProcessor.processMetaclasses()
2015.01.08 10:30:21.680 CET INFO: Postprocess: Process subclasses of rdf:List (1 classes) ...  -- TriplePostProcessor.processSubclassesOfRdfList()
2015.01.08 10:30:21.681 CET INFO: 0 ms
 -- TriplePostProcessor.processSubclassesOfRdfList()
2015.01.08 10:30:21.681 CET INFO: Postprocess: Instances with multiple types (15 instances) ...  -- TriplePostProcessor.processInstancesWithMultipleTypes()
2015.01.08 10:30:21.684 CET INFO: 3 ms
 -- TriplePostProcessor.processInstancesWithMultipleTypes()
2015.01.08 10:30:21.685 CET INFO: Postprocess: Add inferred superclasses ...  -- TriplePostProcessor.processInferredSuperclasses()
2015.01.08 10:30:21.685 CET INFO: 0 ms
 -- TriplePostProcessor.processInferredSuperclasses()
2015.01.08 10:30:21.689 CET INFO: Postprocess: Process orphan classes (61 classes) ...  -- TriplePostProcessor.processOrphanClses()
2015.01.08 10:30:21.692 CET INFO: 3 ms
 -- TriplePostProcessor.processOrphanClses()
2015.01.08 10:30:21.692 CET INFO: Postprocess: Generalized Concept Inclusion (0 axioms) ...  -- TriplePostProcessor.processGeneralizedConceptInclusions()
2015.01.08 10:30:21.694 CET INFO: 2 ms
 -- TriplePostProcessor.processGeneralizedConceptInclusions()
2015.01.08 10:30:21.696 CET INFO: Postprocess: Abstract classes...  -- TriplePostProcessor.processAbstractClasses()
2015.01.08 10:30:21.697 CET INFO: 1 ms
 -- TriplePostProcessor.processAbstractClasses()
2015.01.08 10:30:21.697 CET INFO: Postprocess: Domain and range of properties...  -- TriplePostProcessor.processDomainAndRange()
2015.01.08 10:30:21.704 CET INFO: 7 ms
 -- TriplePostProcessor.processDomainAndRange()
2015.01.08 10:30:21.705 CET INFO: Postprocess: Possibly typed entities (0 resources) ...  -- TriplePostProcessor.processPossiblyTypedResources()
2015.01.08 10:30:21.705 CET INFO: 0 ms
 -- TriplePostProcessor.processPossiblyTypedResources()
2015.01.08 10:30:21.706 CET INFO: Updating underlying frames model in 1 ms -- ProtegeOWLParser.doFinalPostProcessing()
2015.01.08 10:35:25.321 CET INFO: *** SYSTEM START ***
2015.01.08 10:35:26.391 CET WARNING: [Local Folder Repository] The specified file must be a directory. (D:\Ontologie_Owl\annotator\plugins\edu.stanford.smi.protegex.owl) -- LocalFolderRepository.update()
2015.01.08 10:35:26.433 CET INFO: Loading triples for: null -- ProtegeOWLParser.loadTriples()
2015.01.08 10:35:27.499 CET INFO:     Completed triple loading after 845 ms -- ProtegeOWLParser.loadTriples()
2015.01.08 10:35:27.509 CET INFO: Postprocess: Process entities with incorrect Java type (0 entities) ...  -- TriplePostProcessor.processFramesWithWrongJavaType()
2015.01.08 10:35:27.509 CET INFO: 0 ms
 -- TriplePostProcessor.processFramesWithWrongJavaType()
2015.01.08 10:35:27.509 CET INFO: Postprocess: Process metaclasses (3 metaclasses) ...  -- TriplePostProcessor.processMetaclasses()
2015.01.08 10:35:27.509 CET INFO: 0 ms
 -- TriplePostProcessor.processMetaclasses()
2015.01.08 10:35:27.509 CET INFO: Postprocess: Process subclasses of rdf:List (1 classes) ...  -- TriplePostProcessor.processSubclassesOfRdfList()
2015.01.08 10:35:27.509 CET INFO: 0 ms
 -- TriplePostProcessor.processSubclassesOfRdfList()
2015.01.08 10:35:27.509 CET INFO: Postprocess: Instances with multiple types (15 instances) ...  -- TriplePostProcessor.processInstancesWithMultipleTypes()
2015.01.08 10:35:27.509 CET INFO: 0 ms
 -- TriplePostProcessor.processInstancesWithMultipleTypes()
2015.01.08 10:35:27.519 CET INFO: Postprocess: Add inferred superclasses ...  -- TriplePostProcessor.processInferredSuperclasses()
2015.01.08 10:35:27.519 CET INFO: 0 ms
 -- TriplePostProcessor.processInferredSuperclasses()
2015.01.08 10:35:27.519 CET INFO: Postprocess: Process orphan classes (61 classes) ...  -- TriplePostProcessor.processOrphanClses()
2015.01.08 10:35:27.519 CET INFO: 0 ms
 -- TriplePostProcessor.processOrphanClses()
2015.01.08 10:35:27.519 CET INFO: Postprocess: Generalized Concept Inclusion (0 axioms) ...  -- TriplePostProcessor.processGeneralizedConceptInclusions()
2015.01.08 10:35:27.531 CET INFO: 12 ms
 -- TriplePostProcessor.processGeneralizedConceptInclusions()
2015.01.08 10:35:27.533 CET INFO: Postprocess: Abstract classes...  -- TriplePostProcessor.processAbstractClasses()
2015.01.08 10:35:27.533 CET INFO: 0 ms
 -- TriplePostProcessor.processAbstractClasses()
2015.01.08 10:35:27.533 CET INFO: Postprocess: Domain and range of properties...  -- TriplePostProcessor.processDomainAndRange()
2015.01.08 10:35:27.543 CET INFO: 10 ms
 -- TriplePostProcessor.processDomainAndRange()
2015.01.08 10:35:27.543 CET INFO: Postprocess: Possibly typed entities (0 resources) ...  -- TriplePostProcessor.processPossiblyTypedResources()
2015.01.08 10:35:27.543 CET INFO: 0 ms
 -- TriplePostProcessor.processPossiblyTypedResources()
2015.01.08 10:35:27.543 CET INFO: Updating underlying frames model in 0 ms -- ProtegeOWLParser.doFinalPostProcessing()
2015.01.08 10:42:13.935 CET INFO: *** SYSTEM START ***
2015.01.08 10:42:14.955 CET WARNING: [Local Folder Repository] The specified file must be a directory. (D:\Ontologie_Owl\annotator\plugins\edu.stanford.smi.protegex.owl) -- LocalFolderRepository.update()
2015.01.08 10:42:14.986 CET INFO: Loading triples for: null -- ProtegeOWLParser.loadTriples()
2015.01.08 10:42:16.067 CET INFO:     Completed triple loading after 861 ms -- ProtegeOWLParser.loadTriples()
2015.01.08 10:42:16.077 CET INFO: Postprocess: Process entities with incorrect Java type (0 entities) ...  -- TriplePostProcessor.processFramesWithWrongJavaType()
2015.01.08 10:42:16.077 CET INFO: 0 ms
 -- TriplePostProcessor.processFramesWithWrongJavaType()
2015.01.08 10:42:16.077 CET INFO: Postprocess: Process metaclasses (3 metaclasses) ...  -- TriplePostProcessor.processMetaclasses()
2015.01.08 10:42:16.077 CET INFO: 0 ms
 -- TriplePostProcessor.processMetaclasses()
2015.01.08 10:42:16.077 CET INFO: Postprocess: Process subclasses of rdf:List (1 classes) ...  -- TriplePostProcessor.processSubclassesOfRdfList()
2015.01.08 10:42:16.077 CET INFO: 0 ms
 -- TriplePostProcessor.processSubclassesOfRdfList()
2015.01.08 10:42:16.077 CET INFO: Postprocess: Instances with multiple types (15 instances) ...  -- TriplePostProcessor.processInstancesWithMultipleTypes()
2015.01.08 10:42:16.087 CET INFO: 10 ms
 -- TriplePostProcessor.processInstancesWithMultipleTypes()
2015.01.08 10:42:16.087 CET INFO: Postprocess: Add inferred superclasses ...  -- TriplePostProcessor.processInferredSuperclasses()
2015.01.08 10:42:16.087 CET INFO: 0 ms
 -- TriplePostProcessor.processInferredSuperclasses()
2015.01.08 10:42:16.087 CET INFO: Postprocess: Process orphan classes (61 classes) ...  -- TriplePostProcessor.processOrphanClses()
2015.01.08 10:42:16.087 CET INFO: 0 ms
 -- TriplePostProcessor.processOrphanClses()
2015.01.08 10:42:16.097 CET INFO: Postprocess: Generalized Concept Inclusion (0 axioms) ...  -- TriplePostProcessor.processGeneralizedConceptInclusions()
2015.01.08 10:42:16.097 CET INFO: 0 ms
 -- TriplePostProcessor.processGeneralizedConceptInclusions()
2015.01.08 10:42:16.097 CET INFO: Postprocess: Abstract classes...  -- TriplePostProcessor.processAbstractClasses()
2015.01.08 10:42:16.097 CET INFO: 0 ms
 -- TriplePostProcessor.processAbstractClasses()
2015.01.08 10:42:16.097 CET INFO: Postprocess: Domain and range of properties...  -- TriplePostProcessor.processDomainAndRange()
2015.01.08 10:42:16.107 CET INFO: 10 ms
 -- TriplePostProcessor.processDomainAndRange()
2015.01.08 10:42:16.107 CET INFO: Postprocess: Possibly typed entities (0 resources) ...  -- TriplePostProcessor.processPossiblyTypedResources()
2015.01.08 10:42:16.107 CET INFO: 0 ms
 -- TriplePostProcessor.processPossiblyTypedResources()
2015.01.08 10:42:16.107 CET INFO: Updating underlying frames model in 0 ms -- ProtegeOWLParser.doFinalPostProcessing()
2015.01.08 11:02:41.239 CET INFO: *** SYSTEM START ***
2015.01.08 11:02:42.179 CET WARNING: [Local Folder Repository] The specified file must be a directory. (D:\Ontologie_Owl\annotator\plugins\edu.stanford.smi.protegex.owl) -- LocalFolderRepository.update()
2015.01.08 11:02:42.210 CET INFO: Loading triples for: null -- ProtegeOWLParser.loadTriples()
2015.01.08 11:02:43.290 CET INFO:     Completed triple loading after 860 ms -- ProtegeOWLParser.loadTriples()
2015.01.08 11:02:43.290 CET INFO: Postprocess: Process entities with incorrect Java type (0 entities) ...  -- TriplePostProcessor.processFramesWithWrongJavaType()
2015.01.08 11:02:43.290 CET INFO: 0 ms
 -- TriplePostProcessor.processFramesWithWrongJavaType()
2015.01.08 11:02:43.290 CET INFO: Postprocess: Process metaclasses (3 metaclasses) ...  -- TriplePostProcessor.processMetaclasses()
2015.01.08 11:02:43.290 CET INFO: 0 ms
 -- TriplePostProcessor.processMetaclasses()
2015.01.08 11:02:43.290 CET INFO: Postprocess: Process subclasses of rdf:List (1 classes) ...  -- TriplePostProcessor.processSubclassesOfRdfList()
2015.01.08 11:02:43.290 CET INFO: 0 ms
 -- TriplePostProcessor.processSubclassesOfRdfList()
2015.01.08 11:02:43.290 CET INFO: Postprocess: Instances with multiple types (15 instances) ...  -- TriplePostProcessor.processInstancesWithMultipleTypes()
2015.01.08 11:02:43.300 CET INFO: 10 ms
 -- TriplePostProcessor.processInstancesWithMultipleTypes()
2015.01.08 11:02:43.300 CET INFO: Postprocess: Add inferred superclasses ...  -- TriplePostProcessor.processInferredSuperclasses()
2015.01.08 11:02:43.300 CET INFO: 0 ms
 -- TriplePostProcessor.processInferredSuperclasses()
2015.01.08 11:02:43.300 CET INFO: Postprocess: Process orphan classes (61 classes) ...  -- TriplePostProcessor.processOrphanClses()
2015.01.08 11:02:43.310 CET INFO: 10 ms
 -- TriplePostProcessor.processOrphanClses()
2015.01.08 11:02:43.310 CET INFO: Postprocess: Generalized Concept Inclusion (0 axioms) ...  -- TriplePostProcessor.processGeneralizedConceptInclusions()
2015.01.08 11:02:43.310 CET INFO: 0 ms
 -- TriplePostProcessor.processGeneralizedConceptInclusions()
2015.01.08 11:02:43.310 CET INFO: Postprocess: Abstract classes...  -- TriplePostProcessor.processAbstractClasses()
2015.01.08 11:02:43.310 CET INFO: 0 ms
 -- TriplePostProcessor.processAbstractClasses()
2015.01.08 11:02:43.310 CET INFO: Postprocess: Domain and range of properties...  -- TriplePostProcessor.processDomainAndRange()
2015.01.08 11:02:43.320 CET INFO: 10 ms
 -- TriplePostProcessor.processDomainAndRange()
2015.01.08 11:02:43.320 CET INFO: Postprocess: Possibly typed entities (0 resources) ...  -- TriplePostProcessor.processPossiblyTypedResources()
2015.01.08 11:02:43.320 CET INFO: 0 ms
 -- TriplePostProcessor.processPossiblyTypedResources()
2015.01.08 11:02:43.320 CET INFO: Updating underlying frames model in 0 ms -- ProtegeOWLParser.doFinalPostProcessing()
2015.01.08 11:22:54.082 CET INFO: *** SYSTEM START ***
2015.01.08 11:22:55.182 CET WARNING: [Local Folder Repository] The specified file must be a directory. (D:\Ontologie_Owl\annotator\plugins\edu.stanford.smi.protegex.owl) -- LocalFolderRepository.update()
2015.01.08 11:22:55.213 CET INFO: Loading triples for: null -- ProtegeOWLParser.loadTriples()
2015.01.08 11:22:56.295 CET INFO:     Completed triple loading after 852 ms -- ProtegeOWLParser.loadTriples()
2015.01.08 11:22:56.305 CET INFO: Postprocess: Process entities with incorrect Java type (0 entities) ...  -- TriplePostProcessor.processFramesWithWrongJavaType()
2015.01.08 11:22:56.305 CET INFO: 0 ms
 -- TriplePostProcessor.processFramesWithWrongJavaType()
2015.01.08 11:22:56.305 CET INFO: Postprocess: Process metaclasses (3 metaclasses) ...  -- TriplePostProcessor.processMetaclasses()
2015.01.08 11:22:56.305 CET INFO: 0 ms
 -- TriplePostProcessor.processMetaclasses()
2015.01.08 11:22:56.305 CET INFO: Postprocess: Process subclasses of rdf:List (1 classes) ...  -- TriplePostProcessor.processSubclassesOfRdfList()
2015.01.08 11:22:56.305 CET INFO: 0 ms
 -- TriplePostProcessor.processSubclassesOfRdfList()
2015.01.08 11:22:56.305 CET INFO: Postprocess: Instances with multiple types (15 instances) ...  -- TriplePostProcessor.processInstancesWithMultipleTypes()
2015.01.08 11:22:56.305 CET INFO: 0 ms
 -- TriplePostProcessor.processInstancesWithMultipleTypes()
2015.01.08 11:22:56.315 CET INFO: Postprocess: Add inferred superclasses ...  -- TriplePostProcessor.processInferredSuperclasses()
2015.01.08 11:22:56.315 CET INFO: 0 ms
 -- TriplePostProcessor.processInferredSuperclasses()
2015.01.08 11:22:56.315 CET INFO: Postprocess: Process orphan classes (61 classes) ...  -- TriplePostProcessor.processOrphanClses()
2015.01.08 11:22:56.315 CET INFO: 0 ms
 -- TriplePostProcessor.processOrphanClses()
2015.01.08 11:22:56.315 CET INFO: Postprocess: Generalized Concept Inclusion (0 axioms) ...  -- TriplePostProcessor.processGeneralizedConceptInclusions()
2015.01.08 11:22:56.325 CET INFO: 10 ms
 -- TriplePostProcessor.processGeneralizedConceptInclusions()
2015.01.08 11:22:56.325 CET INFO: Postprocess: Abstract classes...  -- TriplePostProcessor.processAbstractClasses()
2015.01.08 11:22:56.325 CET INFO: 0 ms
 -- TriplePostProcessor.processAbstractClasses()
2015.01.08 11:22:56.325 CET INFO: Postprocess: Domain and range of properties...  -- TriplePostProcessor.processDomainAndRange()
2015.01.08 11:22:56.335 CET INFO: 10 ms
 -- TriplePostProcessor.processDomainAndRange()
2015.01.08 11:22:56.335 CET INFO: Postprocess: Possibly typed entities (0 resources) ...  -- TriplePostProcessor.processPossiblyTypedResources()
2015.01.08 11:22:56.335 CET INFO: 0 ms
 -- TriplePostProcessor.processPossiblyTypedResources()
2015.01.08 11:22:56.335 CET INFO: Updating underlying frames model in 0 ms -- ProtegeOWLParser.doFinalPostProcessing()
2015.01.08 11:23:29.662 CET INFO: *** SYSTEM START ***
2015.01.08 11:23:30.752 CET WARNING: [Local Folder Repository] The specified file must be a directory. (D:\Ontologie_Owl\annotator\plugins\edu.stanford.smi.protegex.owl) -- LocalFolderRepository.update()
2015.01.08 11:23:30.783 CET INFO: Loading triples for: null -- ProtegeOWLParser.loadTriples()
2015.01.08 11:23:31.885 CET INFO:     Completed triple loading after 872 ms -- ProtegeOWLParser.loadTriples()
2015.01.08 11:23:31.895 CET INFO: Postprocess: Process entities with incorrect Java type (0 entities) ...  -- TriplePostProcessor.processFramesWithWrongJavaType()
2015.01.08 11:23:31.895 CET INFO: 0 ms
 -- TriplePostProcessor.processFramesWithWrongJavaType()
2015.01.08 11:23:31.895 CET INFO: Postprocess: Process metaclasses (3 metaclasses) ...  -- TriplePostProcessor.processMetaclasses()
2015.01.08 11:23:31.895 CET INFO: 0 ms
 -- TriplePostProcessor.processMetaclasses()
2015.01.08 11:23:31.895 CET INFO: Postprocess: Process subclasses of rdf:List (1 classes) ...  -- TriplePostProcessor.processSubclassesOfRdfList()
2015.01.08 11:23:31.895 CET INFO: 0 ms
 -- TriplePostProcessor.processSubclassesOfRdfList()
2015.01.08 11:23:31.895 CET INFO: Postprocess: Instances with multiple types (15 instances) ...  -- TriplePostProcessor.processInstancesWithMultipleTypes()
2015.01.08 11:23:31.895 CET INFO: 0 ms
 -- TriplePostProcessor.processInstancesWithMultipleTypes()
2015.01.08 11:23:31.895 CET INFO: Postprocess: Add inferred superclasses ...  -- TriplePostProcessor.processInferredSuperclasses()
2015.01.08 11:23:31.895 CET INFO: 0 ms
 -- TriplePostProcessor.processInferredSuperclasses()
2015.01.08 11:23:31.905 CET INFO: Postprocess: Process orphan classes (61 classes) ...  -- TriplePostProcessor.processOrphanClses()
2015.01.08 11:23:31.905 CET INFO: 0 ms
 -- TriplePostProcessor.processOrphanClses()
2015.01.08 11:23:31.905 CET INFO: Postprocess: Generalized Concept Inclusion (0 axioms) ...  -- TriplePostProcessor.processGeneralizedConceptInclusions()
2015.01.08 11:23:31.905 CET INFO: 0 ms
 -- TriplePostProcessor.processGeneralizedConceptInclusions()
2015.01.08 11:23:31.917 CET INFO: Postprocess: Abstract classes...  -- TriplePostProcessor.processAbstractClasses()
2015.01.08 11:23:31.918 CET INFO: 1 ms
 -- TriplePostProcessor.processAbstractClasses()
2015.01.08 11:23:31.918 CET INFO: Postprocess: Domain and range of properties...  -- TriplePostProcessor.processDomainAndRange()
2015.01.08 11:23:31.929 CET INFO: 11 ms
 -- TriplePostProcessor.processDomainAndRange()
2015.01.08 11:23:31.929 CET INFO: Postprocess: Possibly typed entities (0 resources) ...  -- TriplePostProcessor.processPossiblyTypedResources()
2015.01.08 11:23:31.929 CET INFO: 0 ms
 -- TriplePostProcessor.processPossiblyTypedResources()
2015.01.08 11:23:31.929 CET INFO: Updating underlying frames model in 0 ms -- ProtegeOWLParser.doFinalPostProcessing()
2015.01.08 11:25:17.589 CET INFO: *** SYSTEM START ***
2015.01.08 11:25:18.619 CET WARNING: [Local Folder Repository] The specified file must be a directory. (D:\Ontologie_Owl\annotator\plugins\edu.stanford.smi.protegex.owl) -- LocalFolderRepository.update()
2015.01.08 11:25:18.650 CET INFO: Loading triples for: null -- ProtegeOWLParser.loadTriples()
2015.01.08 11:25:19.732 CET INFO:     Completed triple loading after 852 ms -- ProtegeOWLParser.loadTriples()
2015.01.08 11:25:19.742 CET INFO: Postprocess: Process entities with incorrect Java type (0 entities) ...  -- TriplePostProcessor.processFramesWithWrongJavaType()
2015.01.08 11:25:19.742 CET INFO: 0 ms
 -- TriplePostProcessor.processFramesWithWrongJavaType()
2015.01.08 11:25:19.742 CET INFO: Postprocess: Process metaclasses (3 metaclasses) ...  -- TriplePostProcessor.processMetaclasses()
2015.01.08 11:25:19.742 CET INFO: 0 ms
 -- TriplePostProcessor.processMetaclasses()
2015.01.08 11:25:19.742 CET INFO: Postprocess: Process subclasses of rdf:List (1 classes) ...  -- TriplePostProcessor.processSubclassesOfRdfList()
2015.01.08 11:25:19.742 CET INFO: 0 ms
 -- TriplePostProcessor.processSubclassesOfRdfList()
2015.01.08 11:25:19.742 CET INFO: Postprocess: Instances with multiple types (15 instances) ...  -- TriplePostProcessor.processInstancesWithMultipleTypes()
2015.01.08 11:25:19.752 CET INFO: 10 ms
 -- TriplePostProcessor.processInstancesWithMultipleTypes()
2015.01.08 11:25:19.752 CET INFO: Postprocess: Add inferred superclasses ...  -- TriplePostProcessor.processInferredSuperclasses()
2015.01.08 11:25:19.753 CET INFO: 0 ms
 -- TriplePostProcessor.processInferredSuperclasses()
2015.01.08 11:25:19.753 CET INFO: Postprocess: Process orphan classes (61 classes) ...  -- TriplePostProcessor.processOrphanClses()
2015.01.08 11:25:19.753 CET INFO: 0 ms
 -- TriplePostProcessor.processOrphanClses()
2015.01.08 11:25:19.753 CET INFO: Postprocess: Generalized Concept Inclusion (0 axioms) ...  -- TriplePostProcessor.processGeneralizedConceptInclusions()
2015.01.08 11:25:19.763 CET INFO: 10 ms
 -- TriplePostProcessor.processGeneralizedConceptInclusions()
2015.01.08 11:25:19.763 CET INFO: Postprocess: Abstract classes...  -- TriplePostProcessor.processAbstractClasses()
2015.01.08 11:25:19.763 CET INFO: 0 ms
 -- TriplePostProcessor.processAbstractClasses()
2015.01.08 11:25:19.763 CET INFO: Postprocess: Domain and range of properties...  -- TriplePostProcessor.processDomainAndRange()
2015.01.08 11:25:19.773 CET INFO: 10 ms
 -- TriplePostProcessor.processDomainAndRange()
2015.01.08 11:25:19.773 CET INFO: Postprocess: Possibly typed entities (0 resources) ...  -- TriplePostProcessor.processPossiblyTypedResources()
2015.01.08 11:25:19.773 CET INFO: 0 ms
 -- TriplePostProcessor.processPossiblyTypedResources()
2015.01.08 11:25:19.773 CET INFO: Updating underlying frames model in 0 ms -- ProtegeOWLParser.doFinalPostProcessing()
2015.01.08 11:25:43.750 CET INFO: *** SYSTEM START ***
2015.01.08 11:25:44.803 CET WARNING: [Local Folder Repository] The specified file must be a directory. (D:\Ontologie_Owl\annotator\plugins\edu.stanford.smi.protegex.owl) -- LocalFolderRepository.update()
2015.01.08 11:25:44.844 CET INFO: Loading triples for: null -- ProtegeOWLParser.loadTriples()
2015.01.08 11:25:45.946 CET INFO:     Completed triple loading after 882 ms -- ProtegeOWLParser.loadTriples()
2015.01.08 11:25:45.946 CET INFO: Postprocess: Process entities with incorrect Java type (0 entities) ...  -- TriplePostProcessor.processFramesWithWrongJavaType()
2015.01.08 11:25:45.946 CET INFO: 0 ms
 -- TriplePostProcessor.processFramesWithWrongJavaType()
2015.01.08 11:25:45.946 CET INFO: Postprocess: Process metaclasses (3 metaclasses) ...  -- TriplePostProcessor.processMetaclasses()
2015.01.08 11:25:45.946 CET INFO: 0 ms
 -- TriplePostProcessor.processMetaclasses()
2015.01.08 11:25:45.946 CET INFO: Postprocess: Process subclasses of rdf:List (1 classes) ...  -- TriplePostProcessor.processSubclassesOfRdfList()
2015.01.08 11:25:45.946 CET INFO: 0 ms
 -- TriplePostProcessor.processSubclassesOfRdfList()
2015.01.08 11:25:45.946 CET INFO: Postprocess: Instances with multiple types (15 instances) ...  -- TriplePostProcessor.processInstancesWithMultipleTypes()
2015.01.08 11:25:45.956 CET INFO: 10 ms
 -- TriplePostProcessor.processInstancesWithMultipleTypes()
2015.01.08 11:25:45.956 CET INFO: Postprocess: Add inferred superclasses ...  -- TriplePostProcessor.processInferredSuperclasses()
2015.01.08 11:25:45.956 CET INFO: 0 ms
 -- TriplePostProcessor.processInferredSuperclasses()
2015.01.08 11:25:45.956 CET INFO: Postprocess: Process orphan classes (61 classes) ...  -- TriplePostProcessor.processOrphanClses()
2015.01.08 11:25:45.967 CET INFO: 11 ms
 -- TriplePostProcessor.processOrphanClses()
2015.01.08 11:25:45.967 CET INFO: Postprocess: Generalized Concept Inclusion (0 axioms) ...  -- TriplePostProcessor.processGeneralizedConceptInclusions()
2015.01.08 11:25:45.967 CET INFO: 0 ms
 -- TriplePostProcessor.processGeneralizedConceptInclusions()
2015.01.08 11:25:45.967 CET INFO: Postprocess: Abstract classes...  -- TriplePostProcessor.processAbstractClasses()
2015.01.08 11:25:45.967 CET INFO: 0 ms
 -- TriplePostProcessor.processAbstractClasses()
2015.01.08 11:25:45.967 CET INFO: Postprocess: Domain and range of properties...  -- TriplePostProcessor.processDomainAndRange()
2015.01.08 11:25:45.977 CET INFO: 10 ms
 -- TriplePostProcessor.processDomainAndRange()
2015.01.08 11:25:45.977 CET INFO: Postprocess: Possibly typed entities (0 resources) ...  -- TriplePostProcessor.processPossiblyTypedResources()
2015.01.08 11:25:45.977 CET INFO: 0 ms
 -- TriplePostProcessor.processPossiblyTypedResources()
2015.01.08 11:25:45.977 CET INFO: Updating underlying frames model in 0 ms -- ProtegeOWLParser.doFinalPostProcessing()
2015.01.08 11:32:27.993 CET INFO: *** SYSTEM START ***
2015.01.08 11:32:29.073 CET WARNING: [Local Folder Repository] The specified file must be a directory. (D:\Ontologie_Owl\annotator\plugins\edu.stanford.smi.protegex.owl) -- LocalFolderRepository.update()
2015.01.08 11:32:29.105 CET INFO: Loading triples for: null -- ProtegeOWLParser.loadTriples()
2015.01.08 11:32:30.192 CET INFO:     Completed triple loading after 866 ms -- ProtegeOWLParser.loadTriples()
2015.01.08 11:32:30.196 CET INFO: Postprocess: Process entities with incorrect Java type (0 entities) ...  -- TriplePostProcessor.processFramesWithWrongJavaType()
2015.01.08 11:32:30.197 CET INFO: 0 ms
 -- TriplePostProcessor.processFramesWithWrongJavaType()
2015.01.08 11:32:30.197 CET INFO: Postprocess: Process metaclasses (3 metaclasses) ...  -- TriplePostProcessor.processMetaclasses()
2015.01.08 11:32:30.198 CET INFO: 0 ms
 -- TriplePostProcessor.processMetaclasses()
2015.01.08 11:32:30.198 CET INFO: Postprocess: Process subclasses of rdf:List (1 classes) ...  -- TriplePostProcessor.processSubclassesOfRdfList()
2015.01.08 11:32:30.199 CET INFO: 0 ms
 -- TriplePostProcessor.processSubclassesOfRdfList()
2015.01.08 11:32:30.199 CET INFO: Postprocess: Instances with multiple types (15 instances) ...  -- TriplePostProcessor.processInstancesWithMultipleTypes()
2015.01.08 11:32:30.199 CET INFO: 0 ms
 -- TriplePostProcessor.processInstancesWithMultipleTypes()
2015.01.08 11:32:30.199 CET INFO: Postprocess: Add inferred superclasses ...  -- TriplePostProcessor.processInferredSuperclasses()
2015.01.08 11:32:30.199 CET INFO: 0 ms
 -- TriplePostProcessor.processInferredSuperclasses()
2015.01.08 11:32:30.209 CET INFO: Postprocess: Process orphan classes (61 classes) ...  -- TriplePostProcessor.processOrphanClses()
2015.01.08 11:32:30.209 CET INFO: 0 ms
 -- TriplePostProcessor.processOrphanClses()
2015.01.08 11:32:30.209 CET INFO: Postprocess: Generalized Concept Inclusion (0 axioms) ...  -- TriplePostProcessor.processGeneralizedConceptInclusions()
2015.01.08 11:32:30.209 CET INFO: 0 ms
 -- TriplePostProcessor.processGeneralizedConceptInclusions()
2015.01.08 11:32:30.219 CET INFO: Postprocess: Abstract classes...  -- TriplePostProcessor.processAbstractClasses()
2015.01.08 11:32:30.219 CET INFO: 0 ms
 -- TriplePostProcessor.processAbstractClasses()
2015.01.08 11:32:30.219 CET INFO: Postprocess: Domain and range of properties...  -- TriplePostProcessor.processDomainAndRange()
2015.01.08 11:32:30.231 CET INFO: 12 ms
 -- TriplePostProcessor.processDomainAndRange()
2015.01.08 11:32:30.232 CET INFO: Postprocess: Possibly typed entities (0 resources) ...  -- TriplePostProcessor.processPossiblyTypedResources()
2015.01.08 11:32:30.232 CET INFO: 0 ms
 -- TriplePostProcessor.processPossiblyTypedResources()
2015.01.08 11:32:30.233 CET INFO: Updating underlying frames model in 0 ms -- ProtegeOWLParser.doFinalPostProcessing()
2015.01.08 11:51:24.047 CET INFO: *** SYSTEM START ***
2015.01.08 11:51:25.067 CET WARNING: [Local Folder Repository] The specified file must be a directory. (D:\Ontologie_Owl\annotator\plugins\edu.stanford.smi.protegex.owl) -- LocalFolderRepository.update()
2015.01.08 11:51:25.098 CET INFO: Loading triples for: null -- ProtegeOWLParser.loadTriples()
2015.01.08 11:51:26.168 CET INFO:     Completed triple loading after 840 ms -- ProtegeOWLParser.loadTriples()
2015.01.08 11:51:26.168 CET INFO: Postprocess: Process entities with incorrect Java type (0 entities) ...  -- TriplePostProcessor.processFramesWithWrongJavaType()
2015.01.08 11:51:26.168 CET INFO: 0 ms
 -- TriplePostProcessor.processFramesWithWrongJavaType()
2015.01.08 11:51:26.168 CET INFO: Postprocess: Process metaclasses (3 metaclasses) ...  -- TriplePostProcessor.processMetaclasses()
2015.01.08 11:51:26.168 CET INFO: 0 ms
 -- TriplePostProcessor.processMetaclasses()
2015.01.08 11:51:26.168 CET INFO: Postprocess: Process subclasses of rdf:List (1 classes) ...  -- TriplePostProcessor.processSubclassesOfRdfList()
2015.01.08 11:51:26.168 CET INFO: 0 ms
 -- TriplePostProcessor.processSubclassesOfRdfList()
2015.01.08 11:51:26.168 CET INFO: Postprocess: Instances with multiple types (15 instances) ...  -- TriplePostProcessor.processInstancesWithMultipleTypes()
2015.01.08 11:51:26.178 CET INFO: 10 ms
 -- TriplePostProcessor.processInstancesWithMultipleTypes()
2015.01.08 11:51:26.178 CET INFO: Postprocess: Add inferred superclasses ...  -- TriplePostProcessor.processInferredSuperclasses()
2015.01.08 11:51:26.178 CET INFO: 0 ms
 -- TriplePostProcessor.processInferredSuperclasses()
2015.01.08 11:51:26.178 CET INFO: Postprocess: Process orphan classes (61 classes) ...  -- TriplePostProcessor.processOrphanClses()
2015.01.08 11:51:26.189 CET INFO: 11 ms
 -- TriplePostProcessor.processOrphanClses()
2015.01.08 11:51:26.189 CET INFO: Postprocess: Generalized Concept Inclusion (0 axioms) ...  -- TriplePostProcessor.processGeneralizedConceptInclusions()
2015.01.08 11:51:26.189 CET INFO: 0 ms
 -- TriplePostProcessor.processGeneralizedConceptInclusions()
2015.01.08 11:51:26.189 CET INFO: Postprocess: Abstract classes...  -- TriplePostProcessor.processAbstractClasses()
2015.01.08 11:51:26.189 CET INFO: 0 ms
 -- TriplePostProcessor.processAbstractClasses()
2015.01.08 11:51:26.189 CET INFO: Postprocess: Domain and range of properties...  -- TriplePostProcessor.processDomainAndRange()
2015.01.08 11:51:26.199 CET INFO: 10 ms
 -- TriplePostProcessor.processDomainAndRange()
2015.01.08 11:51:26.199 CET INFO: Postprocess: Possibly typed entities (0 resources) ...  -- TriplePostProcessor.processPossiblyTypedResources()
2015.01.08 11:51:26.199 CET INFO: 0 ms
 -- TriplePostProcessor.processPossiblyTypedResources()
2015.01.08 11:51:26.199 CET INFO: Updating underlying frames model in 0 ms -- ProtegeOWLParser.doFinalPostProcessing()
2015.01.08 11:54:19.361 CET INFO: *** SYSTEM START ***
2015.01.08 11:54:20.411 CET WARNING: [Local Folder Repository] The specified file must be a directory. (D:\Ontologie_Owl\annotator\plugins\edu.stanford.smi.protegex.owl) -- LocalFolderRepository.update()
2015.01.08 11:54:20.442 CET INFO: Loading triples for: null -- ProtegeOWLParser.loadTriples()
2015.01.08 11:54:21.492 CET INFO:     Completed triple loading after 840 ms -- ProtegeOWLParser.loadTriples()
2015.01.08 11:54:21.492 CET INFO: Postprocess: Process entities with incorrect Java type (0 entities) ...  -- TriplePostProcessor.processFramesWithWrongJavaType()
2015.01.08 11:54:21.492 CET INFO: 0 ms
 -- TriplePostProcessor.processFramesWithWrongJavaType()
2015.01.08 11:54:21.492 CET INFO: Postprocess: Process metaclasses (3 metaclasses) ...  -- TriplePostProcessor.processMetaclasses()
2015.01.08 11:54:21.492 CET INFO: 0 ms
 -- TriplePostProcessor.processMetaclasses()
2015.01.08 11:54:21.492 CET INFO: Postprocess: Process subclasses of rdf:List (1 classes) ...  -- TriplePostProcessor.processSubclassesOfRdfList()
2015.01.08 11:54:21.492 CET INFO: 0 ms
 -- TriplePostProcessor.processSubclassesOfRdfList()
2015.01.08 11:54:21.492 CET INFO: Postprocess: Instances with multiple types (15 instances) ...  -- TriplePostProcessor.processInstancesWithMultipleTypes()
2015.01.08 11:54:21.502 CET INFO: 10 ms
 -- TriplePostProcessor.processInstancesWithMultipleTypes()
2015.01.08 11:54:21.502 CET INFO: Postprocess: Add inferred superclasses ...  -- TriplePostProcessor.processInferredSuperclasses()
2015.01.08 11:54:21.502 CET INFO: 0 ms
 -- TriplePostProcessor.processInferredSuperclasses()
2015.01.08 11:54:21.502 CET INFO: Postprocess: Process orphan classes (61 classes) ...  -- TriplePostProcessor.processOrphanClses()
2015.01.08 11:54:21.513 CET INFO: 11 ms
 -- TriplePostProcessor.processOrphanClses()
2015.01.08 11:54:21.513 CET INFO: Postprocess: Generalized Concept Inclusion (0 axioms) ...  -- TriplePostProcessor.processGeneralizedConceptInclusions()
2015.01.08 11:54:21.513 CET INFO: 0 ms
 -- TriplePostProcessor.processGeneralizedConceptInclusions()
2015.01.08 11:54:21.513 CET INFO: Postprocess: Abstract classes...  -- TriplePostProcessor.processAbstractClasses()
2015.01.08 11:54:21.513 CET INFO: 0 ms
 -- TriplePostProcessor.processAbstractClasses()
2015.01.08 11:54:21.513 CET INFO: Postprocess: Domain and range of properties...  -- TriplePostProcessor.processDomainAndRange()
2015.01.08 11:54:21.523 CET INFO: 0 ms
 -- TriplePostProcessor.processDomainAndRange()
2015.01.08 11:54:21.523 CET INFO: Postprocess: Possibly typed entities (0 resources) ...  -- TriplePostProcessor.processPossiblyTypedResources()
2015.01.08 11:54:21.533 CET INFO: 0 ms
 -- TriplePostProcessor.processPossiblyTypedResources()
2015.01.08 11:54:21.533 CET INFO: Updating underlying frames model in 0 ms -- ProtegeOWLParser.doFinalPostProcessing()
2015.01.08 13:54:48.009 CET INFO: *** SYSTEM START ***
2015.01.08 13:54:49.113 CET WARNING: [Local Folder Repository] The specified file must be a directory. (D:\Ontologie_Owl\annotator\plugins\edu.stanford.smi.protegex.owl) -- LocalFolderRepository.update()
2015.01.08 13:54:49.144 CET INFO: Loading triples for: null -- ProtegeOWLParser.loadTriples()
2015.01.08 13:54:50.228 CET INFO:     Completed triple loading after 856 ms -- ProtegeOWLParser.loadTriples()
2015.01.08 13:54:50.228 CET INFO: Postprocess: Process entities with incorrect Java type (0 entities) ...  -- TriplePostProcessor.processFramesWithWrongJavaType()
2015.01.08 13:54:50.228 CET INFO: 0 ms
 -- TriplePostProcessor.processFramesWithWrongJavaType()
2015.01.08 13:54:50.228 CET INFO: Postprocess: Process metaclasses (3 metaclasses) ...  -- TriplePostProcessor.processMetaclasses()
2015.01.08 13:54:50.228 CET INFO: 0 ms
 -- TriplePostProcessor.processMetaclasses()
2015.01.08 13:54:50.228 CET INFO: Postprocess: Process subclasses of rdf:List (1 classes) ...  -- TriplePostProcessor.processSubclassesOfRdfList()
2015.01.08 13:54:50.228 CET INFO: 0 ms
 -- TriplePostProcessor.processSubclassesOfRdfList()
2015.01.08 13:54:50.228 CET INFO: Postprocess: Instances with multiple types (15 instances) ...  -- TriplePostProcessor.processInstancesWithMultipleTypes()
2015.01.08 13:54:50.238 CET INFO: 10 ms
 -- TriplePostProcessor.processInstancesWithMultipleTypes()
2015.01.08 13:54:50.238 CET INFO: Postprocess: Add inferred superclasses ...  -- TriplePostProcessor.processInferredSuperclasses()
2015.01.08 13:54:50.238 CET INFO: 0 ms
 -- TriplePostProcessor.processInferredSuperclasses()
2015.01.08 13:54:50.238 CET INFO: Postprocess: Process orphan classes (61 classes) ...  -- TriplePostProcessor.processOrphanClses()
2015.01.08 13:54:50.249 CET INFO: 11 ms
 -- TriplePostProcessor.processOrphanClses()
2015.01.08 13:54:50.249 CET INFO: Postprocess: Generalized Concept Inclusion (0 axioms) ...  -- TriplePostProcessor.processGeneralizedConceptInclusions()
2015.01.08 13:54:50.249 CET INFO: 0 ms
 -- TriplePostProcessor.processGeneralizedConceptInclusions()
2015.01.08 13:54:50.249 CET INFO: Postprocess: Abstract classes...  -- TriplePostProcessor.processAbstractClasses()
2015.01.08 13:54:50.249 CET INFO: 0 ms
 -- TriplePostProcessor.processAbstractClasses()
2015.01.08 13:54:50.249 CET INFO: Postprocess: Domain and range of properties...  -- TriplePostProcessor.processDomainAndRange()
2015.01.08 13:54:50.266 CET INFO: 17 ms
 -- TriplePostProcessor.processDomainAndRange()
2015.01.08 13:54:50.266 CET INFO: Postprocess: Possibly typed entities (0 resources) ...  -- TriplePostProcessor.processPossiblyTypedResources()
2015.01.08 13:54:50.266 CET INFO: 0 ms
 -- TriplePostProcessor.processPossiblyTypedResources()
2015.01.08 13:54:50.266 CET INFO: Updating underlying frames model in 0 ms -- ProtegeOWLParser.doFinalPostProcessing()
2015.01.08 14:41:58.129 CET INFO: *** SYSTEM START ***
2015.01.08 14:41:59.064 CET WARNING: [Local Folder Repository] The specified file must be a directory. (D:\Ontologie_Owl\annotator\plugins\edu.stanford.smi.protegex.owl) -- LocalFolderRepository.update()
2015.01.08 14:41:59.095 CET INFO: Loading triples for: null -- ProtegeOWLParser.loadTriples()
2015.01.08 14:42:00.138 CET INFO:     Completed triple loading after 823 ms -- ProtegeOWLParser.loadTriples()
2015.01.08 14:42:00.148 CET INFO: Postprocess: Process entities with incorrect Java type (0 entities) ...  -- TriplePostProcessor.processFramesWithWrongJavaType()
2015.01.08 14:42:00.148 CET INFO: 0 ms
 -- TriplePostProcessor.processFramesWithWrongJavaType()
2015.01.08 14:42:00.148 CET INFO: Postprocess: Process metaclasses (3 metaclasses) ...  -- TriplePostProcessor.processMetaclasses()
2015.01.08 14:42:00.148 CET INFO: 0 ms
 -- TriplePostProcessor.processMetaclasses()
2015.01.08 14:42:00.148 CET INFO: Postprocess: Process subclasses of rdf:List (1 classes) ...  -- TriplePostProcessor.processSubclassesOfRdfList()
2015.01.08 14:42:00.148 CET INFO: 0 ms
 -- TriplePostProcessor.processSubclassesOfRdfList()
2015.01.08 14:42:00.148 CET INFO: Postprocess: Instances with multiple types (15 instances) ...  -- TriplePostProcessor.processInstancesWithMultipleTypes()
2015.01.08 14:42:00.148 CET INFO: 0 ms
 -- TriplePostProcessor.processInstancesWithMultipleTypes()
2015.01.08 14:42:00.148 CET INFO: Postprocess: Add inferred superclasses ...  -- TriplePostProcessor.processInferredSuperclasses()
2015.01.08 14:42:00.148 CET INFO: 0 ms
 -- TriplePostProcessor.processInferredSuperclasses()
2015.01.08 14:42:00.158 CET INFO: Postprocess: Process orphan classes (61 classes) ...  -- TriplePostProcessor.processOrphanClses()
2015.01.08 14:42:00.158 CET INFO: 0 ms
 -- TriplePostProcessor.processOrphanClses()
2015.01.08 14:42:00.158 CET INFO: Postprocess: Generalized Concept Inclusion (0 axioms) ...  -- TriplePostProcessor.processGeneralizedConceptInclusions()
2015.01.08 14:42:00.168 CET INFO: 10 ms
 -- TriplePostProcessor.processGeneralizedConceptInclusions()
2015.01.08 14:42:00.170 CET INFO: Postprocess: Abstract classes...  -- TriplePostProcessor.processAbstractClasses()
2015.01.08 14:42:00.170 CET INFO: 0 ms
 -- TriplePostProcessor.processAbstractClasses()
2015.01.08 14:42:00.170 CET INFO: Postprocess: Domain and range of properties...  -- TriplePostProcessor.processDomainAndRange()
2015.01.08 14:42:00.180 CET INFO: 10 ms
 -- TriplePostProcessor.processDomainAndRange()
2015.01.08 14:42:00.180 CET INFO: Postprocess: Possibly typed entities (0 resources) ...  -- TriplePostProcessor.processPossiblyTypedResources()
2015.01.08 14:42:00.180 CET INFO: 0 ms
 -- TriplePostProcessor.processPossiblyTypedResources()
2015.01.08 14:42:00.180 CET INFO: Updating underlying frames model in 0 ms -- ProtegeOWLParser.doFinalPostProcessing()
2015.01.08 15:06:42.870 CET INFO: *** SYSTEM START ***
2015.01.08 15:06:43.920 CET WARNING: [Local Folder Repository] The specified file must be a directory. (D:\Ontologie_Owl\annotator\plugins\edu.stanford.smi.protegex.owl) -- LocalFolderRepository.update()
2015.01.08 15:06:43.961 CET INFO: Loading triples for: null -- ProtegeOWLParser.loadTriples()
2015.01.08 15:06:45.031 CET INFO:     Completed triple loading after 850 ms -- ProtegeOWLParser.loadTriples()
2015.01.08 15:06:45.031 CET INFO: Postprocess: Process entities with incorrect Java type (0 entities) ...  -- TriplePostProcessor.processFramesWithWrongJavaType()
2015.01.08 15:06:45.031 CET INFO: 0 ms
 -- TriplePostProcessor.processFramesWithWrongJavaType()
2015.01.08 15:06:45.031 CET INFO: Postprocess: Process metaclasses (3 metaclasses) ...  -- TriplePostProcessor.processMetaclasses()
2015.01.08 15:06:45.031 CET INFO: 0 ms
 -- TriplePostProcessor.processMetaclasses()
2015.01.08 15:06:45.031 CET INFO: Postprocess: Process subclasses of rdf:List (1 classes) ...  -- TriplePostProcessor.processSubclassesOfRdfList()
2015.01.08 15:06:45.031 CET INFO: 0 ms
 -- TriplePostProcessor.processSubclassesOfRdfList()
2015.01.08 15:06:45.031 CET INFO: Postprocess: Instances with multiple types (15 instances) ...  -- TriplePostProcessor.processInstancesWithMultipleTypes()
2015.01.08 15:06:45.041 CET INFO: 10 ms
 -- TriplePostProcessor.processInstancesWithMultipleTypes()
2015.01.08 15:06:45.041 CET INFO: Postprocess: Add inferred superclasses ...  -- TriplePostProcessor.processInferredSuperclasses()
2015.01.08 15:06:45.041 CET INFO: 0 ms
 -- TriplePostProcessor.processInferredSuperclasses()
2015.01.08 15:06:45.041 CET INFO: Postprocess: Process orphan classes (61 classes) ...  -- TriplePostProcessor.processOrphanClses()
2015.01.08 15:06:45.052 CET INFO: 11 ms
 -- TriplePostProcessor.processOrphanClses()
2015.01.08 15:06:45.052 CET INFO: Postprocess: Generalized Concept Inclusion (0 axioms) ...  -- TriplePostProcessor.processGeneralizedConceptInclusions()
2015.01.08 15:06:45.052 CET INFO: 0 ms
 -- TriplePostProcessor.processGeneralizedConceptInclusions()
2015.01.08 15:06:45.052 CET INFO: Postprocess: Abstract classes...  -- TriplePostProcessor.processAbstractClasses()
2015.01.08 15:06:45.052 CET INFO: 0 ms
 -- TriplePostProcessor.processAbstractClasses()
2015.01.08 15:06:45.052 CET INFO: Postprocess: Domain and range of properties...  -- TriplePostProcessor.processDomainAndRange()
2015.01.08 15:06:45.062 CET INFO: 10 ms
 -- TriplePostProcessor.processDomainAndRange()
2015.01.08 15:06:45.062 CET INFO: Postprocess: Possibly typed entities (0 resources) ...  -- TriplePostProcessor.processPossiblyTypedResources()
2015.01.08 15:06:45.062 CET INFO: 0 ms
 -- TriplePostProcessor.processPossiblyTypedResources()
2015.01.08 15:06:45.062 CET INFO: Updating underlying frames model in 0 ms -- ProtegeOWLParser.doFinalPostProcessing()
2015.01.08 15:27:50.998 CET INFO: *** SYSTEM START ***
2015.01.08 15:27:51.978 CET WARNING: [Local Folder Repository] The specified file must be a directory. (D:\Ontologie_Owl\annotator\plugins\edu.stanford.smi.protegex.owl) -- LocalFolderRepository.update()
2015.01.08 15:27:51.999 CET INFO: Loading triples for: null -- ProtegeOWLParser.loadTriples()
2015.01.08 15:27:53.009 CET INFO:     Completed triple loading after 800 ms -- ProtegeOWLParser.loadTriples()
2015.01.08 15:27:53.009 CET INFO: Postprocess: Process entities with incorrect Java type (0 entities) ...  -- TriplePostProcessor.processFramesWithWrongJavaType()
2015.01.08 15:27:53.009 CET INFO: 0 ms
 -- TriplePostProcessor.processFramesWithWrongJavaType()
2015.01.08 15:27:53.009 CET INFO: Postprocess: Process metaclasses (3 metaclasses) ...  -- TriplePostProcessor.processMetaclasses()
2015.01.08 15:27:53.019 CET INFO: 10 ms
 -- TriplePostProcessor.processMetaclasses()
2015.01.08 15:27:53.019 CET INFO: Postprocess: Process subclasses of rdf:List (1 classes) ...  -- TriplePostProcessor.processSubclassesOfRdfList()
2015.01.08 15:27:53.019 CET INFO: 0 ms
 -- TriplePostProcessor.processSubclassesOfRdfList()
2015.01.08 15:27:53.019 CET INFO: Postprocess: Instances with multiple types (15 instances) ...  -- TriplePostProcessor.processInstancesWithMultipleTypes()
2015.01.08 15:27:53.019 CET INFO: 0 ms
 -- TriplePostProcessor.processInstancesWithMultipleTypes()
2015.01.08 15:27:53.019 CET INFO: Postprocess: Add inferred superclasses ...  -- TriplePostProcessor.processInferredSuperclasses()
2015.01.08 15:27:53.019 CET INFO: 0 ms
 -- TriplePostProcessor.processInferredSuperclasses()
2015.01.08 15:27:53.019 CET INFO: Postprocess: Process orphan classes (61 classes) ...  -- TriplePostProcessor.processOrphanClses()
2015.01.08 15:27:53.029 CET INFO: 0 ms
 -- TriplePostProcessor.processOrphanClses()
2015.01.08 15:27:53.029 CET INFO: Postprocess: Generalized Concept Inclusion (0 axioms) ...  -- TriplePostProcessor.processGeneralizedConceptInclusions()
2015.01.08 15:27:53.029 CET INFO: 0 ms
 -- TriplePostProcessor.processGeneralizedConceptInclusions()
2015.01.08 15:27:53.029 CET INFO: Postprocess: Abstract classes...  -- TriplePostProcessor.processAbstractClasses()
2015.01.08 15:27:53.029 CET INFO: 0 ms
 -- TriplePostProcessor.processAbstractClasses()
2015.01.08 15:27:53.029 CET INFO: Postprocess: Domain and range of properties...  -- TriplePostProcessor.processDomainAndRange()
2015.01.08 15:27:53.040 CET INFO: 11 ms
 -- TriplePostProcessor.processDomainAndRange()
2015.01.08 15:27:53.040 CET INFO: Postprocess: Possibly typed entities (0 resources) ...  -- TriplePostProcessor.processPossiblyTypedResources()
2015.01.08 15:27:53.040 CET INFO: 0 ms
 -- TriplePostProcessor.processPossiblyTypedResources()
2015.01.08 15:27:53.040 CET INFO: Updating underlying frames model in 0 ms -- ProtegeOWLParser.doFinalPostProcessing()
2015.01.08 15:38:02.200 CET INFO: *** SYSTEM START ***
2015.01.08 15:38:03.140 CET WARNING: [Local Folder Repository] The specified file must be a directory. (D:\Ontologie_Owl\annotator\plugins\edu.stanford.smi.protegex.owl) -- LocalFolderRepository.update()
2015.01.08 15:38:03.171 CET INFO: Loading triples for: null -- ProtegeOWLParser.loadTriples()
2015.01.08 15:38:04.021 CET INFO:     Completed triple loading after 680 ms -- ProtegeOWLParser.loadTriples()
2015.01.08 15:38:04.021 CET INFO: Postprocess: Process entities with incorrect Java type (0 entities) ...  -- TriplePostProcessor.processFramesWithWrongJavaType()
2015.01.08 15:38:04.021 CET INFO: 0 ms
 -- TriplePostProcessor.processFramesWithWrongJavaType()
2015.01.08 15:38:04.021 CET INFO: Postprocess: Process metaclasses (3 metaclasses) ...  -- TriplePostProcessor.processMetaclasses()
2015.01.08 15:38:04.021 CET INFO: 0 ms
 -- TriplePostProcessor.processMetaclasses()
2015.01.08 15:38:04.021 CET INFO: Postprocess: Process subclasses of rdf:List (1 classes) ...  -- TriplePostProcessor.processSubclassesOfRdfList()
2015.01.08 15:38:04.021 CET INFO: 0 ms
 -- TriplePostProcessor.processSubclassesOfRdfList()
2015.01.08 15:38:04.021 CET INFO: Postprocess: Instances with multiple types (15 instances) ...  -- TriplePostProcessor.processInstancesWithMultipleTypes()
2015.01.08 15:38:04.031 CET INFO: 10 ms
 -- TriplePostProcessor.processInstancesWithMultipleTypes()
2015.01.08 15:38:04.031 CET INFO: Postprocess: Add inferred superclasses ...  -- TriplePostProcessor.processInferredSuperclasses()
2015.01.08 15:38:04.031 CET INFO: 0 ms
 -- TriplePostProcessor.processInferredSuperclasses()
2015.01.08 15:38:04.031 CET INFO: Postprocess: Process orphan classes (61 classes) ...  -- TriplePostProcessor.processOrphanClses()
2015.01.08 15:38:04.031 CET INFO: 0 ms
 -- TriplePostProcessor.processOrphanClses()
2015.01.08 15:38:04.031 CET INFO: Postprocess: Generalized Concept Inclusion (0 axioms) ...  -- TriplePostProcessor.processGeneralizedConceptInclusions()
2015.01.08 15:38:04.041 CET INFO: 10 ms
 -- TriplePostProcessor.processGeneralizedConceptInclusions()
2015.01.08 15:38:04.041 CET INFO: Postprocess: Abstract classes...  -- TriplePostProcessor.processAbstractClasses()
2015.01.08 15:38:04.041 CET INFO: 0 ms
 -- TriplePostProcessor.processAbstractClasses()
2015.01.08 15:38:04.041 CET INFO: Postprocess: Domain and range of properties...  -- TriplePostProcessor.processDomainAndRange()
2015.01.08 15:38:04.051 CET INFO: 10 ms
 -- TriplePostProcessor.processDomainAndRange()
2015.01.08 15:38:04.051 CET INFO: Postprocess: Possibly typed entities (0 resources) ...  -- TriplePostProcessor.processPossiblyTypedResources()
2015.01.08 15:38:04.051 CET INFO: 0 ms
 -- TriplePostProcessor.processPossiblyTypedResources()
2015.01.08 15:38:04.051 CET INFO: Updating underlying frames model in 0 ms -- ProtegeOWLParser.doFinalPostProcessing()
2015.01.08 16:25:06.998 CET INFO: *** SYSTEM START ***
2015.01.08 16:25:08.043 CET WARNING: [Local Folder Repository] The specified file must be a directory. (D:\Ontologie_Owl\annotator\plugins\edu.stanford.smi.protegex.owl) -- LocalFolderRepository.update()
2015.01.08 16:25:08.075 CET INFO: Loading triples for: null -- ProtegeOWLParser.loadTriples()
2015.01.08 16:25:09.089 CET INFO:     Completed triple loading after 827 ms -- ProtegeOWLParser.loadTriples()
2015.01.08 16:25:09.089 CET INFO: Postprocess: Process entities with incorrect Java type (0 entities) ...  -- TriplePostProcessor.processFramesWithWrongJavaType()
2015.01.08 16:25:09.089 CET INFO: 0 ms
 -- TriplePostProcessor.processFramesWithWrongJavaType()
2015.01.08 16:25:09.089 CET INFO: Postprocess: Process metaclasses (3 metaclasses) ...  -- TriplePostProcessor.processMetaclasses()
2015.01.08 16:25:09.089 CET INFO: 0 ms
 -- TriplePostProcessor.processMetaclasses()
2015.01.08 16:25:09.089 CET INFO: Postprocess: Process subclasses of rdf:List (1 classes) ...  -- TriplePostProcessor.processSubclassesOfRdfList()
2015.01.08 16:25:09.089 CET INFO: 0 ms
 -- TriplePostProcessor.processSubclassesOfRdfList()
2015.01.08 16:25:09.089 CET INFO: Postprocess: Instances with multiple types (15 instances) ...  -- TriplePostProcessor.processInstancesWithMultipleTypes()
2015.01.08 16:25:09.105 CET INFO: 16 ms
 -- TriplePostProcessor.processInstancesWithMultipleTypes()
2015.01.08 16:25:09.105 CET INFO: Postprocess: Add inferred superclasses ...  -- TriplePostProcessor.processInferredSuperclasses()
2015.01.08 16:25:09.105 CET INFO: 0 ms
 -- TriplePostProcessor.processInferredSuperclasses()
2015.01.08 16:25:09.105 CET INFO: Postprocess: Process orphan classes (61 classes) ...  -- TriplePostProcessor.processOrphanClses()
2015.01.08 16:25:09.105 CET INFO: 0 ms
 -- TriplePostProcessor.processOrphanClses()
2015.01.08 16:25:09.105 CET INFO: Postprocess: Generalized Concept Inclusion (0 axioms) ...  -- TriplePostProcessor.processGeneralizedConceptInclusions()
2015.01.08 16:25:09.105 CET INFO: 0 ms
 -- TriplePostProcessor.processGeneralizedConceptInclusions()
2015.01.08 16:25:09.120 CET INFO: Postprocess: Abstract classes...  -- TriplePostProcessor.processAbstractClasses()
2015.01.08 16:25:09.120 CET INFO: 0 ms
 -- TriplePostProcessor.processAbstractClasses()
2015.01.08 16:25:09.120 CET INFO: Postprocess: Domain and range of properties...  -- TriplePostProcessor.processDomainAndRange()
2015.01.08 16:25:09.120 CET INFO: 0 ms
 -- TriplePostProcessor.processDomainAndRange()
2015.01.08 16:25:09.120 CET INFO: Postprocess: Possibly typed entities (0 resources) ...  -- TriplePostProcessor.processPossiblyTypedResources()
2015.01.08 16:25:09.120 CET INFO: 0 ms
 -- TriplePostProcessor.processPossiblyTypedResources()
2015.01.08 16:25:09.120 CET INFO: Updating underlying frames model in 0 ms -- ProtegeOWLParser.doFinalPostProcessing()
2015.01.08 16:26:21.820 CET INFO: *** SYSTEM START ***
2015.01.08 16:26:22.803 CET WARNING: [Local Folder Repository] The specified file must be a directory. (D:\Ontologie_Owl\annotator\plugins\edu.stanford.smi.protegex.owl) -- LocalFolderRepository.update()
2015.01.08 16:26:22.835 CET INFO: Loading triples for: null -- ProtegeOWLParser.loadTriples()
2015.01.08 16:26:23.865 CET INFO:     Completed triple loading after 827 ms -- ProtegeOWLParser.loadTriples()
2015.01.08 16:26:23.881 CET INFO: Postprocess: Process entities with incorrect Java type (0 entities) ...  -- TriplePostProcessor.processFramesWithWrongJavaType()
2015.01.08 16:26:23.881 CET INFO: 0 ms
 -- TriplePostProcessor.processFramesWithWrongJavaType()
2015.01.08 16:26:23.881 CET INFO: Postprocess: Process metaclasses (3 metaclasses) ...  -- TriplePostProcessor.processMetaclasses()
2015.01.08 16:26:23.881 CET INFO: 0 ms
 -- TriplePostProcessor.processMetaclasses()
2015.01.08 16:26:23.881 CET INFO: Postprocess: Process subclasses of rdf:List (1 classes) ...  -- TriplePostProcessor.processSubclassesOfRdfList()
2015.01.08 16:26:23.881 CET INFO: 0 ms
 -- TriplePostProcessor.processSubclassesOfRdfList()
2015.01.08 16:26:23.881 CET INFO: Postprocess: Instances with multiple types (15 instances) ...  -- TriplePostProcessor.processInstancesWithMultipleTypes()
2015.01.08 16:26:23.881 CET INFO: 0 ms
 -- TriplePostProcessor.processInstancesWithMultipleTypes()
2015.01.08 16:26:23.881 CET INFO: Postprocess: Add inferred superclasses ...  -- TriplePostProcessor.processInferredSuperclasses()
2015.01.08 16:26:23.881 CET INFO: 0 ms
 -- TriplePostProcessor.processInferredSuperclasses()
2015.01.08 16:26:23.881 CET INFO: Postprocess: Process orphan classes (61 classes) ...  -- TriplePostProcessor.processOrphanClses()
2015.01.08 16:26:23.898 CET INFO: 17 ms
 -- TriplePostProcessor.processOrphanClses()
2015.01.08 16:26:23.898 CET INFO: Postprocess: Generalized Concept Inclusion (0 axioms) ...  -- TriplePostProcessor.processGeneralizedConceptInclusions()
2015.01.08 16:26:23.898 CET INFO: 0 ms
 -- TriplePostProcessor.processGeneralizedConceptInclusions()
2015.01.08 16:26:23.898 CET INFO: Postprocess: Abstract classes...  -- TriplePostProcessor.processAbstractClasses()
2015.01.08 16:26:23.898 CET INFO: 0 ms
 -- TriplePostProcessor.processAbstractClasses()
2015.01.08 16:26:23.898 CET INFO: Postprocess: Domain and range of properties...  -- TriplePostProcessor.processDomainAndRange()
2015.01.08 16:26:23.914 CET INFO: 16 ms
 -- TriplePostProcessor.processDomainAndRange()
2015.01.08 16:26:23.914 CET INFO: Postprocess: Possibly typed entities (0 resources) ...  -- TriplePostProcessor.processPossiblyTypedResources()
2015.01.08 16:26:23.914 CET INFO: 0 ms
 -- TriplePostProcessor.processPossiblyTypedResources()
2015.01.08 16:26:23.914 CET INFO: Updating underlying frames model in 0 ms -- ProtegeOWLParser.doFinalPostProcessing()
