2015.01.14 13:51:31.595 CET INFO: *** SYSTEM START ***
2015.01.14 13:51:32.505 CET WARNING: [Local Folder Repository] The specified file must be a directory. (D:\Ontologie_Owl\annotator\plugins\edu.stanford.smi.protegex.owl) -- LocalFolderRepository.update()
2015.01.14 13:51:32.536 CET INFO: Loading triples for: null -- ProtegeOWLParser.loadTriples()
2015.01.14 13:51:33.576 CET INFO:     Completed triple loading after 830 ms -- ProtegeOWLParser.loadTriples()
2015.01.14 13:51:33.586 CET INFO: Postprocess: Process entities with incorrect Java type (0 entities) ...  -- TriplePostProcessor.processFramesWithWrongJavaType()
2015.01.14 13:51:33.586 CET INFO: 0 ms
 -- TriplePostProcessor.processFramesWithWrongJavaType()
2015.01.14 13:51:33.586 CET INFO: Postprocess: Process metaclasses (3 metaclasses) ...  -- TriplePostProcessor.processMetaclasses()
2015.01.14 13:51:33.586 CET INFO: 0 ms
 -- TriplePostProcessor.processMetaclasses()
2015.01.14 13:51:33.586 CET INFO: Postprocess: Process subclasses of rdf:List (1 classes) ...  -- TriplePostProcessor.processSubclassesOfRdfList()
2015.01.14 13:51:33.586 CET INFO: 0 ms
 -- TriplePostProcessor.processSubclassesOfRdfList()
2015.01.14 13:51:33.586 CET INFO: Postprocess: Instances with multiple types (15 instances) ...  -- TriplePostProcessor.processInstancesWithMultipleTypes()
2015.01.14 13:51:33.596 CET INFO: 10 ms
 -- TriplePostProcessor.processInstancesWithMultipleTypes()
2015.01.14 13:51:33.596 CET INFO: Postprocess: Add inferred superclasses ...  -- TriplePostProcessor.processInferredSuperclasses()
2015.01.14 13:51:33.596 CET INFO: 0 ms
 -- TriplePostProcessor.processInferredSuperclasses()
2015.01.14 13:51:33.596 CET INFO: Postprocess: Process orphan classes (61 classes) ...  -- TriplePostProcessor.processOrphanClses()
2015.01.14 13:51:33.606 CET INFO: 10 ms
 -- TriplePostProcessor.processOrphanClses()
2015.01.14 13:51:33.606 CET INFO: Postprocess: Generalized Concept Inclusion (0 axioms) ...  -- TriplePostProcessor.processGeneralizedConceptInclusions()
2015.01.14 13:51:33.609 CET INFO: 2 ms
 -- TriplePostProcessor.processGeneralizedConceptInclusions()
2015.01.14 13:51:33.611 CET INFO: Postprocess: Abstract classes...  -- TriplePostProcessor.processAbstractClasses()
2015.01.14 13:51:33.612 CET INFO: 0 ms
 -- TriplePostProcessor.processAbstractClasses()
2015.01.14 13:51:33.612 CET INFO: Postprocess: Domain and range of properties...  -- TriplePostProcessor.processDomainAndRange()
2015.01.14 13:51:33.623 CET INFO: 10 ms
 -- TriplePostProcessor.processDomainAndRange()
2015.01.14 13:51:33.623 CET INFO: Postprocess: Possibly typed entities (0 resources) ...  -- TriplePostProcessor.processPossiblyTypedResources()
2015.01.14 13:51:33.623 CET INFO: 0 ms
 -- TriplePostProcessor.processPossiblyTypedResources()
2015.01.14 13:51:33.623 CET INFO: Updating underlying frames model in 0 ms -- ProtegeOWLParser.doFinalPostProcessing()
