2015.02.18 14:31:01.855 CET INFO: *** SYSTEM START ***
2015.02.18 14:31:02.765 CET WARNING: [Local Folder Repository] The specified file must be a directory. (D:\svn\semantic\java\Ontologie_Owl\annotator\plugins\edu.stanford.smi.protegex.owl) -- LocalFolderRepository.update()
2015.02.18 14:31:02.796 CET INFO: Loading triples for: null -- ProtegeOWLParser.loadTriples()
2015.02.18 14:31:03.578 CET INFO:     Completed triple loading after 692 ms -- ProtegeOWLParser.loadTriples()
2015.02.18 14:31:03.578 CET INFO: Postprocess: Process entities with incorrect Java type (0 entities) ...  -- TriplePostProcessor.processFramesWithWrongJavaType()
2015.02.18 14:31:03.578 CET INFO: 0 ms
 -- TriplePostProcessor.processFramesWithWrongJavaType()
2015.02.18 14:31:03.578 CET INFO: Postprocess: Process metaclasses (3 metaclasses) ...  -- TriplePostProcessor.processMetaclasses()
2015.02.18 14:31:03.578 CET INFO: 0 ms
 -- TriplePostProcessor.processMetaclasses()
2015.02.18 14:31:03.578 CET INFO: Postprocess: Process subclasses of rdf:List (1 classes) ...  -- TriplePostProcessor.processSubclassesOfRdfList()
2015.02.18 14:31:03.578 CET INFO: 0 ms
 -- TriplePostProcessor.processSubclassesOfRdfList()
2015.02.18 14:31:03.578 CET INFO: Postprocess: Instances with multiple types (12 instances) ...  -- TriplePostProcessor.processInstancesWithMultipleTypes()
2015.02.18 14:31:03.578 CET INFO: 0 ms
 -- TriplePostProcessor.processInstancesWithMultipleTypes()
2015.02.18 14:31:03.578 CET INFO: Postprocess: Add inferred superclasses ...  -- TriplePostProcessor.processInferredSuperclasses()
2015.02.18 14:31:03.578 CET INFO: 0 ms
 -- TriplePostProcessor.processInferredSuperclasses()
2015.02.18 14:31:03.588 CET INFO: Postprocess: Process orphan classes (63 classes) ...  -- TriplePostProcessor.processOrphanClses()
2015.02.18 14:31:03.588 CET INFO: 0 ms
 -- TriplePostProcessor.processOrphanClses()
2015.02.18 14:31:03.588 CET INFO: Postprocess: Generalized Concept Inclusion (0 axioms) ...  -- TriplePostProcessor.processGeneralizedConceptInclusions()
2015.02.18 14:31:03.588 CET INFO: 0 ms
 -- TriplePostProcessor.processGeneralizedConceptInclusions()
2015.02.18 14:31:03.588 CET INFO: Postprocess: Abstract classes...  -- TriplePostProcessor.processAbstractClasses()
2015.02.18 14:31:03.588 CET INFO: 0 ms
 -- TriplePostProcessor.processAbstractClasses()
2015.02.18 14:31:03.588 CET INFO: Postprocess: Domain and range of properties...  -- TriplePostProcessor.processDomainAndRange()
2015.02.18 14:31:03.598 CET INFO: 10 ms
 -- TriplePostProcessor.processDomainAndRange()
2015.02.18 14:31:03.598 CET INFO: Postprocess: Possibly typed entities (0 resources) ...  -- TriplePostProcessor.processPossiblyTypedResources()
2015.02.18 14:31:03.598 CET INFO: 0 ms
 -- TriplePostProcessor.processPossiblyTypedResources()
2015.02.18 14:31:03.598 CET INFO: Updating underlying frames model in 0 ms -- ProtegeOWLParser.doFinalPostProcessing()
2015.02.18 14:44:28.677 CET INFO: *** SYSTEM START ***
2015.02.18 14:44:29.577 CET WARNING: [Local Folder Repository] The specified file must be a directory. (D:\svn\semantic\java\Ontologie_Owl\annotator\plugins\edu.stanford.smi.protegex.owl) -- LocalFolderRepository.update()
2015.02.18 14:44:29.608 CET INFO: Loading triples for: null -- ProtegeOWLParser.loadTriples()
2015.02.18 14:44:30.380 CET INFO:     Completed triple loading after 682 ms -- ProtegeOWLParser.loadTriples()
2015.02.18 14:44:30.380 CET INFO: Postprocess: Process entities with incorrect Java type (0 entities) ...  -- TriplePostProcessor.processFramesWithWrongJavaType()
2015.02.18 14:44:30.380 CET INFO: 0 ms
 -- TriplePostProcessor.processFramesWithWrongJavaType()
2015.02.18 14:44:30.380 CET INFO: Postprocess: Process metaclasses (3 metaclasses) ...  -- TriplePostProcessor.processMetaclasses()
2015.02.18 14:44:30.380 CET INFO: 0 ms
 -- TriplePostProcessor.processMetaclasses()
2015.02.18 14:44:30.380 CET INFO: Postprocess: Process subclasses of rdf:List (1 classes) ...  -- TriplePostProcessor.processSubclassesOfRdfList()
2015.02.18 14:44:30.380 CET INFO: 0 ms
 -- TriplePostProcessor.processSubclassesOfRdfList()
2015.02.18 14:44:30.380 CET INFO: Postprocess: Instances with multiple types (12 instances) ...  -- TriplePostProcessor.processInstancesWithMultipleTypes()
2015.02.18 14:44:30.380 CET INFO: 0 ms
 -- TriplePostProcessor.processInstancesWithMultipleTypes()
2015.02.18 14:44:30.380 CET INFO: Postprocess: Add inferred superclasses ...  -- TriplePostProcessor.processInferredSuperclasses()
2015.02.18 14:44:30.380 CET INFO: 0 ms
 -- TriplePostProcessor.processInferredSuperclasses()
2015.02.18 14:44:30.390 CET INFO: Postprocess: Process orphan classes (63 classes) ...  -- TriplePostProcessor.processOrphanClses()
2015.02.18 14:44:30.390 CET INFO: 0 ms
 -- TriplePostProcessor.processOrphanClses()
2015.02.18 14:44:30.390 CET INFO: Postprocess: Generalized Concept Inclusion (0 axioms) ...  -- TriplePostProcessor.processGeneralizedConceptInclusions()
2015.02.18 14:44:30.390 CET INFO: 0 ms
 -- TriplePostProcessor.processGeneralizedConceptInclusions()
2015.02.18 14:44:30.390 CET INFO: Postprocess: Abstract classes...  -- TriplePostProcessor.processAbstractClasses()
2015.02.18 14:44:30.390 CET INFO: 0 ms
 -- TriplePostProcessor.processAbstractClasses()
2015.02.18 14:44:30.390 CET INFO: Postprocess: Domain and range of properties...  -- TriplePostProcessor.processDomainAndRange()
2015.02.18 14:44:30.400 CET INFO: 10 ms
 -- TriplePostProcessor.processDomainAndRange()
2015.02.18 14:44:30.400 CET INFO: Postprocess: Possibly typed entities (0 resources) ...  -- TriplePostProcessor.processPossiblyTypedResources()
2015.02.18 14:44:30.400 CET INFO: 0 ms
 -- TriplePostProcessor.processPossiblyTypedResources()
2015.02.18 14:44:30.400 CET INFO: Updating underlying frames model in 0 ms -- ProtegeOWLParser.doFinalPostProcessing()
2015.02.18 15:57:17.205 CET INFO: *** SYSTEM START ***
2015.02.18 15:57:18.253 CET WARNING: [Local Folder Repository] The specified file must be a directory. (D:\svn\semantic\java\Ontologie_Owl\annotator\plugins\edu.stanford.smi.protegex.owl) -- LocalFolderRepository.update()
2015.02.18 15:57:18.288 CET INFO: Loading triples for: null -- ProtegeOWLParser.loadTriples()
2015.02.18 15:57:19.255 CET INFO:     Completed triple loading after 847 ms -- ProtegeOWLParser.loadTriples()
2015.02.18 15:57:19.259 CET INFO: Postprocess: Process entities with incorrect Java type (0 entities) ...  -- TriplePostProcessor.processFramesWithWrongJavaType()
2015.02.18 15:57:19.260 CET INFO: 1 ms
 -- TriplePostProcessor.processFramesWithWrongJavaType()
2015.02.18 15:57:19.260 CET INFO: Postprocess: Process metaclasses (3 metaclasses) ...  -- TriplePostProcessor.processMetaclasses()
2015.02.18 15:57:19.261 CET INFO: 1 ms
 -- TriplePostProcessor.processMetaclasses()
2015.02.18 15:57:19.261 CET INFO: Postprocess: Process subclasses of rdf:List (1 classes) ...  -- TriplePostProcessor.processSubclassesOfRdfList()
2015.02.18 15:57:19.261 CET INFO: 0 ms
 -- TriplePostProcessor.processSubclassesOfRdfList()
2015.02.18 15:57:19.261 CET INFO: Postprocess: Instances with multiple types (12 instances) ...  -- TriplePostProcessor.processInstancesWithMultipleTypes()
2015.02.18 15:57:19.261 CET INFO: 0 ms
 -- TriplePostProcessor.processInstancesWithMultipleTypes()
2015.02.18 15:57:19.261 CET INFO: Postprocess: Add inferred superclasses ...  -- TriplePostProcessor.processInferredSuperclasses()
2015.02.18 15:57:19.261 CET INFO: 0 ms
 -- TriplePostProcessor.processInferredSuperclasses()
2015.02.18 15:57:19.261 CET INFO: Postprocess: Process orphan classes (63 classes) ...  -- TriplePostProcessor.processOrphanClses()
2015.02.18 15:57:19.271 CET INFO: 10 ms
 -- TriplePostProcessor.processOrphanClses()
2015.02.18 15:57:19.271 CET INFO: Postprocess: Generalized Concept Inclusion (0 axioms) ...  -- TriplePostProcessor.processGeneralizedConceptInclusions()
2015.02.18 15:57:19.271 CET INFO: 0 ms
 -- TriplePostProcessor.processGeneralizedConceptInclusions()
2015.02.18 15:57:19.271 CET INFO: Postprocess: Abstract classes...  -- TriplePostProcessor.processAbstractClasses()
2015.02.18 15:57:19.271 CET INFO: 0 ms
 -- TriplePostProcessor.processAbstractClasses()
2015.02.18 15:57:19.271 CET INFO: Postprocess: Domain and range of properties...  -- TriplePostProcessor.processDomainAndRange()
2015.02.18 15:57:19.281 CET INFO: 10 ms
 -- TriplePostProcessor.processDomainAndRange()
2015.02.18 15:57:19.281 CET INFO: Postprocess: Possibly typed entities (0 resources) ...  -- TriplePostProcessor.processPossiblyTypedResources()
2015.02.18 15:57:19.281 CET INFO: 0 ms
 -- TriplePostProcessor.processPossiblyTypedResources()
2015.02.18 15:57:19.281 CET INFO: Updating underlying frames model in 0 ms -- ProtegeOWLParser.doFinalPostProcessing()
2015.02.19 10:30:24.289 CET INFO: *** SYSTEM START ***
2015.02.19 10:30:25.209 CET WARNING: [Local Folder Repository] The specified file must be a directory. (D:\svn\semantic\java\Ontologie_Owl\annotator\plugins\edu.stanford.smi.protegex.owl) -- LocalFolderRepository.update()
2015.02.19 10:30:25.240 CET INFO: Loading triples for: null -- ProtegeOWLParser.loadTriples()
2015.02.19 10:30:26.072 CET INFO:     Completed triple loading after 732 ms -- ProtegeOWLParser.loadTriples()
2015.02.19 10:30:26.072 CET INFO: Postprocess: Process entities with incorrect Java type (0 entities) ...  -- TriplePostProcessor.processFramesWithWrongJavaType()
2015.02.19 10:30:26.072 CET INFO: 0 ms
 -- TriplePostProcessor.processFramesWithWrongJavaType()
2015.02.19 10:30:26.072 CET INFO: Postprocess: Process metaclasses (3 metaclasses) ...  -- TriplePostProcessor.processMetaclasses()
2015.02.19 10:30:26.072 CET INFO: 0 ms
 -- TriplePostProcessor.processMetaclasses()
2015.02.19 10:30:26.072 CET INFO: Postprocess: Process subclasses of rdf:List (1 classes) ...  -- TriplePostProcessor.processSubclassesOfRdfList()
2015.02.19 10:30:26.072 CET INFO: 0 ms
 -- TriplePostProcessor.processSubclassesOfRdfList()
2015.02.19 10:30:26.082 CET INFO: Postprocess: Instances with multiple types (12 instances) ...  -- TriplePostProcessor.processInstancesWithMultipleTypes()
2015.02.19 10:30:26.082 CET INFO: 0 ms
 -- TriplePostProcessor.processInstancesWithMultipleTypes()
2015.02.19 10:30:26.082 CET INFO: Postprocess: Add inferred superclasses ...  -- TriplePostProcessor.processInferredSuperclasses()
2015.02.19 10:30:26.082 CET INFO: 0 ms
 -- TriplePostProcessor.processInferredSuperclasses()
2015.02.19 10:30:26.082 CET INFO: Postprocess: Process orphan classes (63 classes) ...  -- TriplePostProcessor.processOrphanClses()
2015.02.19 10:30:26.092 CET INFO: 10 ms
 -- TriplePostProcessor.processOrphanClses()
2015.02.19 10:30:26.092 CET INFO: Postprocess: Generalized Concept Inclusion (0 axioms) ...  -- TriplePostProcessor.processGeneralizedConceptInclusions()
2015.02.19 10:30:26.092 CET INFO: 0 ms
 -- TriplePostProcessor.processGeneralizedConceptInclusions()
2015.02.19 10:30:26.092 CET INFO: Postprocess: Abstract classes...  -- TriplePostProcessor.processAbstractClasses()
2015.02.19 10:30:26.092 CET INFO: 0 ms
 -- TriplePostProcessor.processAbstractClasses()
2015.02.19 10:30:26.092 CET INFO: Postprocess: Domain and range of properties...  -- TriplePostProcessor.processDomainAndRange()
2015.02.19 10:30:26.102 CET INFO: 10 ms
 -- TriplePostProcessor.processDomainAndRange()
2015.02.19 10:30:26.102 CET INFO: Postprocess: Possibly typed entities (0 resources) ...  -- TriplePostProcessor.processPossiblyTypedResources()
2015.02.19 10:30:26.102 CET INFO: 0 ms
 -- TriplePostProcessor.processPossiblyTypedResources()
2015.02.19 10:30:26.102 CET INFO: Updating underlying frames model in 0 ms -- ProtegeOWLParser.doFinalPostProcessing()
2015.02.19 15:42:44.560 CET INFO: *** SYSTEM START ***
2015.02.19 15:42:45.621 CET WARNING: [Local Folder Repository] The specified file must be a directory. (D:\svn\semantic\java\Ontologie_Owl\annotator\plugins\edu.stanford.smi.protegex.owl) -- LocalFolderRepository.update()
2015.02.19 15:42:45.656 CET INFO: Loading triples for: null -- ProtegeOWLParser.loadTriples()
2015.02.19 15:42:46.556 CET INFO:     Completed triple loading after 790 ms -- ProtegeOWLParser.loadTriples()
2015.02.19 15:42:46.556 CET INFO: Postprocess: Process entities with incorrect Java type (0 entities) ...  -- TriplePostProcessor.processFramesWithWrongJavaType()
2015.02.19 15:42:46.566 CET INFO: 0 ms
 -- TriplePostProcessor.processFramesWithWrongJavaType()
2015.02.19 15:42:46.566 CET INFO: Postprocess: Process metaclasses (3 metaclasses) ...  -- TriplePostProcessor.processMetaclasses()
2015.02.19 15:42:46.566 CET INFO: 0 ms
 -- TriplePostProcessor.processMetaclasses()
2015.02.19 15:42:46.566 CET INFO: Postprocess: Process subclasses of rdf:List (1 classes) ...  -- TriplePostProcessor.processSubclassesOfRdfList()
2015.02.19 15:42:46.566 CET INFO: 0 ms
 -- TriplePostProcessor.processSubclassesOfRdfList()
2015.02.19 15:42:46.566 CET INFO: Postprocess: Instances with multiple types (12 instances) ...  -- TriplePostProcessor.processInstancesWithMultipleTypes()
2015.02.19 15:42:46.566 CET INFO: 0 ms
 -- TriplePostProcessor.processInstancesWithMultipleTypes()
2015.02.19 15:42:46.566 CET INFO: Postprocess: Add inferred superclasses ...  -- TriplePostProcessor.processInferredSuperclasses()
2015.02.19 15:42:46.566 CET INFO: 0 ms
 -- TriplePostProcessor.processInferredSuperclasses()
2015.02.19 15:42:46.566 CET INFO: Postprocess: Process orphan classes (63 classes) ...  -- TriplePostProcessor.processOrphanClses()
2015.02.19 15:42:46.576 CET INFO: 10 ms
 -- TriplePostProcessor.processOrphanClses()
2015.02.19 15:42:46.576 CET INFO: Postprocess: Generalized Concept Inclusion (0 axioms) ...  -- TriplePostProcessor.processGeneralizedConceptInclusions()
2015.02.19 15:42:46.576 CET INFO: 0 ms
 -- TriplePostProcessor.processGeneralizedConceptInclusions()
2015.02.19 15:42:46.576 CET INFO: Postprocess: Abstract classes...  -- TriplePostProcessor.processAbstractClasses()
2015.02.19 15:42:46.576 CET INFO: 0 ms
 -- TriplePostProcessor.processAbstractClasses()
2015.02.19 15:42:46.576 CET INFO: Postprocess: Domain and range of properties...  -- TriplePostProcessor.processDomainAndRange()
2015.02.19 15:42:46.586 CET INFO: 10 ms
 -- TriplePostProcessor.processDomainAndRange()
2015.02.19 15:42:46.586 CET INFO: Postprocess: Possibly typed entities (0 resources) ...  -- TriplePostProcessor.processPossiblyTypedResources()
2015.02.19 15:42:46.586 CET INFO: 0 ms
 -- TriplePostProcessor.processPossiblyTypedResources()
2015.02.19 15:42:46.586 CET INFO: Updating underlying frames model in 0 ms -- ProtegeOWLParser.doFinalPostProcessing()
2015.02.20 11:27:01.107 CET INFO: *** SYSTEM START ***
2015.02.20 11:27:02.037 CET WARNING: [Local Folder Repository] The specified file must be a directory. (D:\svn\semantic\java\Ontologie_Owl\annotator\plugins\edu.stanford.smi.protegex.owl) -- LocalFolderRepository.update()
2015.02.20 11:27:02.068 CET INFO: Loading triples for: null -- ProtegeOWLParser.loadTriples()
2015.02.20 11:27:02.858 CET INFO:     Completed triple loading after 700 ms -- ProtegeOWLParser.loadTriples()
2015.02.20 11:27:02.858 CET INFO: Postprocess: Process entities with incorrect Java type (0 entities) ...  -- TriplePostProcessor.processFramesWithWrongJavaType()
2015.02.20 11:27:02.868 CET INFO: 0 ms
 -- TriplePostProcessor.processFramesWithWrongJavaType()
2015.02.20 11:27:02.868 CET INFO: Postprocess: Process metaclasses (3 metaclasses) ...  -- TriplePostProcessor.processMetaclasses()
2015.02.20 11:27:02.868 CET INFO: 0 ms
 -- TriplePostProcessor.processMetaclasses()
2015.02.20 11:27:02.868 CET INFO: Postprocess: Process subclasses of rdf:List (1 classes) ...  -- TriplePostProcessor.processSubclassesOfRdfList()
2015.02.20 11:27:02.868 CET INFO: 0 ms
 -- TriplePostProcessor.processSubclassesOfRdfList()
2015.02.20 11:27:02.868 CET INFO: Postprocess: Instances with multiple types (12 instances) ...  -- TriplePostProcessor.processInstancesWithMultipleTypes()
2015.02.20 11:27:02.868 CET INFO: 0 ms
 -- TriplePostProcessor.processInstancesWithMultipleTypes()
2015.02.20 11:27:02.868 CET INFO: Postprocess: Add inferred superclasses ...  -- TriplePostProcessor.processInferredSuperclasses()
2015.02.20 11:27:02.868 CET INFO: 0 ms
 -- TriplePostProcessor.processInferredSuperclasses()
2015.02.20 11:27:02.868 CET INFO: Postprocess: Process orphan classes (63 classes) ...  -- TriplePostProcessor.processOrphanClses()
2015.02.20 11:27:02.868 CET INFO: 0 ms
 -- TriplePostProcessor.processOrphanClses()
2015.02.20 11:27:02.868 CET INFO: Postprocess: Generalized Concept Inclusion (0 axioms) ...  -- TriplePostProcessor.processGeneralizedConceptInclusions()
2015.02.20 11:27:02.878 CET INFO: 10 ms
 -- TriplePostProcessor.processGeneralizedConceptInclusions()
2015.02.20 11:27:02.878 CET INFO: Postprocess: Abstract classes...  -- TriplePostProcessor.processAbstractClasses()
2015.02.20 11:27:02.878 CET INFO: 0 ms
 -- TriplePostProcessor.processAbstractClasses()
2015.02.20 11:27:02.878 CET INFO: Postprocess: Domain and range of properties...  -- TriplePostProcessor.processDomainAndRange()
2015.02.20 11:27:02.878 CET INFO: 0 ms
 -- TriplePostProcessor.processDomainAndRange()
2015.02.20 11:27:02.878 CET INFO: Postprocess: Possibly typed entities (0 resources) ...  -- TriplePostProcessor.processPossiblyTypedResources()
2015.02.20 11:27:02.888 CET INFO: 0 ms
 -- TriplePostProcessor.processPossiblyTypedResources()
2015.02.20 11:27:02.888 CET INFO: Updating underlying frames model in 0 ms -- ProtegeOWLParser.doFinalPostProcessing()
