2015.02.25 15:14:56.072 CET INFO: *** SYSTEM START ***
2015.02.25 15:14:57.044 CET WARNING: [Local Folder Repository] The specified file must be a directory. (D:\svn\semantic\java\Ontologie_Owl\annotator\plugins\edu.stanford.smi.protegex.owl) -- LocalFolderRepository.update()
2015.02.25 15:14:57.075 CET INFO: Loading triples for: null -- ProtegeOWLParser.loadTriples()
2015.02.25 15:14:58.167 CET INFO:     Completed triple loading after 882 ms -- ProtegeOWLParser.loadTriples()
2015.02.25 15:14:58.177 CET INFO: Postprocess: Process entities with incorrect Java type (0 entities) ...  -- TriplePostProcessor.processFramesWithWrongJavaType()
2015.02.25 15:14:58.177 CET INFO: 0 ms
 -- TriplePostProcessor.processFramesWithWrongJavaType()
2015.02.25 15:14:58.177 CET INFO: Postprocess: Process metaclasses (3 metaclasses) ...  -- TriplePostProcessor.processMetaclasses()
2015.02.25 15:14:58.177 CET INFO: 0 ms
 -- TriplePostProcessor.processMetaclasses()
2015.02.25 15:14:58.177 CET INFO: Postprocess: Process subclasses of rdf:List (1 classes) ...  -- TriplePostProcessor.processSubclassesOfRdfList()
2015.02.25 15:14:58.177 CET INFO: 0 ms
 -- TriplePostProcessor.processSubclassesOfRdfList()
2015.02.25 15:14:58.177 CET INFO: Postprocess: Instances with multiple types (16 instances) ...  -- TriplePostProcessor.processInstancesWithMultipleTypes()
2015.02.25 15:14:58.177 CET INFO: 0 ms
 -- TriplePostProcessor.processInstancesWithMultipleTypes()
2015.02.25 15:14:58.177 CET INFO: Postprocess: Add inferred superclasses ...  -- TriplePostProcessor.processInferredSuperclasses()
2015.02.25 15:14:58.187 CET INFO: 0 ms
 -- TriplePostProcessor.processInferredSuperclasses()
2015.02.25 15:14:58.188 CET INFO: Postprocess: Process orphan classes (65 classes) ...  -- TriplePostProcessor.processOrphanClses()
2015.02.25 15:14:58.188 CET INFO: 0 ms
 -- TriplePostProcessor.processOrphanClses()
2015.02.25 15:14:58.188 CET INFO: Postprocess: Generalized Concept Inclusion (0 axioms) ...  -- TriplePostProcessor.processGeneralizedConceptInclusions()
2015.02.25 15:14:58.198 CET INFO: 10 ms
 -- TriplePostProcessor.processGeneralizedConceptInclusions()
2015.02.25 15:14:58.198 CET INFO: Postprocess: Abstract classes...  -- TriplePostProcessor.processAbstractClasses()
2015.02.25 15:14:58.198 CET INFO: 0 ms
 -- TriplePostProcessor.processAbstractClasses()
2015.02.25 15:14:58.198 CET INFO: Postprocess: Domain and range of properties...  -- TriplePostProcessor.processDomainAndRange()
2015.02.25 15:14:58.198 CET INFO: 0 ms
 -- TriplePostProcessor.processDomainAndRange()
2015.02.25 15:14:58.208 CET INFO: Postprocess: Possibly typed entities (1 resources) ...  -- TriplePostProcessor.processPossiblyTypedResources()
2015.02.25 15:14:58.208 CET INFO: 0 ms
 -- TriplePostProcessor.processPossiblyTypedResources()
2015.02.25 15:14:58.208 CET INFO: Updating underlying frames model in 0 ms -- ProtegeOWLParser.doFinalPostProcessing()
2015.02.25 15:16:31.807 CET INFO: *** SYSTEM START ***
2015.02.25 15:16:32.836 CET WARNING: [Local Folder Repository] The specified file must be a directory. (D:\svn\semantic\java\Ontologie_Owl\annotator\plugins\edu.stanford.smi.protegex.owl) -- LocalFolderRepository.update()
2015.02.25 15:16:32.868 CET INFO: Loading triples for: null -- ProtegeOWLParser.loadTriples()
2015.02.25 15:16:33.996 CET INFO:     Completed triple loading after 909 ms -- ProtegeOWLParser.loadTriples()
2015.02.25 15:16:33.996 CET INFO: Postprocess: Process entities with incorrect Java type (0 entities) ...  -- TriplePostProcessor.processFramesWithWrongJavaType()
2015.02.25 15:16:33.996 CET INFO: 0 ms
 -- TriplePostProcessor.processFramesWithWrongJavaType()
2015.02.25 15:16:33.996 CET INFO: Postprocess: Process metaclasses (3 metaclasses) ...  -- TriplePostProcessor.processMetaclasses()
2015.02.25 15:16:33.996 CET INFO: 0 ms
 -- TriplePostProcessor.processMetaclasses()
2015.02.25 15:16:33.996 CET INFO: Postprocess: Process subclasses of rdf:List (1 classes) ...  -- TriplePostProcessor.processSubclassesOfRdfList()
2015.02.25 15:16:33.996 CET INFO: 0 ms
 -- TriplePostProcessor.processSubclassesOfRdfList()
2015.02.25 15:16:33.996 CET INFO: Postprocess: Instances with multiple types (16 instances) ...  -- TriplePostProcessor.processInstancesWithMultipleTypes()
2015.02.25 15:16:33.996 CET INFO: 0 ms
 -- TriplePostProcessor.processInstancesWithMultipleTypes()
2015.02.25 15:16:33.996 CET INFO: Postprocess: Add inferred superclasses ...  -- TriplePostProcessor.processInferredSuperclasses()
2015.02.25 15:16:33.996 CET INFO: 0 ms
 -- TriplePostProcessor.processInferredSuperclasses()
2015.02.25 15:16:34.012 CET INFO: Postprocess: Process orphan classes (65 classes) ...  -- TriplePostProcessor.processOrphanClses()
2015.02.25 15:16:34.012 CET INFO: 0 ms
 -- TriplePostProcessor.processOrphanClses()
2015.02.25 15:16:34.012 CET INFO: Postprocess: Generalized Concept Inclusion (0 axioms) ...  -- TriplePostProcessor.processGeneralizedConceptInclusions()
2015.02.25 15:16:34.012 CET INFO: 0 ms
 -- TriplePostProcessor.processGeneralizedConceptInclusions()
2015.02.25 15:16:34.012 CET INFO: Postprocess: Abstract classes...  -- TriplePostProcessor.processAbstractClasses()
2015.02.25 15:16:34.012 CET INFO: 0 ms
 -- TriplePostProcessor.processAbstractClasses()
2015.02.25 15:16:34.012 CET INFO: Postprocess: Domain and range of properties...  -- TriplePostProcessor.processDomainAndRange()
2015.02.25 15:16:34.029 CET INFO: 17 ms
 -- TriplePostProcessor.processDomainAndRange()
2015.02.25 15:16:34.029 CET INFO: Postprocess: Possibly typed entities (1 resources) ...  -- TriplePostProcessor.processPossiblyTypedResources()
2015.02.25 15:16:34.029 CET INFO: 0 ms
 -- TriplePostProcessor.processPossiblyTypedResources()
2015.02.25 15:16:34.029 CET INFO: Updating underlying frames model in 0 ms -- ProtegeOWLParser.doFinalPostProcessing()
2015.02.26 11:17:53.460 CET INFO: *** SYSTEM START ***
2015.02.26 11:17:54.625 CET WARNING: [Local Folder Repository] The specified file must be a directory. (D:\svn\semantic\java\Ontologie_Owl\annotator\plugins\edu.stanford.smi.protegex.owl) -- LocalFolderRepository.update()
2015.02.26 11:17:54.659 CET INFO: Loading triples for: null -- ProtegeOWLParser.loadTriples()
2015.02.26 11:17:55.826 CET INFO:     Completed triple loading after 937 ms -- ProtegeOWLParser.loadTriples()
2015.02.26 11:17:55.830 CET INFO: Postprocess: Process entities with incorrect Java type (0 entities) ...  -- TriplePostProcessor.processFramesWithWrongJavaType()
2015.02.26 11:17:55.830 CET INFO: 0 ms
 -- TriplePostProcessor.processFramesWithWrongJavaType()
2015.02.26 11:17:55.831 CET INFO: Postprocess: Process metaclasses (3 metaclasses) ...  -- TriplePostProcessor.processMetaclasses()
2015.02.26 11:17:55.831 CET INFO: 0 ms
 -- TriplePostProcessor.processMetaclasses()
2015.02.26 11:17:55.832 CET INFO: Postprocess: Process subclasses of rdf:List (1 classes) ...  -- TriplePostProcessor.processSubclassesOfRdfList()
2015.02.26 11:17:55.833 CET INFO: 0 ms
 -- TriplePostProcessor.processSubclassesOfRdfList()
2015.02.26 11:17:55.833 CET INFO: Postprocess: Instances with multiple types (16 instances) ...  -- TriplePostProcessor.processInstancesWithMultipleTypes()
2015.02.26 11:17:55.838 CET INFO: 5 ms
 -- TriplePostProcessor.processInstancesWithMultipleTypes()
2015.02.26 11:17:55.841 CET INFO: Postprocess: Add inferred superclasses ...  -- TriplePostProcessor.processInferredSuperclasses()
2015.02.26 11:17:55.841 CET INFO: 0 ms
 -- TriplePostProcessor.processInferredSuperclasses()
2015.02.26 11:17:55.846 CET INFO: Postprocess: Process orphan classes (65 classes) ...  -- TriplePostProcessor.processOrphanClses()
2015.02.26 11:17:55.850 CET INFO: 4 ms
 -- TriplePostProcessor.processOrphanClses()
2015.02.26 11:17:55.850 CET INFO: Postprocess: Generalized Concept Inclusion (0 axioms) ...  -- TriplePostProcessor.processGeneralizedConceptInclusions()
2015.02.26 11:17:55.854 CET INFO: 3 ms
 -- TriplePostProcessor.processGeneralizedConceptInclusions()
2015.02.26 11:17:55.854 CET INFO: Postprocess: Abstract classes...  -- TriplePostProcessor.processAbstractClasses()
2015.02.26 11:17:55.855 CET INFO: 0 ms
 -- TriplePostProcessor.processAbstractClasses()
2015.02.26 11:17:55.855 CET INFO: Postprocess: Domain and range of properties...  -- TriplePostProcessor.processDomainAndRange()
2015.02.26 11:17:55.866 CET INFO: 11 ms
 -- TriplePostProcessor.processDomainAndRange()
2015.02.26 11:17:55.866 CET INFO: Postprocess: Possibly typed entities (1 resources) ...  -- TriplePostProcessor.processPossiblyTypedResources()
2015.02.26 11:17:55.867 CET INFO: 0 ms
 -- TriplePostProcessor.processPossiblyTypedResources()
2015.02.26 11:17:55.868 CET INFO: Updating underlying frames model in 1 ms -- ProtegeOWLParser.doFinalPostProcessing()
2015.02.26 11:19:19.260 CET INFO: *** SYSTEM START ***
2015.02.26 11:19:20.310 CET WARNING: [Local Folder Repository] The specified file must be a directory. (D:\svn\semantic\java\Ontologie_Owl\annotator\plugins\edu.stanford.smi.protegex.owl) -- LocalFolderRepository.update()
2015.02.26 11:19:20.341 CET INFO: Loading triples for: null -- ProtegeOWLParser.loadTriples()
2015.02.26 11:19:21.464 CET INFO:     Completed triple loading after 900 ms -- ProtegeOWLParser.loadTriples()
2015.02.26 11:19:21.464 CET INFO: Postprocess: Process entities with incorrect Java type (0 entities) ...  -- TriplePostProcessor.processFramesWithWrongJavaType()
2015.02.26 11:19:21.464 CET INFO: 0 ms
 -- TriplePostProcessor.processFramesWithWrongJavaType()
2015.02.26 11:19:21.464 CET INFO: Postprocess: Process metaclasses (3 metaclasses) ...  -- TriplePostProcessor.processMetaclasses()
2015.02.26 11:19:21.464 CET INFO: 0 ms
 -- TriplePostProcessor.processMetaclasses()
2015.02.26 11:19:21.464 CET INFO: Postprocess: Process subclasses of rdf:List (1 classes) ...  -- TriplePostProcessor.processSubclassesOfRdfList()
2015.02.26 11:19:21.464 CET INFO: 0 ms
 -- TriplePostProcessor.processSubclassesOfRdfList()
2015.02.26 11:19:21.464 CET INFO: Postprocess: Instances with multiple types (16 instances) ...  -- TriplePostProcessor.processInstancesWithMultipleTypes()
2015.02.26 11:19:21.474 CET INFO: 0 ms
 -- TriplePostProcessor.processInstancesWithMultipleTypes()
2015.02.26 11:19:21.474 CET INFO: Postprocess: Add inferred superclasses ...  -- TriplePostProcessor.processInferredSuperclasses()
2015.02.26 11:19:21.474 CET INFO: 0 ms
 -- TriplePostProcessor.processInferredSuperclasses()
2015.02.26 11:19:21.484 CET INFO: Postprocess: Process orphan classes (65 classes) ...  -- TriplePostProcessor.processOrphanClses()
2015.02.26 11:19:21.484 CET INFO: 0 ms
 -- TriplePostProcessor.processOrphanClses()
2015.02.26 11:19:21.484 CET INFO: Postprocess: Generalized Concept Inclusion (0 axioms) ...  -- TriplePostProcessor.processGeneralizedConceptInclusions()
2015.02.26 11:19:21.484 CET INFO: 0 ms
 -- TriplePostProcessor.processGeneralizedConceptInclusions()
2015.02.26 11:19:21.494 CET INFO: Postprocess: Abstract classes...  -- TriplePostProcessor.processAbstractClasses()
2015.02.26 11:19:21.494 CET INFO: 0 ms
 -- TriplePostProcessor.processAbstractClasses()
2015.02.26 11:19:21.495 CET INFO: Postprocess: Domain and range of properties...  -- TriplePostProcessor.processDomainAndRange()
2015.02.26 11:19:21.495 CET INFO: 0 ms
 -- TriplePostProcessor.processDomainAndRange()
2015.02.26 11:19:21.505 CET INFO: Postprocess: Possibly typed entities (1 resources) ...  -- TriplePostProcessor.processPossiblyTypedResources()
2015.02.26 11:19:21.505 CET INFO: 0 ms
 -- TriplePostProcessor.processPossiblyTypedResources()
2015.02.26 11:19:21.505 CET INFO: Updating underlying frames model in 0 ms -- ProtegeOWLParser.doFinalPostProcessing()
2015.02.26 11:20:17.427 CET INFO: *** SYSTEM START ***
2015.02.26 11:20:18.397 CET WARNING: [Local Folder Repository] The specified file must be a directory. (D:\svn\semantic\java\Ontologie_Owl\annotator\plugins\edu.stanford.smi.protegex.owl) -- LocalFolderRepository.update()
2015.02.26 11:20:18.428 CET INFO: Loading triples for: null -- ProtegeOWLParser.loadTriples()
2015.02.26 11:20:19.510 CET INFO:     Completed triple loading after 862 ms -- ProtegeOWLParser.loadTriples()
2015.02.26 11:20:19.510 CET INFO: Postprocess: Process entities with incorrect Java type (0 entities) ...  -- TriplePostProcessor.processFramesWithWrongJavaType()
2015.02.26 11:20:19.520 CET INFO: 0 ms
 -- TriplePostProcessor.processFramesWithWrongJavaType()
2015.02.26 11:20:19.520 CET INFO: Postprocess: Process metaclasses (3 metaclasses) ...  -- TriplePostProcessor.processMetaclasses()
2015.02.26 11:20:19.520 CET INFO: 0 ms
 -- TriplePostProcessor.processMetaclasses()
2015.02.26 11:20:19.520 CET INFO: Postprocess: Process subclasses of rdf:List (1 classes) ...  -- TriplePostProcessor.processSubclassesOfRdfList()
2015.02.26 11:20:19.520 CET INFO: 0 ms
 -- TriplePostProcessor.processSubclassesOfRdfList()
2015.02.26 11:20:19.520 CET INFO: Postprocess: Instances with multiple types (16 instances) ...  -- TriplePostProcessor.processInstancesWithMultipleTypes()
2015.02.26 11:20:19.520 CET INFO: 0 ms
 -- TriplePostProcessor.processInstancesWithMultipleTypes()
2015.02.26 11:20:19.520 CET INFO: Postprocess: Add inferred superclasses ...  -- TriplePostProcessor.processInferredSuperclasses()
2015.02.26 11:20:19.520 CET INFO: 0 ms
 -- TriplePostProcessor.processInferredSuperclasses()
2015.02.26 11:20:19.531 CET INFO: Postprocess: Process orphan classes (65 classes) ...  -- TriplePostProcessor.processOrphanClses()
2015.02.26 11:20:19.531 CET INFO: 0 ms
 -- TriplePostProcessor.processOrphanClses()
2015.02.26 11:20:19.531 CET INFO: Postprocess: Generalized Concept Inclusion (0 axioms) ...  -- TriplePostProcessor.processGeneralizedConceptInclusions()
2015.02.26 11:20:19.541 CET INFO: 10 ms
 -- TriplePostProcessor.processGeneralizedConceptInclusions()
2015.02.26 11:20:19.541 CET INFO: Postprocess: Abstract classes...  -- TriplePostProcessor.processAbstractClasses()
2015.02.26 11:20:19.541 CET INFO: 0 ms
 -- TriplePostProcessor.processAbstractClasses()
2015.02.26 11:20:19.541 CET INFO: Postprocess: Domain and range of properties...  -- TriplePostProcessor.processDomainAndRange()
2015.02.26 11:20:19.551 CET INFO: 10 ms
 -- TriplePostProcessor.processDomainAndRange()
2015.02.26 11:20:19.551 CET INFO: Postprocess: Possibly typed entities (1 resources) ...  -- TriplePostProcessor.processPossiblyTypedResources()
2015.02.26 11:20:19.551 CET INFO: 0 ms
 -- TriplePostProcessor.processPossiblyTypedResources()
2015.02.26 11:20:19.551 CET INFO: Updating underlying frames model in 0 ms -- ProtegeOWLParser.doFinalPostProcessing()
2015.02.26 11:21:20.635 CET INFO: *** SYSTEM START ***
2015.02.26 11:21:21.766 CET WARNING: [Local Folder Repository] The specified file must be a directory. (D:\svn\semantic\java\Ontologie_Owl\annotator\plugins\edu.stanford.smi.protegex.owl) -- LocalFolderRepository.update()
2015.02.26 11:21:21.796 CET INFO: Loading triples for: null -- ProtegeOWLParser.loadTriples()
2015.02.26 11:21:22.951 CET INFO:     Completed triple loading after 927 ms -- ProtegeOWLParser.loadTriples()
2015.02.26 11:21:22.956 CET INFO: Postprocess: Process entities with incorrect Java type (0 entities) ...  -- TriplePostProcessor.processFramesWithWrongJavaType()
2015.02.26 11:21:22.956 CET INFO: 0 ms
 -- TriplePostProcessor.processFramesWithWrongJavaType()
2015.02.26 11:21:22.957 CET INFO: Postprocess: Process metaclasses (3 metaclasses) ...  -- TriplePostProcessor.processMetaclasses()
2015.02.26 11:21:22.958 CET INFO: 1 ms
 -- TriplePostProcessor.processMetaclasses()
2015.02.26 11:21:22.958 CET INFO: Postprocess: Process subclasses of rdf:List (1 classes) ...  -- TriplePostProcessor.processSubclassesOfRdfList()
2015.02.26 11:21:22.958 CET INFO: 0 ms
 -- TriplePostProcessor.processSubclassesOfRdfList()
2015.02.26 11:21:22.959 CET INFO: Postprocess: Instances with multiple types (16 instances) ...  -- TriplePostProcessor.processInstancesWithMultipleTypes()
2015.02.26 11:21:22.964 CET INFO: 5 ms
 -- TriplePostProcessor.processInstancesWithMultipleTypes()
2015.02.26 11:21:22.967 CET INFO: Postprocess: Add inferred superclasses ...  -- TriplePostProcessor.processInferredSuperclasses()
2015.02.26 11:21:22.967 CET INFO: 0 ms
 -- TriplePostProcessor.processInferredSuperclasses()
2015.02.26 11:21:22.972 CET INFO: Postprocess: Process orphan classes (65 classes) ...  -- TriplePostProcessor.processOrphanClses()
2015.02.26 11:21:22.976 CET INFO: 4 ms
 -- TriplePostProcessor.processOrphanClses()
2015.02.26 11:21:22.976 CET INFO: Postprocess: Generalized Concept Inclusion (0 axioms) ...  -- TriplePostProcessor.processGeneralizedConceptInclusions()
2015.02.26 11:21:22.979 CET INFO: 2 ms
 -- TriplePostProcessor.processGeneralizedConceptInclusions()
2015.02.26 11:21:22.979 CET INFO: Postprocess: Abstract classes...  -- TriplePostProcessor.processAbstractClasses()
2015.02.26 11:21:22.980 CET INFO: 0 ms
 -- TriplePostProcessor.processAbstractClasses()
2015.02.26 11:21:22.980 CET INFO: Postprocess: Domain and range of properties...  -- TriplePostProcessor.processDomainAndRange()
2015.02.26 11:21:22.989 CET INFO: 9 ms
 -- TriplePostProcessor.processDomainAndRange()
2015.02.26 11:21:22.990 CET INFO: Postprocess: Possibly typed entities (1 resources) ...  -- TriplePostProcessor.processPossiblyTypedResources()
2015.02.26 11:21:22.990 CET INFO: 0 ms
 -- TriplePostProcessor.processPossiblyTypedResources()
2015.02.26 11:21:22.991 CET INFO: Updating underlying frames model in 0 ms -- ProtegeOWLParser.doFinalPostProcessing()
2015.02.26 11:27:43.120 CET INFO: *** SYSTEM START ***
2015.02.26 11:27:44.103 CET WARNING: [Local Folder Repository] The specified file must be a directory. (D:\svn\semantic\java\Ontologie_Owl\annotator\plugins\edu.stanford.smi.protegex.owl) -- LocalFolderRepository.update()
2015.02.26 11:27:44.135 CET INFO: Loading triples for: null -- ProtegeOWLParser.loadTriples()
2015.02.26 11:27:45.024 CET INFO:     Completed triple loading after 718 ms -- ProtegeOWLParser.loadTriples()
2015.02.26 11:27:45.024 CET INFO: Postprocess: Process entities with incorrect Java type (0 entities) ...  -- TriplePostProcessor.processFramesWithWrongJavaType()
2015.02.26 11:27:45.024 CET INFO: 0 ms
 -- TriplePostProcessor.processFramesWithWrongJavaType()
2015.02.26 11:27:45.024 CET INFO: Postprocess: Process metaclasses (3 metaclasses) ...  -- TriplePostProcessor.processMetaclasses()
2015.02.26 11:27:45.024 CET INFO: 0 ms
 -- TriplePostProcessor.processMetaclasses()
2015.02.26 11:27:45.024 CET INFO: Postprocess: Process subclasses of rdf:List (1 classes) ...  -- TriplePostProcessor.processSubclassesOfRdfList()
2015.02.26 11:27:45.024 CET INFO: 0 ms
 -- TriplePostProcessor.processSubclassesOfRdfList()
2015.02.26 11:27:45.024 CET INFO: Postprocess: Instances with multiple types (16 instances) ...  -- TriplePostProcessor.processInstancesWithMultipleTypes()
2015.02.26 11:27:45.040 CET INFO: 16 ms
 -- TriplePostProcessor.processInstancesWithMultipleTypes()
2015.02.26 11:27:45.040 CET INFO: Postprocess: Add inferred superclasses ...  -- TriplePostProcessor.processInferredSuperclasses()
2015.02.26 11:27:45.040 CET INFO: 0 ms
 -- TriplePostProcessor.processInferredSuperclasses()
2015.02.26 11:27:45.040 CET INFO: Postprocess: Process orphan classes (65 classes) ...  -- TriplePostProcessor.processOrphanClses()
2015.02.26 11:27:45.040 CET INFO: 0 ms
 -- TriplePostProcessor.processOrphanClses()
2015.02.26 11:27:45.040 CET INFO: Postprocess: Generalized Concept Inclusion (0 axioms) ...  -- TriplePostProcessor.processGeneralizedConceptInclusions()
2015.02.26 11:27:45.040 CET INFO: 0 ms
 -- TriplePostProcessor.processGeneralizedConceptInclusions()
2015.02.26 11:27:45.040 CET INFO: Postprocess: Abstract classes...  -- TriplePostProcessor.processAbstractClasses()
2015.02.26 11:27:45.040 CET INFO: 0 ms
 -- TriplePostProcessor.processAbstractClasses()
2015.02.26 11:27:45.040 CET INFO: Postprocess: Domain and range of properties...  -- TriplePostProcessor.processDomainAndRange()
2015.02.26 11:27:45.055 CET INFO: 15 ms
 -- TriplePostProcessor.processDomainAndRange()
2015.02.26 11:27:45.055 CET INFO: Postprocess: Possibly typed entities (1 resources) ...  -- TriplePostProcessor.processPossiblyTypedResources()
2015.02.26 11:27:45.055 CET INFO: 0 ms
 -- TriplePostProcessor.processPossiblyTypedResources()
2015.02.26 11:27:45.055 CET INFO: Updating underlying frames model in 0 ms -- ProtegeOWLParser.doFinalPostProcessing()
2015.02.26 11:27:54.482 CET INFO: *** SYSTEM START ***
2015.02.26 11:27:55.340 CET WARNING: [Local Folder Repository] The specified file must be a directory. (D:\svn\semantic\java\Ontologie_Owl\annotator\plugins\edu.stanford.smi.protegex.owl) -- LocalFolderRepository.update()
2015.02.26 11:27:55.372 CET INFO: Loading triples for: null -- ProtegeOWLParser.loadTriples()
2015.02.26 11:27:56.199 CET INFO:     Completed triple loading after 671 ms -- ProtegeOWLParser.loadTriples()
2015.02.26 11:27:56.199 CET INFO: Postprocess: Process entities with incorrect Java type (0 entities) ...  -- TriplePostProcessor.processFramesWithWrongJavaType()
2015.02.26 11:27:56.199 CET INFO: 0 ms
 -- TriplePostProcessor.processFramesWithWrongJavaType()
2015.02.26 11:27:56.199 CET INFO: Postprocess: Process metaclasses (3 metaclasses) ...  -- TriplePostProcessor.processMetaclasses()
2015.02.26 11:27:56.199 CET INFO: 0 ms
 -- TriplePostProcessor.processMetaclasses()
2015.02.26 11:27:56.199 CET INFO: Postprocess: Process subclasses of rdf:List (1 classes) ...  -- TriplePostProcessor.processSubclassesOfRdfList()
2015.02.26 11:27:56.199 CET INFO: 0 ms
 -- TriplePostProcessor.processSubclassesOfRdfList()
2015.02.26 11:27:56.199 CET INFO: Postprocess: Instances with multiple types (16 instances) ...  -- TriplePostProcessor.processInstancesWithMultipleTypes()
2015.02.26 11:27:56.214 CET INFO: 15 ms
 -- TriplePostProcessor.processInstancesWithMultipleTypes()
2015.02.26 11:27:56.214 CET INFO: Postprocess: Add inferred superclasses ...  -- TriplePostProcessor.processInferredSuperclasses()
2015.02.26 11:27:56.214 CET INFO: 0 ms
 -- TriplePostProcessor.processInferredSuperclasses()
2015.02.26 11:27:56.214 CET INFO: Postprocess: Process orphan classes (65 classes) ...  -- TriplePostProcessor.processOrphanClses()
2015.02.26 11:27:56.214 CET INFO: 0 ms
 -- TriplePostProcessor.processOrphanClses()
2015.02.26 11:27:56.214 CET INFO: Postprocess: Generalized Concept Inclusion (0 axioms) ...  -- TriplePostProcessor.processGeneralizedConceptInclusions()
2015.02.26 11:27:56.214 CET INFO: 0 ms
 -- TriplePostProcessor.processGeneralizedConceptInclusions()
2015.02.26 11:27:56.214 CET INFO: Postprocess: Abstract classes...  -- TriplePostProcessor.processAbstractClasses()
2015.02.26 11:27:56.214 CET INFO: 0 ms
 -- TriplePostProcessor.processAbstractClasses()
2015.02.26 11:27:56.214 CET INFO: Postprocess: Domain and range of properties...  -- TriplePostProcessor.processDomainAndRange()
2015.02.26 11:27:56.230 CET INFO: 16 ms
 -- TriplePostProcessor.processDomainAndRange()
2015.02.26 11:27:56.230 CET INFO: Postprocess: Possibly typed entities (1 resources) ...  -- TriplePostProcessor.processPossiblyTypedResources()
2015.02.26 11:27:56.230 CET INFO: 0 ms
 -- TriplePostProcessor.processPossiblyTypedResources()
2015.02.26 11:27:56.230 CET INFO: Updating underlying frames model in 0 ms -- ProtegeOWLParser.doFinalPostProcessing()
2015.02.26 11:29:08.660 CET INFO: *** SYSTEM START ***
2015.02.26 11:29:09.549 CET WARNING: [Local Folder Repository] The specified file must be a directory. (D:\svn\semantic\java\Ontologie_Owl\annotator\plugins\edu.stanford.smi.protegex.owl) -- LocalFolderRepository.update()
2015.02.26 11:29:09.582 CET INFO: Loading triples for: null -- ProtegeOWLParser.loadTriples()
2015.02.26 11:29:10.346 CET INFO:     Completed triple loading after 671 ms -- ProtegeOWLParser.loadTriples()
2015.02.26 11:29:10.346 CET INFO: Postprocess: Process entities with incorrect Java type (0 entities) ...  -- TriplePostProcessor.processFramesWithWrongJavaType()
2015.02.26 11:29:10.346 CET INFO: 0 ms
 -- TriplePostProcessor.processFramesWithWrongJavaType()
2015.02.26 11:29:10.346 CET INFO: Postprocess: Process metaclasses (3 metaclasses) ...  -- TriplePostProcessor.processMetaclasses()
2015.02.26 11:29:10.346 CET INFO: 0 ms
 -- TriplePostProcessor.processMetaclasses()
2015.02.26 11:29:10.346 CET INFO: Postprocess: Process subclasses of rdf:List (1 classes) ...  -- TriplePostProcessor.processSubclassesOfRdfList()
2015.02.26 11:29:10.346 CET INFO: 0 ms
 -- TriplePostProcessor.processSubclassesOfRdfList()
2015.02.26 11:29:10.346 CET INFO: Postprocess: Instances with multiple types (16 instances) ...  -- TriplePostProcessor.processInstancesWithMultipleTypes()
2015.02.26 11:29:10.346 CET INFO: 0 ms
 -- TriplePostProcessor.processInstancesWithMultipleTypes()
2015.02.26 11:29:10.362 CET INFO: Postprocess: Add inferred superclasses ...  -- TriplePostProcessor.processInferredSuperclasses()
2015.02.26 11:29:10.362 CET INFO: 0 ms
 -- TriplePostProcessor.processInferredSuperclasses()
2015.02.26 11:29:10.362 CET INFO: Postprocess: Process orphan classes (65 classes) ...  -- TriplePostProcessor.processOrphanClses()
2015.02.26 11:29:10.362 CET INFO: 0 ms
 -- TriplePostProcessor.processOrphanClses()
2015.02.26 11:29:10.362 CET INFO: Postprocess: Generalized Concept Inclusion (0 axioms) ...  -- TriplePostProcessor.processGeneralizedConceptInclusions()
2015.02.26 11:29:10.362 CET INFO: 0 ms
 -- TriplePostProcessor.processGeneralizedConceptInclusions()
2015.02.26 11:29:10.362 CET INFO: Postprocess: Abstract classes...  -- TriplePostProcessor.processAbstractClasses()
2015.02.26 11:29:10.362 CET INFO: 0 ms
 -- TriplePostProcessor.processAbstractClasses()
2015.02.26 11:29:10.362 CET INFO: Postprocess: Domain and range of properties...  -- TriplePostProcessor.processDomainAndRange()
2015.02.26 11:29:10.377 CET INFO: 15 ms
 -- TriplePostProcessor.processDomainAndRange()
2015.02.26 11:29:10.377 CET INFO: Postprocess: Possibly typed entities (1 resources) ...  -- TriplePostProcessor.processPossiblyTypedResources()
2015.02.26 11:29:10.377 CET INFO: 0 ms
 -- TriplePostProcessor.processPossiblyTypedResources()
2015.02.26 11:29:10.377 CET INFO: Updating underlying frames model in 0 ms -- ProtegeOWLParser.doFinalPostProcessing()
2015.02.26 11:34:55.346 CET INFO: *** SYSTEM START ***
2015.02.26 11:34:56.376 CET WARNING: [Local Folder Repository] The specified file must be a directory. (D:\svn\semantic\java\Ontologie_Owl\annotator\plugins\edu.stanford.smi.protegex.owl) -- LocalFolderRepository.update()
2015.02.26 11:34:56.407 CET INFO: Loading triples for: null -- ProtegeOWLParser.loadTriples()
2015.02.26 11:34:57.387 CET INFO:     Completed triple loading after 860 ms -- ProtegeOWLParser.loadTriples()
2015.02.26 11:34:57.387 CET INFO: Postprocess: Process entities with incorrect Java type (0 entities) ...  -- TriplePostProcessor.processFramesWithWrongJavaType()
2015.02.26 11:34:57.397 CET INFO: 0 ms
 -- TriplePostProcessor.processFramesWithWrongJavaType()
2015.02.26 11:34:57.397 CET INFO: Postprocess: Process metaclasses (3 metaclasses) ...  -- TriplePostProcessor.processMetaclasses()
2015.02.26 11:34:57.397 CET INFO: 0 ms
 -- TriplePostProcessor.processMetaclasses()
2015.02.26 11:34:57.397 CET INFO: Postprocess: Process subclasses of rdf:List (1 classes) ...  -- TriplePostProcessor.processSubclassesOfRdfList()
2015.02.26 11:34:57.397 CET INFO: 0 ms
 -- TriplePostProcessor.processSubclassesOfRdfList()
2015.02.26 11:34:57.397 CET INFO: Postprocess: Instances with multiple types (16 instances) ...  -- TriplePostProcessor.processInstancesWithMultipleTypes()
2015.02.26 11:34:57.397 CET INFO: 0 ms
 -- TriplePostProcessor.processInstancesWithMultipleTypes()
2015.02.26 11:34:57.397 CET INFO: Postprocess: Add inferred superclasses ...  -- TriplePostProcessor.processInferredSuperclasses()
2015.02.26 11:34:57.407 CET INFO: 0 ms
 -- TriplePostProcessor.processInferredSuperclasses()
2015.02.26 11:34:57.408 CET INFO: Postprocess: Process orphan classes (65 classes) ...  -- TriplePostProcessor.processOrphanClses()
2015.02.26 11:34:57.408 CET INFO: 0 ms
 -- TriplePostProcessor.processOrphanClses()
2015.02.26 11:34:57.408 CET INFO: Postprocess: Generalized Concept Inclusion (0 axioms) ...  -- TriplePostProcessor.processGeneralizedConceptInclusions()
2015.02.26 11:34:57.418 CET INFO: 10 ms
 -- TriplePostProcessor.processGeneralizedConceptInclusions()
2015.02.26 11:34:57.418 CET INFO: Postprocess: Abstract classes...  -- TriplePostProcessor.processAbstractClasses()
2015.02.26 11:34:57.418 CET INFO: 0 ms
 -- TriplePostProcessor.processAbstractClasses()
2015.02.26 11:34:57.418 CET INFO: Postprocess: Domain and range of properties...  -- TriplePostProcessor.processDomainAndRange()
2015.02.26 11:34:57.428 CET INFO: 10 ms
 -- TriplePostProcessor.processDomainAndRange()
2015.02.26 11:34:57.428 CET INFO: Postprocess: Possibly typed entities (1 resources) ...  -- TriplePostProcessor.processPossiblyTypedResources()
2015.02.26 11:34:57.428 CET INFO: 0 ms
 -- TriplePostProcessor.processPossiblyTypedResources()
2015.02.26 11:34:57.428 CET INFO: Updating underlying frames model in 0 ms -- ProtegeOWLParser.doFinalPostProcessing()
2015.02.26 11:42:05.748 CET INFO: *** SYSTEM START ***
2015.02.26 11:42:06.692 CET WARNING: [Local Folder Repository] The specified file must be a directory. (D:\svn\semantic\java\Ontologie_Owl\annotator\plugins\edu.stanford.smi.protegex.owl) -- LocalFolderRepository.update()
2015.02.26 11:42:06.721 CET INFO: Loading triples for: null -- ProtegeOWLParser.loadTriples()
2015.02.26 11:42:07.556 CET INFO:     Completed triple loading after 739 ms -- ProtegeOWLParser.loadTriples()
2015.02.26 11:42:07.560 CET INFO: Postprocess: Process entities with incorrect Java type (0 entities) ...  -- TriplePostProcessor.processFramesWithWrongJavaType()
2015.02.26 11:42:07.561 CET INFO: 0 ms
 -- TriplePostProcessor.processFramesWithWrongJavaType()
2015.02.26 11:42:07.561 CET INFO: Postprocess: Process metaclasses (3 metaclasses) ...  -- TriplePostProcessor.processMetaclasses()
2015.02.26 11:42:07.562 CET INFO: 1 ms
 -- TriplePostProcessor.processMetaclasses()
2015.02.26 11:42:07.562 CET INFO: Postprocess: Process subclasses of rdf:List (1 classes) ...  -- TriplePostProcessor.processSubclassesOfRdfList()
2015.02.26 11:42:07.562 CET INFO: 0 ms
 -- TriplePostProcessor.processSubclassesOfRdfList()
2015.02.26 11:42:07.563 CET INFO: Postprocess: Instances with multiple types (16 instances) ...  -- TriplePostProcessor.processInstancesWithMultipleTypes()
2015.02.26 11:42:07.567 CET INFO: 4 ms
 -- TriplePostProcessor.processInstancesWithMultipleTypes()
2015.02.26 11:42:07.569 CET INFO: Postprocess: Add inferred superclasses ...  -- TriplePostProcessor.processInferredSuperclasses()
2015.02.26 11:42:07.569 CET INFO: 0 ms
 -- TriplePostProcessor.processInferredSuperclasses()
2015.02.26 11:42:07.573 CET INFO: Postprocess: Process orphan classes (65 classes) ...  -- TriplePostProcessor.processOrphanClses()
