2015.02.20 11:29:40.612 CET INFO: *** SYSTEM START ***
2015.02.20 11:29:41.466 CET WARNING: [Local Folder Repository] The specified file must be a directory. (D:\svn\semantic\java\Ontologie_Owl\annotator\plugins\edu.stanford.smi.protegex.owl) -- LocalFolderRepository.update()
2015.02.20 11:29:41.497 CET INFO: Loading triples for: null -- ProtegeOWLParser.loadTriples()
2015.02.20 11:29:42.239 CET INFO:     Completed triple loading after 632 ms -- ProtegeOWLParser.loadTriples()
2015.02.20 11:29:42.249 CET INFO: Postprocess: Process entities with incorrect Java type (0 entities) ...  -- TriplePostProcessor.processFramesWithWrongJavaType()
2015.02.20 11:29:42.249 CET INFO: 0 ms
 -- TriplePostProcessor.processFramesWithWrongJavaType()
2015.02.20 11:29:42.249 CET INFO: Postprocess: Process metaclasses (3 metaclasses) ...  -- TriplePostProcessor.processMetaclasses()
2015.02.20 11:29:42.249 CET INFO: 0 ms
 -- TriplePostProcessor.processMetaclasses()
2015.02.20 11:29:42.249 CET INFO: Postprocess: Process subclasses of rdf:List (1 classes) ...  -- TriplePostProcessor.processSubclassesOfRdfList()
2015.02.20 11:29:42.249 CET INFO: 0 ms
 -- TriplePostProcessor.processSubclassesOfRdfList()
2015.02.20 11:29:42.249 CET INFO: Postprocess: Instances with multiple types (12 instances) ...  -- TriplePostProcessor.processInstancesWithMultipleTypes()
2015.02.20 11:29:42.249 CET INFO: 0 ms
 -- TriplePostProcessor.processInstancesWithMultipleTypes()
2015.02.20 11:29:42.249 CET INFO: Postprocess: Add inferred superclasses ...  -- TriplePostProcessor.processInferredSuperclasses()
2015.02.20 11:29:42.249 CET INFO: 0 ms
 -- TriplePostProcessor.processInferredSuperclasses()
2015.02.20 11:29:42.249 CET INFO: Postprocess: Process orphan classes (63 classes) ...  -- TriplePostProcessor.processOrphanClses()
2015.02.20 11:29:42.259 CET INFO: 10 ms
 -- TriplePostProcessor.processOrphanClses()
2015.02.20 11:29:42.259 CET INFO: Postprocess: Generalized Concept Inclusion (0 axioms) ...  -- TriplePostProcessor.processGeneralizedConceptInclusions()
2015.02.20 11:29:42.259 CET INFO: 0 ms
 -- TriplePostProcessor.processGeneralizedConceptInclusions()
2015.02.20 11:29:42.259 CET INFO: Postprocess: Abstract classes...  -- TriplePostProcessor.processAbstractClasses()
2015.02.20 11:29:42.259 CET INFO: 0 ms
 -- TriplePostProcessor.processAbstractClasses()
2015.02.20 11:29:42.259 CET INFO: Postprocess: Domain and range of properties...  -- TriplePostProcessor.processDomainAndRange()
2015.02.20 11:29:42.269 CET INFO: 10 ms
 -- TriplePostProcessor.processDomainAndRange()
2015.02.20 11:29:42.269 CET INFO: Postprocess: Possibly typed entities (0 resources) ...  -- TriplePostProcessor.processPossiblyTypedResources()
2015.02.20 11:29:42.269 CET INFO: 0 ms
 -- TriplePostProcessor.processPossiblyTypedResources()
2015.02.20 11:29:42.269 CET INFO: Updating underlying frames model in 0 ms -- ProtegeOWLParser.doFinalPostProcessing()
2015.02.20 11:54:39.815 CET INFO: *** SYSTEM START ***
2015.02.20 11:54:40.819 CET WARNING: [Local Folder Repository] The specified file must be a directory. (D:\svn\semantic\java\Ontologie_Owl\annotator\plugins\edu.stanford.smi.protegex.owl) -- LocalFolderRepository.update()
2015.02.20 11:54:40.860 CET INFO: Loading triples for: null -- ProtegeOWLParser.loadTriples()
2015.02.20 11:54:41.790 CET INFO:     Completed triple loading after 820 ms -- ProtegeOWLParser.loadTriples()
2015.02.20 11:54:41.800 CET INFO: Postprocess: Process entities with incorrect Java type (0 entities) ...  -- TriplePostProcessor.processFramesWithWrongJavaType()
2015.02.20 11:54:41.800 CET INFO: 0 ms
 -- TriplePostProcessor.processFramesWithWrongJavaType()
2015.02.20 11:54:41.800 CET INFO: Postprocess: Process metaclasses (3 metaclasses) ...  -- TriplePostProcessor.processMetaclasses()
2015.02.20 11:54:41.800 CET INFO: 0 ms
 -- TriplePostProcessor.processMetaclasses()
2015.02.20 11:54:41.800 CET INFO: Postprocess: Process subclasses of rdf:List (1 classes) ...  -- TriplePostProcessor.processSubclassesOfRdfList()
2015.02.20 11:54:41.800 CET INFO: 0 ms
 -- TriplePostProcessor.processSubclassesOfRdfList()
2015.02.20 11:54:41.800 CET INFO: Postprocess: Instances with multiple types (12 instances) ...  -- TriplePostProcessor.processInstancesWithMultipleTypes()
2015.02.20 11:54:41.800 CET INFO: 0 ms
 -- TriplePostProcessor.processInstancesWithMultipleTypes()
2015.02.20 11:54:41.800 CET INFO: Postprocess: Add inferred superclasses ...  -- TriplePostProcessor.processInferredSuperclasses()
2015.02.20 11:54:41.800 CET INFO: 0 ms
 -- TriplePostProcessor.processInferredSuperclasses()
2015.02.20 11:54:41.810 CET INFO: Postprocess: Process orphan classes (63 classes) ...  -- TriplePostProcessor.processOrphanClses()
2015.02.20 11:54:41.810 CET INFO: 0 ms
 -- TriplePostProcessor.processOrphanClses()
2015.02.20 11:54:41.810 CET INFO: Postprocess: Generalized Concept Inclusion (0 axioms) ...  -- TriplePostProcessor.processGeneralizedConceptInclusions()
2015.02.20 11:54:41.810 CET INFO: 0 ms
 -- TriplePostProcessor.processGeneralizedConceptInclusions()
2015.02.20 11:54:41.810 CET INFO: Postprocess: Abstract classes...  -- TriplePostProcessor.processAbstractClasses()
2015.02.20 11:54:41.810 CET INFO: 0 ms
 -- TriplePostProcessor.processAbstractClasses()
2015.02.20 11:54:41.810 CET INFO: Postprocess: Domain and range of properties...  -- TriplePostProcessor.processDomainAndRange()
2015.02.20 11:54:41.820 CET INFO: 10 ms
 -- TriplePostProcessor.processDomainAndRange()
2015.02.20 11:54:41.820 CET INFO: Postprocess: Possibly typed entities (0 resources) ...  -- TriplePostProcessor.processPossiblyTypedResources()
2015.02.20 11:54:41.820 CET INFO: 0 ms
 -- TriplePostProcessor.processPossiblyTypedResources()
2015.02.20 11:54:41.820 CET INFO: Updating underlying frames model in 0 ms -- ProtegeOWLParser.doFinalPostProcessing()
