2015.01.19 14:23:58.816 CET INFO: *** SYSTEM START ***
2015.01.19 14:23:59.896 CET WARNING: [Local Folder Repository] The specified file must be a directory. (D:\Ontologie_Owl\annotator\plugins\edu.stanford.smi.protegex.owl) -- LocalFolderRepository.update()
2015.01.19 14:23:59.927 CET INFO: Loading triples for: null -- ProtegeOWLParser.loadTriples()
2015.01.19 14:24:00.997 CET INFO:     Completed triple loading after 830 ms -- ProtegeOWLParser.loadTriples()
2015.01.19 14:24:00.997 CET INFO: Postprocess: Process entities with incorrect Java type (0 entities) ...  -- TriplePostProcessor.processFramesWithWrongJavaType()
2015.01.19 14:24:00.997 CET INFO: 0 ms
 -- TriplePostProcessor.processFramesWithWrongJavaType()
2015.01.19 14:24:01.007 CET INFO: Postprocess: Process metaclasses (3 metaclasses) ...  -- TriplePostProcessor.processMetaclasses()
2015.01.19 14:24:01.007 CET INFO: 0 ms
 -- TriplePostProcessor.processMetaclasses()
2015.01.19 14:24:01.007 CET INFO: Postprocess: Process subclasses of rdf:List (1 classes) ...  -- TriplePostProcessor.processSubclassesOfRdfList()
2015.01.19 14:24:01.007 CET INFO: 0 ms
 -- TriplePostProcessor.processSubclassesOfRdfList()
2015.01.19 14:24:01.007 CET INFO: Postprocess: Instances with multiple types (15 instances) ...  -- TriplePostProcessor.processInstancesWithMultipleTypes()
2015.01.19 14:24:01.007 CET INFO: 0 ms
 -- TriplePostProcessor.processInstancesWithMultipleTypes()
2015.01.19 14:24:01.007 CET INFO: Postprocess: Add inferred superclasses ...  -- TriplePostProcessor.processInferredSuperclasses()
2015.01.19 14:24:01.007 CET INFO: 0 ms
 -- TriplePostProcessor.processInferredSuperclasses()
2015.01.19 14:24:01.018 CET INFO: Postprocess: Process orphan classes (62 classes) ...  -- TriplePostProcessor.processOrphanClses()
2015.01.19 14:24:01.018 CET INFO: 0 ms
 -- TriplePostProcessor.processOrphanClses()
2015.01.19 14:24:01.018 CET INFO: Postprocess: Generalized Concept Inclusion (0 axioms) ...  -- TriplePostProcessor.processGeneralizedConceptInclusions()
2015.01.19 14:24:01.018 CET INFO: 0 ms
 -- TriplePostProcessor.processGeneralizedConceptInclusions()
2015.01.19 14:24:01.018 CET INFO: Postprocess: Abstract classes...  -- TriplePostProcessor.processAbstractClasses()
2015.01.19 14:24:01.028 CET INFO: 10 ms
 -- TriplePostProcessor.processAbstractClasses()
2015.01.19 14:24:01.028 CET INFO: Postprocess: Domain and range of properties...  -- TriplePostProcessor.processDomainAndRange()
2015.01.19 14:24:01.038 CET INFO: 10 ms
 -- TriplePostProcessor.processDomainAndRange()
2015.01.19 14:24:01.038 CET INFO: Postprocess: Possibly typed entities (0 resources) ...  -- TriplePostProcessor.processPossiblyTypedResources()
2015.01.19 14:24:01.038 CET INFO: 0 ms
 -- TriplePostProcessor.processPossiblyTypedResources()
2015.01.19 14:24:01.038 CET INFO: Updating underlying frames model in 0 ms -- ProtegeOWLParser.doFinalPostProcessing()
2015.01.19 14:28:29.347 CET INFO: *** SYSTEM START ***
2015.01.19 14:28:30.407 CET WARNING: [Local Folder Repository] The specified file must be a directory. (D:\Ontologie_Owl\annotator\plugins\edu.stanford.smi.protegex.owl) -- LocalFolderRepository.update()
2015.01.19 14:28:30.438 CET INFO: Loading triples for: null -- ProtegeOWLParser.loadTriples()
2015.01.19 14:28:31.530 CET INFO:     Completed triple loading after 842 ms -- ProtegeOWLParser.loadTriples()
2015.01.19 14:28:31.540 CET INFO: Postprocess: Process entities with incorrect Java type (0 entities) ...  -- TriplePostProcessor.processFramesWithWrongJavaType()
2015.01.19 14:28:31.540 CET INFO: 0 ms
 -- TriplePostProcessor.processFramesWithWrongJavaType()
2015.01.19 14:28:31.540 CET INFO: Postprocess: Process metaclasses (3 metaclasses) ...  -- TriplePostProcessor.processMetaclasses()
2015.01.19 14:28:31.540 CET INFO: 0 ms
 -- TriplePostProcessor.processMetaclasses()
2015.01.19 14:28:31.540 CET INFO: Postprocess: Process subclasses of rdf:List (1 classes) ...  -- TriplePostProcessor.processSubclassesOfRdfList()
2015.01.19 14:28:31.540 CET INFO: 0 ms
 -- TriplePostProcessor.processSubclassesOfRdfList()
2015.01.19 14:28:31.540 CET INFO: Postprocess: Instances with multiple types (15 instances) ...  -- TriplePostProcessor.processInstancesWithMultipleTypes()
2015.01.19 14:28:31.550 CET INFO: 10 ms
 -- TriplePostProcessor.processInstancesWithMultipleTypes()
2015.01.19 14:28:31.550 CET INFO: Postprocess: Add inferred superclasses ...  -- TriplePostProcessor.processInferredSuperclasses()
2015.01.19 14:28:31.550 CET INFO: 0 ms
 -- TriplePostProcessor.processInferredSuperclasses()
2015.01.19 14:28:31.550 CET INFO: Postprocess: Process orphan classes (62 classes) ...  -- TriplePostProcessor.processOrphanClses()
2015.01.19 14:28:31.561 CET INFO: 11 ms
 -- TriplePostProcessor.processOrphanClses()
2015.01.19 14:28:31.561 CET INFO: Postprocess: Generalized Concept Inclusion (0 axioms) ...  -- TriplePostProcessor.processGeneralizedConceptInclusions()
2015.01.19 14:28:31.561 CET INFO: 0 ms
 -- TriplePostProcessor.processGeneralizedConceptInclusions()
2015.01.19 14:28:31.561 CET INFO: Postprocess: Abstract classes...  -- TriplePostProcessor.processAbstractClasses()
2015.01.19 14:28:31.561 CET INFO: 0 ms
 -- TriplePostProcessor.processAbstractClasses()
2015.01.19 14:28:31.561 CET INFO: Postprocess: Domain and range of properties...  -- TriplePostProcessor.processDomainAndRange()
2015.01.19 14:28:31.571 CET INFO: 10 ms
 -- TriplePostProcessor.processDomainAndRange()
2015.01.19 14:28:31.571 CET INFO: Postprocess: Possibly typed entities (0 resources) ...  -- TriplePostProcessor.processPossiblyTypedResources()
2015.01.19 14:28:31.571 CET INFO: 0 ms
 -- TriplePostProcessor.processPossiblyTypedResources()
2015.01.19 14:28:31.571 CET INFO: Updating underlying frames model in 0 ms -- ProtegeOWLParser.doFinalPostProcessing()
2015.01.19 16:05:50.305 CET INFO: *** SYSTEM START ***
2015.01.19 16:05:51.348 CET WARNING: [Local Folder Repository] The specified file must be a directory. (D:\Ontologie_Owl\annotator\plugins\edu.stanford.smi.protegex.owl) -- LocalFolderRepository.update()
2015.01.19 16:05:51.389 CET INFO: Loading triples for: null -- ProtegeOWLParser.loadTriples()
2015.01.19 16:05:52.511 CET INFO:     Completed triple loading after 902 ms -- ProtegeOWLParser.loadTriples()
2015.01.19 16:05:52.521 CET INFO: Postprocess: Process entities with incorrect Java type (0 entities) ...  -- TriplePostProcessor.processFramesWithWrongJavaType()
2015.01.19 16:05:52.521 CET INFO: 0 ms
 -- TriplePostProcessor.processFramesWithWrongJavaType()
2015.01.19 16:05:52.521 CET INFO: Postprocess: Process metaclasses (3 metaclasses) ...  -- TriplePostProcessor.processMetaclasses()
2015.01.19 16:05:52.521 CET INFO: 0 ms
 -- TriplePostProcessor.processMetaclasses()
2015.01.19 16:05:52.521 CET INFO: Postprocess: Process subclasses of rdf:List (1 classes) ...  -- TriplePostProcessor.processSubclassesOfRdfList()
2015.01.19 16:05:52.521 CET INFO: 0 ms
 -- TriplePostProcessor.processSubclassesOfRdfList()
2015.01.19 16:05:52.521 CET INFO: Postprocess: Instances with multiple types (15 instances) ...  -- TriplePostProcessor.processInstancesWithMultipleTypes()
2015.01.19 16:05:52.521 CET INFO: 0 ms
 -- TriplePostProcessor.processInstancesWithMultipleTypes()
2015.01.19 16:05:52.521 CET INFO: Postprocess: Add inferred superclasses ...  -- TriplePostProcessor.processInferredSuperclasses()
2015.01.19 16:05:52.521 CET INFO: 0 ms
 -- TriplePostProcessor.processInferredSuperclasses()
2015.01.19 16:05:52.532 CET INFO: Postprocess: Process orphan classes (62 classes) ...  -- TriplePostProcessor.processOrphanClses()
2015.01.19 16:05:52.532 CET INFO: 0 ms
 -- TriplePostProcessor.processOrphanClses()
2015.01.19 16:05:52.532 CET INFO: Postprocess: Generalized Concept Inclusion (0 axioms) ...  -- TriplePostProcessor.processGeneralizedConceptInclusions()
2015.01.19 16:05:52.542 CET INFO: 10 ms
 -- TriplePostProcessor.processGeneralizedConceptInclusions()
2015.01.19 16:05:52.542 CET INFO: Postprocess: Abstract classes...  -- TriplePostProcessor.processAbstractClasses()
2015.01.19 16:05:52.542 CET INFO: 0 ms
 -- TriplePostProcessor.processAbstractClasses()
2015.01.19 16:05:52.542 CET INFO: Postprocess: Domain and range of properties...  -- TriplePostProcessor.processDomainAndRange()
2015.01.19 16:05:52.552 CET INFO: 10 ms
 -- TriplePostProcessor.processDomainAndRange()
2015.01.19 16:05:52.552 CET INFO: Postprocess: Possibly typed entities (0 resources) ...  -- TriplePostProcessor.processPossiblyTypedResources()
2015.01.19 16:05:52.552 CET INFO: 0 ms
 -- TriplePostProcessor.processPossiblyTypedResources()
2015.01.19 16:05:52.552 CET INFO: Updating underlying frames model in 0 ms -- ProtegeOWLParser.doFinalPostProcessing()
2015.01.19 16:05:52.572 CET WARNING: Invalid frame type: DefaultOWLIndividual(http://www.owl-ontologies.com/Ontology1417515237.owl#César of [DefaultOWLNamedClass(http://www.owl-ontologies.com/Ontology1417515237.owl#Autorité)]) -- AbstractRedirectingDispatch.getDirectOwnSlotValues()
2015.01.19 16:08:45.535 CET INFO: *** SYSTEM START ***
2015.01.19 16:08:46.610 CET WARNING: [Local Folder Repository] The specified file must be a directory. (D:\Ontologie_Owl\annotator\plugins\edu.stanford.smi.protegex.owl) -- LocalFolderRepository.update()
2015.01.19 16:08:46.641 CET INFO: Loading triples for: null -- ProtegeOWLParser.loadTriples()
2015.01.19 16:08:47.734 CET INFO:     Completed triple loading after 862 ms -- ProtegeOWLParser.loadTriples()
2015.01.19 16:08:47.734 CET INFO: Postprocess: Process entities with incorrect Java type (0 entities) ...  -- TriplePostProcessor.processFramesWithWrongJavaType()
2015.01.19 16:08:47.734 CET INFO: 0 ms
 -- TriplePostProcessor.processFramesWithWrongJavaType()
2015.01.19 16:08:47.734 CET INFO: Postprocess: Process metaclasses (3 metaclasses) ...  -- TriplePostProcessor.processMetaclasses()
2015.01.19 16:08:47.734 CET INFO: 0 ms
 -- TriplePostProcessor.processMetaclasses()
2015.01.19 16:08:47.744 CET INFO: Postprocess: Process subclasses of rdf:List (1 classes) ...  -- TriplePostProcessor.processSubclassesOfRdfList()
2015.01.19 16:08:47.744 CET INFO: 0 ms
 -- TriplePostProcessor.processSubclassesOfRdfList()
2015.01.19 16:08:47.744 CET INFO: Postprocess: Instances with multiple types (15 instances) ...  -- TriplePostProcessor.processInstancesWithMultipleTypes()
2015.01.19 16:08:47.744 CET INFO: 0 ms
 -- TriplePostProcessor.processInstancesWithMultipleTypes()
2015.01.19 16:08:47.744 CET INFO: Postprocess: Add inferred superclasses ...  -- TriplePostProcessor.processInferredSuperclasses()
2015.01.19 16:08:47.744 CET INFO: 0 ms
 -- TriplePostProcessor.processInferredSuperclasses()
2015.01.19 16:08:47.755 CET INFO: Postprocess: Process orphan classes (62 classes) ...  -- TriplePostProcessor.processOrphanClses()
2015.01.19 16:08:47.755 CET INFO: 0 ms
 -- TriplePostProcessor.processOrphanClses()
2015.01.19 16:08:47.755 CET INFO: Postprocess: Generalized Concept Inclusion (0 axioms) ...  -- TriplePostProcessor.processGeneralizedConceptInclusions()
2015.01.19 16:08:47.755 CET INFO: 0 ms
 -- TriplePostProcessor.processGeneralizedConceptInclusions()
2015.01.19 16:08:47.755 CET INFO: Postprocess: Abstract classes...  -- TriplePostProcessor.processAbstractClasses()
2015.01.19 16:08:47.765 CET INFO: 0 ms
 -- TriplePostProcessor.processAbstractClasses()
2015.01.19 16:08:47.765 CET INFO: Postprocess: Domain and range of properties...  -- TriplePostProcessor.processDomainAndRange()
2015.01.19 16:08:47.765 CET INFO: 0 ms
 -- TriplePostProcessor.processDomainAndRange()
2015.01.19 16:08:47.775 CET INFO: Postprocess: Possibly typed entities (0 resources) ...  -- TriplePostProcessor.processPossiblyTypedResources()
2015.01.19 16:08:47.775 CET INFO: 0 ms
 -- TriplePostProcessor.processPossiblyTypedResources()
2015.01.19 16:08:47.775 CET INFO: Updating underlying frames model in 0 ms -- ProtegeOWLParser.doFinalPostProcessing()
2015.01.19 16:08:47.785 CET WARNING: Invalid frame type: DefaultOWLIndividual(http://www.owl-ontologies.com/Ontology1417515237.owl#César of [DefaultOWLNamedClass(http://www.owl-ontologies.com/Ontology1417515237.owl#Autorité)]) -- AbstractRedirectingDispatch.getDirectOwnSlotValues()
2015.01.19 16:09:01.461 CET INFO: *** SYSTEM START ***
2015.01.19 16:09:02.555 CET WARNING: [Local Folder Repository] The specified file must be a directory. (D:\Ontologie_Owl\annotator\plugins\edu.stanford.smi.protegex.owl) -- LocalFolderRepository.update()
2015.01.19 16:09:02.587 CET INFO: Loading triples for: null -- ProtegeOWLParser.loadTriples()
2015.01.19 16:09:03.683 CET INFO:     Completed triple loading after 866 ms -- ProtegeOWLParser.loadTriples()
2015.01.19 16:09:03.683 CET INFO: Postprocess: Process entities with incorrect Java type (0 entities) ...  -- TriplePostProcessor.processFramesWithWrongJavaType()
2015.01.19 16:09:03.683 CET INFO: 0 ms
 -- TriplePostProcessor.processFramesWithWrongJavaType()
2015.01.19 16:09:03.683 CET INFO: Postprocess: Process metaclasses (3 metaclasses) ...  -- TriplePostProcessor.processMetaclasses()
2015.01.19 16:09:03.683 CET INFO: 0 ms
 -- TriplePostProcessor.processMetaclasses()
2015.01.19 16:09:03.683 CET INFO: Postprocess: Process subclasses of rdf:List (1 classes) ...  -- TriplePostProcessor.processSubclassesOfRdfList()
2015.01.19 16:09:03.683 CET INFO: 0 ms
 -- TriplePostProcessor.processSubclassesOfRdfList()
2015.01.19 16:09:03.683 CET INFO: Postprocess: Instances with multiple types (15 instances) ...  -- TriplePostProcessor.processInstancesWithMultipleTypes()
2015.01.19 16:09:03.693 CET INFO: 10 ms
 -- TriplePostProcessor.processInstancesWithMultipleTypes()
2015.01.19 16:09:03.693 CET INFO: Postprocess: Add inferred superclasses ...  -- TriplePostProcessor.processInferredSuperclasses()
2015.01.19 16:09:03.693 CET INFO: 0 ms
 -- TriplePostProcessor.processInferredSuperclasses()
2015.01.19 16:09:03.693 CET INFO: Postprocess: Process orphan classes (62 classes) ...  -- TriplePostProcessor.processOrphanClses()
2015.01.19 16:09:03.704 CET INFO: 11 ms
 -- TriplePostProcessor.processOrphanClses()
2015.01.19 16:09:03.704 CET INFO: Postprocess: Generalized Concept Inclusion (0 axioms) ...  -- TriplePostProcessor.processGeneralizedConceptInclusions()
2015.01.19 16:09:03.704 CET INFO: 0 ms
 -- TriplePostProcessor.processGeneralizedConceptInclusions()
2015.01.19 16:09:03.704 CET INFO: Postprocess: Abstract classes...  -- TriplePostProcessor.processAbstractClasses()
2015.01.19 16:09:03.704 CET INFO: 0 ms
 -- TriplePostProcessor.processAbstractClasses()
2015.01.19 16:09:03.704 CET INFO: Postprocess: Domain and range of properties...  -- TriplePostProcessor.processDomainAndRange()
2015.01.19 16:09:03.714 CET INFO: 10 ms
 -- TriplePostProcessor.processDomainAndRange()
2015.01.19 16:09:03.714 CET INFO: Postprocess: Possibly typed entities (0 resources) ...  -- TriplePostProcessor.processPossiblyTypedResources()
2015.01.19 16:09:03.714 CET INFO: 0 ms
 -- TriplePostProcessor.processPossiblyTypedResources()
2015.01.19 16:09:03.714 CET INFO: Updating underlying frames model in 0 ms -- ProtegeOWLParser.doFinalPostProcessing()
2015.01.19 16:09:03.734 CET WARNING: Invalid frame type: DefaultOWLIndividual(http://www.owl-ontologies.com/Ontology1417515237.owl#César of [DefaultOWLNamedClass(http://www.owl-ontologies.com/Ontology1417515237.owl#Autorité)]) -- AbstractRedirectingDispatch.getDirectOwnSlotValues()
2015.01.19 16:10:27.173 CET INFO: *** SYSTEM START ***
2015.01.19 16:10:28.246 CET WARNING: [Local Folder Repository] The specified file must be a directory. (D:\Ontologie_Owl\annotator\plugins\edu.stanford.smi.protegex.owl) -- LocalFolderRepository.update()
2015.01.19 16:10:28.277 CET INFO: Loading triples for: null -- ProtegeOWLParser.loadTriples()
2015.01.19 16:10:29.343 CET INFO:     Completed triple loading after 856 ms -- ProtegeOWLParser.loadTriples()
2015.01.19 16:10:29.343 CET INFO: Postprocess: Process entities with incorrect Java type (0 entities) ...  -- TriplePostProcessor.processFramesWithWrongJavaType()
2015.01.19 16:10:29.343 CET INFO: 0 ms
 -- TriplePostProcessor.processFramesWithWrongJavaType()
2015.01.19 16:10:29.343 CET INFO: Postprocess: Process metaclasses (3 metaclasses) ...  -- TriplePostProcessor.processMetaclasses()
2015.01.19 16:10:29.343 CET INFO: 0 ms
 -- TriplePostProcessor.processMetaclasses()
2015.01.19 16:10:29.343 CET INFO: Postprocess: Process subclasses of rdf:List (1 classes) ...  -- TriplePostProcessor.processSubclassesOfRdfList()
2015.01.19 16:10:29.353 CET INFO: 0 ms
 -- TriplePostProcessor.processSubclassesOfRdfList()
2015.01.19 16:10:29.353 CET INFO: Postprocess: Instances with multiple types (15 instances) ...  -- TriplePostProcessor.processInstancesWithMultipleTypes()
2015.01.19 16:10:29.355 CET INFO: 2 ms
 -- TriplePostProcessor.processInstancesWithMultipleTypes()
2015.01.19 16:10:29.355 CET INFO: Postprocess: Add inferred superclasses ...  -- TriplePostProcessor.processInferredSuperclasses()
2015.01.19 16:10:29.355 CET INFO: 0 ms
 -- TriplePostProcessor.processInferredSuperclasses()
2015.01.19 16:10:29.355 CET INFO: Postprocess: Process orphan classes (62 classes) ...  -- TriplePostProcessor.processOrphanClses()
2015.01.19 16:10:29.365 CET INFO: 10 ms
 -- TriplePostProcessor.processOrphanClses()
2015.01.19 16:10:29.365 CET INFO: Postprocess: Generalized Concept Inclusion (0 axioms) ...  -- TriplePostProcessor.processGeneralizedConceptInclusions()
2015.01.19 16:10:29.365 CET INFO: 0 ms
 -- TriplePostProcessor.processGeneralizedConceptInclusions()
2015.01.19 16:10:29.365 CET INFO: Postprocess: Abstract classes...  -- TriplePostProcessor.processAbstractClasses()
2015.01.19 16:10:29.365 CET INFO: 0 ms
 -- TriplePostProcessor.processAbstractClasses()
2015.01.19 16:10:29.365 CET INFO: Postprocess: Domain and range of properties...  -- TriplePostProcessor.processDomainAndRange()
2015.01.19 16:10:29.375 CET INFO: 10 ms
 -- TriplePostProcessor.processDomainAndRange()
2015.01.19 16:10:29.375 CET INFO: Postprocess: Possibly typed entities (0 resources) ...  -- TriplePostProcessor.processPossiblyTypedResources()
2015.01.19 16:10:29.375 CET INFO: 0 ms
 -- TriplePostProcessor.processPossiblyTypedResources()
2015.01.19 16:10:29.375 CET INFO: Updating underlying frames model in 0 ms -- ProtegeOWLParser.doFinalPostProcessing()
2015.01.19 16:10:29.415 CET WARNING: Invalid frame type: DefaultOWLNamedClass(http://www.owl-ontologies.com/Ontology1417515237.owl#Historien) -- AbstractRedirectingDispatch.getDirectOwnSlotValues()
2015.01.19 16:12:50.138 CET INFO: *** SYSTEM START ***
2015.01.19 16:12:51.181 CET WARNING: [Local Folder Repository] The specified file must be a directory. (D:\Ontologie_Owl\annotator\plugins\edu.stanford.smi.protegex.owl) -- LocalFolderRepository.update()
2015.01.19 16:12:51.212 CET INFO: Loading triples for: null -- ProtegeOWLParser.loadTriples()
2015.01.19 16:12:52.317 CET INFO:     Completed triple loading after 875 ms -- ProtegeOWLParser.loadTriples()
2015.01.19 16:12:52.327 CET INFO: Postprocess: Process entities with incorrect Java type (0 entities) ...  -- TriplePostProcessor.processFramesWithWrongJavaType()
2015.01.19 16:12:52.327 CET INFO: 0 ms
 -- TriplePostProcessor.processFramesWithWrongJavaType()
2015.01.19 16:12:52.327 CET INFO: Postprocess: Process metaclasses (3 metaclasses) ...  -- TriplePostProcessor.processMetaclasses()
2015.01.19 16:12:52.327 CET INFO: 0 ms
 -- TriplePostProcessor.processMetaclasses()
2015.01.19 16:12:52.327 CET INFO: Postprocess: Process subclasses of rdf:List (1 classes) ...  -- TriplePostProcessor.processSubclassesOfRdfList()
2015.01.19 16:12:52.327 CET INFO: 0 ms
 -- TriplePostProcessor.processSubclassesOfRdfList()
2015.01.19 16:12:52.327 CET INFO: Postprocess: Instances with multiple types (15 instances) ...  -- TriplePostProcessor.processInstancesWithMultipleTypes()
2015.01.19 16:12:52.327 CET INFO: 0 ms
 -- TriplePostProcessor.processInstancesWithMultipleTypes()
2015.01.19 16:12:52.327 CET INFO: Postprocess: Add inferred superclasses ...  -- TriplePostProcessor.processInferredSuperclasses()
2015.01.19 16:12:52.327 CET INFO: 0 ms
 -- TriplePostProcessor.processInferredSuperclasses()
2015.01.19 16:12:52.338 CET INFO: Postprocess: Process orphan classes (62 classes) ...  -- TriplePostProcessor.processOrphanClses()
2015.01.19 16:12:52.338 CET INFO: 0 ms
 -- TriplePostProcessor.processOrphanClses()
2015.01.19 16:12:52.338 CET INFO: Postprocess: Generalized Concept Inclusion (0 axioms) ...  -- TriplePostProcessor.processGeneralizedConceptInclusions()
2015.01.19 16:12:52.348 CET INFO: 10 ms
 -- TriplePostProcessor.processGeneralizedConceptInclusions()
2015.01.19 16:12:52.348 CET INFO: Postprocess: Abstract classes...  -- TriplePostProcessor.processAbstractClasses()
2015.01.19 16:12:52.348 CET INFO: 0 ms
 -- TriplePostProcessor.processAbstractClasses()
2015.01.19 16:12:52.348 CET INFO: Postprocess: Domain and range of properties...  -- TriplePostProcessor.processDomainAndRange()
2015.01.19 16:12:52.358 CET INFO: 10 ms
 -- TriplePostProcessor.processDomainAndRange()
2015.01.19 16:12:52.358 CET INFO: Postprocess: Possibly typed entities (0 resources) ...  -- TriplePostProcessor.processPossiblyTypedResources()
2015.01.19 16:12:52.358 CET INFO: 0 ms
 -- TriplePostProcessor.processPossiblyTypedResources()
2015.01.19 16:12:52.358 CET INFO: Updating underlying frames model in 0 ms -- ProtegeOWLParser.doFinalPostProcessing()
2015.01.19 16:12:52.398 CET WARNING: Invalid frame type: DefaultOWLNamedClass(http://www.owl-ontologies.com/Ontology1417515237.owl#Historien) -- AbstractRedirectingDispatch.getDirectOwnSlotValues()
2015.01.19 16:16:32.152 CET INFO: *** SYSTEM START ***
2015.01.19 16:16:33.241 CET WARNING: [Local Folder Repository] The specified file must be a directory. (D:\Ontologie_Owl\annotator\plugins\edu.stanford.smi.protegex.owl) -- LocalFolderRepository.update()
2015.01.19 16:16:33.274 CET INFO: Loading triples for: null -- ProtegeOWLParser.loadTriples()
2015.01.19 16:16:34.349 CET INFO:     Completed triple loading after 841 ms -- ProtegeOWLParser.loadTriples()
2015.01.19 16:16:34.349 CET INFO: Postprocess: Process entities with incorrect Java type (0 entities) ...  -- TriplePostProcessor.processFramesWithWrongJavaType()
2015.01.19 16:16:34.349 CET INFO: 0 ms
 -- TriplePostProcessor.processFramesWithWrongJavaType()
2015.01.19 16:16:34.365 CET INFO: Postprocess: Process metaclasses (3 metaclasses) ...  -- TriplePostProcessor.processMetaclasses()
2015.01.19 16:16:34.365 CET INFO: 0 ms
 -- TriplePostProcessor.processMetaclasses()
2015.01.19 16:16:34.365 CET INFO: Postprocess: Process subclasses of rdf:List (1 classes) ...  -- TriplePostProcessor.processSubclassesOfRdfList()
2015.01.19 16:16:34.365 CET INFO: 0 ms
 -- TriplePostProcessor.processSubclassesOfRdfList()
2015.01.19 16:16:34.365 CET INFO: Postprocess: Instances with multiple types (15 instances) ...  -- TriplePostProcessor.processInstancesWithMultipleTypes()
2015.01.19 16:16:34.365 CET INFO: 0 ms
 -- TriplePostProcessor.processInstancesWithMultipleTypes()
2015.01.19 16:16:34.365 CET INFO: Postprocess: Add inferred superclasses ...  -- TriplePostProcessor.processInferredSuperclasses()
2015.01.19 16:16:34.365 CET INFO: 0 ms
 -- TriplePostProcessor.processInferredSuperclasses()
2015.01.19 16:16:34.365 CET INFO: Postprocess: Process orphan classes (62 classes) ...  -- TriplePostProcessor.processOrphanClses()
2015.01.19 16:16:34.381 CET INFO: 16 ms
 -- TriplePostProcessor.processOrphanClses()
2015.01.19 16:16:34.381 CET INFO: Postprocess: Generalized Concept Inclusion (0 axioms) ...  -- TriplePostProcessor.processGeneralizedConceptInclusions()
2015.01.19 16:16:34.382 CET INFO: 1 ms
 -- TriplePostProcessor.processGeneralizedConceptInclusions()
2015.01.19 16:16:34.382 CET INFO: Postprocess: Abstract classes...  -- TriplePostProcessor.processAbstractClasses()
2015.01.19 16:16:34.382 CET INFO: 0 ms
 -- TriplePostProcessor.processAbstractClasses()
2015.01.19 16:16:34.382 CET INFO: Postprocess: Domain and range of properties...  -- TriplePostProcessor.processDomainAndRange()
2015.01.19 16:16:34.382 CET INFO: 0 ms
 -- TriplePostProcessor.processDomainAndRange()
2015.01.19 16:16:34.382 CET INFO: Postprocess: Possibly typed entities (0 resources) ...  -- TriplePostProcessor.processPossiblyTypedResources()
2015.01.19 16:16:34.382 CET INFO: 0 ms
 -- TriplePostProcessor.processPossiblyTypedResources()
2015.01.19 16:16:34.397 CET INFO: Updating underlying frames model in 0 ms -- ProtegeOWLParser.doFinalPostProcessing()
2015.01.19 16:16:34.428 CET WARNING: Invalid frame type: DefaultOWLNamedClass(http://www.owl-ontologies.com/Ontology1417515237.owl#Historien) -- AbstractRedirectingDispatch.getDirectOwnSlotValues()
2015.01.19 16:17:31.954 CET INFO: *** SYSTEM START ***
2015.01.19 16:17:33.041 CET WARNING: [Local Folder Repository] The specified file must be a directory. (D:\Ontologie_Owl\annotator\plugins\edu.stanford.smi.protegex.owl) -- LocalFolderRepository.update()
2015.01.19 16:17:33.073 CET INFO: Loading triples for: null -- ProtegeOWLParser.loadTriples()
2015.01.19 16:17:34.136 CET INFO:     Completed triple loading after 845 ms -- ProtegeOWLParser.loadTriples()
2015.01.19 16:17:34.136 CET INFO: Postprocess: Process entities with incorrect Java type (0 entities) ...  -- TriplePostProcessor.processFramesWithWrongJavaType()
2015.01.19 16:17:34.151 CET INFO: 0 ms
 -- TriplePostProcessor.processFramesWithWrongJavaType()
2015.01.19 16:17:34.151 CET INFO: Postprocess: Process metaclasses (3 metaclasses) ...  -- TriplePostProcessor.processMetaclasses()
2015.01.19 16:17:34.151 CET INFO: 0 ms
 -- TriplePostProcessor.processMetaclasses()
2015.01.19 16:17:34.151 CET INFO: Postprocess: Process subclasses of rdf:List (1 classes) ...  -- TriplePostProcessor.processSubclassesOfRdfList()
2015.01.19 16:17:34.151 CET INFO: 0 ms
 -- TriplePostProcessor.processSubclassesOfRdfList()
2015.01.19 16:17:34.151 CET INFO: Postprocess: Instances with multiple types (15 instances) ...  -- TriplePostProcessor.processInstancesWithMultipleTypes()
2015.01.19 16:17:34.151 CET INFO: 0 ms
 -- TriplePostProcessor.processInstancesWithMultipleTypes()
2015.01.19 16:17:34.151 CET INFO: Postprocess: Add inferred superclasses ...  -- TriplePostProcessor.processInferredSuperclasses()
2015.01.19 16:17:34.151 CET INFO: 0 ms
 -- TriplePostProcessor.processInferredSuperclasses()
2015.01.19 16:17:34.151 CET INFO: Postprocess: Process orphan classes (62 classes) ...  -- TriplePostProcessor.processOrphanClses()
2015.01.19 16:17:34.167 CET INFO: 16 ms
 -- TriplePostProcessor.processOrphanClses()
2015.01.19 16:17:34.167 CET INFO: Postprocess: Generalized Concept Inclusion (0 axioms) ...  -- TriplePostProcessor.processGeneralizedConceptInclusions()
2015.01.19 16:17:34.168 CET INFO: 0 ms
 -- TriplePostProcessor.processGeneralizedConceptInclusions()
2015.01.19 16:17:34.168 CET INFO: Postprocess: Abstract classes...  -- TriplePostProcessor.processAbstractClasses()
2015.01.19 16:17:34.168 CET INFO: 0 ms
 -- TriplePostProcessor.processAbstractClasses()
2015.01.19 16:17:34.168 CET INFO: Postprocess: Domain and range of properties...  -- TriplePostProcessor.processDomainAndRange()
2015.01.19 16:17:34.168 CET INFO: 0 ms
 -- TriplePostProcessor.processDomainAndRange()
2015.01.19 16:17:34.168 CET INFO: Postprocess: Possibly typed entities (0 resources) ...  -- TriplePostProcessor.processPossiblyTypedResources()
2015.01.19 16:17:34.183 CET INFO: 0 ms
 -- TriplePostProcessor.processPossiblyTypedResources()
2015.01.19 16:17:34.183 CET INFO: Updating underlying frames model in 0 ms -- ProtegeOWLParser.doFinalPostProcessing()
2015.01.19 16:17:34.215 CET WARNING: Invalid frame type: DefaultOWLNamedClass(http://www.owl-ontologies.com/Ontology1417515237.owl#Historien) -- AbstractRedirectingDispatch.getDirectOwnSlotValues()
2015.01.19 16:18:22.503 CET INFO: *** SYSTEM START ***
2015.01.19 16:18:23.455 CET WARNING: [Local Folder Repository] The specified file must be a directory. (D:\Ontologie_Owl\annotator\plugins\edu.stanford.smi.protegex.owl) -- LocalFolderRepository.update()
2015.01.19 16:18:23.487 CET INFO: Loading triples for: null -- ProtegeOWLParser.loadTriples()
2015.01.19 16:18:24.564 CET INFO:     Completed triple loading after 858 ms -- ProtegeOWLParser.loadTriples()
2015.01.19 16:18:24.564 CET INFO: Postprocess: Process entities with incorrect Java type (0 entities) ...  -- TriplePostProcessor.processFramesWithWrongJavaType()
2015.01.19 16:18:24.564 CET INFO: 0 ms
 -- TriplePostProcessor.processFramesWithWrongJavaType()
2015.01.19 16:18:24.564 CET INFO: Postprocess: Process metaclasses (3 metaclasses) ...  -- TriplePostProcessor.processMetaclasses()
2015.01.19 16:18:24.564 CET INFO: 0 ms
 -- TriplePostProcessor.processMetaclasses()
2015.01.19 16:18:24.564 CET INFO: Postprocess: Process subclasses of rdf:List (1 classes) ...  -- TriplePostProcessor.processSubclassesOfRdfList()
2015.01.19 16:18:24.564 CET INFO: 0 ms
 -- TriplePostProcessor.processSubclassesOfRdfList()
2015.01.19 16:18:24.579 CET INFO: Postprocess: Instances with multiple types (15 instances) ...  -- TriplePostProcessor.processInstancesWithMultipleTypes()
2015.01.19 16:18:24.579 CET INFO: 0 ms
 -- TriplePostProcessor.processInstancesWithMultipleTypes()
2015.01.19 16:18:24.579 CET INFO: Postprocess: Add inferred superclasses ...  -- TriplePostProcessor.processInferredSuperclasses()
2015.01.19 16:18:24.579 CET INFO: 0 ms
 -- TriplePostProcessor.processInferredSuperclasses()
2015.01.19 16:18:24.579 CET INFO: Postprocess: Process orphan classes (62 classes) ...  -- TriplePostProcessor.processOrphanClses()
2015.01.19 16:18:24.579 CET INFO: 0 ms
 -- TriplePostProcessor.processOrphanClses()
2015.01.19 16:18:24.579 CET INFO: Postprocess: Generalized Concept Inclusion (0 axioms) ...  -- TriplePostProcessor.processGeneralizedConceptInclusions()
2015.01.19 16:18:24.595 CET INFO: 16 ms
 -- TriplePostProcessor.processGeneralizedConceptInclusions()
2015.01.19 16:18:24.596 CET INFO: Postprocess: Abstract classes...  -- TriplePostProcessor.processAbstractClasses()
2015.01.19 16:18:24.596 CET INFO: 0 ms
 -- TriplePostProcessor.processAbstractClasses()
2015.01.19 16:18:24.596 CET INFO: Postprocess: Domain and range of properties...  -- TriplePostProcessor.processDomainAndRange()
2015.01.19 16:18:24.596 CET INFO: 0 ms
 -- TriplePostProcessor.processDomainAndRange()
2015.01.19 16:18:24.596 CET INFO: Postprocess: Possibly typed entities (0 resources) ...  -- TriplePostProcessor.processPossiblyTypedResources()
2015.01.19 16:18:24.596 CET INFO: 0 ms
 -- TriplePostProcessor.processPossiblyTypedResources()
2015.01.19 16:18:24.596 CET INFO: Updating underlying frames model in 0 ms -- ProtegeOWLParser.doFinalPostProcessing()
2015.01.19 16:18:24.643 CET WARNING: Invalid frame type: DefaultOWLNamedClass(http://www.owl-ontologies.com/Ontology1417515237.owl#Historien) -- AbstractRedirectingDispatch.getDirectOwnSlotValues()
2015.01.19 16:20:20.246 CET INFO: *** SYSTEM START ***
2015.01.19 16:20:21.338 CET WARNING: [Local Folder Repository] The specified file must be a directory. (D:\Ontologie_Owl\annotator\plugins\edu.stanford.smi.protegex.owl) -- LocalFolderRepository.update()
2015.01.19 16:20:21.370 CET INFO: Loading triples for: null -- ProtegeOWLParser.loadTriples()
2015.01.19 16:20:22.493 CET INFO:     Completed triple loading after 905 ms -- ProtegeOWLParser.loadTriples()
2015.01.19 16:20:22.493 CET INFO: Postprocess: Process entities with incorrect Java type (0 entities) ...  -- TriplePostProcessor.processFramesWithWrongJavaType()
2015.01.19 16:20:22.493 CET INFO: 0 ms
 -- TriplePostProcessor.processFramesWithWrongJavaType()
2015.01.19 16:20:22.493 CET INFO: Postprocess: Process metaclasses (3 metaclasses) ...  -- TriplePostProcessor.processMetaclasses()
2015.01.19 16:20:22.493 CET INFO: 0 ms
 -- TriplePostProcessor.processMetaclasses()
2015.01.19 16:20:22.493 CET INFO: Postprocess: Process subclasses of rdf:List (1 classes) ...  -- TriplePostProcessor.processSubclassesOfRdfList()
2015.01.19 16:20:22.493 CET INFO: 0 ms
 -- TriplePostProcessor.processSubclassesOfRdfList()
2015.01.19 16:20:22.493 CET INFO: Postprocess: Instances with multiple types (12 instances) ...  -- TriplePostProcessor.processInstancesWithMultipleTypes()
2015.01.19 16:20:22.493 CET INFO: 0 ms
 -- TriplePostProcessor.processInstancesWithMultipleTypes()
2015.01.19 16:20:22.493 CET INFO: Postprocess: Add inferred superclasses ...  -- TriplePostProcessor.processInferredSuperclasses()
2015.01.19 16:20:22.493 CET INFO: 0 ms
 -- TriplePostProcessor.processInferredSuperclasses()
2015.01.19 16:20:22.509 CET INFO: Postprocess: Process orphan classes (63 classes) ...  -- TriplePostProcessor.processOrphanClses()
2015.01.19 16:20:22.509 CET INFO: 0 ms
 -- TriplePostProcessor.processOrphanClses()
2015.01.19 16:20:22.509 CET INFO: Postprocess: Generalized Concept Inclusion (0 axioms) ...  -- TriplePostProcessor.processGeneralizedConceptInclusions()
2015.01.19 16:20:22.509 CET INFO: 0 ms
 -- TriplePostProcessor.processGeneralizedConceptInclusions()
2015.01.19 16:20:22.509 CET INFO: Postprocess: Abstract classes...  -- TriplePostProcessor.processAbstractClasses()
2015.01.19 16:20:22.509 CET INFO: 0 ms
 -- TriplePostProcessor.processAbstractClasses()
2015.01.19 16:20:22.509 CET INFO: Postprocess: Domain and range of properties...  -- TriplePostProcessor.processDomainAndRange()
2015.01.19 16:20:22.524 CET INFO: 15 ms
 -- TriplePostProcessor.processDomainAndRange()
2015.01.19 16:20:22.524 CET INFO: Postprocess: Possibly typed entities (0 resources) ...  -- TriplePostProcessor.processPossiblyTypedResources()
2015.01.19 16:20:22.524 CET INFO: 0 ms
 -- TriplePostProcessor.processPossiblyTypedResources()
2015.01.19 16:20:22.524 CET INFO: Updating underlying frames model in 0 ms -- ProtegeOWLParser.doFinalPostProcessing()
2015.01.19 16:21:36.715 CET INFO: *** SYSTEM START ***
2015.01.19 16:21:37.799 CET WARNING: [Local Folder Repository] The specified file must be a directory. (D:\Ontologie_Owl\annotator\plugins\edu.stanford.smi.protegex.owl) -- LocalFolderRepository.update()
2015.01.19 16:21:37.830 CET INFO: Loading triples for: null -- ProtegeOWLParser.loadTriples()
2015.01.19 16:21:38.854 CET INFO:     Completed triple loading after 812 ms -- ProtegeOWLParser.loadTriples()
2015.01.19 16:21:38.854 CET INFO: Postprocess: Process entities with incorrect Java type (0 entities) ...  -- TriplePostProcessor.processFramesWithWrongJavaType()
2015.01.19 16:21:38.854 CET INFO: 0 ms
 -- TriplePostProcessor.processFramesWithWrongJavaType()
2015.01.19 16:21:38.854 CET INFO: Postprocess: Process metaclasses (3 metaclasses) ...  -- TriplePostProcessor.processMetaclasses()
2015.01.19 16:21:38.854 CET INFO: 0 ms
 -- TriplePostProcessor.processMetaclasses()
2015.01.19 16:21:38.854 CET INFO: Postprocess: Process subclasses of rdf:List (1 classes) ...  -- TriplePostProcessor.processSubclassesOfRdfList()
2015.01.19 16:21:38.864 CET INFO: 0 ms
 -- TriplePostProcessor.processSubclassesOfRdfList()
2015.01.19 16:21:38.864 CET INFO: Postprocess: Instances with multiple types (12 instances) ...  -- TriplePostProcessor.processInstancesWithMultipleTypes()
2015.01.19 16:21:38.864 CET INFO: 0 ms
 -- TriplePostProcessor.processInstancesWithMultipleTypes()
2015.01.19 16:21:38.864 CET INFO: Postprocess: Add inferred superclasses ...  -- TriplePostProcessor.processInferredSuperclasses()
2015.01.19 16:21:38.864 CET INFO: 0 ms
 -- TriplePostProcessor.processInferredSuperclasses()
2015.01.19 16:21:38.864 CET INFO: Postprocess: Process orphan classes (63 classes) ...  -- TriplePostProcessor.processOrphanClses()
2015.01.19 16:21:38.864 CET INFO: 0 ms
 -- TriplePostProcessor.processOrphanClses()
2015.01.19 16:21:38.864 CET INFO: Postprocess: Generalized Concept Inclusion (0 axioms) ...  -- TriplePostProcessor.processGeneralizedConceptInclusions()
2015.01.19 16:21:38.874 CET INFO: 10 ms
 -- TriplePostProcessor.processGeneralizedConceptInclusions()
2015.01.19 16:21:38.874 CET INFO: Postprocess: Abstract classes...  -- TriplePostProcessor.processAbstractClasses()
2015.01.19 16:21:38.874 CET INFO: 0 ms
 -- TriplePostProcessor.processAbstractClasses()
2015.01.19 16:21:38.874 CET INFO: Postprocess: Domain and range of properties...  -- TriplePostProcessor.processDomainAndRange()
2015.01.19 16:21:38.884 CET INFO: 10 ms
 -- TriplePostProcessor.processDomainAndRange()
2015.01.19 16:21:38.884 CET INFO: Postprocess: Possibly typed entities (0 resources) ...  -- TriplePostProcessor.processPossiblyTypedResources()
2015.01.19 16:21:38.884 CET INFO: 0 ms
 -- TriplePostProcessor.processPossiblyTypedResources()
2015.01.19 16:21:38.884 CET INFO: Updating underlying frames model in 0 ms -- ProtegeOWLParser.doFinalPostProcessing()
2015.01.19 16:40:38.636 CET INFO: *** SYSTEM START ***
2015.01.19 16:40:39.690 CET WARNING: [Local Folder Repository] The specified file must be a directory. (D:\Ontologie_Owl\annotator\plugins\edu.stanford.smi.protegex.owl) -- LocalFolderRepository.update()
2015.01.19 16:40:39.721 CET INFO: Loading triples for: null -- ProtegeOWLParser.loadTriples()
2015.01.19 16:40:40.835 CET INFO:     Completed triple loading after 867 ms -- ProtegeOWLParser.loadTriples()
2015.01.19 16:40:40.845 CET INFO: Postprocess: Process entities with incorrect Java type (0 entities) ...  -- TriplePostProcessor.processFramesWithWrongJavaType()
2015.01.19 16:40:40.845 CET INFO: 0 ms
 -- TriplePostProcessor.processFramesWithWrongJavaType()
2015.01.19 16:40:40.845 CET INFO: Postprocess: Process metaclasses (3 metaclasses) ...  -- TriplePostProcessor.processMetaclasses()
2015.01.19 16:40:40.845 CET INFO: 0 ms
 -- TriplePostProcessor.processMetaclasses()
2015.01.19 16:40:40.845 CET INFO: Postprocess: Process subclasses of rdf:List (1 classes) ...  -- TriplePostProcessor.processSubclassesOfRdfList()
2015.01.19 16:40:40.845 CET INFO: 0 ms
 -- TriplePostProcessor.processSubclassesOfRdfList()
2015.01.19 16:40:40.845 CET INFO: Postprocess: Instances with multiple types (12 instances) ...  -- TriplePostProcessor.processInstancesWithMultipleTypes()
2015.01.19 16:40:40.845 CET INFO: 0 ms
 -- TriplePostProcessor.processInstancesWithMultipleTypes()
2015.01.19 16:40:40.845 CET INFO: Postprocess: Add inferred superclasses ...  -- TriplePostProcessor.processInferredSuperclasses()
2015.01.19 16:40:40.845 CET INFO: 0 ms
 -- TriplePostProcessor.processInferredSuperclasses()
2015.01.19 16:40:40.855 CET INFO: Postprocess: Process orphan classes (63 classes) ...  -- TriplePostProcessor.processOrphanClses()
2015.01.19 16:40:40.855 CET INFO: 0 ms
 -- TriplePostProcessor.processOrphanClses()
2015.01.19 16:40:40.855 CET INFO: Postprocess: Generalized Concept Inclusion (0 axioms) ...  -- TriplePostProcessor.processGeneralizedConceptInclusions()
2015.01.19 16:40:40.865 CET INFO: 10 ms
 -- TriplePostProcessor.processGeneralizedConceptInclusions()
2015.01.19 16:40:40.866 CET INFO: Postprocess: Abstract classes...  -- TriplePostProcessor.processAbstractClasses()
2015.01.19 16:40:40.866 CET INFO: 0 ms
 -- TriplePostProcessor.processAbstractClasses()
2015.01.19 16:40:40.866 CET INFO: Postprocess: Domain and range of properties...  -- TriplePostProcessor.processDomainAndRange()
2015.01.19 16:40:40.876 CET INFO: 10 ms
 -- TriplePostProcessor.processDomainAndRange()
2015.01.19 16:40:40.876 CET INFO: Postprocess: Possibly typed entities (0 resources) ...  -- TriplePostProcessor.processPossiblyTypedResources()
2015.01.19 16:40:40.876 CET INFO: 0 ms
 -- TriplePostProcessor.processPossiblyTypedResources()
2015.01.19 16:40:40.876 CET INFO: Updating underlying frames model in 0 ms -- ProtegeOWLParser.doFinalPostProcessing()
2015.01.19 16:51:20.684 CET INFO: *** SYSTEM START ***
2015.01.19 16:51:21.605 CET WARNING: [Local Folder Repository] The specified file must be a directory. (D:\Ontologie_Owl\annotator\plugins\edu.stanford.smi.protegex.owl) -- LocalFolderRepository.update()
2015.01.19 16:51:21.637 CET INFO: Loading triples for: null -- ProtegeOWLParser.loadTriples()
2015.01.19 16:51:22.722 CET INFO:     Completed triple loading after 851 ms -- ProtegeOWLParser.loadTriples()
2015.01.19 16:51:22.738 CET INFO: Postprocess: Process entities with incorrect Java type (0 entities) ...  -- TriplePostProcessor.processFramesWithWrongJavaType()
2015.01.19 16:51:22.738 CET INFO: 0 ms
 -- TriplePostProcessor.processFramesWithWrongJavaType()
2015.01.19 16:51:22.738 CET INFO: Postprocess: Process metaclasses (3 metaclasses) ...  -- TriplePostProcessor.processMetaclasses()
2015.01.19 16:51:22.738 CET INFO: 0 ms
 -- TriplePostProcessor.processMetaclasses()
2015.01.19 16:51:22.738 CET INFO: Postprocess: Process subclasses of rdf:List (1 classes) ...  -- TriplePostProcessor.processSubclassesOfRdfList()
2015.01.19 16:51:22.738 CET INFO: 0 ms
 -- TriplePostProcessor.processSubclassesOfRdfList()
2015.01.19 16:51:22.738 CET INFO: Postprocess: Instances with multiple types (12 instances) ...  -- TriplePostProcessor.processInstancesWithMultipleTypes()
2015.01.19 16:51:22.738 CET INFO: 0 ms
 -- TriplePostProcessor.processInstancesWithMultipleTypes()
2015.01.19 16:51:22.738 CET INFO: Postprocess: Add inferred superclasses ...  -- TriplePostProcessor.processInferredSuperclasses()
2015.01.19 16:51:22.738 CET INFO: 0 ms
 -- TriplePostProcessor.processInferredSuperclasses()
2015.01.19 16:51:22.738 CET INFO: Postprocess: Process orphan classes (63 classes) ...  -- TriplePostProcessor.processOrphanClses()
2015.01.19 16:51:22.738 CET INFO: 0 ms
 -- TriplePostProcessor.processOrphanClses()
2015.01.19 16:51:22.738 CET INFO: Postprocess: Generalized Concept Inclusion (0 axioms) ...  -- TriplePostProcessor.processGeneralizedConceptInclusions()
2015.01.19 16:51:22.754 CET INFO: 16 ms
 -- TriplePostProcessor.processGeneralizedConceptInclusions()
2015.01.19 16:51:22.754 CET INFO: Postprocess: Abstract classes...  -- TriplePostProcessor.processAbstractClasses()
2015.01.19 16:51:22.754 CET INFO: 0 ms
 -- TriplePostProcessor.processAbstractClasses()
2015.01.19 16:51:22.754 CET INFO: Postprocess: Domain and range of properties...  -- TriplePostProcessor.processDomainAndRange()
2015.01.19 16:51:22.754 CET INFO: 0 ms
 -- TriplePostProcessor.processDomainAndRange()
2015.01.19 16:51:22.754 CET INFO: Postprocess: Possibly typed entities (0 resources) ...  -- TriplePostProcessor.processPossiblyTypedResources()
2015.01.19 16:51:22.754 CET INFO: 0 ms
 -- TriplePostProcessor.processPossiblyTypedResources()
2015.01.19 16:51:22.754 CET INFO: Updating underlying frames model in 0 ms -- ProtegeOWLParser.doFinalPostProcessing()
2015.01.20 13:37:19.183 CET INFO: *** SYSTEM START ***
2015.01.20 13:37:20.233 CET WARNING: [Local Folder Repository] The specified file must be a directory. (D:\Ontologie_Owl\annotator\plugins\edu.stanford.smi.protegex.owl) -- LocalFolderRepository.update()
2015.01.20 13:37:20.268 CET INFO: Loading triples for: null -- ProtegeOWLParser.loadTriples()
2015.01.20 13:37:21.352 CET INFO:     Completed triple loading after 864 ms -- ProtegeOWLParser.loadTriples()
2015.01.20 13:37:21.352 CET INFO: Postprocess: Process entities with incorrect Java type (0 entities) ...  -- TriplePostProcessor.processFramesWithWrongJavaType()
2015.01.20 13:37:21.352 CET INFO: 0 ms
 -- TriplePostProcessor.processFramesWithWrongJavaType()
2015.01.20 13:37:21.362 CET INFO: Postprocess: Process metaclasses (3 metaclasses) ...  -- TriplePostProcessor.processMetaclasses()
2015.01.20 13:37:21.362 CET INFO: 0 ms
 -- TriplePostProcessor.processMetaclasses()
2015.01.20 13:37:21.362 CET INFO: Postprocess: Process subclasses of rdf:List (1 classes) ...  -- TriplePostProcessor.processSubclassesOfRdfList()
2015.01.20 13:37:21.362 CET INFO: 0 ms
 -- TriplePostProcessor.processSubclassesOfRdfList()
2015.01.20 13:37:21.362 CET INFO: Postprocess: Instances with multiple types (12 instances) ...  -- TriplePostProcessor.processInstancesWithMultipleTypes()
2015.01.20 13:37:21.362 CET INFO: 0 ms
 -- TriplePostProcessor.processInstancesWithMultipleTypes()
2015.01.20 13:37:21.362 CET INFO: Postprocess: Add inferred superclasses ...  -- TriplePostProcessor.processInferredSuperclasses()
2015.01.20 13:37:21.362 CET INFO: 0 ms
 -- TriplePostProcessor.processInferredSuperclasses()
2015.01.20 13:37:21.362 CET INFO: Postprocess: Process orphan classes (63 classes) ...  -- TriplePostProcessor.processOrphanClses()
2015.01.20 13:37:21.373 CET INFO: 11 ms
 -- TriplePostProcessor.processOrphanClses()
2015.01.20 13:37:21.373 CET INFO: Postprocess: Generalized Concept Inclusion (0 axioms) ...  -- TriplePostProcessor.processGeneralizedConceptInclusions()
2015.01.20 13:37:21.375 CET INFO: 1 ms
 -- TriplePostProcessor.processGeneralizedConceptInclusions()
2015.01.20 13:37:21.375 CET INFO: Postprocess: Abstract classes...  -- TriplePostProcessor.processAbstractClasses()
2015.01.20 13:37:21.375 CET INFO: 0 ms
 -- TriplePostProcessor.processAbstractClasses()
2015.01.20 13:37:21.375 CET INFO: Postprocess: Domain and range of properties...  -- TriplePostProcessor.processDomainAndRange()
2015.01.20 13:37:21.385 CET INFO: 10 ms
 -- TriplePostProcessor.processDomainAndRange()
2015.01.20 13:37:21.385 CET INFO: Postprocess: Possibly typed entities (0 resources) ...  -- TriplePostProcessor.processPossiblyTypedResources()
2015.01.20 13:37:21.385 CET INFO: 0 ms
 -- TriplePostProcessor.processPossiblyTypedResources()
2015.01.20 13:37:21.385 CET INFO: Updating underlying frames model in 0 ms -- ProtegeOWLParser.doFinalPostProcessing()
2015.01.20 14:56:38.745 CET INFO: *** SYSTEM START ***
2015.01.20 14:56:39.817 CET WARNING: [Local Folder Repository] The specified file must be a directory. (D:\Ontologie_Owl\annotator\plugins\edu.stanford.smi.protegex.owl) -- LocalFolderRepository.update()
2015.01.20 14:56:39.848 CET INFO: Loading triples for: null -- ProtegeOWLParser.loadTriples()
2015.01.20 14:56:40.941 CET INFO:     Completed triple loading after 853 ms -- ProtegeOWLParser.loadTriples()
2015.01.20 14:56:40.951 CET INFO: Postprocess: Process entities with incorrect Java type (0 entities) ...  -- TriplePostProcessor.processFramesWithWrongJavaType()
2015.01.20 14:56:40.951 CET INFO: 0 ms
 -- TriplePostProcessor.processFramesWithWrongJavaType()
2015.01.20 14:56:40.951 CET INFO: Postprocess: Process metaclasses (3 metaclasses) ...  -- TriplePostProcessor.processMetaclasses()
2015.01.20 14:56:40.951 CET INFO: 0 ms
 -- TriplePostProcessor.processMetaclasses()
2015.01.20 14:56:40.951 CET INFO: Postprocess: Process subclasses of rdf:List (1 classes) ...  -- TriplePostProcessor.processSubclassesOfRdfList()
2015.01.20 14:56:40.951 CET INFO: 0 ms
 -- TriplePostProcessor.processSubclassesOfRdfList()
2015.01.20 14:56:40.951 CET INFO: Postprocess: Instances with multiple types (12 instances) ...  -- TriplePostProcessor.processInstancesWithMultipleTypes()
2015.01.20 14:56:40.951 CET INFO: 0 ms
 -- TriplePostProcessor.processInstancesWithMultipleTypes()
2015.01.20 14:56:40.951 CET INFO: Postprocess: Add inferred superclasses ...  -- TriplePostProcessor.processInferredSuperclasses()
2015.01.20 14:56:40.951 CET INFO: 0 ms
 -- TriplePostProcessor.processInferredSuperclasses()
2015.01.20 14:56:40.961 CET INFO: Postprocess: Process orphan classes (63 classes) ...  -- TriplePostProcessor.processOrphanClses()
2015.01.20 14:56:40.961 CET INFO: 0 ms
 -- TriplePostProcessor.processOrphanClses()
2015.01.20 14:56:40.961 CET INFO: Postprocess: Generalized Concept Inclusion (0 axioms) ...  -- TriplePostProcessor.processGeneralizedConceptInclusions()
2015.01.20 14:56:40.961 CET INFO: 0 ms
 -- TriplePostProcessor.processGeneralizedConceptInclusions()
2015.01.20 14:56:40.972 CET INFO: Postprocess: Abstract classes...  -- TriplePostProcessor.processAbstractClasses()
2015.01.20 14:56:40.972 CET INFO: 0 ms
 -- TriplePostProcessor.processAbstractClasses()
2015.01.20 14:56:40.972 CET INFO: Postprocess: Domain and range of properties...  -- TriplePostProcessor.processDomainAndRange()
2015.01.20 14:56:40.982 CET INFO: 10 ms
 -- TriplePostProcessor.processDomainAndRange()
2015.01.20 14:56:40.982 CET INFO: Postprocess: Possibly typed entities (0 resources) ...  -- TriplePostProcessor.processPossiblyTypedResources()
2015.01.20 14:56:40.982 CET INFO: 0 ms
 -- TriplePostProcessor.processPossiblyTypedResources()
2015.01.20 14:56:40.982 CET INFO: Updating underlying frames model in 0 ms -- ProtegeOWLParser.doFinalPostProcessing()
2015.01.20 14:59:40.419 CET INFO: *** SYSTEM START ***
2015.01.20 14:59:41.505 CET WARNING: [Local Folder Repository] The specified file must be a directory. (D:\Ontologie_Owl\annotator\plugins\edu.stanford.smi.protegex.owl) -- LocalFolderRepository.update()
2015.01.20 14:59:41.540 CET INFO: Loading triples for: null -- ProtegeOWLParser.loadTriples()
2015.01.20 14:59:42.649 CET INFO:     Completed triple loading after 861 ms -- ProtegeOWLParser.loadTriples()
2015.01.20 14:59:42.659 CET INFO: Postprocess: Process entities with incorrect Java type (0 entities) ...  -- TriplePostProcessor.processFramesWithWrongJavaType()
2015.01.20 14:59:42.659 CET INFO: 0 ms
 -- TriplePostProcessor.processFramesWithWrongJavaType()
2015.01.20 14:59:42.659 CET INFO: Postprocess: Process metaclasses (3 metaclasses) ...  -- TriplePostProcessor.processMetaclasses()
2015.01.20 14:59:42.659 CET INFO: 0 ms
 -- TriplePostProcessor.processMetaclasses()
2015.01.20 14:59:42.659 CET INFO: Postprocess: Process subclasses of rdf:List (1 classes) ...  -- TriplePostProcessor.processSubclassesOfRdfList()
2015.01.20 14:59:42.659 CET INFO: 0 ms
 -- TriplePostProcessor.processSubclassesOfRdfList()
2015.01.20 14:59:42.659 CET INFO: Postprocess: Instances with multiple types (12 instances) ...  -- TriplePostProcessor.processInstancesWithMultipleTypes()
2015.01.20 14:59:42.659 CET INFO: 0 ms
 -- TriplePostProcessor.processInstancesWithMultipleTypes()
2015.01.20 14:59:42.659 CET INFO: Postprocess: Add inferred superclasses ...  -- TriplePostProcessor.processInferredSuperclasses()
2015.01.20 14:59:42.659 CET INFO: 0 ms
 -- TriplePostProcessor.processInferredSuperclasses()
2015.01.20 14:59:42.659 CET INFO: Postprocess: Process orphan classes (63 classes) ...  -- TriplePostProcessor.processOrphanClses()
2015.01.20 14:59:42.669 CET INFO: 10 ms
 -- TriplePostProcessor.processOrphanClses()
2015.01.20 14:59:42.669 CET INFO: Postprocess: Generalized Concept Inclusion (0 axioms) ...  -- TriplePostProcessor.processGeneralizedConceptInclusions()
2015.01.20 14:59:42.669 CET INFO: 0 ms
 -- TriplePostProcessor.processGeneralizedConceptInclusions()
2015.01.20 14:59:42.669 CET INFO: Postprocess: Abstract classes...  -- TriplePostProcessor.processAbstractClasses()
2015.01.20 14:59:42.669 CET INFO: 0 ms
 -- TriplePostProcessor.processAbstractClasses()
2015.01.20 14:59:42.669 CET INFO: Postprocess: Domain and range of properties...  -- TriplePostProcessor.processDomainAndRange()
2015.01.20 14:59:42.688 CET INFO: 9 ms
 -- TriplePostProcessor.processDomainAndRange()
2015.01.20 14:59:42.689 CET INFO: Postprocess: Possibly typed entities (0 resources) ...  -- TriplePostProcessor.processPossiblyTypedResources()
2015.01.20 14:59:42.689 CET INFO: 0 ms
 -- TriplePostProcessor.processPossiblyTypedResources()
2015.01.20 14:59:42.690 CET INFO: Updating underlying frames model in 0 ms -- ProtegeOWLParser.doFinalPostProcessing()
2015.01.20 15:03:10.620 CET INFO: *** SYSTEM START ***
2015.01.20 15:03:11.723 CET WARNING: [Local Folder Repository] The specified file must be a directory. (D:\Ontologie_Owl\annotator\plugins\edu.stanford.smi.protegex.owl) -- LocalFolderRepository.update()
2015.01.20 15:03:11.754 CET INFO: Loading triples for: null -- ProtegeOWLParser.loadTriples()
2015.01.20 15:03:12.926 CET INFO:     Completed triple loading after 922 ms -- ProtegeOWLParser.loadTriples()
2015.01.20 15:03:12.936 CET INFO: Postprocess: Process entities with incorrect Java type (0 entities) ...  -- TriplePostProcessor.processFramesWithWrongJavaType()
2015.01.20 15:03:12.936 CET INFO: 0 ms
 -- TriplePostProcessor.processFramesWithWrongJavaType()
2015.01.20 15:03:12.936 CET INFO: Postprocess: Process metaclasses (3 metaclasses) ...  -- TriplePostProcessor.processMetaclasses()
2015.01.20 15:03:12.936 CET INFO: 0 ms
 -- TriplePostProcessor.processMetaclasses()
2015.01.20 15:03:12.936 CET INFO: Postprocess: Process subclasses of rdf:List (1 classes) ...  -- TriplePostProcessor.processSubclassesOfRdfList()
2015.01.20 15:03:12.936 CET INFO: 0 ms
 -- TriplePostProcessor.processSubclassesOfRdfList()
2015.01.20 15:03:12.936 CET INFO: Postprocess: Instances with multiple types (12 instances) ...  -- TriplePostProcessor.processInstancesWithMultipleTypes()
2015.01.20 15:03:12.936 CET INFO: 0 ms
 -- TriplePostProcessor.processInstancesWithMultipleTypes()
2015.01.20 15:03:12.936 CET INFO: Postprocess: Add inferred superclasses ...  -- TriplePostProcessor.processInferredSuperclasses()
2015.01.20 15:03:12.936 CET INFO: 0 ms
 -- TriplePostProcessor.processInferredSuperclasses()
2015.01.20 15:03:12.946 CET INFO: Postprocess: Process orphan classes (63 classes) ...  -- TriplePostProcessor.processOrphanClses()
2015.01.20 15:03:12.946 CET INFO: 0 ms
 -- TriplePostProcessor.processOrphanClses()
2015.01.20 15:03:12.946 CET INFO: Postprocess: Generalized Concept Inclusion (0 axioms) ...  -- TriplePostProcessor.processGeneralizedConceptInclusions()
2015.01.20 15:03:12.956 CET INFO: 10 ms
 -- TriplePostProcessor.processGeneralizedConceptInclusions()
2015.01.20 15:03:12.958 CET INFO: Postprocess: Abstract classes...  -- TriplePostProcessor.processAbstractClasses()
2015.01.20 15:03:12.958 CET INFO: 0 ms
 -- TriplePostProcessor.processAbstractClasses()
2015.01.20 15:03:12.958 CET INFO: Postprocess: Domain and range of properties...  -- TriplePostProcessor.processDomainAndRange()
2015.01.20 15:03:12.968 CET INFO: 10 ms
 -- TriplePostProcessor.processDomainAndRange()
2015.01.20 15:03:12.968 CET INFO: Postprocess: Possibly typed entities (0 resources) ...  -- TriplePostProcessor.processPossiblyTypedResources()
2015.01.20 15:03:12.968 CET INFO: 0 ms
 -- TriplePostProcessor.processPossiblyTypedResources()
2015.01.20 15:03:12.968 CET INFO: Updating underlying frames model in 0 ms -- ProtegeOWLParser.doFinalPostProcessing()
2015.01.20 15:22:06.808 CET INFO: *** SYSTEM START ***
2015.01.20 15:22:07.868 CET WARNING: [Local Folder Repository] The specified file must be a directory. (D:\Ontologie_Owl\annotator\plugins\edu.stanford.smi.protegex.owl) -- LocalFolderRepository.update()
2015.01.20 15:22:07.900 CET INFO: Loading triples for: null -- ProtegeOWLParser.loadTriples()
2015.01.20 15:22:08.984 CET INFO:     Completed triple loading after 854 ms -- ProtegeOWLParser.loadTriples()
2015.01.20 15:22:08.994 CET INFO: Postprocess: Process entities with incorrect Java type (0 entities) ...  -- TriplePostProcessor.processFramesWithWrongJavaType()
2015.01.20 15:22:08.994 CET INFO: 0 ms
 -- TriplePostProcessor.processFramesWithWrongJavaType()
2015.01.20 15:22:08.994 CET INFO: Postprocess: Process metaclasses (3 metaclasses) ...  -- TriplePostProcessor.processMetaclasses()
2015.01.20 15:22:08.994 CET INFO: 0 ms
 -- TriplePostProcessor.processMetaclasses()
2015.01.20 15:22:08.994 CET INFO: Postprocess: Process subclasses of rdf:List (1 classes) ...  -- TriplePostProcessor.processSubclassesOfRdfList()
2015.01.20 15:22:08.994 CET INFO: 0 ms
 -- TriplePostProcessor.processSubclassesOfRdfList()
2015.01.20 15:22:08.994 CET INFO: Postprocess: Instances with multiple types (12 instances) ...  -- TriplePostProcessor.processInstancesWithMultipleTypes()
2015.01.20 15:22:08.994 CET INFO: 0 ms
 -- TriplePostProcessor.processInstancesWithMultipleTypes()
2015.01.20 15:22:08.994 CET INFO: Postprocess: Add inferred superclasses ...  -- TriplePostProcessor.processInferredSuperclasses()
2015.01.20 15:22:08.994 CET INFO: 0 ms
 -- TriplePostProcessor.processInferredSuperclasses()
2015.01.20 15:22:09.004 CET INFO: Postprocess: Process orphan classes (63 classes) ...  -- TriplePostProcessor.processOrphanClses()
2015.01.20 15:22:09.004 CET INFO: 0 ms
 -- TriplePostProcessor.processOrphanClses()
2015.01.20 15:22:09.004 CET INFO: Postprocess: Generalized Concept Inclusion (0 axioms) ...  -- TriplePostProcessor.processGeneralizedConceptInclusions()
2015.01.20 15:22:09.004 CET INFO: 0 ms
 -- TriplePostProcessor.processGeneralizedConceptInclusions()
2015.01.20 15:22:09.014 CET INFO: Postprocess: Abstract classes...  -- TriplePostProcessor.processAbstractClasses()
2015.01.20 15:22:09.014 CET INFO: 0 ms
 -- TriplePostProcessor.processAbstractClasses()
2015.01.20 15:22:09.014 CET INFO: Postprocess: Domain and range of properties...  -- TriplePostProcessor.processDomainAndRange()
2015.01.20 15:22:09.024 CET INFO: 10 ms
 -- TriplePostProcessor.processDomainAndRange()
2015.01.20 15:22:09.024 CET INFO: Postprocess: Possibly typed entities (0 resources) ...  -- TriplePostProcessor.processPossiblyTypedResources()
2015.01.20 15:22:09.024 CET INFO: 0 ms
 -- TriplePostProcessor.processPossiblyTypedResources()
2015.01.20 15:22:09.024 CET INFO: Updating underlying frames model in 0 ms -- ProtegeOWLParser.doFinalPostProcessing()
2015.01.20 15:26:32.058 CET INFO: *** SYSTEM START ***
2015.01.20 15:26:33.026 CET WARNING: [Local Folder Repository] The specified file must be a directory. (D:\Ontologie_Owl\annotator\plugins\edu.stanford.smi.protegex.owl) -- LocalFolderRepository.update()
2015.01.20 15:26:33.057 CET INFO: Loading triples for: null -- ProtegeOWLParser.loadTriples()
2015.01.20 15:26:34.133 CET INFO:     Completed triple loading after 856 ms -- ProtegeOWLParser.loadTriples()
2015.01.20 15:26:34.143 CET INFO: Postprocess: Process entities with incorrect Java type (0 entities) ...  -- TriplePostProcessor.processFramesWithWrongJavaType()
2015.01.20 15:26:34.143 CET INFO: 0 ms
 -- TriplePostProcessor.processFramesWithWrongJavaType()
2015.01.20 15:26:34.143 CET INFO: Postprocess: Process metaclasses (3 metaclasses) ...  -- TriplePostProcessor.processMetaclasses()
2015.01.20 15:26:34.143 CET INFO: 0 ms
 -- TriplePostProcessor.processMetaclasses()
2015.01.20 15:26:34.143 CET INFO: Postprocess: Process subclasses of rdf:List (1 classes) ...  -- TriplePostProcessor.processSubclassesOfRdfList()
2015.01.20 15:26:34.143 CET INFO: 0 ms
 -- TriplePostProcessor.processSubclassesOfRdfList()
2015.01.20 15:26:34.143 CET INFO: Postprocess: Instances with multiple types (12 instances) ...  -- TriplePostProcessor.processInstancesWithMultipleTypes()
2015.01.20 15:26:34.143 CET INFO: 0 ms
 -- TriplePostProcessor.processInstancesWithMultipleTypes()
2015.01.20 15:26:34.143 CET INFO: Postprocess: Add inferred superclasses ...  -- TriplePostProcessor.processInferredSuperclasses()
2015.01.20 15:26:34.143 CET INFO: 0 ms
 -- TriplePostProcessor.processInferredSuperclasses()
2015.01.20 15:26:34.153 CET INFO: Postprocess: Process orphan classes (63 classes) ...  -- TriplePostProcessor.processOrphanClses()
2015.01.20 15:26:34.153 CET INFO: 0 ms
 -- TriplePostProcessor.processOrphanClses()
2015.01.20 15:26:34.153 CET INFO: Postprocess: Generalized Concept Inclusion (0 axioms) ...  -- TriplePostProcessor.processGeneralizedConceptInclusions()
2015.01.20 15:26:34.153 CET INFO: 0 ms
 -- TriplePostProcessor.processGeneralizedConceptInclusions()
2015.01.20 15:26:34.163 CET INFO: Postprocess: Abstract classes...  -- TriplePostProcessor.processAbstractClasses()
2015.01.20 15:26:34.164 CET INFO: 0 ms
 -- TriplePostProcessor.processAbstractClasses()
2015.01.20 15:26:34.164 CET INFO: Postprocess: Domain and range of properties...  -- TriplePostProcessor.processDomainAndRange()
2015.01.20 15:26:34.174 CET INFO: 10 ms
 -- TriplePostProcessor.processDomainAndRange()
2015.01.20 15:26:34.174 CET INFO: Postprocess: Possibly typed entities (0 resources) ...  -- TriplePostProcessor.processPossiblyTypedResources()
2015.01.20 15:26:34.174 CET INFO: 0 ms
 -- TriplePostProcessor.processPossiblyTypedResources()
2015.01.20 15:26:34.174 CET INFO: Updating underlying frames model in 0 ms -- ProtegeOWLParser.doFinalPostProcessing()
2015.01.20 15:34:02.579 CET INFO: *** SYSTEM START ***
2015.01.20 15:34:03.666 CET WARNING: [Local Folder Repository] The specified file must be a directory. (D:\Ontologie_Owl\annotator\plugins\edu.stanford.smi.protegex.owl) -- LocalFolderRepository.update()
2015.01.20 15:34:03.697 CET INFO: Loading triples for: null -- ProtegeOWLParser.loadTriples()
2015.01.20 15:34:04.806 CET INFO:     Completed triple loading after 882 ms -- ProtegeOWLParser.loadTriples()
2015.01.20 15:34:04.806 CET INFO: Postprocess: Process entities with incorrect Java type (0 entities) ...  -- TriplePostProcessor.processFramesWithWrongJavaType()
2015.01.20 15:34:04.806 CET INFO: 0 ms
 -- TriplePostProcessor.processFramesWithWrongJavaType()
2015.01.20 15:34:04.806 CET INFO: Postprocess: Process metaclasses (3 metaclasses) ...  -- TriplePostProcessor.processMetaclasses()
2015.01.20 15:34:04.806 CET INFO: 0 ms
 -- TriplePostProcessor.processMetaclasses()
2015.01.20 15:34:04.806 CET INFO: Postprocess: Process subclasses of rdf:List (1 classes) ...  -- TriplePostProcessor.processSubclassesOfRdfList()
2015.01.20 15:34:04.806 CET INFO: 0 ms
 -- TriplePostProcessor.processSubclassesOfRdfList()
2015.01.20 15:34:04.806 CET INFO: Postprocess: Instances with multiple types (12 instances) ...  -- TriplePostProcessor.processInstancesWithMultipleTypes()
2015.01.20 15:34:04.806 CET INFO: 0 ms
 -- TriplePostProcessor.processInstancesWithMultipleTypes()
2015.01.20 15:34:04.806 CET INFO: Postprocess: Add inferred superclasses ...  -- TriplePostProcessor.processInferredSuperclasses()
2015.01.20 15:34:04.806 CET INFO: 0 ms
 -- TriplePostProcessor.processInferredSuperclasses()
2015.01.20 15:34:04.819 CET INFO: Postprocess: Process orphan classes (63 classes) ...  -- TriplePostProcessor.processOrphanClses()
2015.01.20 15:34:04.823 CET INFO: 4 ms
 -- TriplePostProcessor.processOrphanClses()
2015.01.20 15:34:04.824 CET INFO: Postprocess: Generalized Concept Inclusion (0 axioms) ...  -- TriplePostProcessor.processGeneralizedConceptInclusions()
2015.01.20 15:34:04.826 CET INFO: 2 ms
 -- TriplePostProcessor.processGeneralizedConceptInclusions()
2015.01.20 15:34:04.829 CET INFO: Postprocess: Abstract classes...  -- TriplePostProcessor.processAbstractClasses()
2015.01.20 15:34:04.829 CET INFO: 0 ms
 -- TriplePostProcessor.processAbstractClasses()
2015.01.20 15:34:04.830 CET INFO: Postprocess: Domain and range of properties...  -- TriplePostProcessor.processDomainAndRange()
2015.01.20 15:34:04.840 CET INFO: 10 ms
 -- TriplePostProcessor.processDomainAndRange()
2015.01.20 15:34:04.841 CET INFO: Postprocess: Possibly typed entities (0 resources) ...  -- TriplePostProcessor.processPossiblyTypedResources()
2015.01.20 15:34:04.841 CET INFO: 0 ms
 -- TriplePostProcessor.processPossiblyTypedResources()
2015.01.20 15:34:04.842 CET INFO: Updating underlying frames model in 1 ms -- ProtegeOWLParser.doFinalPostProcessing()
2015.01.20 16:50:11.627 CET INFO: *** SYSTEM START ***
2015.01.20 16:50:12.515 CET WARNING: [Local Folder Repository] The specified file must be a directory. (D:\Ontologie_Owl\annotator\plugins\edu.stanford.smi.protegex.owl) -- LocalFolderRepository.update()
2015.01.20 16:50:12.546 CET INFO: Loading triples for: null -- ProtegeOWLParser.loadTriples()
2015.01.20 16:50:13.690 CET INFO:     Completed triple loading after 923 ms -- ProtegeOWLParser.loadTriples()
2015.01.20 16:50:13.690 CET INFO: Postprocess: Process entities with incorrect Java type (0 entities) ...  -- TriplePostProcessor.processFramesWithWrongJavaType()
2015.01.20 16:50:13.690 CET INFO: 0 ms
 -- TriplePostProcessor.processFramesWithWrongJavaType()
2015.01.20 16:50:13.700 CET INFO: Postprocess: Process metaclasses (3 metaclasses) ...  -- TriplePostProcessor.processMetaclasses()
2015.01.20 16:50:13.700 CET INFO: 0 ms
 -- TriplePostProcessor.processMetaclasses()
2015.01.20 16:50:13.700 CET INFO: Postprocess: Process subclasses of rdf:List (1 classes) ...  -- TriplePostProcessor.processSubclassesOfRdfList()
2015.01.20 16:50:13.700 CET INFO: 0 ms
 -- TriplePostProcessor.processSubclassesOfRdfList()
2015.01.20 16:50:13.700 CET INFO: Postprocess: Instances with multiple types (12 instances) ...  -- TriplePostProcessor.processInstancesWithMultipleTypes()
2015.01.20 16:50:13.700 CET INFO: 0 ms
 -- TriplePostProcessor.processInstancesWithMultipleTypes()
2015.01.20 16:50:13.700 CET INFO: Postprocess: Add inferred superclasses ...  -- TriplePostProcessor.processInferredSuperclasses()
2015.01.20 16:50:13.700 CET INFO: 0 ms
 -- TriplePostProcessor.processInferredSuperclasses()
2015.01.20 16:50:13.700 CET INFO: Postprocess: Process orphan classes (63 classes) ...  -- TriplePostProcessor.processOrphanClses()
2015.01.20 16:50:13.711 CET INFO: 11 ms
 -- TriplePostProcessor.processOrphanClses()
2015.01.20 16:50:13.711 CET INFO: Postprocess: Generalized Concept Inclusion (0 axioms) ...  -- TriplePostProcessor.processGeneralizedConceptInclusions()
2015.01.20 16:50:13.711 CET INFO: 0 ms
 -- TriplePostProcessor.processGeneralizedConceptInclusions()
2015.01.20 16:50:13.711 CET INFO: Postprocess: Abstract classes...  -- TriplePostProcessor.processAbstractClasses()
2015.01.20 16:50:13.711 CET INFO: 0 ms
 -- TriplePostProcessor.processAbstractClasses()
2015.01.20 16:50:13.711 CET INFO: Postprocess: Domain and range of properties...  -- TriplePostProcessor.processDomainAndRange()
2015.01.20 16:50:13.721 CET INFO: 10 ms
 -- TriplePostProcessor.processDomainAndRange()
2015.01.20 16:50:13.721 CET INFO: Postprocess: Possibly typed entities (0 resources) ...  -- TriplePostProcessor.processPossiblyTypedResources()
2015.01.20 16:50:13.721 CET INFO: 0 ms
 -- TriplePostProcessor.processPossiblyTypedResources()
2015.01.20 16:50:13.721 CET INFO: Updating underlying frames model in 0 ms -- ProtegeOWLParser.doFinalPostProcessing()
2015.01.20 16:59:36.033 CET INFO: *** SYSTEM START ***
2015.01.20 16:59:37.093 CET WARNING: [Local Folder Repository] The specified file must be a directory. (D:\Ontologie_Owl\annotator\plugins\edu.stanford.smi.protegex.owl) -- LocalFolderRepository.update()
2015.01.20 16:59:37.126 CET INFO: Loading triples for: null -- ProtegeOWLParser.loadTriples()
2015.01.20 16:59:38.187 CET INFO:     Completed triple loading after 827 ms -- ProtegeOWLParser.loadTriples()
2015.01.20 16:59:38.187 CET INFO: Postprocess: Process entities with incorrect Java type (0 entities) ...  -- TriplePostProcessor.processFramesWithWrongJavaType()
2015.01.20 16:59:38.187 CET INFO: 0 ms
 -- TriplePostProcessor.processFramesWithWrongJavaType()
2015.01.20 16:59:38.187 CET INFO: Postprocess: Process metaclasses (3 metaclasses) ...  -- TriplePostProcessor.processMetaclasses()
2015.01.20 16:59:38.187 CET INFO: 0 ms
 -- TriplePostProcessor.processMetaclasses()
2015.01.20 16:59:38.187 CET INFO: Postprocess: Process subclasses of rdf:List (1 classes) ...  -- TriplePostProcessor.processSubclassesOfRdfList()
2015.01.20 16:59:38.187 CET INFO: 0 ms
 -- TriplePostProcessor.processSubclassesOfRdfList()
2015.01.20 16:59:38.187 CET INFO: Postprocess: Instances with multiple types (12 instances) ...  -- TriplePostProcessor.processInstancesWithMultipleTypes()
2015.01.20 16:59:38.187 CET INFO: 0 ms
 -- TriplePostProcessor.processInstancesWithMultipleTypes()
2015.01.20 16:59:38.187 CET INFO: Postprocess: Add inferred superclasses ...  -- TriplePostProcessor.processInferredSuperclasses()
2015.01.20 16:59:38.187 CET INFO: 0 ms
 -- TriplePostProcessor.processInferredSuperclasses()
2015.01.20 16:59:38.203 CET INFO: Postprocess: Process orphan classes (63 classes) ...  -- TriplePostProcessor.processOrphanClses()
2015.01.20 16:59:38.203 CET INFO: 0 ms
 -- TriplePostProcessor.processOrphanClses()
2015.01.20 16:59:38.203 CET INFO: Postprocess: Generalized Concept Inclusion (0 axioms) ...  -- TriplePostProcessor.processGeneralizedConceptInclusions()
2015.01.20 16:59:38.203 CET INFO: 0 ms
 -- TriplePostProcessor.processGeneralizedConceptInclusions()
2015.01.20 16:59:38.203 CET INFO: Postprocess: Abstract classes...  -- TriplePostProcessor.processAbstractClasses()
2015.01.20 16:59:38.203 CET INFO: 0 ms
 -- TriplePostProcessor.processAbstractClasses()
2015.01.20 16:59:38.203 CET INFO: Postprocess: Domain and range of properties...  -- TriplePostProcessor.processDomainAndRange()
2015.01.20 16:59:38.220 CET INFO: 17 ms
 -- TriplePostProcessor.processDomainAndRange()
2015.01.20 16:59:38.220 CET INFO: Postprocess: Possibly typed entities (0 resources) ...  -- TriplePostProcessor.processPossiblyTypedResources()
2015.01.20 16:59:38.220 CET INFO: 0 ms
 -- TriplePostProcessor.processPossiblyTypedResources()
2015.01.20 16:59:38.220 CET INFO: Updating underlying frames model in 0 ms -- ProtegeOWLParser.doFinalPostProcessing()
