2015.01.13 11:55:57.914 CET INFO: *** SYSTEM START ***
2015.01.13 11:55:58.964 CET WARNING: [Local Folder Repository] The specified file must be a directory. (D:\Ontologie_Owl\annotator\plugins\edu.stanford.smi.protegex.owl) -- LocalFolderRepository.update()
2015.01.13 11:55:58.995 CET INFO: Loading triples for: null -- ProtegeOWLParser.loadTriples()
2015.01.13 11:55:59.755 CET INFO:     Completed triple loading after 630 ms -- ProtegeOWLParser.loadTriples()
2015.01.13 11:55:59.765 CET INFO: Postprocess: Process entities with incorrect Java type (0 entities) ...  -- TriplePostProcessor.processFramesWithWrongJavaType()
2015.01.13 11:55:59.765 CET INFO: 0 ms
 -- TriplePostProcessor.processFramesWithWrongJavaType()
2015.01.13 11:55:59.765 CET INFO: Postprocess: Process metaclasses (3 metaclasses) ...  -- TriplePostProcessor.processMetaclasses()
2015.01.13 11:55:59.765 CET INFO: 0 ms
 -- TriplePostProcessor.processMetaclasses()
2015.01.13 11:55:59.765 CET INFO: Postprocess: Process subclasses of rdf:List (1 classes) ...  -- TriplePostProcessor.processSubclassesOfRdfList()
2015.01.13 11:55:59.765 CET INFO: 0 ms
 -- TriplePostProcessor.processSubclassesOfRdfList()
2015.01.13 11:55:59.765 CET INFO: Postprocess: Instances with multiple types (15 instances) ...  -- TriplePostProcessor.processInstancesWithMultipleTypes()
2015.01.13 11:55:59.765 CET INFO: 0 ms
 -- TriplePostProcessor.processInstancesWithMultipleTypes()
2015.01.13 11:55:59.775 CET INFO: Postprocess: Add inferred superclasses ...  -- TriplePostProcessor.processInferredSuperclasses()
2015.01.13 11:55:59.775 CET INFO: 0 ms
 -- TriplePostProcessor.processInferredSuperclasses()
2015.01.13 11:55:59.775 CET INFO: Postprocess: Process orphan classes (61 classes) ...  -- TriplePostProcessor.processOrphanClses()
2015.01.13 11:55:59.775 CET INFO: 0 ms
 -- TriplePostProcessor.processOrphanClses()
2015.01.13 11:55:59.775 CET INFO: Postprocess: Generalized Concept Inclusion (0 axioms) ...  -- TriplePostProcessor.processGeneralizedConceptInclusions()
2015.01.13 11:55:59.785 CET INFO: 10 ms
 -- TriplePostProcessor.processGeneralizedConceptInclusions()
2015.01.13 11:55:59.785 CET INFO: Postprocess: Abstract classes...  -- TriplePostProcessor.processAbstractClasses()
2015.01.13 11:55:59.785 CET INFO: 0 ms
 -- TriplePostProcessor.processAbstractClasses()
2015.01.13 11:55:59.785 CET INFO: Postprocess: Domain and range of properties...  -- TriplePostProcessor.processDomainAndRange()
2015.01.13 11:55:59.795 CET INFO: 10 ms
 -- TriplePostProcessor.processDomainAndRange()
2015.01.13 11:55:59.795 CET INFO: Postprocess: Possibly typed entities (0 resources) ...  -- TriplePostProcessor.processPossiblyTypedResources()
2015.01.13 11:55:59.795 CET INFO: 0 ms
 -- TriplePostProcessor.processPossiblyTypedResources()
2015.01.13 11:55:59.795 CET INFO: Updating underlying frames model in 0 ms -- ProtegeOWLParser.doFinalPostProcessing()
2015.01.13 13:47:14.723 CET INFO: *** SYSTEM START ***
2015.01.13 13:47:15.837 CET WARNING: [Local Folder Repository] The specified file must be a directory. (D:\Ontologie_Owl\annotator\plugins\edu.stanford.smi.protegex.owl) -- LocalFolderRepository.update()
2015.01.13 13:47:15.875 CET INFO: Loading triples for: null -- ProtegeOWLParser.loadTriples()
2015.01.13 13:47:16.774 CET INFO:     Completed triple loading after 760 ms -- ProtegeOWLParser.loadTriples()
2015.01.13 13:47:16.778 CET INFO: Postprocess: Process entities with incorrect Java type (0 entities) ...  -- TriplePostProcessor.processFramesWithWrongJavaType()
2015.01.13 13:47:16.779 CET INFO: 0 ms
 -- TriplePostProcessor.processFramesWithWrongJavaType()
2015.01.13 13:47:16.780 CET INFO: Postprocess: Process metaclasses (3 metaclasses) ...  -- TriplePostProcessor.processMetaclasses()
2015.01.13 13:47:16.780 CET INFO: 0 ms
 -- TriplePostProcessor.processMetaclasses()
2015.01.13 13:47:16.781 CET INFO: Postprocess: Process subclasses of rdf:List (1 classes) ...  -- TriplePostProcessor.processSubclassesOfRdfList()
2015.01.13 13:47:16.781 CET INFO: 0 ms
 -- TriplePostProcessor.processSubclassesOfRdfList()
2015.01.13 13:47:16.782 CET INFO: Postprocess: Instances with multiple types (15 instances) ...  -- TriplePostProcessor.processInstancesWithMultipleTypes()
2015.01.13 13:47:16.786 CET INFO: 4 ms
 -- TriplePostProcessor.processInstancesWithMultipleTypes()
2015.01.13 13:47:16.787 CET INFO: Postprocess: Add inferred superclasses ...  -- TriplePostProcessor.processInferredSuperclasses()
2015.01.13 13:47:16.788 CET INFO: 0 ms
 -- TriplePostProcessor.processInferredSuperclasses()
2015.01.13 13:47:16.793 CET INFO: Postprocess: Process orphan classes (61 classes) ...  -- TriplePostProcessor.processOrphanClses()
2015.01.13 13:47:16.797 CET INFO: 4 ms
 -- TriplePostProcessor.processOrphanClses()
2015.01.13 13:47:16.797 CET INFO: Postprocess: Generalized Concept Inclusion (0 axioms) ...  -- TriplePostProcessor.processGeneralizedConceptInclusions()
2015.01.13 13:47:16.800 CET INFO: 2 ms
 -- TriplePostProcessor.processGeneralizedConceptInclusions()
2015.01.13 13:47:16.801 CET INFO: Postprocess: Abstract classes...  -- TriplePostProcessor.processAbstractClasses()
2015.01.13 13:47:16.801 CET INFO: 0 ms
 -- TriplePostProcessor.processAbstractClasses()
2015.01.13 13:47:16.802 CET INFO: Postprocess: Domain and range of properties...  -- TriplePostProcessor.processDomainAndRange()
2015.01.13 13:47:16.812 CET INFO: 10 ms
 -- TriplePostProcessor.processDomainAndRange()
2015.01.13 13:47:16.813 CET INFO: Postprocess: Possibly typed entities (0 resources) ...  -- TriplePostProcessor.processPossiblyTypedResources()
2015.01.13 13:47:16.813 CET INFO: 0 ms
 -- TriplePostProcessor.processPossiblyTypedResources()
2015.01.13 13:47:16.814 CET INFO: Updating underlying frames model in 0 ms -- ProtegeOWLParser.doFinalPostProcessing()
2015.01.14 11:50:28.631 CET INFO: *** SYSTEM START ***
2015.01.14 11:50:29.746 CET WARNING: [Local Folder Repository] The specified file must be a directory. (D:\Ontologie_Owl\annotator\plugins\edu.stanford.smi.protegex.owl) -- LocalFolderRepository.update()
2015.01.14 11:50:29.767 CET INFO: Loading triples for: null -- ProtegeOWLParser.loadTriples()
2015.01.14 11:50:30.719 CET INFO:     Completed triple loading after 752 ms -- ProtegeOWLParser.loadTriples()
2015.01.14 11:50:30.719 CET INFO: Postprocess: Process entities with incorrect Java type (0 entities) ...  -- TriplePostProcessor.processFramesWithWrongJavaType()
2015.01.14 11:50:30.719 CET INFO: 0 ms
 -- TriplePostProcessor.processFramesWithWrongJavaType()
2015.01.14 11:50:30.719 CET INFO: Postprocess: Process metaclasses (3 metaclasses) ...  -- TriplePostProcessor.processMetaclasses()
2015.01.14 11:50:30.719 CET INFO: 0 ms
 -- TriplePostProcessor.processMetaclasses()
2015.01.14 11:50:30.719 CET INFO: Postprocess: Process subclasses of rdf:List (1 classes) ...  -- TriplePostProcessor.processSubclassesOfRdfList()
2015.01.14 11:50:30.719 CET INFO: 0 ms
 -- TriplePostProcessor.processSubclassesOfRdfList()
2015.01.14 11:50:30.719 CET INFO: Postprocess: Instances with multiple types (15 instances) ...  -- TriplePostProcessor.processInstancesWithMultipleTypes()
2015.01.14 11:50:30.729 CET INFO: 10 ms
 -- TriplePostProcessor.processInstancesWithMultipleTypes()
2015.01.14 11:50:30.729 CET INFO: Postprocess: Add inferred superclasses ...  -- TriplePostProcessor.processInferredSuperclasses()
2015.01.14 11:50:30.729 CET INFO: 0 ms
 -- TriplePostProcessor.processInferredSuperclasses()
2015.01.14 11:50:30.729 CET INFO: Postprocess: Process orphan classes (61 classes) ...  -- TriplePostProcessor.processOrphanClses()
2015.01.14 11:50:30.729 CET INFO: 0 ms
 -- TriplePostProcessor.processOrphanClses()
2015.01.14 11:50:30.729 CET INFO: Postprocess: Generalized Concept Inclusion (0 axioms) ...  -- TriplePostProcessor.processGeneralizedConceptInclusions()
2015.01.14 11:50:30.739 CET INFO: 10 ms
 -- TriplePostProcessor.processGeneralizedConceptInclusions()
2015.01.14 11:50:30.739 CET INFO: Postprocess: Abstract classes...  -- TriplePostProcessor.processAbstractClasses()
2015.01.14 11:50:30.739 CET INFO: 0 ms
 -- TriplePostProcessor.processAbstractClasses()
2015.01.14 11:50:30.739 CET INFO: Postprocess: Domain and range of properties...  -- TriplePostProcessor.processDomainAndRange()
2015.01.14 11:50:30.749 CET INFO: 10 ms
 -- TriplePostProcessor.processDomainAndRange()
2015.01.14 11:50:30.749 CET INFO: Postprocess: Possibly typed entities (0 resources) ...  -- TriplePostProcessor.processPossiblyTypedResources()
2015.01.14 11:50:30.749 CET INFO: 0 ms
 -- TriplePostProcessor.processPossiblyTypedResources()
2015.01.14 11:50:30.749 CET INFO: Updating underlying frames model in 0 ms -- ProtegeOWLParser.doFinalPostProcessing()
2015.01.14 11:51:03.196 CET INFO: *** SYSTEM START ***
2015.01.14 11:51:04.276 CET WARNING: [Local Folder Repository] The specified file must be a directory. (D:\Ontologie_Owl\annotator\plugins\edu.stanford.smi.protegex.owl) -- LocalFolderRepository.update()
2015.01.14 11:51:04.307 CET INFO: Loading triples for: null -- ProtegeOWLParser.loadTriples()
2015.01.14 11:51:05.389 CET INFO:     Completed triple loading after 872 ms -- ProtegeOWLParser.loadTriples()
2015.01.14 11:51:05.399 CET INFO: Postprocess: Process entities with incorrect Java type (0 entities) ...  -- TriplePostProcessor.processFramesWithWrongJavaType()
2015.01.14 11:51:05.399 CET INFO: 0 ms
 -- TriplePostProcessor.processFramesWithWrongJavaType()
2015.01.14 11:51:05.399 CET INFO: Postprocess: Process metaclasses (3 metaclasses) ...  -- TriplePostProcessor.processMetaclasses()
2015.01.14 11:51:05.399 CET INFO: 0 ms
 -- TriplePostProcessor.processMetaclasses()
2015.01.14 11:51:05.399 CET INFO: Postprocess: Process subclasses of rdf:List (1 classes) ...  -- TriplePostProcessor.processSubclassesOfRdfList()
2015.01.14 11:51:05.399 CET INFO: 0 ms
 -- TriplePostProcessor.processSubclassesOfRdfList()
2015.01.14 11:51:05.399 CET INFO: Postprocess: Instances with multiple types (15 instances) ...  -- TriplePostProcessor.processInstancesWithMultipleTypes()
2015.01.14 11:51:05.399 CET INFO: 0 ms
 -- TriplePostProcessor.processInstancesWithMultipleTypes()
2015.01.14 11:51:05.399 CET INFO: Postprocess: Add inferred superclasses ...  -- TriplePostProcessor.processInferredSuperclasses()
2015.01.14 11:51:05.399 CET INFO: 0 ms
 -- TriplePostProcessor.processInferredSuperclasses()
2015.01.14 11:51:05.412 CET INFO: Postprocess: Process orphan classes (61 classes) ...  -- TriplePostProcessor.processOrphanClses()
2015.01.14 11:51:05.415 CET INFO: 3 ms
 -- TriplePostProcessor.processOrphanClses()
2015.01.14 11:51:05.416 CET INFO: Postprocess: Generalized Concept Inclusion (0 axioms) ...  -- TriplePostProcessor.processGeneralizedConceptInclusions()
2015.01.14 11:51:05.419 CET INFO: 3 ms
 -- TriplePostProcessor.processGeneralizedConceptInclusions()
2015.01.14 11:51:05.421 CET INFO: Postprocess: Abstract classes...  -- TriplePostProcessor.processAbstractClasses()
2015.01.14 11:51:05.421 CET INFO: 0 ms
 -- TriplePostProcessor.processAbstractClasses()
2015.01.14 11:51:05.421 CET INFO: Postprocess: Domain and range of properties...  -- TriplePostProcessor.processDomainAndRange()
2015.01.14 11:51:05.431 CET INFO: 10 ms
 -- TriplePostProcessor.processDomainAndRange()
2015.01.14 11:51:05.431 CET INFO: Postprocess: Possibly typed entities (0 resources) ...  -- TriplePostProcessor.processPossiblyTypedResources()
2015.01.14 11:51:05.431 CET INFO: 0 ms
 -- TriplePostProcessor.processPossiblyTypedResources()
2015.01.14 11:51:05.431 CET INFO: Updating underlying frames model in 0 ms -- ProtegeOWLParser.doFinalPostProcessing()
2015.01.14 11:53:51.456 CET INFO: *** SYSTEM START ***
2015.01.14 11:53:52.496 CET WARNING: [Local Folder Repository] The specified file must be a directory. (D:\Ontologie_Owl\annotator\plugins\edu.stanford.smi.protegex.owl) -- LocalFolderRepository.update()
2015.01.14 11:53:52.527 CET INFO: Loading triples for: null -- ProtegeOWLParser.loadTriples()
2015.01.14 11:53:53.557 CET INFO:     Completed triple loading after 810 ms -- ProtegeOWLParser.loadTriples()
2015.01.14 11:53:53.557 CET INFO: Postprocess: Process entities with incorrect Java type (0 entities) ...  -- TriplePostProcessor.processFramesWithWrongJavaType()
2015.01.14 11:53:53.557 CET INFO: 0 ms
 -- TriplePostProcessor.processFramesWithWrongJavaType()
2015.01.14 11:53:53.557 CET INFO: Postprocess: Process metaclasses (3 metaclasses) ...  -- TriplePostProcessor.processMetaclasses()
2015.01.14 11:53:53.557 CET INFO: 0 ms
 -- TriplePostProcessor.processMetaclasses()
2015.01.14 11:53:53.557 CET INFO: Postprocess: Process subclasses of rdf:List (1 classes) ...  -- TriplePostProcessor.processSubclassesOfRdfList()
2015.01.14 11:53:53.557 CET INFO: 0 ms
 -- TriplePostProcessor.processSubclassesOfRdfList()
2015.01.14 11:53:53.567 CET INFO: Postprocess: Instances with multiple types (15 instances) ...  -- TriplePostProcessor.processInstancesWithMultipleTypes()
2015.01.14 11:53:53.567 CET INFO: 0 ms
 -- TriplePostProcessor.processInstancesWithMultipleTypes()
2015.01.14 11:53:53.567 CET INFO: Postprocess: Add inferred superclasses ...  -- TriplePostProcessor.processInferredSuperclasses()
2015.01.14 11:53:53.567 CET INFO: 0 ms
 -- TriplePostProcessor.processInferredSuperclasses()
2015.01.14 11:53:53.567 CET INFO: Postprocess: Process orphan classes (61 classes) ...  -- TriplePostProcessor.processOrphanClses()
2015.01.14 11:53:53.578 CET INFO: 1 ms
 -- TriplePostProcessor.processOrphanClses()
2015.01.14 11:53:53.578 CET INFO: Postprocess: Generalized Concept Inclusion (0 axioms) ...  -- TriplePostProcessor.processGeneralizedConceptInclusions()
2015.01.14 11:53:53.578 CET INFO: 0 ms
 -- TriplePostProcessor.processGeneralizedConceptInclusions()
2015.01.14 11:53:53.578 CET INFO: Postprocess: Abstract classes...  -- TriplePostProcessor.processAbstractClasses()
2015.01.14 11:53:53.578 CET INFO: 0 ms
 -- TriplePostProcessor.processAbstractClasses()
2015.01.14 11:53:53.578 CET INFO: Postprocess: Domain and range of properties...  -- TriplePostProcessor.processDomainAndRange()
2015.01.14 11:53:53.588 CET INFO: 10 ms
 -- TriplePostProcessor.processDomainAndRange()
2015.01.14 11:53:53.588 CET INFO: Postprocess: Possibly typed entities (0 resources) ...  -- TriplePostProcessor.processPossiblyTypedResources()
2015.01.14 11:53:53.588 CET INFO: 0 ms
 -- TriplePostProcessor.processPossiblyTypedResources()
2015.01.14 11:53:53.588 CET INFO: Updating underlying frames model in 0 ms -- ProtegeOWLParser.doFinalPostProcessing()
2015.01.14 11:56:09.419 CET INFO: *** SYSTEM START ***
2015.01.14 11:56:10.405 CET WARNING: [Local Folder Repository] The specified file must be a directory. (D:\Ontologie_Owl\annotator\plugins\edu.stanford.smi.protegex.owl) -- LocalFolderRepository.update()
2015.01.14 11:56:10.426 CET INFO: Loading triples for: null -- ProtegeOWLParser.loadTriples()
2015.01.14 11:56:11.453 CET INFO:     Completed triple loading after 817 ms -- ProtegeOWLParser.loadTriples()
2015.01.14 11:56:11.453 CET INFO: Postprocess: Process entities with incorrect Java type (0 entities) ...  -- TriplePostProcessor.processFramesWithWrongJavaType()
2015.01.14 11:56:11.453 CET INFO: 0 ms
 -- TriplePostProcessor.processFramesWithWrongJavaType()
2015.01.14 11:56:11.453 CET INFO: Postprocess: Process metaclasses (3 metaclasses) ...  -- TriplePostProcessor.processMetaclasses()
2015.01.14 11:56:11.453 CET INFO: 0 ms
 -- TriplePostProcessor.processMetaclasses()
2015.01.14 11:56:11.453 CET INFO: Postprocess: Process subclasses of rdf:List (1 classes) ...  -- TriplePostProcessor.processSubclassesOfRdfList()
2015.01.14 11:56:11.463 CET INFO: 10 ms
 -- TriplePostProcessor.processSubclassesOfRdfList()
2015.01.14 11:56:11.463 CET INFO: Postprocess: Instances with multiple types (15 instances) ...  -- TriplePostProcessor.processInstancesWithMultipleTypes()
2015.01.14 11:56:11.463 CET INFO: 0 ms
 -- TriplePostProcessor.processInstancesWithMultipleTypes()
2015.01.14 11:56:11.463 CET INFO: Postprocess: Add inferred superclasses ...  -- TriplePostProcessor.processInferredSuperclasses()
2015.01.14 11:56:11.463 CET INFO: 0 ms
 -- TriplePostProcessor.processInferredSuperclasses()
2015.01.14 11:56:11.473 CET INFO: Postprocess: Process orphan classes (61 classes) ...  -- TriplePostProcessor.processOrphanClses()
2015.01.14 11:56:11.474 CET INFO: 1 ms
 -- TriplePostProcessor.processOrphanClses()
2015.01.14 11:56:11.474 CET INFO: Postprocess: Generalized Concept Inclusion (0 axioms) ...  -- TriplePostProcessor.processGeneralizedConceptInclusions()
2015.01.14 11:56:11.474 CET INFO: 0 ms
 -- TriplePostProcessor.processGeneralizedConceptInclusions()
2015.01.14 11:56:11.474 CET INFO: Postprocess: Abstract classes...  -- TriplePostProcessor.processAbstractClasses()
2015.01.14 11:56:11.474 CET INFO: 0 ms
 -- TriplePostProcessor.processAbstractClasses()
2015.01.14 11:56:11.474 CET INFO: Postprocess: Domain and range of properties...  -- TriplePostProcessor.processDomainAndRange()
2015.01.14 11:56:11.484 CET INFO: 10 ms
 -- TriplePostProcessor.processDomainAndRange()
2015.01.14 11:56:11.484 CET INFO: Postprocess: Possibly typed entities (0 resources) ...  -- TriplePostProcessor.processPossiblyTypedResources()
2015.01.14 11:56:11.494 CET INFO: 0 ms
 -- TriplePostProcessor.processPossiblyTypedResources()
2015.01.14 11:56:11.494 CET INFO: Updating underlying frames model in 0 ms -- ProtegeOWLParser.doFinalPostProcessing()
2015.01.14 11:56:11.604 CET WARNING: [Local Folder Repository] The specified file must be a directory. (D:\Ontologie_Owl\annotator\plugins\edu.stanford.smi.protegex.owl) -- LocalFolderRepository.update()
2015.01.14 11:56:11.614 CET INFO: Loading triples for: null -- ProtegeOWLParser.loadTriples()
2015.01.14 11:56:11.764 CET INFO:     Completed triple loading after 150 ms -- ProtegeOWLParser.loadTriples()
2015.01.14 11:56:11.764 CET INFO: Postprocess: Process entities with incorrect Java type (0 entities) ...  -- TriplePostProcessor.processFramesWithWrongJavaType()
2015.01.14 11:56:11.764 CET INFO: 0 ms
 -- TriplePostProcessor.processFramesWithWrongJavaType()
2015.01.14 11:56:11.764 CET INFO: Postprocess: Process metaclasses (3 metaclasses) ...  -- TriplePostProcessor.processMetaclasses()
2015.01.14 11:56:11.764 CET INFO: 0 ms
 -- TriplePostProcessor.processMetaclasses()
2015.01.14 11:56:11.764 CET INFO: Postprocess: Process subclasses of rdf:List (1 classes) ...  -- TriplePostProcessor.processSubclassesOfRdfList()
2015.01.14 11:56:11.764 CET INFO: 0 ms
 -- TriplePostProcessor.processSubclassesOfRdfList()
2015.01.14 11:56:11.764 CET INFO: Postprocess: Instances with multiple types (15 instances) ...  -- TriplePostProcessor.processInstancesWithMultipleTypes()
2015.01.14 11:56:11.764 CET INFO: 0 ms
 -- TriplePostProcessor.processInstancesWithMultipleTypes()
2015.01.14 11:56:11.764 CET INFO: Postprocess: Add inferred superclasses ...  -- TriplePostProcessor.processInferredSuperclasses()
2015.01.14 11:56:11.764 CET INFO: 0 ms
 -- TriplePostProcessor.processInferredSuperclasses()
2015.01.14 11:56:11.764 CET INFO: Postprocess: Process orphan classes (61 classes) ...  -- TriplePostProcessor.processOrphanClses()
2015.01.14 11:56:11.764 CET INFO: 0 ms
 -- TriplePostProcessor.processOrphanClses()
2015.01.14 11:56:11.764 CET INFO: Postprocess: Generalized Concept Inclusion (0 axioms) ...  -- TriplePostProcessor.processGeneralizedConceptInclusions()
2015.01.14 11:56:11.774 CET INFO: 0 ms
 -- TriplePostProcessor.processGeneralizedConceptInclusions()
2015.01.14 11:56:11.774 CET INFO: Postprocess: Abstract classes...  -- TriplePostProcessor.processAbstractClasses()
2015.01.14 11:56:11.774 CET INFO: 0 ms
 -- TriplePostProcessor.processAbstractClasses()
2015.01.14 11:56:11.774 CET INFO: Postprocess: Domain and range of properties...  -- TriplePostProcessor.processDomainAndRange()
2015.01.14 11:56:11.774 CET INFO: 0 ms
 -- TriplePostProcessor.processDomainAndRange()
2015.01.14 11:56:11.774 CET INFO: Postprocess: Possibly typed entities (0 resources) ...  -- TriplePostProcessor.processPossiblyTypedResources()
2015.01.14 11:56:11.774 CET INFO: 0 ms
 -- TriplePostProcessor.processPossiblyTypedResources()
2015.01.14 11:56:11.774 CET INFO: Updating underlying frames model in 0 ms -- ProtegeOWLParser.doFinalPostProcessing()
2015.01.14 13:37:15.229 CET INFO: *** SYSTEM START ***
2015.01.14 13:37:16.239 CET WARNING: [Local Folder Repository] The specified file must be a directory. (D:\Ontologie_Owl\annotator\plugins\edu.stanford.smi.protegex.owl) -- LocalFolderRepository.update()
2015.01.14 13:37:16.270 CET INFO: Loading triples for: null -- ProtegeOWLParser.loadTriples()
2015.01.14 13:37:17.322 CET INFO:     Completed triple loading after 852 ms -- ProtegeOWLParser.loadTriples()
2015.01.14 13:37:17.322 CET INFO: Postprocess: Process entities with incorrect Java type (0 entities) ...  -- TriplePostProcessor.processFramesWithWrongJavaType()
2015.01.14 13:37:17.322 CET INFO: 0 ms
 -- TriplePostProcessor.processFramesWithWrongJavaType()
2015.01.14 13:37:17.322 CET INFO: Postprocess: Process metaclasses (3 metaclasses) ...  -- TriplePostProcessor.processMetaclasses()
2015.01.14 13:37:17.322 CET INFO: 0 ms
 -- TriplePostProcessor.processMetaclasses()
2015.01.14 13:37:17.322 CET INFO: Postprocess: Process subclasses of rdf:List (1 classes) ...  -- TriplePostProcessor.processSubclassesOfRdfList()
2015.01.14 13:37:17.322 CET INFO: 0 ms
 -- TriplePostProcessor.processSubclassesOfRdfList()
2015.01.14 13:37:17.322 CET INFO: Postprocess: Instances with multiple types (15 instances) ...  -- TriplePostProcessor.processInstancesWithMultipleTypes()
2015.01.14 13:37:17.332 CET INFO: 10 ms
 -- TriplePostProcessor.processInstancesWithMultipleTypes()
2015.01.14 13:37:17.332 CET INFO: Postprocess: Add inferred superclasses ...  -- TriplePostProcessor.processInferredSuperclasses()
2015.01.14 13:37:17.332 CET INFO: 0 ms
 -- TriplePostProcessor.processInferredSuperclasses()
2015.01.14 13:37:17.332 CET INFO: Postprocess: Process orphan classes (61 classes) ...  -- TriplePostProcessor.processOrphanClses()
2015.01.14 13:37:17.342 CET INFO: 10 ms
 -- TriplePostProcessor.processOrphanClses()
2015.01.14 13:37:17.342 CET INFO: Postprocess: Generalized Concept Inclusion (0 axioms) ...  -- TriplePostProcessor.processGeneralizedConceptInclusions()
2015.01.14 13:37:17.343 CET INFO: 0 ms
 -- TriplePostProcessor.processGeneralizedConceptInclusions()
2015.01.14 13:37:17.343 CET INFO: Postprocess: Abstract classes...  -- TriplePostProcessor.processAbstractClasses()
2015.01.14 13:37:17.343 CET INFO: 0 ms
 -- TriplePostProcessor.processAbstractClasses()
2015.01.14 13:37:17.343 CET INFO: Postprocess: Domain and range of properties...  -- TriplePostProcessor.processDomainAndRange()
2015.01.14 13:37:17.353 CET INFO: 10 ms
 -- TriplePostProcessor.processDomainAndRange()
2015.01.14 13:37:17.353 CET INFO: Postprocess: Possibly typed entities (0 resources) ...  -- TriplePostProcessor.processPossiblyTypedResources()
2015.01.14 13:37:17.353 CET INFO: 0 ms
 -- TriplePostProcessor.processPossiblyTypedResources()
2015.01.14 13:37:17.353 CET INFO: Updating underlying frames model in 0 ms -- ProtegeOWLParser.doFinalPostProcessing()
2015.01.14 13:38:25.692 CET INFO: *** SYSTEM START ***
2015.01.14 13:38:26.782 CET WARNING: [Local Folder Repository] The specified file must be a directory. (D:\Ontologie_Owl\annotator\plugins\edu.stanford.smi.protegex.owl) -- LocalFolderRepository.update()
2015.01.14 13:38:26.813 CET INFO: Loading triples for: null -- ProtegeOWLParser.loadTriples()
2015.01.14 13:38:27.895 CET INFO:     Completed triple loading after 862 ms -- ProtegeOWLParser.loadTriples()
2015.01.14 13:38:27.895 CET INFO: Postprocess: Process entities with incorrect Java type (0 entities) ...  -- TriplePostProcessor.processFramesWithWrongJavaType()
2015.01.14 13:38:27.895 CET INFO: 0 ms
 -- TriplePostProcessor.processFramesWithWrongJavaType()
2015.01.14 13:38:27.895 CET INFO: Postprocess: Process metaclasses (3 metaclasses) ...  -- TriplePostProcessor.processMetaclasses()
2015.01.14 13:38:27.895 CET INFO: 0 ms
 -- TriplePostProcessor.processMetaclasses()
2015.01.14 13:38:27.905 CET INFO: Postprocess: Process subclasses of rdf:List (1 classes) ...  -- TriplePostProcessor.processSubclassesOfRdfList()
2015.01.14 13:38:27.905 CET INFO: 0 ms
 -- TriplePostProcessor.processSubclassesOfRdfList()
2015.01.14 13:38:27.905 CET INFO: Postprocess: Instances with multiple types (15 instances) ...  -- TriplePostProcessor.processInstancesWithMultipleTypes()
2015.01.14 13:38:27.905 CET INFO: 0 ms
 -- TriplePostProcessor.processInstancesWithMultipleTypes()
2015.01.14 13:38:27.905 CET INFO: Postprocess: Add inferred superclasses ...  -- TriplePostProcessor.processInferredSuperclasses()
2015.01.14 13:38:27.905 CET INFO: 0 ms
 -- TriplePostProcessor.processInferredSuperclasses()
2015.01.14 13:38:27.915 CET INFO: Postprocess: Process orphan classes (61 classes) ...  -- TriplePostProcessor.processOrphanClses()
2015.01.14 13:38:27.915 CET INFO: 0 ms
 -- TriplePostProcessor.processOrphanClses()
2015.01.14 13:38:27.915 CET INFO: Postprocess: Generalized Concept Inclusion (0 axioms) ...  -- TriplePostProcessor.processGeneralizedConceptInclusions()
2015.01.14 13:38:27.925 CET INFO: 10 ms
 -- TriplePostProcessor.processGeneralizedConceptInclusions()
2015.01.14 13:38:27.925 CET INFO: Postprocess: Abstract classes...  -- TriplePostProcessor.processAbstractClasses()
2015.01.14 13:38:27.925 CET INFO: 0 ms
 -- TriplePostProcessor.processAbstractClasses()
2015.01.14 13:38:27.925 CET INFO: Postprocess: Domain and range of properties...  -- TriplePostProcessor.processDomainAndRange()
2015.01.14 13:38:27.935 CET INFO: 10 ms
 -- TriplePostProcessor.processDomainAndRange()
2015.01.14 13:38:27.935 CET INFO: Postprocess: Possibly typed entities (0 resources) ...  -- TriplePostProcessor.processPossiblyTypedResources()
2015.01.14 13:38:27.935 CET INFO: 0 ms
 -- TriplePostProcessor.processPossiblyTypedResources()
2015.01.14 13:38:27.935 CET INFO: Updating underlying frames model in 0 ms -- ProtegeOWLParser.doFinalPostProcessing()
2015.01.14 13:39:12.063 CET INFO: *** SYSTEM START ***
2015.01.14 13:39:13.123 CET WARNING: [Local Folder Repository] The specified file must be a directory. (D:\Ontologie_Owl\annotator\plugins\edu.stanford.smi.protegex.owl) -- LocalFolderRepository.update()
2015.01.14 13:39:13.164 CET INFO: Loading triples for: null -- ProtegeOWLParser.loadTriples()
2015.01.14 13:39:14.246 CET INFO:     Completed triple loading after 862 ms -- ProtegeOWLParser.loadTriples()
2015.01.14 13:39:14.256 CET INFO: Postprocess: Process entities with incorrect Java type (0 entities) ...  -- TriplePostProcessor.processFramesWithWrongJavaType()
2015.01.14 13:39:14.256 CET INFO: 0 ms
 -- TriplePostProcessor.processFramesWithWrongJavaType()
2015.01.14 13:39:14.256 CET INFO: Postprocess: Process metaclasses (3 metaclasses) ...  -- TriplePostProcessor.processMetaclasses()
2015.01.14 13:39:14.256 CET INFO: 0 ms
 -- TriplePostProcessor.processMetaclasses()
2015.01.14 13:39:14.256 CET INFO: Postprocess: Process subclasses of rdf:List (1 classes) ...  -- TriplePostProcessor.processSubclassesOfRdfList()
2015.01.14 13:39:14.256 CET INFO: 0 ms
 -- TriplePostProcessor.processSubclassesOfRdfList()
2015.01.14 13:39:14.256 CET INFO: Postprocess: Instances with multiple types (15 instances) ...  -- TriplePostProcessor.processInstancesWithMultipleTypes()
2015.01.14 13:39:14.256 CET INFO: 0 ms
 -- TriplePostProcessor.processInstancesWithMultipleTypes()
2015.01.14 13:39:14.256 CET INFO: Postprocess: Add inferred superclasses ...  -- TriplePostProcessor.processInferredSuperclasses()
2015.01.14 13:39:14.256 CET INFO: 0 ms
 -- TriplePostProcessor.processInferredSuperclasses()
2015.01.14 13:39:14.267 CET INFO: Postprocess: Process orphan classes (61 classes) ...  -- TriplePostProcessor.processOrphanClses()
2015.01.14 13:39:14.267 CET INFO: 0 ms
 -- TriplePostProcessor.processOrphanClses()
2015.01.14 13:39:14.267 CET INFO: Postprocess: Generalized Concept Inclusion (0 axioms) ...  -- TriplePostProcessor.processGeneralizedConceptInclusions()
2015.01.14 13:39:14.277 CET INFO: 10 ms
 -- TriplePostProcessor.processGeneralizedConceptInclusions()
2015.01.14 13:39:14.277 CET INFO: Postprocess: Abstract classes...  -- TriplePostProcessor.processAbstractClasses()
2015.01.14 13:39:14.277 CET INFO: 0 ms
 -- TriplePostProcessor.processAbstractClasses()
2015.01.14 13:39:14.277 CET INFO: Postprocess: Domain and range of properties...  -- TriplePostProcessor.processDomainAndRange()
2015.01.14 13:39:14.287 CET INFO: 10 ms
 -- TriplePostProcessor.processDomainAndRange()
2015.01.14 13:39:14.287 CET INFO: Postprocess: Possibly typed entities (0 resources) ...  -- TriplePostProcessor.processPossiblyTypedResources()
2015.01.14 13:39:14.287 CET INFO: 0 ms
 -- TriplePostProcessor.processPossiblyTypedResources()
2015.01.14 13:39:14.287 CET INFO: Updating underlying frames model in 0 ms -- ProtegeOWLParser.doFinalPostProcessing()
2015.01.14 13:44:45.337 CET INFO: *** SYSTEM START ***
2015.01.14 13:44:46.447 CET WARNING: [Local Folder Repository] The specified file must be a directory. (D:\Ontologie_Owl\annotator\plugins\edu.stanford.smi.protegex.owl) -- LocalFolderRepository.update()
2015.01.14 13:44:46.488 CET INFO: Loading triples for: null -- ProtegeOWLParser.loadTriples()
2015.01.14 13:44:47.540 CET INFO:     Completed triple loading after 832 ms -- ProtegeOWLParser.loadTriples()
2015.01.14 13:44:47.540 CET INFO: Postprocess: Process entities with incorrect Java type (0 entities) ...  -- TriplePostProcessor.processFramesWithWrongJavaType()
2015.01.14 13:44:47.540 CET INFO: 0 ms
 -- TriplePostProcessor.processFramesWithWrongJavaType()
2015.01.14 13:44:47.550 CET INFO: Postprocess: Process metaclasses (3 metaclasses) ...  -- TriplePostProcessor.processMetaclasses()
2015.01.14 13:44:47.550 CET INFO: 0 ms
 -- TriplePostProcessor.processMetaclasses()
2015.01.14 13:44:47.550 CET INFO: Postprocess: Process subclasses of rdf:List (1 classes) ...  -- TriplePostProcessor.processSubclassesOfRdfList()
2015.01.14 13:44:47.550 CET INFO: 0 ms
 -- TriplePostProcessor.processSubclassesOfRdfList()
2015.01.14 13:44:47.550 CET INFO: Postprocess: Instances with multiple types (15 instances) ...  -- TriplePostProcessor.processInstancesWithMultipleTypes()
2015.01.14 13:44:47.550 CET INFO: 0 ms
 -- TriplePostProcessor.processInstancesWithMultipleTypes()
2015.01.14 13:44:47.550 CET INFO: Postprocess: Add inferred superclasses ...  -- TriplePostProcessor.processInferredSuperclasses()
2015.01.14 13:44:47.550 CET INFO: 0 ms
 -- TriplePostProcessor.processInferredSuperclasses()
2015.01.14 13:44:47.560 CET INFO: Postprocess: Process orphan classes (61 classes) ...  -- TriplePostProcessor.processOrphanClses()
2015.01.14 13:44:47.561 CET INFO: 0 ms
 -- TriplePostProcessor.processOrphanClses()
2015.01.14 13:44:47.561 CET INFO: Postprocess: Generalized Concept Inclusion (0 axioms) ...  -- TriplePostProcessor.processGeneralizedConceptInclusions()
2015.01.14 13:44:47.561 CET INFO: 0 ms
 -- TriplePostProcessor.processGeneralizedConceptInclusions()
2015.01.14 13:44:47.561 CET INFO: Postprocess: Abstract classes...  -- TriplePostProcessor.processAbstractClasses()
2015.01.14 13:44:47.561 CET INFO: 0 ms
 -- TriplePostProcessor.processAbstractClasses()
2015.01.14 13:44:47.561 CET INFO: Postprocess: Domain and range of properties...  -- TriplePostProcessor.processDomainAndRange()
2015.01.14 13:44:47.571 CET INFO: 10 ms
 -- TriplePostProcessor.processDomainAndRange()
2015.01.14 13:44:47.571 CET INFO: Postprocess: Possibly typed entities (0 resources) ...  -- TriplePostProcessor.processPossiblyTypedResources()
2015.01.14 13:44:47.581 CET INFO: 10 ms
 -- TriplePostProcessor.processPossiblyTypedResources()
2015.01.14 13:44:47.581 CET INFO: Updating underlying frames model in 0 ms -- ProtegeOWLParser.doFinalPostProcessing()
2015.01.14 13:46:48.306 CET INFO: *** SYSTEM START ***
2015.01.14 13:46:49.256 CET WARNING: [Local Folder Repository] The specified file must be a directory. (D:\Ontologie_Owl\annotator\plugins\edu.stanford.smi.protegex.owl) -- LocalFolderRepository.update()
2015.01.14 13:46:49.287 CET INFO: Loading triples for: null -- ProtegeOWLParser.loadTriples()
2015.01.14 13:46:50.247 CET INFO:     Completed triple loading after 760 ms -- ProtegeOWLParser.loadTriples()
2015.01.14 13:46:50.257 CET INFO: Postprocess: Process entities with incorrect Java type (0 entities) ...  -- TriplePostProcessor.processFramesWithWrongJavaType()
2015.01.14 13:46:50.257 CET INFO: 0 ms
 -- TriplePostProcessor.processFramesWithWrongJavaType()
2015.01.14 13:46:50.257 CET INFO: Postprocess: Process metaclasses (3 metaclasses) ...  -- TriplePostProcessor.processMetaclasses()
2015.01.14 13:46:50.257 CET INFO: 0 ms
 -- TriplePostProcessor.processMetaclasses()
2015.01.14 13:46:50.257 CET INFO: Postprocess: Process subclasses of rdf:List (1 classes) ...  -- TriplePostProcessor.processSubclassesOfRdfList()
2015.01.14 13:46:50.257 CET INFO: 0 ms
 -- TriplePostProcessor.processSubclassesOfRdfList()
2015.01.14 13:46:50.257 CET INFO: Postprocess: Instances with multiple types (15 instances) ...  -- TriplePostProcessor.processInstancesWithMultipleTypes()
2015.01.14 13:46:50.257 CET INFO: 0 ms
 -- TriplePostProcessor.processInstancesWithMultipleTypes()
2015.01.14 13:46:50.257 CET INFO: Postprocess: Add inferred superclasses ...  -- TriplePostProcessor.processInferredSuperclasses()
2015.01.14 13:46:50.257 CET INFO: 0 ms
 -- TriplePostProcessor.processInferredSuperclasses()
2015.01.14 13:46:50.267 CET INFO: Postprocess: Process orphan classes (61 classes) ...  -- TriplePostProcessor.processOrphanClses()
2015.01.14 13:46:50.267 CET INFO: 0 ms
 -- TriplePostProcessor.processOrphanClses()
2015.01.14 13:46:50.267 CET INFO: Postprocess: Generalized Concept Inclusion (0 axioms) ...  -- TriplePostProcessor.processGeneralizedConceptInclusions()
2015.01.14 13:46:50.277 CET INFO: 10 ms
 -- TriplePostProcessor.processGeneralizedConceptInclusions()
2015.01.14 13:46:50.278 CET INFO: Postprocess: Abstract classes...  -- TriplePostProcessor.processAbstractClasses()
2015.01.14 13:46:50.278 CET INFO: 0 ms
 -- TriplePostProcessor.processAbstractClasses()
2015.01.14 13:46:50.278 CET INFO: Postprocess: Domain and range of properties...  -- TriplePostProcessor.processDomainAndRange()
2015.01.14 13:46:50.288 CET INFO: 10 ms
 -- TriplePostProcessor.processDomainAndRange()
2015.01.14 13:46:50.288 CET INFO: Postprocess: Possibly typed entities (0 resources) ...  -- TriplePostProcessor.processPossiblyTypedResources()
2015.01.14 13:46:50.288 CET INFO: 0 ms
 -- TriplePostProcessor.processPossiblyTypedResources()
2015.01.14 13:46:50.288 CET INFO: Updating underlying frames model in 0 ms -- ProtegeOWLParser.doFinalPostProcessing()
