2015.02.26 13:48:08.309 CET INFO: *** SYSTEM START ***
2015.02.26 13:48:09.359 CET WARNING: [Local Folder Repository] The specified file must be a directory. (D:\svn\semantic\java\Ontologie_Owl\annotator\plugins\edu.stanford.smi.protegex.owl) -- LocalFolderRepository.update()
2015.02.26 13:48:09.400 CET INFO: Loading triples for: null -- ProtegeOWLParser.loadTriples()
2015.02.26 13:48:10.370 CET INFO:     Completed triple loading after 860 ms -- ProtegeOWLParser.loadTriples()
2015.02.26 13:48:10.380 CET INFO: Postprocess: Process entities with incorrect Java type (0 entities) ...  -- TriplePostProcessor.processFramesWithWrongJavaType()
2015.02.26 13:48:10.380 CET INFO: 0 ms
 -- TriplePostProcessor.processFramesWithWrongJavaType()
2015.02.26 13:48:10.380 CET INFO: Postprocess: Process metaclasses (3 metaclasses) ...  -- TriplePostProcessor.processMetaclasses()
2015.02.26 13:48:10.380 CET INFO: 0 ms
 -- TriplePostProcessor.processMetaclasses()
2015.02.26 13:48:10.380 CET INFO: Postprocess: Process subclasses of rdf:List (1 classes) ...  -- TriplePostProcessor.processSubclassesOfRdfList()
2015.02.26 13:48:10.380 CET INFO: 0 ms
 -- TriplePostProcessor.processSubclassesOfRdfList()
2015.02.26 13:48:10.380 CET INFO: Postprocess: Instances with multiple types (16 instances) ...  -- TriplePostProcessor.processInstancesWithMultipleTypes()
2015.02.26 13:48:10.380 CET INFO: 0 ms
 -- TriplePostProcessor.processInstancesWithMultipleTypes()
2015.02.26 13:48:10.391 CET INFO: Postprocess: Add inferred superclasses ...  -- TriplePostProcessor.processInferredSuperclasses()
2015.02.26 13:48:10.391 CET INFO: 0 ms
 -- TriplePostProcessor.processInferredSuperclasses()
2015.02.26 13:48:10.391 CET INFO: Postprocess: Process orphan classes (65 classes) ...  -- TriplePostProcessor.processOrphanClses()
2015.02.26 13:48:10.401 CET INFO: 10 ms
 -- TriplePostProcessor.processOrphanClses()
2015.02.26 13:48:10.401 CET INFO: Postprocess: Generalized Concept Inclusion (0 axioms) ...  -- TriplePostProcessor.processGeneralizedConceptInclusions()
2015.02.26 13:48:10.401 CET INFO: 0 ms
 -- TriplePostProcessor.processGeneralizedConceptInclusions()
2015.02.26 13:48:10.401 CET INFO: Postprocess: Abstract classes...  -- TriplePostProcessor.processAbstractClasses()
2015.02.26 13:48:10.401 CET INFO: 0 ms
 -- TriplePostProcessor.processAbstractClasses()
2015.02.26 13:48:10.401 CET INFO: Postprocess: Domain and range of properties...  -- TriplePostProcessor.processDomainAndRange()
2015.02.26 13:48:10.411 CET INFO: 10 ms
 -- TriplePostProcessor.processDomainAndRange()
2015.02.26 13:48:10.411 CET INFO: Postprocess: Possibly typed entities (1 resources) ...  -- TriplePostProcessor.processPossiblyTypedResources()
2015.02.26 13:48:10.411 CET INFO: 0 ms
 -- TriplePostProcessor.processPossiblyTypedResources()
2015.02.26 13:48:10.411 CET INFO: Updating underlying frames model in 0 ms -- ProtegeOWLParser.doFinalPostProcessing()
2015.02.26 13:54:35.951 CET INFO: *** SYSTEM START ***
2015.02.26 13:54:37.021 CET WARNING: [Local Folder Repository] The specified file must be a directory. (D:\svn\semantic\java\Ontologie_Owl\annotator\plugins\edu.stanford.smi.protegex.owl) -- LocalFolderRepository.update()
2015.02.26 13:54:37.062 CET INFO: Loading triples for: null -- ProtegeOWLParser.loadTriples()
2015.02.26 13:54:38.062 CET INFO:     Completed triple loading after 880 ms -- ProtegeOWLParser.loadTriples()
2015.02.26 13:54:38.062 CET INFO: Postprocess: Process entities with incorrect Java type (0 entities) ...  -- TriplePostProcessor.processFramesWithWrongJavaType()
2015.02.26 13:54:38.062 CET INFO: 0 ms
 -- TriplePostProcessor.processFramesWithWrongJavaType()
2015.02.26 13:54:38.062 CET INFO: Postprocess: Process metaclasses (3 metaclasses) ...  -- TriplePostProcessor.processMetaclasses()
2015.02.26 13:54:38.062 CET INFO: 0 ms
 -- TriplePostProcessor.processMetaclasses()
2015.02.26 13:54:38.062 CET INFO: Postprocess: Process subclasses of rdf:List (1 classes) ...  -- TriplePostProcessor.processSubclassesOfRdfList()
2015.02.26 13:54:38.062 CET INFO: 0 ms
 -- TriplePostProcessor.processSubclassesOfRdfList()
2015.02.26 13:54:38.062 CET INFO: Postprocess: Instances with multiple types (16 instances) ...  -- TriplePostProcessor.processInstancesWithMultipleTypes()
2015.02.26 13:54:38.072 CET INFO: 10 ms
 -- TriplePostProcessor.processInstancesWithMultipleTypes()
2015.02.26 13:54:38.072 CET INFO: Postprocess: Add inferred superclasses ...  -- TriplePostProcessor.processInferredSuperclasses()
2015.02.26 13:54:38.072 CET INFO: 0 ms
 -- TriplePostProcessor.processInferredSuperclasses()
2015.02.26 13:54:38.083 CET INFO: Postprocess: Process orphan classes (65 classes) ...  -- TriplePostProcessor.processOrphanClses()
2015.02.26 13:54:38.083 CET INFO: 0 ms
 -- TriplePostProcessor.processOrphanClses()
2015.02.26 13:54:38.083 CET INFO: Postprocess: Generalized Concept Inclusion (0 axioms) ...  -- TriplePostProcessor.processGeneralizedConceptInclusions()
2015.02.26 13:54:38.083 CET INFO: 0 ms
 -- TriplePostProcessor.processGeneralizedConceptInclusions()
2015.02.26 13:54:38.083 CET INFO: Postprocess: Abstract classes...  -- TriplePostProcessor.processAbstractClasses()
2015.02.26 13:54:38.083 CET INFO: 0 ms
 -- TriplePostProcessor.processAbstractClasses()
2015.02.26 13:54:38.083 CET INFO: Postprocess: Domain and range of properties...  -- TriplePostProcessor.processDomainAndRange()
2015.02.26 13:54:38.093 CET INFO: 10 ms
 -- TriplePostProcessor.processDomainAndRange()
2015.02.26 13:54:38.103 CET INFO: Postprocess: Possibly typed entities (1 resources) ...  -- TriplePostProcessor.processPossiblyTypedResources()
2015.02.26 13:54:38.103 CET INFO: 0 ms
 -- TriplePostProcessor.processPossiblyTypedResources()
2015.02.26 13:54:38.103 CET INFO: Updating underlying frames model in 0 ms -- ProtegeOWLParser.doFinalPostProcessing()
