2014.12.09 12:06:00.494 CET INFO: *** SYSTEM START ***
2014.12.09 12:06:01.634 CET WARNING: [Local Folder Repository] The specified file must be a directory. (D:\Ontologie_Owl\annotator\plugins\edu.stanford.smi.protegex.owl) -- LocalFolderRepository.update()
2014.12.09 12:06:01.675 CET INFO: Loading triples for: null -- ProtegeOWLParser.loadTriples()
2014.12.09 12:06:02.688 CET INFO:     Completed triple loading after 793 ms -- ProtegeOWLParser.loadTriples()
2014.12.09 12:06:02.698 CET INFO: Postprocess: Process entities with incorrect Java type (0 entities) ...  -- TriplePostProcessor.processFramesWithWrongJavaType()
2014.12.09 12:06:02.698 CET INFO: 0 ms
 -- TriplePostProcessor.processFramesWithWrongJavaType()
2014.12.09 12:06:02.698 CET INFO: Postprocess: Process metaclasses (3 metaclasses) ...  -- TriplePostProcessor.processMetaclasses()
2014.12.09 12:06:02.698 CET INFO: 0 ms
 -- TriplePostProcessor.processMetaclasses()
2014.12.09 12:06:02.698 CET INFO: Postprocess: Process subclasses of rdf:List (1 classes) ...  -- TriplePostProcessor.processSubclassesOfRdfList()
2014.12.09 12:06:02.698 CET INFO: 0 ms
 -- TriplePostProcessor.processSubclassesOfRdfList()
2014.12.09 12:06:02.698 CET INFO: Postprocess: Instances with multiple types (12 instances) ...  -- TriplePostProcessor.processInstancesWithMultipleTypes()
2014.12.09 12:06:02.698 CET INFO: 0 ms
 -- TriplePostProcessor.processInstancesWithMultipleTypes()
2014.12.09 12:06:02.698 CET INFO: Postprocess: Add inferred superclasses ...  -- TriplePostProcessor.processInferredSuperclasses()
2014.12.09 12:06:02.698 CET INFO: 0 ms
 -- TriplePostProcessor.processInferredSuperclasses()
2014.12.09 12:06:02.709 CET INFO: Postprocess: Process orphan classes (60 classes) ...  -- TriplePostProcessor.processOrphanClses()
2014.12.09 12:06:02.709 CET INFO: 0 ms
 -- TriplePostProcessor.processOrphanClses()
2014.12.09 12:06:02.709 CET INFO: Postprocess: Generalized Concept Inclusion (0 axioms) ...  -- TriplePostProcessor.processGeneralizedConceptInclusions()
2014.12.09 12:06:02.709 CET INFO: 0 ms
 -- TriplePostProcessor.processGeneralizedConceptInclusions()
2014.12.09 12:06:02.709 CET INFO: Postprocess: Abstract classes...  -- TriplePostProcessor.processAbstractClasses()
2014.12.09 12:06:02.719 CET INFO: 0 ms
 -- TriplePostProcessor.processAbstractClasses()
2014.12.09 12:06:02.719 CET INFO: Postprocess: Domain and range of properties...  -- TriplePostProcessor.processDomainAndRange()
2014.12.09 12:06:02.719 CET INFO: 0 ms
 -- TriplePostProcessor.processDomainAndRange()
2014.12.09 12:06:02.719 CET INFO: Postprocess: Possibly typed entities (0 resources) ...  -- TriplePostProcessor.processPossiblyTypedResources()
2014.12.09 12:06:02.719 CET INFO: 0 ms
 -- TriplePostProcessor.processPossiblyTypedResources()
2014.12.09 12:06:02.729 CET INFO: Updating underlying frames model in 0 ms -- ProtegeOWLParser.doFinalPostProcessing()
2014.12.09 12:07:19.408 CET INFO: *** SYSTEM START ***
2014.12.09 12:07:20.458 CET WARNING: [Local Folder Repository] The specified file must be a directory. (D:\Ontologie_Owl\annotator\plugins\edu.stanford.smi.protegex.owl) -- LocalFolderRepository.update()
2014.12.09 12:07:20.489 CET INFO: Loading triples for: null -- ProtegeOWLParser.loadTriples()
2014.12.09 12:07:21.536 CET INFO:     Completed triple loading after 827 ms -- ProtegeOWLParser.loadTriples()
2014.12.09 12:07:21.536 CET INFO: Postprocess: Process entities with incorrect Java type (0 entities) ...  -- TriplePostProcessor.processFramesWithWrongJavaType()
2014.12.09 12:07:21.536 CET INFO: 0 ms
 -- TriplePostProcessor.processFramesWithWrongJavaType()
2014.12.09 12:07:21.546 CET INFO: Postprocess: Process metaclasses (3 metaclasses) ...  -- TriplePostProcessor.processMetaclasses()
2014.12.09 12:07:21.546 CET INFO: 0 ms
 -- TriplePostProcessor.processMetaclasses()
2014.12.09 12:07:21.546 CET INFO: Postprocess: Process subclasses of rdf:List (1 classes) ...  -- TriplePostProcessor.processSubclassesOfRdfList()
2014.12.09 12:07:21.546 CET INFO: 0 ms
 -- TriplePostProcessor.processSubclassesOfRdfList()
2014.12.09 12:07:21.546 CET INFO: Postprocess: Instances with multiple types (12 instances) ...  -- TriplePostProcessor.processInstancesWithMultipleTypes()
2014.12.09 12:07:21.546 CET INFO: 0 ms
 -- TriplePostProcessor.processInstancesWithMultipleTypes()
2014.12.09 12:07:21.546 CET INFO: Postprocess: Add inferred superclasses ...  -- TriplePostProcessor.processInferredSuperclasses()
2014.12.09 12:07:21.546 CET INFO: 0 ms
 -- TriplePostProcessor.processInferredSuperclasses()
2014.12.09 12:07:21.557 CET INFO: Postprocess: Process orphan classes (60 classes) ...  -- TriplePostProcessor.processOrphanClses()
2014.12.09 12:07:21.557 CET INFO: 0 ms
 -- TriplePostProcessor.processOrphanClses()
2014.12.09 12:07:21.557 CET INFO: Postprocess: Generalized Concept Inclusion (0 axioms) ...  -- TriplePostProcessor.processGeneralizedConceptInclusions()
2014.12.09 12:07:21.557 CET INFO: 0 ms
 -- TriplePostProcessor.processGeneralizedConceptInclusions()
2014.12.09 12:07:21.557 CET INFO: Postprocess: Abstract classes...  -- TriplePostProcessor.processAbstractClasses()
2014.12.09 12:07:21.557 CET INFO: 0 ms
 -- TriplePostProcessor.processAbstractClasses()
2014.12.09 12:07:21.557 CET INFO: Postprocess: Domain and range of properties...  -- TriplePostProcessor.processDomainAndRange()
2014.12.09 12:07:21.567 CET INFO: 10 ms
 -- TriplePostProcessor.processDomainAndRange()
2014.12.09 12:07:21.567 CET INFO: Postprocess: Possibly typed entities (0 resources) ...  -- TriplePostProcessor.processPossiblyTypedResources()
2014.12.09 12:07:21.567 CET INFO: 0 ms
 -- TriplePostProcessor.processPossiblyTypedResources()
2014.12.09 12:07:21.577 CET INFO: Updating underlying frames model in 0 ms -- ProtegeOWLParser.doFinalPostProcessing()
2014.12.09 12:09:17.462 CET INFO: *** SYSTEM START ***
2014.12.09 12:09:18.552 CET WARNING: [Local Folder Repository] The specified file must be a directory. (D:\Ontologie_Owl\annotator\plugins\edu.stanford.smi.protegex.owl) -- LocalFolderRepository.update()
2014.12.09 12:09:18.583 CET INFO: Loading triples for: null -- ProtegeOWLParser.loadTriples()
2014.12.09 12:09:19.625 CET INFO:     Completed triple loading after 822 ms -- ProtegeOWLParser.loadTriples()
2014.12.09 12:09:19.635 CET INFO: Postprocess: Process entities with incorrect Java type (0 entities) ...  -- TriplePostProcessor.processFramesWithWrongJavaType()
2014.12.09 12:09:19.635 CET INFO: 0 ms
 -- TriplePostProcessor.processFramesWithWrongJavaType()
2014.12.09 12:09:19.635 CET INFO: Postprocess: Process metaclasses (3 metaclasses) ...  -- TriplePostProcessor.processMetaclasses()
2014.12.09 12:09:19.635 CET INFO: 0 ms
 -- TriplePostProcessor.processMetaclasses()
2014.12.09 12:09:19.635 CET INFO: Postprocess: Process subclasses of rdf:List (1 classes) ...  -- TriplePostProcessor.processSubclassesOfRdfList()
2014.12.09 12:09:19.635 CET INFO: 0 ms
 -- TriplePostProcessor.processSubclassesOfRdfList()
2014.12.09 12:09:19.635 CET INFO: Postprocess: Instances with multiple types (12 instances) ...  -- TriplePostProcessor.processInstancesWithMultipleTypes()
2014.12.09 12:09:19.635 CET INFO: 0 ms
 -- TriplePostProcessor.processInstancesWithMultipleTypes()
2014.12.09 12:09:19.635 CET INFO: Postprocess: Add inferred superclasses ...  -- TriplePostProcessor.processInferredSuperclasses()
2014.12.09 12:09:19.635 CET INFO: 0 ms
 -- TriplePostProcessor.processInferredSuperclasses()
2014.12.09 12:09:19.646 CET INFO: Postprocess: Process orphan classes (60 classes) ...  -- TriplePostProcessor.processOrphanClses()
2014.12.09 12:09:19.646 CET INFO: 0 ms
 -- TriplePostProcessor.processOrphanClses()
2014.12.09 12:09:19.646 CET INFO: Postprocess: Generalized Concept Inclusion (0 axioms) ...  -- TriplePostProcessor.processGeneralizedConceptInclusions()
2014.12.09 12:09:19.646 CET INFO: 0 ms
 -- TriplePostProcessor.processGeneralizedConceptInclusions()
2014.12.09 12:09:19.646 CET INFO: Postprocess: Abstract classes...  -- TriplePostProcessor.processAbstractClasses()
2014.12.09 12:09:19.646 CET INFO: 0 ms
 -- TriplePostProcessor.processAbstractClasses()
2014.12.09 12:09:19.646 CET INFO: Postprocess: Domain and range of properties...  -- TriplePostProcessor.processDomainAndRange()
2014.12.09 12:09:19.656 CET INFO: 0 ms
 -- TriplePostProcessor.processDomainAndRange()
2014.12.09 12:09:19.656 CET INFO: Postprocess: Possibly typed entities (0 resources) ...  -- TriplePostProcessor.processPossiblyTypedResources()
2014.12.09 12:09:19.656 CET INFO: 0 ms
 -- TriplePostProcessor.processPossiblyTypedResources()
2014.12.09 12:09:19.666 CET INFO: Updating underlying frames model in 0 ms -- ProtegeOWLParser.doFinalPostProcessing()
2014.12.09 12:09:54.234 CET INFO: *** SYSTEM START ***
2014.12.09 12:09:55.244 CET WARNING: [Local Folder Repository] The specified file must be a directory. (D:\Ontologie_Owl\annotator\plugins\edu.stanford.smi.protegex.owl) -- LocalFolderRepository.update()
2014.12.09 12:09:55.275 CET INFO: Loading triples for: null -- ProtegeOWLParser.loadTriples()
2014.12.09 12:09:56.317 CET INFO:     Completed triple loading after 832 ms -- ProtegeOWLParser.loadTriples()
2014.12.09 12:09:56.317 CET INFO: Postprocess: Process entities with incorrect Java type (0 entities) ...  -- TriplePostProcessor.processFramesWithWrongJavaType()
2014.12.09 12:09:56.317 CET INFO: 0 ms
 -- TriplePostProcessor.processFramesWithWrongJavaType()
2014.12.09 12:09:56.317 CET INFO: Postprocess: Process metaclasses (3 metaclasses) ...  -- TriplePostProcessor.processMetaclasses()
2014.12.09 12:09:56.317 CET INFO: 0 ms
 -- TriplePostProcessor.processMetaclasses()
2014.12.09 12:09:56.327 CET INFO: Postprocess: Process subclasses of rdf:List (1 classes) ...  -- TriplePostProcessor.processSubclassesOfRdfList()
2014.12.09 12:09:56.327 CET INFO: 0 ms
 -- TriplePostProcessor.processSubclassesOfRdfList()
2014.12.09 12:09:56.327 CET INFO: Postprocess: Instances with multiple types (12 instances) ...  -- TriplePostProcessor.processInstancesWithMultipleTypes()
2014.12.09 12:09:56.327 CET INFO: 0 ms
 -- TriplePostProcessor.processInstancesWithMultipleTypes()
2014.12.09 12:09:56.327 CET INFO: Postprocess: Add inferred superclasses ...  -- TriplePostProcessor.processInferredSuperclasses()
2014.12.09 12:09:56.327 CET INFO: 0 ms
 -- TriplePostProcessor.processInferredSuperclasses()
2014.12.09 12:09:56.337 CET INFO: Postprocess: Process orphan classes (60 classes) ...  -- TriplePostProcessor.processOrphanClses()
2014.12.09 12:09:56.338 CET INFO: 1 ms
 -- TriplePostProcessor.processOrphanClses()
2014.12.09 12:09:56.338 CET INFO: Postprocess: Generalized Concept Inclusion (0 axioms) ...  -- TriplePostProcessor.processGeneralizedConceptInclusions()
2014.12.09 12:09:56.338 CET INFO: 0 ms
 -- TriplePostProcessor.processGeneralizedConceptInclusions()
2014.12.09 12:09:56.338 CET INFO: Postprocess: Abstract classes...  -- TriplePostProcessor.processAbstractClasses()
2014.12.09 12:09:56.338 CET INFO: 0 ms
 -- TriplePostProcessor.processAbstractClasses()
2014.12.09 12:09:56.338 CET INFO: Postprocess: Domain and range of properties...  -- TriplePostProcessor.processDomainAndRange()
2014.12.09 12:09:56.348 CET INFO: 10 ms
 -- TriplePostProcessor.processDomainAndRange()
2014.12.09 12:09:56.348 CET INFO: Postprocess: Possibly typed entities (0 resources) ...  -- TriplePostProcessor.processPossiblyTypedResources()
2014.12.09 12:09:56.348 CET INFO: 0 ms
 -- TriplePostProcessor.processPossiblyTypedResources()
2014.12.09 12:09:56.348 CET INFO: Updating underlying frames model in 0 ms -- ProtegeOWLParser.doFinalPostProcessing()
2014.12.09 12:10:48.737 CET INFO: *** SYSTEM START ***
2014.12.09 12:10:49.813 CET WARNING: [Local Folder Repository] The specified file must be a directory. (D:\Ontologie_Owl\annotator\plugins\edu.stanford.smi.protegex.owl) -- LocalFolderRepository.update()
2014.12.09 12:10:49.847 CET INFO: Loading triples for: null -- ProtegeOWLParser.loadTriples()
2014.12.09 12:10:50.873 CET INFO:     Completed triple loading after 825 ms -- ProtegeOWLParser.loadTriples()
2014.12.09 12:10:50.877 CET INFO: Postprocess: Process entities with incorrect Java type (0 entities) ...  -- TriplePostProcessor.processFramesWithWrongJavaType()
2014.12.09 12:10:50.878 CET INFO: 0 ms
 -- TriplePostProcessor.processFramesWithWrongJavaType()
2014.12.09 12:10:50.878 CET INFO: Postprocess: Process metaclasses (3 metaclasses) ...  -- TriplePostProcessor.processMetaclasses()
2014.12.09 12:10:50.879 CET INFO: 0 ms
 -- TriplePostProcessor.processMetaclasses()
2014.12.09 12:10:50.879 CET INFO: Postprocess: Process subclasses of rdf:List (1 classes) ...  -- TriplePostProcessor.processSubclassesOfRdfList()
2014.12.09 12:10:50.880 CET INFO: 1 ms
 -- TriplePostProcessor.processSubclassesOfRdfList()
2014.12.09 12:10:50.880 CET INFO: Postprocess: Instances with multiple types (12 instances) ...  -- TriplePostProcessor.processInstancesWithMultipleTypes()
2014.12.09 12:10:50.884 CET INFO: 4 ms
 -- TriplePostProcessor.processInstancesWithMultipleTypes()
2014.12.09 12:10:50.884 CET INFO: Postprocess: Add inferred superclasses ...  -- TriplePostProcessor.processInferredSuperclasses()
2014.12.09 12:10:50.884 CET INFO: 0 ms
 -- TriplePostProcessor.processInferredSuperclasses()
2014.12.09 12:10:50.889 CET INFO: Postprocess: Process orphan classes (60 classes) ...  -- TriplePostProcessor.processOrphanClses()
2014.12.09 12:10:50.892 CET INFO: 3 ms
 -- TriplePostProcessor.processOrphanClses()
2014.12.09 12:10:50.893 CET INFO: Postprocess: Generalized Concept Inclusion (0 axioms) ...  -- TriplePostProcessor.processGeneralizedConceptInclusions()
2014.12.09 12:10:50.895 CET INFO: 2 ms
 -- TriplePostProcessor.processGeneralizedConceptInclusions()
2014.12.09 12:10:50.896 CET INFO: Postprocess: Abstract classes...  -- TriplePostProcessor.processAbstractClasses()
2014.12.09 12:10:50.896 CET INFO: 0 ms
 -- TriplePostProcessor.processAbstractClasses()
2014.12.09 12:10:50.896 CET INFO: Postprocess: Domain and range of properties...  -- TriplePostProcessor.processDomainAndRange()
2014.12.09 12:10:50.905 CET INFO: 8 ms
 -- TriplePostProcessor.processDomainAndRange()
2014.12.09 12:10:50.905 CET INFO: Postprocess: Possibly typed entities (0 resources) ...  -- TriplePostProcessor.processPossiblyTypedResources()
2014.12.09 12:10:50.906 CET INFO: 0 ms
 -- TriplePostProcessor.processPossiblyTypedResources()
2014.12.09 12:10:50.907 CET INFO: Updating underlying frames model in 0 ms -- ProtegeOWLParser.doFinalPostProcessing()
2014.12.09 12:25:33.109 CET INFO: *** SYSTEM START ***
2014.12.09 12:25:34.159 CET WARNING: [Local Folder Repository] The specified file must be a directory. (D:\Ontologie_Owl\annotator\plugins\edu.stanford.smi.protegex.owl) -- LocalFolderRepository.update()
2014.12.09 12:25:34.190 CET INFO: Loading triples for: null -- ProtegeOWLParser.loadTriples()
2014.12.09 12:25:35.242 CET INFO:     Completed triple loading after 822 ms -- ProtegeOWLParser.loadTriples()
2014.12.09 12:25:35.242 CET INFO: Postprocess: Process entities with incorrect Java type (0 entities) ...  -- TriplePostProcessor.processFramesWithWrongJavaType()
2014.12.09 12:25:35.252 CET INFO: 0 ms
 -- TriplePostProcessor.processFramesWithWrongJavaType()
2014.12.09 12:25:35.252 CET INFO: Postprocess: Process metaclasses (3 metaclasses) ...  -- TriplePostProcessor.processMetaclasses()
2014.12.09 12:25:35.252 CET INFO: 0 ms
 -- TriplePostProcessor.processMetaclasses()
2014.12.09 12:25:35.252 CET INFO: Postprocess: Process subclasses of rdf:List (1 classes) ...  -- TriplePostProcessor.processSubclassesOfRdfList()
2014.12.09 12:25:35.252 CET INFO: 0 ms
 -- TriplePostProcessor.processSubclassesOfRdfList()
2014.12.09 12:25:35.252 CET INFO: Postprocess: Instances with multiple types (12 instances) ...  -- TriplePostProcessor.processInstancesWithMultipleTypes()
2014.12.09 12:25:35.252 CET INFO: 0 ms
 -- TriplePostProcessor.processInstancesWithMultipleTypes()
2014.12.09 12:25:35.252 CET INFO: Postprocess: Add inferred superclasses ...  -- TriplePostProcessor.processInferredSuperclasses()
2014.12.09 12:25:35.252 CET INFO: 0 ms
 -- TriplePostProcessor.processInferredSuperclasses()
2014.12.09 12:25:35.263 CET INFO: Postprocess: Process orphan classes (60 classes) ...  -- TriplePostProcessor.processOrphanClses()
2014.12.09 12:25:35.263 CET INFO: 0 ms
 -- TriplePostProcessor.processOrphanClses()
2014.12.09 12:25:35.263 CET INFO: Postprocess: Generalized Concept Inclusion (0 axioms) ...  -- TriplePostProcessor.processGeneralizedConceptInclusions()
2014.12.09 12:25:35.263 CET INFO: 0 ms
 -- TriplePostProcessor.processGeneralizedConceptInclusions()
2014.12.09 12:25:35.263 CET INFO: Postprocess: Abstract classes...  -- TriplePostProcessor.processAbstractClasses()
2014.12.09 12:25:35.263 CET INFO: 0 ms
 -- TriplePostProcessor.processAbstractClasses()
2014.12.09 12:25:35.263 CET INFO: Postprocess: Domain and range of properties...  -- TriplePostProcessor.processDomainAndRange()
2014.12.09 12:25:35.273 CET INFO: 10 ms
 -- TriplePostProcessor.processDomainAndRange()
2014.12.09 12:25:35.273 CET INFO: Postprocess: Possibly typed entities (0 resources) ...  -- TriplePostProcessor.processPossiblyTypedResources()
2014.12.09 12:25:35.273 CET INFO: 0 ms
 -- TriplePostProcessor.processPossiblyTypedResources()
2014.12.09 12:25:35.283 CET INFO: Updating underlying frames model in 10 ms -- ProtegeOWLParser.doFinalPostProcessing()
2014.12.09 14:34:30.880 CET INFO: *** SYSTEM START ***
2014.12.09 14:34:31.801 CET WARNING: [Local Folder Repository] The specified file must be a directory. (D:\Ontologie_Owl\annotator\plugins\edu.stanford.smi.protegex.owl) -- LocalFolderRepository.update()
2014.12.09 14:34:31.833 CET INFO: Loading triples for: null -- ProtegeOWLParser.loadTriples()
2014.12.09 14:34:32.691 CET INFO:     Completed triple loading after 686 ms -- ProtegeOWLParser.loadTriples()
2014.12.09 14:34:32.691 CET INFO: Postprocess: Process entities with incorrect Java type (0 entities) ...  -- TriplePostProcessor.processFramesWithWrongJavaType()
2014.12.09 14:34:32.691 CET INFO: 0 ms
 -- TriplePostProcessor.processFramesWithWrongJavaType()
2014.12.09 14:34:32.691 CET INFO: Postprocess: Process metaclasses (3 metaclasses) ...  -- TriplePostProcessor.processMetaclasses()
2014.12.09 14:34:32.691 CET INFO: 0 ms
 -- TriplePostProcessor.processMetaclasses()
2014.12.09 14:34:32.691 CET INFO: Postprocess: Process subclasses of rdf:List (1 classes) ...  -- TriplePostProcessor.processSubclassesOfRdfList()
2014.12.09 14:34:32.691 CET INFO: 0 ms
 -- TriplePostProcessor.processSubclassesOfRdfList()
2014.12.09 14:34:32.691 CET INFO: Postprocess: Instances with multiple types (12 instances) ...  -- TriplePostProcessor.processInstancesWithMultipleTypes()
2014.12.09 14:34:32.691 CET INFO: 0 ms
 -- TriplePostProcessor.processInstancesWithMultipleTypes()
2014.12.09 14:34:32.691 CET INFO: Postprocess: Add inferred superclasses ...  -- TriplePostProcessor.processInferredSuperclasses()
2014.12.09 14:34:32.691 CET INFO: 0 ms
 -- TriplePostProcessor.processInferredSuperclasses()
2014.12.09 14:34:32.707 CET INFO: Postprocess: Process orphan classes (60 classes) ...  -- TriplePostProcessor.processOrphanClses()
2014.12.09 14:34:32.707 CET INFO: 0 ms
 -- TriplePostProcessor.processOrphanClses()
2014.12.09 14:34:32.707 CET INFO: Postprocess: Generalized Concept Inclusion (0 axioms) ...  -- TriplePostProcessor.processGeneralizedConceptInclusions()
2014.12.09 14:34:32.707 CET INFO: 0 ms
 -- TriplePostProcessor.processGeneralizedConceptInclusions()
2014.12.09 14:34:32.707 CET INFO: Postprocess: Abstract classes...  -- TriplePostProcessor.processAbstractClasses()
2014.12.09 14:34:32.707 CET INFO: 0 ms
 -- TriplePostProcessor.processAbstractClasses()
2014.12.09 14:34:32.707 CET INFO: Postprocess: Domain and range of properties...  -- TriplePostProcessor.processDomainAndRange()
2014.12.09 14:34:32.722 CET INFO: 15 ms
 -- TriplePostProcessor.processDomainAndRange()
2014.12.09 14:34:32.722 CET INFO: Postprocess: Possibly typed entities (0 resources) ...  -- TriplePostProcessor.processPossiblyTypedResources()
2014.12.09 14:34:32.722 CET INFO: 0 ms
 -- TriplePostProcessor.processPossiblyTypedResources()
2014.12.09 14:34:32.722 CET INFO: Updating underlying frames model in 0 ms -- ProtegeOWLParser.doFinalPostProcessing()
2014.12.09 15:09:24.618 CET INFO: *** SYSTEM START ***
2014.12.09 15:09:25.725 CET WARNING: [Local Folder Repository] The specified file must be a directory. (D:\Ontologie_Owl\annotator\plugins\edu.stanford.smi.protegex.owl) -- LocalFolderRepository.update()
2014.12.09 15:09:25.757 CET INFO: Loading triples for: null -- ProtegeOWLParser.loadTriples()
2014.12.09 15:09:26.803 CET INFO:     Completed triple loading after 827 ms -- ProtegeOWLParser.loadTriples()
2014.12.09 15:09:26.818 CET INFO: Postprocess: Process entities with incorrect Java type (0 entities) ...  -- TriplePostProcessor.processFramesWithWrongJavaType()
2014.12.09 15:09:26.818 CET INFO: 0 ms
 -- TriplePostProcessor.processFramesWithWrongJavaType()
2014.12.09 15:09:26.818 CET INFO: Postprocess: Process metaclasses (3 metaclasses) ...  -- TriplePostProcessor.processMetaclasses()
2014.12.09 15:09:26.818 CET INFO: 0 ms
 -- TriplePostProcessor.processMetaclasses()
2014.12.09 15:09:26.818 CET INFO: Postprocess: Process subclasses of rdf:List (1 classes) ...  -- TriplePostProcessor.processSubclassesOfRdfList()
2014.12.09 15:09:26.818 CET INFO: 0 ms
 -- TriplePostProcessor.processSubclassesOfRdfList()
2014.12.09 15:09:26.818 CET INFO: Postprocess: Instances with multiple types (15 instances) ...  -- TriplePostProcessor.processInstancesWithMultipleTypes()
2014.12.09 15:09:26.818 CET INFO: 0 ms
 -- TriplePostProcessor.processInstancesWithMultipleTypes()
2014.12.09 15:09:26.818 CET INFO: Postprocess: Add inferred superclasses ...  -- TriplePostProcessor.processInferredSuperclasses()
2014.12.09 15:09:26.818 CET INFO: 0 ms
 -- TriplePostProcessor.processInferredSuperclasses()
2014.12.09 15:09:26.818 CET INFO: Postprocess: Process orphan classes (60 classes) ...  -- TriplePostProcessor.processOrphanClses()
2014.12.09 15:09:26.834 CET INFO: 16 ms
 -- TriplePostProcessor.processOrphanClses()
2014.12.09 15:09:26.834 CET INFO: Postprocess: Generalized Concept Inclusion (0 axioms) ...  -- TriplePostProcessor.processGeneralizedConceptInclusions()
2014.12.09 15:09:26.834 CET INFO: 0 ms
 -- TriplePostProcessor.processGeneralizedConceptInclusions()
2014.12.09 15:09:26.834 CET INFO: Postprocess: Abstract classes...  -- TriplePostProcessor.processAbstractClasses()
2014.12.09 15:09:26.834 CET INFO: 0 ms
 -- TriplePostProcessor.processAbstractClasses()
2014.12.09 15:09:26.834 CET INFO: Postprocess: Domain and range of properties...  -- TriplePostProcessor.processDomainAndRange()
2014.12.09 15:09:26.834 CET INFO: 0 ms
 -- TriplePostProcessor.processDomainAndRange()
2014.12.09 15:09:26.834 CET INFO: Postprocess: Possibly typed entities (0 resources) ...  -- TriplePostProcessor.processPossiblyTypedResources()
2014.12.09 15:09:26.834 CET INFO: 0 ms
 -- TriplePostProcessor.processPossiblyTypedResources()
2014.12.09 15:09:26.849 CET INFO: Updating underlying frames model in 15 ms -- ProtegeOWLParser.doFinalPostProcessing()
2014.12.09 15:29:32.273 CET INFO: *** SYSTEM START ***
2014.12.09 15:29:33.363 CET WARNING: [Local Folder Repository] The specified file must be a directory. (D:\Ontologie_Owl\annotator\plugins\edu.stanford.smi.protegex.owl) -- LocalFolderRepository.update()
2014.12.09 15:29:33.404 CET INFO: Loading triples for: null -- ProtegeOWLParser.loadTriples()
2014.12.09 15:29:34.486 CET INFO:     Completed triple loading after 852 ms -- ProtegeOWLParser.loadTriples()
2014.12.09 15:29:34.486 CET INFO: Postprocess: Process entities with incorrect Java type (0 entities) ...  -- TriplePostProcessor.processFramesWithWrongJavaType()
2014.12.09 15:29:34.486 CET INFO: 0 ms
 -- TriplePostProcessor.processFramesWithWrongJavaType()
2014.12.09 15:29:34.486 CET INFO: Postprocess: Process metaclasses (3 metaclasses) ...  -- TriplePostProcessor.processMetaclasses()
2014.12.09 15:29:34.486 CET INFO: 0 ms
 -- TriplePostProcessor.processMetaclasses()
2014.12.09 15:29:34.486 CET INFO: Postprocess: Process subclasses of rdf:List (1 classes) ...  -- TriplePostProcessor.processSubclassesOfRdfList()
2014.12.09 15:29:34.486 CET INFO: 0 ms
 -- TriplePostProcessor.processSubclassesOfRdfList()
2014.12.09 15:29:34.486 CET INFO: Postprocess: Instances with multiple types (15 instances) ...  -- TriplePostProcessor.processInstancesWithMultipleTypes()
2014.12.09 15:29:34.496 CET INFO: 10 ms
 -- TriplePostProcessor.processInstancesWithMultipleTypes()
2014.12.09 15:29:34.496 CET INFO: Postprocess: Add inferred superclasses ...  -- TriplePostProcessor.processInferredSuperclasses()
2014.12.09 15:29:34.496 CET INFO: 0 ms
 -- TriplePostProcessor.processInferredSuperclasses()
2014.12.09 15:29:34.496 CET INFO: Postprocess: Process orphan classes (60 classes) ...  -- TriplePostProcessor.processOrphanClses()
2014.12.09 15:29:34.507 CET INFO: 11 ms
 -- TriplePostProcessor.processOrphanClses()
2014.12.09 15:29:34.507 CET INFO: Postprocess: Generalized Concept Inclusion (0 axioms) ...  -- TriplePostProcessor.processGeneralizedConceptInclusions()
2014.12.09 15:29:34.507 CET INFO: 0 ms
 -- TriplePostProcessor.processGeneralizedConceptInclusions()
2014.12.09 15:29:34.507 CET INFO: Postprocess: Abstract classes...  -- TriplePostProcessor.processAbstractClasses()
2014.12.09 15:29:34.507 CET INFO: 0 ms
 -- TriplePostProcessor.processAbstractClasses()
2014.12.09 15:29:34.507 CET INFO: Postprocess: Domain and range of properties...  -- TriplePostProcessor.processDomainAndRange()
2014.12.09 15:29:34.517 CET INFO: 10 ms
 -- TriplePostProcessor.processDomainAndRange()
2014.12.09 15:29:34.517 CET INFO: Postprocess: Possibly typed entities (0 resources) ...  -- TriplePostProcessor.processPossiblyTypedResources()
2014.12.09 15:29:34.517 CET INFO: 0 ms
 -- TriplePostProcessor.processPossiblyTypedResources()
2014.12.09 15:29:34.517 CET INFO: Updating underlying frames model in 0 ms -- ProtegeOWLParser.doFinalPostProcessing()
2014.12.09 15:30:56.787 CET INFO: *** SYSTEM START ***
2014.12.09 15:30:57.867 CET WARNING: [Local Folder Repository] The specified file must be a directory. (D:\Ontologie_Owl\annotator\plugins\edu.stanford.smi.protegex.owl) -- LocalFolderRepository.update()
2014.12.09 15:30:57.899 CET INFO: Loading triples for: null -- ProtegeOWLParser.loadTriples()
2014.12.09 15:30:58.961 CET INFO:     Completed triple loading after 842 ms -- ProtegeOWLParser.loadTriples()
2014.12.09 15:30:58.971 CET INFO: Postprocess: Process entities with incorrect Java type (0 entities) ...  -- TriplePostProcessor.processFramesWithWrongJavaType()
2014.12.09 15:30:58.971 CET INFO: 0 ms
 -- TriplePostProcessor.processFramesWithWrongJavaType()
2014.12.09 15:30:58.971 CET INFO: Postprocess: Process metaclasses (3 metaclasses) ...  -- TriplePostProcessor.processMetaclasses()
2014.12.09 15:30:58.971 CET INFO: 0 ms
 -- TriplePostProcessor.processMetaclasses()
2014.12.09 15:30:58.971 CET INFO: Postprocess: Process subclasses of rdf:List (1 classes) ...  -- TriplePostProcessor.processSubclassesOfRdfList()
2014.12.09 15:30:58.971 CET INFO: 0 ms
 -- TriplePostProcessor.processSubclassesOfRdfList()
2014.12.09 15:30:58.971 CET INFO: Postprocess: Instances with multiple types (15 instances) ...  -- TriplePostProcessor.processInstancesWithMultipleTypes()
2014.12.09 15:30:58.971 CET INFO: 0 ms
 -- TriplePostProcessor.processInstancesWithMultipleTypes()
2014.12.09 15:30:58.971 CET INFO: Postprocess: Add inferred superclasses ...  -- TriplePostProcessor.processInferredSuperclasses()
2014.12.09 15:30:58.971 CET INFO: 0 ms
 -- TriplePostProcessor.processInferredSuperclasses()
2014.12.09 15:30:58.982 CET INFO: Postprocess: Process orphan classes (60 classes) ...  -- TriplePostProcessor.processOrphanClses()
2014.12.09 15:30:58.982 CET INFO: 0 ms
 -- TriplePostProcessor.processOrphanClses()
2014.12.09 15:30:58.982 CET INFO: Postprocess: Generalized Concept Inclusion (0 axioms) ...  -- TriplePostProcessor.processGeneralizedConceptInclusions()
2014.12.09 15:30:58.982 CET INFO: 0 ms
 -- TriplePostProcessor.processGeneralizedConceptInclusions()
2014.12.09 15:30:58.982 CET INFO: Postprocess: Abstract classes...  -- TriplePostProcessor.processAbstractClasses()
2014.12.09 15:30:58.982 CET INFO: 0 ms
 -- TriplePostProcessor.processAbstractClasses()
2014.12.09 15:30:58.982 CET INFO: Postprocess: Domain and range of properties...  -- TriplePostProcessor.processDomainAndRange()
2014.12.09 15:30:58.992 CET INFO: 0 ms
 -- TriplePostProcessor.processDomainAndRange()
2014.12.09 15:30:58.992 CET INFO: Postprocess: Possibly typed entities (0 resources) ...  -- TriplePostProcessor.processPossiblyTypedResources()
2014.12.09 15:30:59.002 CET INFO: 0 ms
 -- TriplePostProcessor.processPossiblyTypedResources()
2014.12.09 15:30:59.002 CET INFO: Updating underlying frames model in 0 ms -- ProtegeOWLParser.doFinalPostProcessing()
2014.12.09 15:42:54.023 CET INFO: *** SYSTEM START ***
2014.12.09 15:42:54.928 CET WARNING: [Local Folder Repository] The specified file must be a directory. (D:\Ontologie_Owl\annotator\plugins\edu.stanford.smi.protegex.owl) -- LocalFolderRepository.update()
2014.12.09 15:42:54.944 CET INFO: Loading triples for: null -- ProtegeOWLParser.loadTriples()
2014.12.09 15:42:55.742 CET INFO:     Completed triple loading after 609 ms -- ProtegeOWLParser.loadTriples()
2014.12.09 15:42:55.742 CET INFO: Postprocess: Process entities with incorrect Java type (0 entities) ...  -- TriplePostProcessor.processFramesWithWrongJavaType()
2014.12.09 15:42:55.742 CET INFO: 0 ms
 -- TriplePostProcessor.processFramesWithWrongJavaType()
2014.12.09 15:42:55.757 CET INFO: Postprocess: Process metaclasses (3 metaclasses) ...  -- TriplePostProcessor.processMetaclasses()
2014.12.09 15:42:55.757 CET INFO: 0 ms
 -- TriplePostProcessor.processMetaclasses()
2014.12.09 15:42:55.757 CET INFO: Postprocess: Process subclasses of rdf:List (1 classes) ...  -- TriplePostProcessor.processSubclassesOfRdfList()
2014.12.09 15:42:55.757 CET INFO: 0 ms
 -- TriplePostProcessor.processSubclassesOfRdfList()
2014.12.09 15:42:55.757 CET INFO: Postprocess: Instances with multiple types (15 instances) ...  -- TriplePostProcessor.processInstancesWithMultipleTypes()
2014.12.09 15:42:55.757 CET INFO: 0 ms
 -- TriplePostProcessor.processInstancesWithMultipleTypes()
2014.12.09 15:42:55.757 CET INFO: Postprocess: Add inferred superclasses ...  -- TriplePostProcessor.processInferredSuperclasses()
2014.12.09 15:42:55.757 CET INFO: 0 ms
 -- TriplePostProcessor.processInferredSuperclasses()
2014.12.09 15:42:55.757 CET INFO: Postprocess: Process orphan classes (60 classes) ...  -- TriplePostProcessor.processOrphanClses()
2014.12.09 15:42:55.757 CET INFO: 0 ms
 -- TriplePostProcessor.processOrphanClses()
2014.12.09 15:42:55.757 CET INFO: Postprocess: Generalized Concept Inclusion (0 axioms) ...  -- TriplePostProcessor.processGeneralizedConceptInclusions()
2014.12.09 15:42:55.757 CET INFO: 0 ms
 -- TriplePostProcessor.processGeneralizedConceptInclusions()
2014.12.09 15:42:55.757 CET INFO: Postprocess: Abstract classes...  -- TriplePostProcessor.processAbstractClasses()
2014.12.09 15:42:55.757 CET INFO: 0 ms
 -- TriplePostProcessor.processAbstractClasses()
2014.12.09 15:42:55.757 CET INFO: Postprocess: Domain and range of properties...  -- TriplePostProcessor.processDomainAndRange()
2014.12.09 15:42:55.773 CET INFO: 16 ms
 -- TriplePostProcessor.processDomainAndRange()
2014.12.09 15:42:55.773 CET INFO: Postprocess: Possibly typed entities (0 resources) ...  -- TriplePostProcessor.processPossiblyTypedResources()
2014.12.09 15:42:55.773 CET INFO: 0 ms
 -- TriplePostProcessor.processPossiblyTypedResources()
2014.12.09 15:42:55.773 CET INFO: Updating underlying frames model in 0 ms -- ProtegeOWLParser.doFinalPostProcessing()
2014.12.09 15:44:48.911 CET INFO: *** SYSTEM START ***
2014.12.09 15:44:49.972 CET WARNING: [Local Folder Repository] The specified file must be a directory. (D:\Ontologie_Owl\annotator\plugins\edu.stanford.smi.protegex.owl) -- LocalFolderRepository.update()
2014.12.09 15:44:50.004 CET INFO: Loading triples for: null -- ProtegeOWLParser.loadTriples()
2014.12.09 15:44:51.018 CET INFO:     Completed triple loading after 811 ms -- ProtegeOWLParser.loadTriples()
2014.12.09 15:44:51.018 CET INFO: Postprocess: Process entities with incorrect Java type (0 entities) ...  -- TriplePostProcessor.processFramesWithWrongJavaType()
2014.12.09 15:44:51.018 CET INFO: 0 ms
 -- TriplePostProcessor.processFramesWithWrongJavaType()
2014.12.09 15:44:51.018 CET INFO: Postprocess: Process metaclasses (3 metaclasses) ...  -- TriplePostProcessor.processMetaclasses()
2014.12.09 15:44:51.018 CET INFO: 0 ms
 -- TriplePostProcessor.processMetaclasses()
2014.12.09 15:44:51.018 CET INFO: Postprocess: Process subclasses of rdf:List (1 classes) ...  -- TriplePostProcessor.processSubclassesOfRdfList()
2014.12.09 15:44:51.018 CET INFO: 0 ms
 -- TriplePostProcessor.processSubclassesOfRdfList()
2014.12.09 15:44:51.018 CET INFO: Postprocess: Instances with multiple types (15 instances) ...  -- TriplePostProcessor.processInstancesWithMultipleTypes()
2014.12.09 15:44:51.018 CET INFO: 0 ms
 -- TriplePostProcessor.processInstancesWithMultipleTypes()
2014.12.09 15:44:51.018 CET INFO: Postprocess: Add inferred superclasses ...  -- TriplePostProcessor.processInferredSuperclasses()
2014.12.09 15:44:51.018 CET INFO: 0 ms
 -- TriplePostProcessor.processInferredSuperclasses()
2014.12.09 15:44:51.033 CET INFO: Postprocess: Process orphan classes (60 classes) ...  -- TriplePostProcessor.processOrphanClses()
2014.12.09 15:44:51.033 CET INFO: 0 ms
 -- TriplePostProcessor.processOrphanClses()
2014.12.09 15:44:51.033 CET INFO: Postprocess: Generalized Concept Inclusion (0 axioms) ...  -- TriplePostProcessor.processGeneralizedConceptInclusions()
2014.12.09 15:44:51.033 CET INFO: 0 ms
 -- TriplePostProcessor.processGeneralizedConceptInclusions()
2014.12.09 15:44:51.033 CET INFO: Postprocess: Abstract classes...  -- TriplePostProcessor.processAbstractClasses()
2014.12.09 15:44:51.033 CET INFO: 0 ms
 -- TriplePostProcessor.processAbstractClasses()
2014.12.09 15:44:51.033 CET INFO: Postprocess: Domain and range of properties...  -- TriplePostProcessor.processDomainAndRange()
2014.12.09 15:44:51.049 CET INFO: 16 ms
 -- TriplePostProcessor.processDomainAndRange()
2014.12.09 15:44:51.050 CET INFO: Postprocess: Possibly typed entities (0 resources) ...  -- TriplePostProcessor.processPossiblyTypedResources()
2014.12.09 15:44:51.050 CET INFO: 0 ms
 -- TriplePostProcessor.processPossiblyTypedResources()
2014.12.09 15:44:51.050 CET INFO: Updating underlying frames model in 0 ms -- ProtegeOWLParser.doFinalPostProcessing()
2014.12.09 15:51:57.621 CET INFO: *** SYSTEM START ***
2014.12.09 15:51:58.697 CET WARNING: [Local Folder Repository] The specified file must be a directory. (D:\Ontologie_Owl\annotator\plugins\edu.stanford.smi.protegex.owl) -- LocalFolderRepository.update()
2014.12.09 15:51:58.730 CET INFO: Loading triples for: null -- ProtegeOWLParser.loadTriples()
2014.12.09 15:51:59.666 CET INFO:     Completed triple loading after 734 ms -- ProtegeOWLParser.loadTriples()
2014.12.09 15:51:59.666 CET INFO: Postprocess: Process entities with incorrect Java type (0 entities) ...  -- TriplePostProcessor.processFramesWithWrongJavaType()
2014.12.09 15:51:59.666 CET INFO: 0 ms
 -- TriplePostProcessor.processFramesWithWrongJavaType()
2014.12.09 15:51:59.666 CET INFO: Postprocess: Process metaclasses (3 metaclasses) ...  -- TriplePostProcessor.processMetaclasses()
2014.12.09 15:51:59.666 CET INFO: 0 ms
 -- TriplePostProcessor.processMetaclasses()
2014.12.09 15:51:59.666 CET INFO: Postprocess: Process subclasses of rdf:List (1 classes) ...  -- TriplePostProcessor.processSubclassesOfRdfList()
2014.12.09 15:51:59.681 CET INFO: 0 ms
 -- TriplePostProcessor.processSubclassesOfRdfList()
2014.12.09 15:51:59.681 CET INFO: Postprocess: Instances with multiple types (15 instances) ...  -- TriplePostProcessor.processInstancesWithMultipleTypes()
2014.12.09 15:51:59.681 CET INFO: 0 ms
 -- TriplePostProcessor.processInstancesWithMultipleTypes()
2014.12.09 15:51:59.681 CET INFO: Postprocess: Add inferred superclasses ...  -- TriplePostProcessor.processInferredSuperclasses()
2014.12.09 15:51:59.681 CET INFO: 0 ms
 -- TriplePostProcessor.processInferredSuperclasses()
2014.12.09 15:51:59.681 CET INFO: Postprocess: Process orphan classes (60 classes) ...  -- TriplePostProcessor.processOrphanClses()
2014.12.09 15:51:59.681 CET INFO: 0 ms
 -- TriplePostProcessor.processOrphanClses()
2014.12.09 15:51:59.681 CET INFO: Postprocess: Generalized Concept Inclusion (0 axioms) ...  -- TriplePostProcessor.processGeneralizedConceptInclusions()
2014.12.09 15:51:59.681 CET INFO: 0 ms
 -- TriplePostProcessor.processGeneralizedConceptInclusions()
2014.12.09 15:51:59.681 CET INFO: Postprocess: Abstract classes...  -- TriplePostProcessor.processAbstractClasses()
2014.12.09 15:51:59.681 CET INFO: 0 ms
 -- TriplePostProcessor.processAbstractClasses()
2014.12.09 15:51:59.697 CET INFO: Postprocess: Domain and range of properties...  -- TriplePostProcessor.processDomainAndRange()
2014.12.09 15:51:59.697 CET INFO: 0 ms
 -- TriplePostProcessor.processDomainAndRange()
2014.12.09 15:51:59.697 CET INFO: Postprocess: Possibly typed entities (0 resources) ...  -- TriplePostProcessor.processPossiblyTypedResources()
2014.12.09 15:51:59.697 CET INFO: 0 ms
 -- TriplePostProcessor.processPossiblyTypedResources()
2014.12.09 15:51:59.697 CET INFO: Updating underlying frames model in 0 ms -- ProtegeOWLParser.doFinalPostProcessing()
2014.12.09 15:59:50.241 CET INFO: *** SYSTEM START ***
2014.12.09 15:59:51.255 CET WARNING: [Local Folder Repository] The specified file must be a directory. (D:\Ontologie_Owl\annotator\plugins\edu.stanford.smi.protegex.owl) -- LocalFolderRepository.update()
2014.12.09 15:59:51.287 CET INFO: Loading triples for: null -- ProtegeOWLParser.loadTriples()
2014.12.09 15:59:52.317 CET INFO:     Completed triple loading after 811 ms -- ProtegeOWLParser.loadTriples()
2014.12.09 15:59:52.317 CET INFO: Postprocess: Process entities with incorrect Java type (0 entities) ...  -- TriplePostProcessor.processFramesWithWrongJavaType()
2014.12.09 15:59:52.317 CET INFO: 0 ms
 -- TriplePostProcessor.processFramesWithWrongJavaType()
2014.12.09 15:59:52.317 CET INFO: Postprocess: Process metaclasses (3 metaclasses) ...  -- TriplePostProcessor.processMetaclasses()
2014.12.09 15:59:52.317 CET INFO: 0 ms
 -- TriplePostProcessor.processMetaclasses()
2014.12.09 15:59:52.317 CET INFO: Postprocess: Process subclasses of rdf:List (1 classes) ...  -- TriplePostProcessor.processSubclassesOfRdfList()
2014.12.09 15:59:52.317 CET INFO: 0 ms
 -- TriplePostProcessor.processSubclassesOfRdfList()
2014.12.09 15:59:52.317 CET INFO: Postprocess: Instances with multiple types (15 instances) ...  -- TriplePostProcessor.processInstancesWithMultipleTypes()
2014.12.09 15:59:52.317 CET INFO: 0 ms
 -- TriplePostProcessor.processInstancesWithMultipleTypes()
2014.12.09 15:59:52.317 CET INFO: Postprocess: Add inferred superclasses ...  -- TriplePostProcessor.processInferredSuperclasses()
2014.12.09 15:59:52.317 CET INFO: 0 ms
 -- TriplePostProcessor.processInferredSuperclasses()
2014.12.09 15:59:52.332 CET INFO: Postprocess: Process orphan classes (60 classes) ...  -- TriplePostProcessor.processOrphanClses()
2014.12.09 15:59:52.332 CET INFO: 0 ms
 -- TriplePostProcessor.processOrphanClses()
2014.12.09 15:59:52.332 CET INFO: Postprocess: Generalized Concept Inclusion (0 axioms) ...  -- TriplePostProcessor.processGeneralizedConceptInclusions()
2014.12.09 15:59:52.332 CET INFO: 0 ms
 -- TriplePostProcessor.processGeneralizedConceptInclusions()
2014.12.09 15:59:52.332 CET INFO: Postprocess: Abstract classes...  -- TriplePostProcessor.processAbstractClasses()
2014.12.09 15:59:52.332 CET INFO: 0 ms
 -- TriplePostProcessor.processAbstractClasses()
2014.12.09 15:59:52.332 CET INFO: Postprocess: Domain and range of properties...  -- TriplePostProcessor.processDomainAndRange()
2014.12.09 15:59:52.349 CET INFO: 17 ms
 -- TriplePostProcessor.processDomainAndRange()
2014.12.09 15:59:52.349 CET INFO: Postprocess: Possibly typed entities (0 resources) ...  -- TriplePostProcessor.processPossiblyTypedResources()
2014.12.09 15:59:52.349 CET INFO: 0 ms
 -- TriplePostProcessor.processPossiblyTypedResources()
2014.12.09 15:59:52.349 CET INFO: Updating underlying frames model in 0 ms -- ProtegeOWLParser.doFinalPostProcessing()
2014.12.09 16:00:19.235 CET INFO: *** SYSTEM START ***
2014.12.09 16:00:20.280 CET WARNING: [Local Folder Repository] The specified file must be a directory. (D:\Ontologie_Owl\annotator\plugins\edu.stanford.smi.protegex.owl) -- LocalFolderRepository.update()
2014.12.09 16:00:20.312 CET INFO: Loading triples for: null -- ProtegeOWLParser.loadTriples()
2014.12.09 16:00:21.264 CET INFO:     Completed triple loading after 749 ms -- ProtegeOWLParser.loadTriples()
2014.12.09 16:00:21.264 CET INFO: Postprocess: Process entities with incorrect Java type (0 entities) ...  -- TriplePostProcessor.processFramesWithWrongJavaType()
2014.12.09 16:00:21.264 CET INFO: 0 ms
 -- TriplePostProcessor.processFramesWithWrongJavaType()
2014.12.09 16:00:21.264 CET INFO: Postprocess: Process metaclasses (3 metaclasses) ...  -- TriplePostProcessor.processMetaclasses()
2014.12.09 16:00:21.264 CET INFO: 0 ms
 -- TriplePostProcessor.processMetaclasses()
2014.12.09 16:00:21.264 CET INFO: Postprocess: Process subclasses of rdf:List (1 classes) ...  -- TriplePostProcessor.processSubclassesOfRdfList()
2014.12.09 16:00:21.264 CET INFO: 0 ms
 -- TriplePostProcessor.processSubclassesOfRdfList()
2014.12.09 16:00:21.264 CET INFO: Postprocess: Instances with multiple types (15 instances) ...  -- TriplePostProcessor.processInstancesWithMultipleTypes()
2014.12.09 16:00:21.264 CET INFO: 0 ms
 -- TriplePostProcessor.processInstancesWithMultipleTypes()
2014.12.09 16:00:21.264 CET INFO: Postprocess: Add inferred superclasses ...  -- TriplePostProcessor.processInferredSuperclasses()
2014.12.09 16:00:21.264 CET INFO: 0 ms
 -- TriplePostProcessor.processInferredSuperclasses()
2014.12.09 16:00:21.279 CET INFO: Postprocess: Process orphan classes (60 classes) ...  -- TriplePostProcessor.processOrphanClses()
2014.12.09 16:00:21.279 CET INFO: 0 ms
 -- TriplePostProcessor.processOrphanClses()
2014.12.09 16:00:21.279 CET INFO: Postprocess: Generalized Concept Inclusion (0 axioms) ...  -- TriplePostProcessor.processGeneralizedConceptInclusions()
2014.12.09 16:00:21.279 CET INFO: 0 ms
 -- TriplePostProcessor.processGeneralizedConceptInclusions()
2014.12.09 16:00:21.279 CET INFO: Postprocess: Abstract classes...  -- TriplePostProcessor.processAbstractClasses()
2014.12.09 16:00:21.279 CET INFO: 0 ms
 -- TriplePostProcessor.processAbstractClasses()
2014.12.09 16:00:21.279 CET INFO: Postprocess: Domain and range of properties...  -- TriplePostProcessor.processDomainAndRange()
2014.12.09 16:00:21.295 CET INFO: 16 ms
 -- TriplePostProcessor.processDomainAndRange()
2014.12.09 16:00:21.295 CET INFO: Postprocess: Possibly typed entities (0 resources) ...  -- TriplePostProcessor.processPossiblyTypedResources()
2014.12.09 16:00:21.295 CET INFO: 0 ms
 -- TriplePostProcessor.processPossiblyTypedResources()
2014.12.09 16:00:21.295 CET INFO: Updating underlying frames model in 0 ms -- ProtegeOWLParser.doFinalPostProcessing()
2014.12.09 16:48:27.660 CET INFO: *** SYSTEM START ***
2014.12.09 16:48:28.668 CET WARNING: [Local Folder Repository] The specified file must be a directory. (D:\Ontologie_Owl\annotator\plugins\edu.stanford.smi.protegex.owl) -- LocalFolderRepository.update()
2014.12.09 16:48:28.712 CET INFO: Loading triples for: null -- ProtegeOWLParser.loadTriples()
2014.12.09 16:48:29.728 CET INFO:     Completed triple loading after 787 ms -- ProtegeOWLParser.loadTriples()
2014.12.09 16:48:29.744 CET INFO: Postprocess: Process entities with incorrect Java type (0 entities) ...  -- TriplePostProcessor.processFramesWithWrongJavaType()
2014.12.09 16:48:29.744 CET INFO: 0 ms
 -- TriplePostProcessor.processFramesWithWrongJavaType()
2014.12.09 16:48:29.744 CET INFO: Postprocess: Process metaclasses (3 metaclasses) ...  -- TriplePostProcessor.processMetaclasses()
2014.12.09 16:48:29.744 CET INFO: 0 ms
 -- TriplePostProcessor.processMetaclasses()
2014.12.09 16:48:29.744 CET INFO: Postprocess: Process subclasses of rdf:List (1 classes) ...  -- TriplePostProcessor.processSubclassesOfRdfList()
2014.12.09 16:48:29.744 CET INFO: 0 ms
 -- TriplePostProcessor.processSubclassesOfRdfList()
2014.12.09 16:48:29.744 CET INFO: Postprocess: Instances with multiple types (15 instances) ...  -- TriplePostProcessor.processInstancesWithMultipleTypes()
2014.12.09 16:48:29.744 CET INFO: 0 ms
 -- TriplePostProcessor.processInstancesWithMultipleTypes()
2014.12.09 16:48:29.744 CET INFO: Postprocess: Add inferred superclasses ...  -- TriplePostProcessor.processInferredSuperclasses()
2014.12.09 16:48:29.744 CET INFO: 0 ms
 -- TriplePostProcessor.processInferredSuperclasses()
2014.12.09 16:48:29.744 CET INFO: Postprocess: Process orphan classes (60 classes) ...  -- TriplePostProcessor.processOrphanClses()
2014.12.09 16:48:29.760 CET INFO: 16 ms
 -- TriplePostProcessor.processOrphanClses()
2014.12.09 16:48:29.760 CET INFO: Postprocess: Generalized Concept Inclusion (0 axioms) ...  -- TriplePostProcessor.processGeneralizedConceptInclusions()
2014.12.09 16:48:29.760 CET INFO: 0 ms
 -- TriplePostProcessor.processGeneralizedConceptInclusions()
2014.12.09 16:48:29.760 CET INFO: Postprocess: Abstract classes...  -- TriplePostProcessor.processAbstractClasses()
2014.12.09 16:48:29.760 CET INFO: 0 ms
 -- TriplePostProcessor.processAbstractClasses()
2014.12.09 16:48:29.760 CET INFO: Postprocess: Domain and range of properties...  -- TriplePostProcessor.processDomainAndRange()
2014.12.09 16:48:29.760 CET INFO: 0 ms
 -- TriplePostProcessor.processDomainAndRange()
2014.12.09 16:48:29.760 CET INFO: Postprocess: Possibly typed entities (0 resources) ...  -- TriplePostProcessor.processPossiblyTypedResources()
2014.12.09 16:48:29.760 CET INFO: 0 ms
 -- TriplePostProcessor.processPossiblyTypedResources()
2014.12.09 16:48:29.760 CET INFO: Updating underlying frames model in 0 ms -- ProtegeOWLParser.doFinalPostProcessing()
2015.01.07 10:26:25.277 CET INFO: *** SYSTEM START ***
2015.01.07 10:26:26.327 CET WARNING: [Local Folder Repository] The specified file must be a directory. (D:\Ontologie_Owl\annotator\plugins\edu.stanford.smi.protegex.owl) -- LocalFolderRepository.update()
2015.01.07 10:26:26.358 CET INFO: Loading triples for: null -- ProtegeOWLParser.loadTriples()
2015.01.07 10:26:27.248 CET INFO:     Completed triple loading after 700 ms -- ProtegeOWLParser.loadTriples()
2015.01.07 10:26:27.258 CET INFO: Postprocess: Process entities with incorrect Java type (0 entities) ...  -- TriplePostProcessor.processFramesWithWrongJavaType()
2015.01.07 10:26:27.258 CET INFO: 0 ms
 -- TriplePostProcessor.processFramesWithWrongJavaType()
2015.01.07 10:26:27.258 CET INFO: Postprocess: Process metaclasses (3 metaclasses) ...  -- TriplePostProcessor.processMetaclasses()
2015.01.07 10:26:27.258 CET INFO: 0 ms
 -- TriplePostProcessor.processMetaclasses()
2015.01.07 10:26:27.258 CET INFO: Postprocess: Process subclasses of rdf:List (1 classes) ...  -- TriplePostProcessor.processSubclassesOfRdfList()
2015.01.07 10:26:27.258 CET INFO: 0 ms
 -- TriplePostProcessor.processSubclassesOfRdfList()
2015.01.07 10:26:27.258 CET INFO: Postprocess: Instances with multiple types (15 instances) ...  -- TriplePostProcessor.processInstancesWithMultipleTypes()
2015.01.07 10:26:27.258 CET INFO: 0 ms
 -- TriplePostProcessor.processInstancesWithMultipleTypes()
2015.01.07 10:26:27.258 CET INFO: Postprocess: Add inferred superclasses ...  -- TriplePostProcessor.processInferredSuperclasses()
2015.01.07 10:26:27.258 CET INFO: 0 ms
 -- TriplePostProcessor.processInferredSuperclasses()
2015.01.07 10:26:27.268 CET INFO: Postprocess: Process orphan classes (60 classes) ...  -- TriplePostProcessor.processOrphanClses()
2015.01.07 10:26:27.268 CET INFO: 0 ms
 -- TriplePostProcessor.processOrphanClses()
2015.01.07 10:26:27.268 CET INFO: Postprocess: Generalized Concept Inclusion (0 axioms) ...  -- TriplePostProcessor.processGeneralizedConceptInclusions()
2015.01.07 10:26:27.268 CET INFO: 0 ms
 -- TriplePostProcessor.processGeneralizedConceptInclusions()
2015.01.07 10:26:27.268 CET INFO: Postprocess: Abstract classes...  -- TriplePostProcessor.processAbstractClasses()
2015.01.07 10:26:27.268 CET INFO: 0 ms
 -- TriplePostProcessor.processAbstractClasses()
2015.01.07 10:26:27.268 CET INFO: Postprocess: Domain and range of properties...  -- TriplePostProcessor.processDomainAndRange()
2015.01.07 10:26:27.278 CET INFO: 10 ms
 -- TriplePostProcessor.processDomainAndRange()
2015.01.07 10:26:27.278 CET INFO: Postprocess: Possibly typed entities (0 resources) ...  -- TriplePostProcessor.processPossiblyTypedResources()
2015.01.07 10:26:27.278 CET INFO: 0 ms
 -- TriplePostProcessor.processPossiblyTypedResources()
2015.01.07 10:26:27.278 CET INFO: Updating underlying frames model in 0 ms -- ProtegeOWLParser.doFinalPostProcessing()
2015.01.07 10:26:56.557 CET INFO: *** SYSTEM START ***
2015.01.07 10:26:57.507 CET WARNING: [Local Folder Repository] The specified file must be a directory. (D:\Ontologie_Owl\annotator\plugins\edu.stanford.smi.protegex.owl) -- LocalFolderRepository.update()
2015.01.07 10:26:57.538 CET INFO: Loading triples for: null -- ProtegeOWLParser.loadTriples()
2015.01.07 10:26:58.450 CET INFO:     Completed triple loading after 722 ms -- ProtegeOWLParser.loadTriples()
2015.01.07 10:26:58.450 CET INFO: Postprocess: Process entities with incorrect Java type (0 entities) ...  -- TriplePostProcessor.processFramesWithWrongJavaType()
2015.01.07 10:26:58.450 CET INFO: 0 ms
 -- TriplePostProcessor.processFramesWithWrongJavaType()
2015.01.07 10:26:58.450 CET INFO: Postprocess: Process metaclasses (3 metaclasses) ...  -- TriplePostProcessor.processMetaclasses()
2015.01.07 10:26:58.450 CET INFO: 0 ms
 -- TriplePostProcessor.processMetaclasses()
2015.01.07 10:26:58.450 CET INFO: Postprocess: Process subclasses of rdf:List (1 classes) ...  -- TriplePostProcessor.processSubclassesOfRdfList()
2015.01.07 10:26:58.450 CET INFO: 0 ms
 -- TriplePostProcessor.processSubclassesOfRdfList()
2015.01.07 10:26:58.460 CET INFO: Postprocess: Instances with multiple types (15 instances) ...  -- TriplePostProcessor.processInstancesWithMultipleTypes()
2015.01.07 10:26:58.460 CET INFO: 0 ms
 -- TriplePostProcessor.processInstancesWithMultipleTypes()
2015.01.07 10:26:58.460 CET INFO: Postprocess: Add inferred superclasses ...  -- TriplePostProcessor.processInferredSuperclasses()
2015.01.07 10:26:58.460 CET INFO: 0 ms
 -- TriplePostProcessor.processInferredSuperclasses()
2015.01.07 10:26:58.460 CET INFO: Postprocess: Process orphan classes (60 classes) ...  -- TriplePostProcessor.processOrphanClses()
2015.01.07 10:26:58.470 CET INFO: 10 ms
 -- TriplePostProcessor.processOrphanClses()
2015.01.07 10:26:58.470 CET INFO: Postprocess: Generalized Concept Inclusion (0 axioms) ...  -- TriplePostProcessor.processGeneralizedConceptInclusions()
2015.01.07 10:26:58.470 CET INFO: 0 ms
 -- TriplePostProcessor.processGeneralizedConceptInclusions()
2015.01.07 10:26:58.470 CET INFO: Postprocess: Abstract classes...  -- TriplePostProcessor.processAbstractClasses()
2015.01.07 10:26:58.470 CET INFO: 0 ms
 -- TriplePostProcessor.processAbstractClasses()
2015.01.07 10:26:58.470 CET INFO: Postprocess: Domain and range of properties...  -- TriplePostProcessor.processDomainAndRange()
2015.01.07 10:26:58.480 CET INFO: 10 ms
 -- TriplePostProcessor.processDomainAndRange()
2015.01.07 10:26:58.480 CET INFO: Postprocess: Possibly typed entities (0 resources) ...  -- TriplePostProcessor.processPossiblyTypedResources()
2015.01.07 10:26:58.480 CET INFO: 0 ms
 -- TriplePostProcessor.processPossiblyTypedResources()
2015.01.07 10:26:58.480 CET INFO: Updating underlying frames model in 0 ms -- ProtegeOWLParser.doFinalPostProcessing()
2015.01.07 10:27:48.889 CET INFO: *** SYSTEM START ***
2015.01.07 10:27:49.929 CET WARNING: [Local Folder Repository] The specified file must be a directory. (D:\Ontologie_Owl\annotator\plugins\edu.stanford.smi.protegex.owl) -- LocalFolderRepository.update()
2015.01.07 10:27:49.960 CET INFO: Loading triples for: null -- ProtegeOWLParser.loadTriples()
2015.01.07 10:27:51.000 CET INFO:     Completed triple loading after 820 ms -- ProtegeOWLParser.loadTriples()
2015.01.07 10:27:51.000 CET INFO: Postprocess: Process entities with incorrect Java type (0 entities) ...  -- TriplePostProcessor.processFramesWithWrongJavaType()
2015.01.07 10:27:51.000 CET INFO: 0 ms
 -- TriplePostProcessor.processFramesWithWrongJavaType()
2015.01.07 10:27:51.000 CET INFO: Postprocess: Process metaclasses (3 metaclasses) ...  -- TriplePostProcessor.processMetaclasses()
2015.01.07 10:27:51.000 CET INFO: 0 ms
 -- TriplePostProcessor.processMetaclasses()
2015.01.07 10:27:51.000 CET INFO: Postprocess: Process subclasses of rdf:List (1 classes) ...  -- TriplePostProcessor.processSubclassesOfRdfList()
2015.01.07 10:27:51.000 CET INFO: 0 ms
 -- TriplePostProcessor.processSubclassesOfRdfList()
2015.01.07 10:27:51.000 CET INFO: Postprocess: Instances with multiple types (15 instances) ...  -- TriplePostProcessor.processInstancesWithMultipleTypes()
2015.01.07 10:27:51.010 CET INFO: 10 ms
 -- TriplePostProcessor.processInstancesWithMultipleTypes()
2015.01.07 10:27:51.010 CET INFO: Postprocess: Add inferred superclasses ...  -- TriplePostProcessor.processInferredSuperclasses()
2015.01.07 10:27:51.010 CET INFO: 0 ms
 -- TriplePostProcessor.processInferredSuperclasses()
2015.01.07 10:27:51.010 CET INFO: Postprocess: Process orphan classes (60 classes) ...  -- TriplePostProcessor.processOrphanClses()
2015.01.07 10:27:51.020 CET INFO: 10 ms
 -- TriplePostProcessor.processOrphanClses()
2015.01.07 10:27:51.020 CET INFO: Postprocess: Generalized Concept Inclusion (0 axioms) ...  -- TriplePostProcessor.processGeneralizedConceptInclusions()
2015.01.07 10:27:51.020 CET INFO: 0 ms
 -- TriplePostProcessor.processGeneralizedConceptInclusions()
2015.01.07 10:27:51.020 CET INFO: Postprocess: Abstract classes...  -- TriplePostProcessor.processAbstractClasses()
2015.01.07 10:27:51.020 CET INFO: 0 ms
 -- TriplePostProcessor.processAbstractClasses()
2015.01.07 10:27:51.020 CET INFO: Postprocess: Domain and range of properties...  -- TriplePostProcessor.processDomainAndRange()
2015.01.07 10:27:51.031 CET INFO: 11 ms
 -- TriplePostProcessor.processDomainAndRange()
2015.01.07 10:27:51.031 CET INFO: Postprocess: Possibly typed entities (0 resources) ...  -- TriplePostProcessor.processPossiblyTypedResources()
2015.01.07 10:27:51.031 CET INFO: 0 ms
 -- TriplePostProcessor.processPossiblyTypedResources()
2015.01.07 10:27:51.031 CET INFO: Updating underlying frames model in 0 ms -- ProtegeOWLParser.doFinalPostProcessing()
2015.01.07 10:58:38.239 CET INFO: *** SYSTEM START ***
2015.01.07 10:58:39.165 CET WARNING: [Local Folder Repository] The specified file must be a directory. (D:\Ontologie_Owl\annotator\plugins\edu.stanford.smi.protegex.owl) -- LocalFolderRepository.update()
2015.01.07 10:58:39.196 CET INFO: Loading triples for: null -- ProtegeOWLParser.loadTriples()
2015.01.07 10:58:40.172 CET INFO:     Completed triple loading after 777 ms -- ProtegeOWLParser.loadTriples()
2015.01.07 10:58:40.172 CET INFO: Postprocess: Process entities with incorrect Java type (0 entities) ...  -- TriplePostProcessor.processFramesWithWrongJavaType()
2015.01.07 10:58:40.182 CET INFO: 0 ms
 -- TriplePostProcessor.processFramesWithWrongJavaType()
2015.01.07 10:58:40.182 CET INFO: Postprocess: Process metaclasses (3 metaclasses) ...  -- TriplePostProcessor.processMetaclasses()
2015.01.07 10:58:40.182 CET INFO: 0 ms
 -- TriplePostProcessor.processMetaclasses()
2015.01.07 10:58:40.182 CET INFO: Postprocess: Process subclasses of rdf:List (1 classes) ...  -- TriplePostProcessor.processSubclassesOfRdfList()
2015.01.07 10:58:40.182 CET INFO: 0 ms
 -- TriplePostProcessor.processSubclassesOfRdfList()
2015.01.07 10:58:40.182 CET INFO: Postprocess: Instances with multiple types (15 instances) ...  -- TriplePostProcessor.processInstancesWithMultipleTypes()
2015.01.07 10:58:40.182 CET INFO: 0 ms
 -- TriplePostProcessor.processInstancesWithMultipleTypes()
2015.01.07 10:58:40.182 CET INFO: Postprocess: Add inferred superclasses ...  -- TriplePostProcessor.processInferredSuperclasses()
2015.01.07 10:58:40.182 CET INFO: 0 ms
 -- TriplePostProcessor.processInferredSuperclasses()
2015.01.07 10:58:40.192 CET INFO: Postprocess: Process orphan classes (60 classes) ...  -- TriplePostProcessor.processOrphanClses()
2015.01.07 10:58:40.193 CET INFO: 1 ms
 -- TriplePostProcessor.processOrphanClses()
2015.01.07 10:58:40.193 CET INFO: Postprocess: Generalized Concept Inclusion (0 axioms) ...  -- TriplePostProcessor.processGeneralizedConceptInclusions()
2015.01.07 10:58:40.193 CET INFO: 0 ms
 -- TriplePostProcessor.processGeneralizedConceptInclusions()
2015.01.07 10:58:40.193 CET INFO: Postprocess: Abstract classes...  -- TriplePostProcessor.processAbstractClasses()
2015.01.07 10:58:40.193 CET INFO: 0 ms
 -- TriplePostProcessor.processAbstractClasses()
2015.01.07 10:58:40.193 CET INFO: Postprocess: Domain and range of properties...  -- TriplePostProcessor.processDomainAndRange()
2015.01.07 10:58:40.205 CET INFO: 12 ms
 -- TriplePostProcessor.processDomainAndRange()
2015.01.07 10:58:40.205 CET INFO: Postprocess: Possibly typed entities (0 resources) ...  -- TriplePostProcessor.processPossiblyTypedResources()
2015.01.07 10:58:40.205 CET INFO: 0 ms
 -- TriplePostProcessor.processPossiblyTypedResources()
2015.01.07 10:58:40.205 CET INFO: Updating underlying frames model in 0 ms -- ProtegeOWLParser.doFinalPostProcessing()
2015.01.07 10:59:53.265 CET INFO: *** SYSTEM START ***
2015.01.07 10:59:54.356 CET WARNING: [Local Folder Repository] The specified file must be a directory. (D:\Ontologie_Owl\annotator\plugins\edu.stanford.smi.protegex.owl) -- LocalFolderRepository.update()
2015.01.07 10:59:54.383 CET INFO: Loading triples for: null -- ProtegeOWLParser.loadTriples()
2015.01.07 10:59:55.430 CET INFO:     Completed triple loading after 814 ms -- ProtegeOWLParser.loadTriples()
2015.01.07 10:59:55.440 CET INFO: Postprocess: Process entities with incorrect Java type (0 entities) ...  -- TriplePostProcessor.processFramesWithWrongJavaType()
2015.01.07 10:59:55.440 CET INFO: 0 ms
 -- TriplePostProcessor.processFramesWithWrongJavaType()
2015.01.07 10:59:55.440 CET INFO: Postprocess: Process metaclasses (3 metaclasses) ...  -- TriplePostProcessor.processMetaclasses()
2015.01.07 10:59:55.440 CET INFO: 0 ms
 -- TriplePostProcessor.processMetaclasses()
2015.01.07 10:59:55.440 CET INFO: Postprocess: Process subclasses of rdf:List (1 classes) ...  -- TriplePostProcessor.processSubclassesOfRdfList()
2015.01.07 10:59:55.440 CET INFO: 0 ms
 -- TriplePostProcessor.processSubclassesOfRdfList()
2015.01.07 10:59:55.440 CET INFO: Postprocess: Instances with multiple types (15 instances) ...  -- TriplePostProcessor.processInstancesWithMultipleTypes()
2015.01.07 10:59:55.440 CET INFO: 0 ms
 -- TriplePostProcessor.processInstancesWithMultipleTypes()
2015.01.07 10:59:55.440 CET INFO: Postprocess: Add inferred superclasses ...  -- TriplePostProcessor.processInferredSuperclasses()
2015.01.07 10:59:55.440 CET INFO: 0 ms
 -- TriplePostProcessor.processInferredSuperclasses()
2015.01.07 10:59:55.452 CET INFO: Postprocess: Process orphan classes (60 classes) ...  -- TriplePostProcessor.processOrphanClses()
2015.01.07 10:59:55.456 CET INFO: 4 ms
 -- TriplePostProcessor.processOrphanClses()
2015.01.07 10:59:55.456 CET INFO: Postprocess: Generalized Concept Inclusion (0 axioms) ...  -- TriplePostProcessor.processGeneralizedConceptInclusions()
2015.01.07 10:59:55.459 CET INFO: 3 ms
 -- TriplePostProcessor.processGeneralizedConceptInclusions()
2015.01.07 10:59:55.459 CET INFO: Postprocess: Abstract classes...  -- TriplePostProcessor.processAbstractClasses()
2015.01.07 10:59:55.460 CET INFO: 0 ms
 -- TriplePostProcessor.processAbstractClasses()
2015.01.07 10:59:55.460 CET INFO: Postprocess: Domain and range of properties...  -- TriplePostProcessor.processDomainAndRange()
2015.01.07 10:59:55.470 CET INFO: 10 ms
 -- TriplePostProcessor.processDomainAndRange()
2015.01.07 10:59:55.470 CET INFO: Postprocess: Possibly typed entities (0 resources) ...  -- TriplePostProcessor.processPossiblyTypedResources()
2015.01.07 10:59:55.471 CET INFO: 0 ms
 -- TriplePostProcessor.processPossiblyTypedResources()
2015.01.07 10:59:55.472 CET INFO: Updating underlying frames model in 1 ms -- ProtegeOWLParser.doFinalPostProcessing()
2015.01.07 11:01:16.395 CET INFO: *** SYSTEM START ***
2015.01.07 11:01:17.455 CET WARNING: [Local Folder Repository] The specified file must be a directory. (D:\Ontologie_Owl\annotator\plugins\edu.stanford.smi.protegex.owl) -- LocalFolderRepository.update()
2015.01.07 11:01:17.486 CET INFO: Loading triples for: null -- ProtegeOWLParser.loadTriples()
2015.01.07 11:01:18.536 CET INFO:     Completed triple loading after 830 ms -- ProtegeOWLParser.loadTriples()
2015.01.07 11:01:18.536 CET INFO: Postprocess: Process entities with incorrect Java type (0 entities) ...  -- TriplePostProcessor.processFramesWithWrongJavaType()
2015.01.07 11:01:18.536 CET INFO: 0 ms
 -- TriplePostProcessor.processFramesWithWrongJavaType()
2015.01.07 11:01:18.536 CET INFO: Postprocess: Process metaclasses (3 metaclasses) ...  -- TriplePostProcessor.processMetaclasses()
2015.01.07 11:01:18.536 CET INFO: 0 ms
 -- TriplePostProcessor.processMetaclasses()
2015.01.07 11:01:18.536 CET INFO: Postprocess: Process subclasses of rdf:List (1 classes) ...  -- TriplePostProcessor.processSubclassesOfRdfList()
2015.01.07 11:01:18.536 CET INFO: 0 ms
 -- TriplePostProcessor.processSubclassesOfRdfList()
2015.01.07 11:01:18.536 CET INFO: Postprocess: Instances with multiple types (15 instances) ...  -- TriplePostProcessor.processInstancesWithMultipleTypes()
2015.01.07 11:01:18.546 CET INFO: 10 ms
 -- TriplePostProcessor.processInstancesWithMultipleTypes()
2015.01.07 11:01:18.546 CET INFO: Postprocess: Add inferred superclasses ...  -- TriplePostProcessor.processInferredSuperclasses()
2015.01.07 11:01:18.546 CET INFO: 0 ms
 -- TriplePostProcessor.processInferredSuperclasses()
2015.01.07 11:01:18.546 CET INFO: Postprocess: Process orphan classes (61 classes) ...  -- TriplePostProcessor.processOrphanClses()
2015.01.07 11:01:18.556 CET INFO: 10 ms
 -- TriplePostProcessor.processOrphanClses()
2015.01.07 11:01:18.557 CET INFO: Postprocess: Generalized Concept Inclusion (0 axioms) ...  -- TriplePostProcessor.processGeneralizedConceptInclusions()
2015.01.07 11:01:18.557 CET INFO: 0 ms
 -- TriplePostProcessor.processGeneralizedConceptInclusions()
2015.01.07 11:01:18.557 CET INFO: Postprocess: Abstract classes...  -- TriplePostProcessor.processAbstractClasses()
2015.01.07 11:01:18.557 CET INFO: 0 ms
 -- TriplePostProcessor.processAbstractClasses()
2015.01.07 11:01:18.557 CET INFO: Postprocess: Domain and range of properties...  -- TriplePostProcessor.processDomainAndRange()
2015.01.07 11:01:18.567 CET INFO: 10 ms
 -- TriplePostProcessor.processDomainAndRange()
2015.01.07 11:01:18.567 CET INFO: Postprocess: Possibly typed entities (0 resources) ...  -- TriplePostProcessor.processPossiblyTypedResources()
2015.01.07 11:01:18.567 CET INFO: 0 ms
 -- TriplePostProcessor.processPossiblyTypedResources()
2015.01.07 11:01:18.567 CET INFO: Updating underlying frames model in 0 ms -- ProtegeOWLParser.doFinalPostProcessing()
2015.01.07 11:54:02.834 CET INFO: *** SYSTEM START ***
2015.01.07 11:54:03.790 CET WARNING: [Local Folder Repository] The specified file must be a directory. (D:\Ontologie_Owl\annotator\plugins\edu.stanford.smi.protegex.owl) -- LocalFolderRepository.update()
2015.01.07 11:54:03.821 CET INFO: Loading triples for: null -- ProtegeOWLParser.loadTriples()
2015.01.07 11:54:04.906 CET INFO:     Completed triple loading after 862 ms -- ProtegeOWLParser.loadTriples()
2015.01.07 11:54:04.906 CET INFO: Postprocess: Process entities with incorrect Java type (0 entities) ...  -- TriplePostProcessor.processFramesWithWrongJavaType()
2015.01.07 11:54:04.906 CET INFO: 0 ms
 -- TriplePostProcessor.processFramesWithWrongJavaType()
2015.01.07 11:54:04.906 CET INFO: Postprocess: Process metaclasses (3 metaclasses) ...  -- TriplePostProcessor.processMetaclasses()
2015.01.07 11:54:04.906 CET INFO: 0 ms
 -- TriplePostProcessor.processMetaclasses()
2015.01.07 11:54:04.906 CET INFO: Postprocess: Process subclasses of rdf:List (1 classes) ...  -- TriplePostProcessor.processSubclassesOfRdfList()
2015.01.07 11:54:04.906 CET INFO: 0 ms
 -- TriplePostProcessor.processSubclassesOfRdfList()
2015.01.07 11:54:04.906 CET INFO: Postprocess: Instances with multiple types (15 instances) ...  -- TriplePostProcessor.processInstancesWithMultipleTypes()
2015.01.07 11:54:04.916 CET INFO: 0 ms
 -- TriplePostProcessor.processInstancesWithMultipleTypes()
2015.01.07 11:54:04.916 CET INFO: Postprocess: Add inferred superclasses ...  -- TriplePostProcessor.processInferredSuperclasses()
2015.01.07 11:54:04.916 CET INFO: 0 ms
 -- TriplePostProcessor.processInferredSuperclasses()
2015.01.07 11:54:04.927 CET INFO: Postprocess: Process orphan classes (61 classes) ...  -- TriplePostProcessor.processOrphanClses()
2015.01.07 11:54:04.927 CET INFO: 0 ms
 -- TriplePostProcessor.processOrphanClses()
2015.01.07 11:54:04.927 CET INFO: Postprocess: Generalized Concept Inclusion (0 axioms) ...  -- TriplePostProcessor.processGeneralizedConceptInclusions()
2015.01.07 11:54:04.927 CET INFO: 0 ms
 -- TriplePostProcessor.processGeneralizedConceptInclusions()
2015.01.07 11:54:04.927 CET INFO: Postprocess: Abstract classes...  -- TriplePostProcessor.processAbstractClasses()
2015.01.07 11:54:04.927 CET INFO: 0 ms
 -- TriplePostProcessor.processAbstractClasses()
2015.01.07 11:54:04.927 CET INFO: Postprocess: Domain and range of properties...  -- TriplePostProcessor.processDomainAndRange()
2015.01.07 11:54:04.943 CET INFO: 16 ms
 -- TriplePostProcessor.processDomainAndRange()
2015.01.07 11:54:04.943 CET INFO: Postprocess: Possibly typed entities (0 resources) ...  -- TriplePostProcessor.processPossiblyTypedResources()
2015.01.07 11:54:04.943 CET INFO: 0 ms
 -- TriplePostProcessor.processPossiblyTypedResources()
2015.01.07 11:54:04.943 CET INFO: Updating underlying frames model in 0 ms -- ProtegeOWLParser.doFinalPostProcessing()
2015.01.07 13:09:55.666 CET INFO: *** SYSTEM START ***
2015.01.07 13:09:56.756 CET WARNING: [Local Folder Repository] The specified file must be a directory. (D:\Ontologie_Owl\annotator\plugins\edu.stanford.smi.protegex.owl) -- LocalFolderRepository.update()
2015.01.07 13:09:56.789 CET INFO: Loading triples for: null -- ProtegeOWLParser.loadTriples()
2015.01.07 13:09:57.832 CET INFO:     Completed triple loading after 823 ms -- ProtegeOWLParser.loadTriples()
2015.01.07 13:09:57.836 CET INFO: Postprocess: Process entities with incorrect Java type (0 entities) ...  -- TriplePostProcessor.processFramesWithWrongJavaType()
2015.01.07 13:09:57.837 CET INFO: 0 ms
 -- TriplePostProcessor.processFramesWithWrongJavaType()
2015.01.07 13:09:57.837 CET INFO: Postprocess: Process metaclasses (3 metaclasses) ...  -- TriplePostProcessor.processMetaclasses()
2015.01.07 13:09:57.838 CET INFO: 1 ms
 -- TriplePostProcessor.processMetaclasses()
2015.01.07 13:09:57.838 CET INFO: Postprocess: Process subclasses of rdf:List (1 classes) ...  -- TriplePostProcessor.processSubclassesOfRdfList()
2015.01.07 13:09:57.838 CET INFO: 0 ms
 -- TriplePostProcessor.processSubclassesOfRdfList()
2015.01.07 13:09:57.839 CET INFO: Postprocess: Instances with multiple types (15 instances) ...  -- TriplePostProcessor.processInstancesWithMultipleTypes()
2015.01.07 13:09:57.843 CET INFO: 4 ms
 -- TriplePostProcessor.processInstancesWithMultipleTypes()
2015.01.07 13:09:57.844 CET INFO: Postprocess: Add inferred superclasses ...  -- TriplePostProcessor.processInferredSuperclasses()
2015.01.07 13:09:57.844 CET INFO: 0 ms
 -- TriplePostProcessor.processInferredSuperclasses()
2015.01.07 13:09:57.849 CET INFO: Postprocess: Process orphan classes (61 classes) ...  -- TriplePostProcessor.processOrphanClses()
2015.01.07 13:09:57.853 CET INFO: 3 ms
 -- TriplePostProcessor.processOrphanClses()
2015.01.07 13:09:57.854 CET INFO: Postprocess: Generalized Concept Inclusion (0 axioms) ...  -- TriplePostProcessor.processGeneralizedConceptInclusions()
2015.01.07 13:09:57.857 CET INFO: 3 ms
 -- TriplePostProcessor.processGeneralizedConceptInclusions()
2015.01.07 13:09:57.857 CET INFO: Postprocess: Abstract classes...  -- TriplePostProcessor.processAbstractClasses()
2015.01.07 13:09:57.858 CET INFO: 0 ms
 -- TriplePostProcessor.processAbstractClasses()
2015.01.07 13:09:57.858 CET INFO: Postprocess: Domain and range of properties...  -- TriplePostProcessor.processDomainAndRange()
2015.01.07 13:09:57.868 CET INFO: 10 ms
 -- TriplePostProcessor.processDomainAndRange()
2015.01.07 13:09:57.869 CET INFO: Postprocess: Possibly typed entities (0 resources) ...  -- TriplePostProcessor.processPossiblyTypedResources()
2015.01.07 13:09:57.869 CET INFO: 0 ms
 -- TriplePostProcessor.processPossiblyTypedResources()
2015.01.07 13:09:57.870 CET INFO: Updating underlying frames model in 0 ms -- ProtegeOWLParser.doFinalPostProcessing()
2015.01.07 13:53:33.006 CET INFO: *** SYSTEM START ***
2015.01.07 13:53:34.036 CET WARNING: [Local Folder Repository] The specified file must be a directory. (D:\Ontologie_Owl\annotator\plugins\edu.stanford.smi.protegex.owl) -- LocalFolderRepository.update()
2015.01.07 13:53:34.067 CET INFO: Loading triples for: null -- ProtegeOWLParser.loadTriples()
2015.01.07 13:53:35.127 CET INFO:     Completed triple loading after 850 ms -- ProtegeOWLParser.loadTriples()
2015.01.07 13:53:35.137 CET INFO: Postprocess: Process entities with incorrect Java type (0 entities) ...  -- TriplePostProcessor.processFramesWithWrongJavaType()
2015.01.07 13:53:35.137 CET INFO: 0 ms
 -- TriplePostProcessor.processFramesWithWrongJavaType()
2015.01.07 13:53:35.137 CET INFO: Postprocess: Process metaclasses (3 metaclasses) ...  -- TriplePostProcessor.processMetaclasses()
2015.01.07 13:53:35.137 CET INFO: 0 ms
 -- TriplePostProcessor.processMetaclasses()
2015.01.07 13:53:35.137 CET INFO: Postprocess: Process subclasses of rdf:List (1 classes) ...  -- TriplePostProcessor.processSubclassesOfRdfList()
2015.01.07 13:53:35.137 CET INFO: 0 ms
 -- TriplePostProcessor.processSubclassesOfRdfList()
2015.01.07 13:53:35.137 CET INFO: Postprocess: Instances with multiple types (15 instances) ...  -- TriplePostProcessor.processInstancesWithMultipleTypes()
2015.01.07 13:53:35.137 CET INFO: 0 ms
 -- TriplePostProcessor.processInstancesWithMultipleTypes()
2015.01.07 13:53:35.137 CET INFO: Postprocess: Add inferred superclasses ...  -- TriplePostProcessor.processInferredSuperclasses()
2015.01.07 13:53:35.137 CET INFO: 0 ms
 -- TriplePostProcessor.processInferredSuperclasses()
2015.01.07 13:53:35.147 CET INFO: Postprocess: Process orphan classes (61 classes) ...  -- TriplePostProcessor.processOrphanClses()
2015.01.07 13:53:35.147 CET INFO: 0 ms
 -- TriplePostProcessor.processOrphanClses()
2015.01.07 13:53:35.147 CET INFO: Postprocess: Generalized Concept Inclusion (0 axioms) ...  -- TriplePostProcessor.processGeneralizedConceptInclusions()
2015.01.07 13:53:35.158 CET INFO: 1 ms
 -- TriplePostProcessor.processGeneralizedConceptInclusions()
2015.01.07 13:53:35.158 CET INFO: Postprocess: Abstract classes...  -- TriplePostProcessor.processAbstractClasses()
2015.01.07 13:53:35.158 CET INFO: 0 ms
 -- TriplePostProcessor.processAbstractClasses()
2015.01.07 13:53:35.158 CET INFO: Postprocess: Domain and range of properties...  -- TriplePostProcessor.processDomainAndRange()
2015.01.07 13:53:35.168 CET INFO: 10 ms
 -- TriplePostProcessor.processDomainAndRange()
2015.01.07 13:53:35.168 CET INFO: Postprocess: Possibly typed entities (0 resources) ...  -- TriplePostProcessor.processPossiblyTypedResources()
2015.01.07 13:53:35.168 CET INFO: 0 ms
 -- TriplePostProcessor.processPossiblyTypedResources()
2015.01.07 13:53:35.168 CET INFO: Updating underlying frames model in 0 ms -- ProtegeOWLParser.doFinalPostProcessing()
2015.01.07 13:55:10.974 CET INFO: *** SYSTEM START ***
2015.01.07 13:55:11.960 CET WARNING: [Local Folder Repository] The specified file must be a directory. (D:\Ontologie_Owl\annotator\plugins\edu.stanford.smi.protegex.owl) -- LocalFolderRepository.update()
2015.01.07 13:55:11.988 CET INFO: Loading triples for: null -- ProtegeOWLParser.loadTriples()
2015.01.07 13:55:12.979 CET INFO:     Completed triple loading after 797 ms -- ProtegeOWLParser.loadTriples()
2015.01.07 13:55:12.983 CET INFO: Postprocess: Process entities with incorrect Java type (0 entities) ...  -- TriplePostProcessor.processFramesWithWrongJavaType()
2015.01.07 13:55:12.983 CET INFO: 0 ms
 -- TriplePostProcessor.processFramesWithWrongJavaType()
2015.01.07 13:55:12.984 CET INFO: Postprocess: Process metaclasses (3 metaclasses) ...  -- TriplePostProcessor.processMetaclasses()
2015.01.07 13:55:12.984 CET INFO: 0 ms
 -- TriplePostProcessor.processMetaclasses()
2015.01.07 13:55:12.985 CET INFO: Postprocess: Process subclasses of rdf:List (1 classes) ...  -- TriplePostProcessor.processSubclassesOfRdfList()
2015.01.07 13:55:12.985 CET INFO: 0 ms
 -- TriplePostProcessor.processSubclassesOfRdfList()
2015.01.07 13:55:12.985 CET INFO: Postprocess: Instances with multiple types (15 instances) ...  -- TriplePostProcessor.processInstancesWithMultipleTypes()
2015.01.07 13:55:12.989 CET INFO: 3 ms
 -- TriplePostProcessor.processInstancesWithMultipleTypes()
2015.01.07 13:55:12.990 CET INFO: Postprocess: Add inferred superclasses ...  -- TriplePostProcessor.processInferredSuperclasses()
2015.01.07 13:55:12.990 CET INFO: 0 ms
 -- TriplePostProcessor.processInferredSuperclasses()
2015.01.07 13:55:12.995 CET INFO: Postprocess: Process orphan classes (61 classes) ...  -- TriplePostProcessor.processOrphanClses()
2015.01.07 13:55:12.999 CET INFO: 4 ms
 -- TriplePostProcessor.processOrphanClses()
2015.01.07 13:55:12.999 CET INFO: Postprocess: Generalized Concept Inclusion (0 axioms) ...  -- TriplePostProcessor.processGeneralizedConceptInclusions()
2015.01.07 13:55:13.002 CET INFO: 3 ms
 -- TriplePostProcessor.processGeneralizedConceptInclusions()
2015.01.07 13:55:13.002 CET INFO: Postprocess: Abstract classes...  -- TriplePostProcessor.processAbstractClasses()
2015.01.07 13:55:13.003 CET INFO: 1 ms
 -- TriplePostProcessor.processAbstractClasses()
2015.01.07 13:55:13.003 CET INFO: Postprocess: Domain and range of properties...  -- TriplePostProcessor.processDomainAndRange()
2015.01.07 13:55:13.012 CET INFO: 9 ms
 -- TriplePostProcessor.processDomainAndRange()
2015.01.07 13:55:13.013 CET INFO: Postprocess: Possibly typed entities (0 resources) ...  -- TriplePostProcessor.processPossiblyTypedResources()
2015.01.07 13:55:13.014 CET INFO: 0 ms
 -- TriplePostProcessor.processPossiblyTypedResources()
2015.01.07 13:55:13.015 CET INFO: Updating underlying frames model in 1 ms -- ProtegeOWLParser.doFinalPostProcessing()
2015.01.07 14:01:59.532 CET INFO: *** SYSTEM START ***
2015.01.07 14:02:00.458 CET WARNING: [Local Folder Repository] The specified file must be a directory. (D:\Ontologie_Owl\annotator\plugins\edu.stanford.smi.protegex.owl) -- LocalFolderRepository.update()
2015.01.07 14:02:00.490 CET INFO: Loading triples for: null -- ProtegeOWLParser.loadTriples()
2015.01.07 14:02:01.368 CET INFO:     Completed triple loading after 704 ms -- ProtegeOWLParser.loadTriples()
2015.01.07 14:02:01.368 CET INFO: Postprocess: Process entities with incorrect Java type (0 entities) ...  -- TriplePostProcessor.processFramesWithWrongJavaType()
2015.01.07 14:02:01.368 CET INFO: 0 ms
 -- TriplePostProcessor.processFramesWithWrongJavaType()
2015.01.07 14:02:01.368 CET INFO: Postprocess: Process metaclasses (3 metaclasses) ...  -- TriplePostProcessor.processMetaclasses()
2015.01.07 14:02:01.368 CET INFO: 0 ms
 -- TriplePostProcessor.processMetaclasses()
2015.01.07 14:02:01.368 CET INFO: Postprocess: Process subclasses of rdf:List (1 classes) ...  -- TriplePostProcessor.processSubclassesOfRdfList()
2015.01.07 14:02:01.368 CET INFO: 0 ms
 -- TriplePostProcessor.processSubclassesOfRdfList()
2015.01.07 14:02:01.368 CET INFO: Postprocess: Instances with multiple types (15 instances) ...  -- TriplePostProcessor.processInstancesWithMultipleTypes()
2015.01.07 14:02:01.368 CET INFO: 0 ms
 -- TriplePostProcessor.processInstancesWithMultipleTypes()
2015.01.07 14:02:01.368 CET INFO: Postprocess: Add inferred superclasses ...  -- TriplePostProcessor.processInferredSuperclasses()
2015.01.07 14:02:01.368 CET INFO: 0 ms
 -- TriplePostProcessor.processInferredSuperclasses()
2015.01.07 14:02:01.383 CET INFO: Postprocess: Process orphan classes (61 classes) ...  -- TriplePostProcessor.processOrphanClses()
2015.01.07 14:02:01.383 CET INFO: 0 ms
 -- TriplePostProcessor.processOrphanClses()
2015.01.07 14:02:01.383 CET INFO: Postprocess: Generalized Concept Inclusion (0 axioms) ...  -- TriplePostProcessor.processGeneralizedConceptInclusions()
2015.01.07 14:02:01.383 CET INFO: 0 ms
 -- TriplePostProcessor.processGeneralizedConceptInclusions()
2015.01.07 14:02:01.383 CET INFO: Postprocess: Abstract classes...  -- TriplePostProcessor.processAbstractClasses()
2015.01.07 14:02:01.383 CET INFO: 0 ms
 -- TriplePostProcessor.processAbstractClasses()
2015.01.07 14:02:01.383 CET INFO: Postprocess: Domain and range of properties...  -- TriplePostProcessor.processDomainAndRange()
2015.01.07 14:02:01.383 CET INFO: 0 ms
 -- TriplePostProcessor.processDomainAndRange()
2015.01.07 14:02:01.383 CET INFO: Postprocess: Possibly typed entities (0 resources) ...  -- TriplePostProcessor.processPossiblyTypedResources()
2015.01.07 14:02:01.383 CET INFO: 0 ms
 -- TriplePostProcessor.processPossiblyTypedResources()
2015.01.07 14:02:01.399 CET INFO: Updating underlying frames model in 16 ms -- ProtegeOWLParser.doFinalPostProcessing()
2015.01.07 14:07:39.689 CET INFO: *** SYSTEM START ***
2015.01.07 14:07:40.639 CET WARNING: [Local Folder Repository] The specified file must be a directory. (D:\Ontologie_Owl\annotator\plugins\edu.stanford.smi.protegex.owl) -- LocalFolderRepository.update()
2015.01.07 14:07:40.670 CET INFO: Loading triples for: null -- ProtegeOWLParser.loadTriples()
2015.01.07 14:07:41.640 CET INFO:     Completed triple loading after 750 ms -- ProtegeOWLParser.loadTriples()
2015.01.07 14:07:41.640 CET INFO: Postprocess: Process entities with incorrect Java type (0 entities) ...  -- TriplePostProcessor.processFramesWithWrongJavaType()
2015.01.07 14:07:41.640 CET INFO: 0 ms
 -- TriplePostProcessor.processFramesWithWrongJavaType()
2015.01.07 14:07:41.640 CET INFO: Postprocess: Process metaclasses (3 metaclasses) ...  -- TriplePostProcessor.processMetaclasses()
2015.01.07 14:07:41.650 CET INFO: 10 ms
 -- TriplePostProcessor.processMetaclasses()
2015.01.07 14:07:41.650 CET INFO: Postprocess: Process subclasses of rdf:List (1 classes) ...  -- TriplePostProcessor.processSubclassesOfRdfList()
2015.01.07 14:07:41.650 CET INFO: 0 ms
 -- TriplePostProcessor.processSubclassesOfRdfList()
2015.01.07 14:07:41.650 CET INFO: Postprocess: Instances with multiple types (15 instances) ...  -- TriplePostProcessor.processInstancesWithMultipleTypes()
2015.01.07 14:07:41.650 CET INFO: 0 ms
 -- TriplePostProcessor.processInstancesWithMultipleTypes()
2015.01.07 14:07:41.650 CET INFO: Postprocess: Add inferred superclasses ...  -- TriplePostProcessor.processInferredSuperclasses()
2015.01.07 14:07:41.650 CET INFO: 0 ms
 -- TriplePostProcessor.processInferredSuperclasses()
2015.01.07 14:07:41.650 CET INFO: Postprocess: Process orphan classes (61 classes) ...  -- TriplePostProcessor.processOrphanClses()
2015.01.07 14:07:41.660 CET INFO: 10 ms
 -- TriplePostProcessor.processOrphanClses()
2015.01.07 14:07:41.660 CET INFO: Postprocess: Generalized Concept Inclusion (0 axioms) ...  -- TriplePostProcessor.processGeneralizedConceptInclusions()
2015.01.07 14:07:41.660 CET INFO: 0 ms
 -- TriplePostProcessor.processGeneralizedConceptInclusions()
2015.01.07 14:07:41.660 CET INFO: Postprocess: Abstract classes...  -- TriplePostProcessor.processAbstractClasses()
2015.01.07 14:07:41.660 CET INFO: 0 ms
 -- TriplePostProcessor.processAbstractClasses()
2015.01.07 14:07:41.660 CET INFO: Postprocess: Domain and range of properties...  -- TriplePostProcessor.processDomainAndRange()
2015.01.07 14:07:41.670 CET INFO: 10 ms
 -- TriplePostProcessor.processDomainAndRange()
2015.01.07 14:07:41.670 CET INFO: Postprocess: Possibly typed entities (0 resources) ...  -- TriplePostProcessor.processPossiblyTypedResources()
2015.01.07 14:07:41.670 CET INFO: 0 ms
 -- TriplePostProcessor.processPossiblyTypedResources()
2015.01.07 14:07:41.670 CET INFO: Updating underlying frames model in 0 ms -- ProtegeOWLParser.doFinalPostProcessing()
2015.01.07 14:10:55.162 CET INFO: *** SYSTEM START ***
2015.01.07 14:10:56.262 CET WARNING: [Local Folder Repository] The specified file must be a directory. (D:\Ontologie_Owl\annotator\plugins\edu.stanford.smi.protegex.owl) -- LocalFolderRepository.update()
2015.01.07 14:10:56.308 CET INFO: Loading triples for: null -- ProtegeOWLParser.loadTriples()
2015.01.07 14:10:57.402 CET INFO:     Completed triple loading after 870 ms -- ProtegeOWLParser.loadTriples()
2015.01.07 14:10:57.415 CET INFO: Postprocess: Process entities with incorrect Java type (0 entities) ...  -- TriplePostProcessor.processFramesWithWrongJavaType()
2015.01.07 14:10:57.415 CET INFO: 0 ms
 -- TriplePostProcessor.processFramesWithWrongJavaType()
2015.01.07 14:10:57.416 CET INFO: Postprocess: Process metaclasses (3 metaclasses) ...  -- TriplePostProcessor.processMetaclasses()
2015.01.07 14:10:57.417 CET INFO: 1 ms
 -- TriplePostProcessor.processMetaclasses()
2015.01.07 14:10:57.417 CET INFO: Postprocess: Process subclasses of rdf:List (1 classes) ...  -- TriplePostProcessor.processSubclassesOfRdfList()
2015.01.07 14:10:57.417 CET INFO: 0 ms
 -- TriplePostProcessor.processSubclassesOfRdfList()
2015.01.07 14:10:57.418 CET INFO: Postprocess: Instances with multiple types (15 instances) ...  -- TriplePostProcessor.processInstancesWithMultipleTypes()
2015.01.07 14:10:57.422 CET INFO: 4 ms
 -- TriplePostProcessor.processInstancesWithMultipleTypes()
2015.01.07 14:10:57.423 CET INFO: Postprocess: Add inferred superclasses ...  -- TriplePostProcessor.processInferredSuperclasses()
2015.01.07 14:10:57.423 CET INFO: 0 ms
 -- TriplePostProcessor.processInferredSuperclasses()
2015.01.07 14:10:57.428 CET INFO: Postprocess: Process orphan classes (61 classes) ...  -- TriplePostProcessor.processOrphanClses()
2015.01.07 14:10:57.432 CET INFO: 4 ms
 -- TriplePostProcessor.processOrphanClses()
2015.01.07 14:10:57.432 CET INFO: Postprocess: Generalized Concept Inclusion (0 axioms) ...  -- TriplePostProcessor.processGeneralizedConceptInclusions()
2015.01.07 14:10:57.436 CET INFO: 3 ms
 -- TriplePostProcessor.processGeneralizedConceptInclusions()
2015.01.07 14:10:57.436 CET INFO: Postprocess: Abstract classes...  -- TriplePostProcessor.processAbstractClasses()
2015.01.07 14:10:57.437 CET INFO: 0 ms
 -- TriplePostProcessor.processAbstractClasses()
2015.01.07 14:10:57.437 CET INFO: Postprocess: Domain and range of properties...  -- TriplePostProcessor.processDomainAndRange()
2015.01.07 14:10:57.446 CET INFO: 9 ms
 -- TriplePostProcessor.processDomainAndRange()
2015.01.07 14:10:57.447 CET INFO: Postprocess: Possibly typed entities (0 resources) ...  -- TriplePostProcessor.processPossiblyTypedResources()
2015.01.07 14:10:57.447 CET INFO: 0 ms
 -- TriplePostProcessor.processPossiblyTypedResources()
2015.01.07 14:10:57.448 CET INFO: Updating underlying frames model in 0 ms -- ProtegeOWLParser.doFinalPostProcessing()
2015.01.07 14:11:31.148 CET INFO: *** SYSTEM START ***
2015.01.07 14:11:32.260 CET WARNING: [Local Folder Repository] The specified file must be a directory. (D:\Ontologie_Owl\annotator\plugins\edu.stanford.smi.protegex.owl) -- LocalFolderRepository.update()
2015.01.07 14:11:32.289 CET INFO: Loading triples for: null -- ProtegeOWLParser.loadTriples()
2015.01.07 14:11:33.355 CET INFO:     Completed triple loading after 838 ms -- ProtegeOWLParser.loadTriples()
2015.01.07 14:11:33.359 CET INFO: Postprocess: Process entities with incorrect Java type (0 entities) ...  -- TriplePostProcessor.processFramesWithWrongJavaType()
2015.01.07 14:11:33.359 CET INFO: 0 ms
 -- TriplePostProcessor.processFramesWithWrongJavaType()
2015.01.07 14:11:33.360 CET INFO: Postprocess: Process metaclasses (3 metaclasses) ...  -- TriplePostProcessor.processMetaclasses()
2015.01.07 14:11:33.360 CET INFO: 0 ms
 -- TriplePostProcessor.processMetaclasses()
2015.01.07 14:11:33.361 CET INFO: Postprocess: Process subclasses of rdf:List (1 classes) ...  -- TriplePostProcessor.processSubclassesOfRdfList()
2015.01.07 14:11:33.361 CET INFO: 0 ms
 -- TriplePostProcessor.processSubclassesOfRdfList()
2015.01.07 14:11:33.362 CET INFO: Postprocess: Instances with multiple types (15 instances) ...  -- TriplePostProcessor.processInstancesWithMultipleTypes()
2015.01.07 14:11:33.365 CET INFO: 3 ms
 -- TriplePostProcessor.processInstancesWithMultipleTypes()
2015.01.07 14:11:33.366 CET INFO: Postprocess: Add inferred superclasses ...  -- TriplePostProcessor.processInferredSuperclasses()
2015.01.07 14:11:33.366 CET INFO: 0 ms
 -- TriplePostProcessor.processInferredSuperclasses()
2015.01.07 14:11:33.371 CET INFO: Postprocess: Process orphan classes (61 classes) ...  -- TriplePostProcessor.processOrphanClses()
2015.01.07 14:11:33.375 CET INFO: 4 ms
 -- TriplePostProcessor.processOrphanClses()
2015.01.07 14:11:33.375 CET INFO: Postprocess: Generalized Concept Inclusion (0 axioms) ...  -- TriplePostProcessor.processGeneralizedConceptInclusions()
2015.01.07 14:11:33.378 CET INFO: 2 ms
 -- TriplePostProcessor.processGeneralizedConceptInclusions()
2015.01.07 14:11:33.378 CET INFO: Postprocess: Abstract classes...  -- TriplePostProcessor.processAbstractClasses()
2015.01.07 14:11:33.379 CET INFO: 0 ms
 -- TriplePostProcessor.processAbstractClasses()
2015.01.07 14:11:33.379 CET INFO: Postprocess: Domain and range of properties...  -- TriplePostProcessor.processDomainAndRange()
2015.01.07 14:11:33.388 CET INFO: 9 ms
 -- TriplePostProcessor.processDomainAndRange()
2015.01.07 14:11:33.389 CET INFO: Postprocess: Possibly typed entities (0 resources) ...  -- TriplePostProcessor.processPossiblyTypedResources()
2015.01.07 14:11:33.389 CET INFO: 0 ms
 -- TriplePostProcessor.processPossiblyTypedResources()
2015.01.07 14:11:33.390 CET INFO: Updating underlying frames model in 0 ms -- ProtegeOWLParser.doFinalPostProcessing()
2015.01.07 14:16:14.121 CET INFO: *** SYSTEM START ***
2015.01.07 14:16:15.101 CET WARNING: [Local Folder Repository] The specified file must be a directory. (D:\Ontologie_Owl\annotator\plugins\edu.stanford.smi.protegex.owl) -- LocalFolderRepository.update()
2015.01.07 14:16:15.132 CET INFO: Loading triples for: null -- ProtegeOWLParser.loadTriples()
2015.01.07 14:16:16.082 CET INFO:     Completed triple loading after 760 ms -- ProtegeOWLParser.loadTriples()
2015.01.07 14:16:16.082 CET INFO: Postprocess: Process entities with incorrect Java type (0 entities) ...  -- TriplePostProcessor.processFramesWithWrongJavaType()
2015.01.07 14:16:16.082 CET INFO: 0 ms
 -- TriplePostProcessor.processFramesWithWrongJavaType()
2015.01.07 14:16:16.082 CET INFO: Postprocess: Process metaclasses (3 metaclasses) ...  -- TriplePostProcessor.processMetaclasses()
2015.01.07 14:16:16.082 CET INFO: 0 ms
 -- TriplePostProcessor.processMetaclasses()
2015.01.07 14:16:16.082 CET INFO: Postprocess: Process subclasses of rdf:List (1 classes) ...  -- TriplePostProcessor.processSubclassesOfRdfList()
2015.01.07 14:16:16.082 CET INFO: 0 ms
 -- TriplePostProcessor.processSubclassesOfRdfList()
2015.01.07 14:16:16.082 CET INFO: Postprocess: Instances with multiple types (15 instances) ...  -- TriplePostProcessor.processInstancesWithMultipleTypes()
2015.01.07 14:16:16.092 CET INFO: 0 ms
 -- TriplePostProcessor.processInstancesWithMultipleTypes()
2015.01.07 14:16:16.092 CET INFO: Postprocess: Add inferred superclasses ...  -- TriplePostProcessor.processInferredSuperclasses()
2015.01.07 14:16:16.092 CET INFO: 0 ms
 -- TriplePostProcessor.processInferredSuperclasses()
2015.01.07 14:16:16.092 CET INFO: Postprocess: Process orphan classes (61 classes) ...  -- TriplePostProcessor.processOrphanClses()
2015.01.07 14:16:16.102 CET INFO: 10 ms
 -- TriplePostProcessor.processOrphanClses()
2015.01.07 14:16:16.102 CET INFO: Postprocess: Generalized Concept Inclusion (0 axioms) ...  -- TriplePostProcessor.processGeneralizedConceptInclusions()
2015.01.07 14:16:16.102 CET INFO: 0 ms
 -- TriplePostProcessor.processGeneralizedConceptInclusions()
2015.01.07 14:16:16.102 CET INFO: Postprocess: Abstract classes...  -- TriplePostProcessor.processAbstractClasses()
2015.01.07 14:16:16.102 CET INFO: 0 ms
 -- TriplePostProcessor.processAbstractClasses()
2015.01.07 14:16:16.102 CET INFO: Postprocess: Domain and range of properties...  -- TriplePostProcessor.processDomainAndRange()
2015.01.07 14:16:16.112 CET INFO: 10 ms
 -- TriplePostProcessor.processDomainAndRange()
2015.01.07 14:16:16.112 CET INFO: Postprocess: Possibly typed entities (0 resources) ...  -- TriplePostProcessor.processPossiblyTypedResources()
2015.01.07 14:16:16.112 CET INFO: 0 ms
 -- TriplePostProcessor.processPossiblyTypedResources()
2015.01.07 14:16:16.112 CET INFO: Updating underlying frames model in 0 ms -- ProtegeOWLParser.doFinalPostProcessing()
2015.01.07 14:23:02.903 CET INFO: *** SYSTEM START ***
2015.01.07 14:23:03.913 CET WARNING: [Local Folder Repository] The specified file must be a directory. (D:\Ontologie_Owl\annotator\plugins\edu.stanford.smi.protegex.owl) -- LocalFolderRepository.update()
2015.01.07 14:23:03.944 CET INFO: Loading triples for: null -- ProtegeOWLParser.loadTriples()
2015.01.07 14:23:04.944 CET INFO:     Completed triple loading after 800 ms -- ProtegeOWLParser.loadTriples()
2015.01.07 14:23:04.954 CET INFO: Postprocess: Process entities with incorrect Java type (0 entities) ...  -- TriplePostProcessor.processFramesWithWrongJavaType()
2015.01.07 14:23:04.954 CET INFO: 0 ms
 -- TriplePostProcessor.processFramesWithWrongJavaType()
2015.01.07 14:23:04.954 CET INFO: Postprocess: Process metaclasses (3 metaclasses) ...  -- TriplePostProcessor.processMetaclasses()
2015.01.07 14:23:04.954 CET INFO: 0 ms
 -- TriplePostProcessor.processMetaclasses()
2015.01.07 14:23:04.954 CET INFO: Postprocess: Process subclasses of rdf:List (1 classes) ...  -- TriplePostProcessor.processSubclassesOfRdfList()
2015.01.07 14:23:04.954 CET INFO: 0 ms
 -- TriplePostProcessor.processSubclassesOfRdfList()
2015.01.07 14:23:04.954 CET INFO: Postprocess: Instances with multiple types (15 instances) ...  -- TriplePostProcessor.processInstancesWithMultipleTypes()
2015.01.07 14:23:04.954 CET INFO: 0 ms
 -- TriplePostProcessor.processInstancesWithMultipleTypes()
2015.01.07 14:23:04.954 CET INFO: Postprocess: Add inferred superclasses ...  -- TriplePostProcessor.processInferredSuperclasses()
2015.01.07 14:23:04.954 CET INFO: 0 ms
 -- TriplePostProcessor.processInferredSuperclasses()
2015.01.07 14:23:04.964 CET INFO: Postprocess: Process orphan classes (61 classes) ...  -- TriplePostProcessor.processOrphanClses()
2015.01.07 14:23:04.964 CET INFO: 0 ms
 -- TriplePostProcessor.processOrphanClses()
2015.01.07 14:23:04.964 CET INFO: Postprocess: Generalized Concept Inclusion (0 axioms) ...  -- TriplePostProcessor.processGeneralizedConceptInclusions()
2015.01.07 14:23:04.974 CET INFO: 10 ms
 -- TriplePostProcessor.processGeneralizedConceptInclusions()
2015.01.07 14:23:04.975 CET INFO: Postprocess: Abstract classes...  -- TriplePostProcessor.processAbstractClasses()
2015.01.07 14:23:04.975 CET INFO: 0 ms
 -- TriplePostProcessor.processAbstractClasses()
2015.01.07 14:23:04.975 CET INFO: Postprocess: Domain and range of properties...  -- TriplePostProcessor.processDomainAndRange()
2015.01.07 14:23:04.985 CET INFO: 0 ms
 -- TriplePostProcessor.processDomainAndRange()
2015.01.07 14:23:04.985 CET INFO: Postprocess: Possibly typed entities (0 resources) ...  -- TriplePostProcessor.processPossiblyTypedResources()
2015.01.07 14:23:04.985 CET INFO: 0 ms
 -- TriplePostProcessor.processPossiblyTypedResources()
2015.01.07 14:23:04.985 CET INFO: Updating underlying frames model in 0 ms -- ProtegeOWLParser.doFinalPostProcessing()
2015.01.07 14:35:05.780 CET INFO: *** SYSTEM START ***
2015.01.07 14:35:06.780 CET WARNING: [Local Folder Repository] The specified file must be a directory. (D:\Ontologie_Owl\annotator\plugins\edu.stanford.smi.protegex.owl) -- LocalFolderRepository.update()
2015.01.07 14:35:06.811 CET INFO: Loading triples for: null -- ProtegeOWLParser.loadTriples()
2015.01.07 14:35:07.753 CET INFO:     Completed triple loading after 752 ms -- ProtegeOWLParser.loadTriples()
2015.01.07 14:35:07.753 CET INFO: Postprocess: Process entities with incorrect Java type (0 entities) ...  -- TriplePostProcessor.processFramesWithWrongJavaType()
2015.01.07 14:35:07.753 CET INFO: 0 ms
 -- TriplePostProcessor.processFramesWithWrongJavaType()
2015.01.07 14:35:07.753 CET INFO: Postprocess: Process metaclasses (3 metaclasses) ...  -- TriplePostProcessor.processMetaclasses()
2015.01.07 14:35:07.753 CET INFO: 0 ms
 -- TriplePostProcessor.processMetaclasses()
2015.01.07 14:35:07.753 CET INFO: Postprocess: Process subclasses of rdf:List (1 classes) ...  -- TriplePostProcessor.processSubclassesOfRdfList()
2015.01.07 14:35:07.753 CET INFO: 0 ms
 -- TriplePostProcessor.processSubclassesOfRdfList()
2015.01.07 14:35:07.753 CET INFO: Postprocess: Instances with multiple types (15 instances) ...  -- TriplePostProcessor.processInstancesWithMultipleTypes()
2015.01.07 14:35:07.763 CET INFO: 10 ms
 -- TriplePostProcessor.processInstancesWithMultipleTypes()
2015.01.07 14:35:07.763 CET INFO: Postprocess: Add inferred superclasses ...  -- TriplePostProcessor.processInferredSuperclasses()
2015.01.07 14:35:07.763 CET INFO: 0 ms
 -- TriplePostProcessor.processInferredSuperclasses()
2015.01.07 14:35:07.763 CET INFO: Postprocess: Process orphan classes (61 classes) ...  -- TriplePostProcessor.processOrphanClses()
2015.01.07 14:35:07.763 CET INFO: 0 ms
 -- TriplePostProcessor.processOrphanClses()
2015.01.07 14:35:07.763 CET INFO: Postprocess: Generalized Concept Inclusion (0 axioms) ...  -- TriplePostProcessor.processGeneralizedConceptInclusions()
2015.01.07 14:35:07.773 CET INFO: 10 ms
 -- TriplePostProcessor.processGeneralizedConceptInclusions()
2015.01.07 14:35:07.773 CET INFO: Postprocess: Abstract classes...  -- TriplePostProcessor.processAbstractClasses()
2015.01.07 14:35:07.773 CET INFO: 0 ms
 -- TriplePostProcessor.processAbstractClasses()
2015.01.07 14:35:07.773 CET INFO: Postprocess: Domain and range of properties...  -- TriplePostProcessor.processDomainAndRange()
2015.01.07 14:35:07.783 CET INFO: 10 ms
 -- TriplePostProcessor.processDomainAndRange()
2015.01.07 14:35:07.783 CET INFO: Postprocess: Possibly typed entities (0 resources) ...  -- TriplePostProcessor.processPossiblyTypedResources()
2015.01.07 14:35:07.783 CET INFO: 0 ms
 -- TriplePostProcessor.processPossiblyTypedResources()
2015.01.07 14:35:07.783 CET INFO: Updating underlying frames model in 0 ms -- ProtegeOWLParser.doFinalPostProcessing()
2015.01.07 14:35:45.954 CET INFO: *** SYSTEM START ***
2015.01.07 14:35:47.024 CET WARNING: [Local Folder Repository] The specified file must be a directory. (D:\Ontologie_Owl\annotator\plugins\edu.stanford.smi.protegex.owl) -- LocalFolderRepository.update()
2015.01.07 14:35:47.055 CET INFO: Loading triples for: null -- ProtegeOWLParser.loadTriples()
2015.01.07 14:35:48.125 CET INFO:     Completed triple loading after 840 ms -- ProtegeOWLParser.loadTriples()
2015.01.07 14:35:48.125 CET INFO: Postprocess: Process entities with incorrect Java type (0 entities) ...  -- TriplePostProcessor.processFramesWithWrongJavaType()
2015.01.07 14:35:48.135 CET INFO: 0 ms
 -- TriplePostProcessor.processFramesWithWrongJavaType()
2015.01.07 14:35:48.135 CET INFO: Postprocess: Process metaclasses (3 metaclasses) ...  -- TriplePostProcessor.processMetaclasses()
2015.01.07 14:35:48.135 CET INFO: 0 ms
 -- TriplePostProcessor.processMetaclasses()
2015.01.07 14:35:48.135 CET INFO: Postprocess: Process subclasses of rdf:List (1 classes) ...  -- TriplePostProcessor.processSubclassesOfRdfList()
2015.01.07 14:35:48.135 CET INFO: 0 ms
 -- TriplePostProcessor.processSubclassesOfRdfList()
2015.01.07 14:35:48.135 CET INFO: Postprocess: Instances with multiple types (15 instances) ...  -- TriplePostProcessor.processInstancesWithMultipleTypes()
2015.01.07 14:35:48.135 CET INFO: 0 ms
 -- TriplePostProcessor.processInstancesWithMultipleTypes()
2015.01.07 14:35:48.135 CET INFO: Postprocess: Add inferred superclasses ...  -- TriplePostProcessor.processInferredSuperclasses()
2015.01.07 14:35:48.135 CET INFO: 0 ms
 -- TriplePostProcessor.processInferredSuperclasses()
2015.01.07 14:35:48.145 CET INFO: Postprocess: Process orphan classes (61 classes) ...  -- TriplePostProcessor.processOrphanClses()
2015.01.07 14:35:48.145 CET INFO: 0 ms
 -- TriplePostProcessor.processOrphanClses()
2015.01.07 14:35:48.145 CET INFO: Postprocess: Generalized Concept Inclusion (0 axioms) ...  -- TriplePostProcessor.processGeneralizedConceptInclusions()
2015.01.07 14:35:48.155 CET INFO: 10 ms
 -- TriplePostProcessor.processGeneralizedConceptInclusions()
2015.01.07 14:35:48.155 CET INFO: Postprocess: Abstract classes...  -- TriplePostProcessor.processAbstractClasses()
2015.01.07 14:35:48.155 CET INFO: 0 ms
 -- TriplePostProcessor.processAbstractClasses()
2015.01.07 14:35:48.156 CET INFO: Postprocess: Domain and range of properties...  -- TriplePostProcessor.processDomainAndRange()
2015.01.07 14:35:48.166 CET INFO: 10 ms
 -- TriplePostProcessor.processDomainAndRange()
2015.01.07 14:35:48.166 CET INFO: Postprocess: Possibly typed entities (0 resources) ...  -- TriplePostProcessor.processPossiblyTypedResources()
2015.01.07 14:35:48.166 CET INFO: 0 ms
 -- TriplePostProcessor.processPossiblyTypedResources()
2015.01.07 14:35:48.166 CET INFO: Updating underlying frames model in 0 ms -- ProtegeOWLParser.doFinalPostProcessing()
