2015.02.23 13:45:10.723 CET INFO: *** SYSTEM START ***
2015.02.23 13:45:11.723 CET WARNING: [Local Folder Repository] The specified file must be a directory. (D:\svn\semantic\java\Ontologie_Owl\annotator\plugins\edu.stanford.smi.protegex.owl) -- LocalFolderRepository.update()
2015.02.23 13:45:11.754 CET INFO: Loading triples for: null -- ProtegeOWLParser.loadTriples()
2015.02.23 13:45:12.637 CET INFO:     Completed triple loading after 773 ms -- ProtegeOWLParser.loadTriples()
2015.02.23 13:45:12.637 CET INFO: Postprocess: Process entities with incorrect Java type (0 entities) ...  -- TriplePostProcessor.processFramesWithWrongJavaType()
2015.02.23 13:45:12.637 CET INFO: 0 ms
 -- TriplePostProcessor.processFramesWithWrongJavaType()
2015.02.23 13:45:12.637 CET INFO: Postprocess: Process metaclasses (3 metaclasses) ...  -- TriplePostProcessor.processMetaclasses()
2015.02.23 13:45:12.637 CET INFO: 0 ms
 -- TriplePostProcessor.processMetaclasses()
2015.02.23 13:45:12.637 CET INFO: Postprocess: Process subclasses of rdf:List (1 classes) ...  -- TriplePostProcessor.processSubclassesOfRdfList()
2015.02.23 13:45:12.637 CET INFO: 0 ms
 -- TriplePostProcessor.processSubclassesOfRdfList()
2015.02.23 13:45:12.637 CET INFO: Postprocess: Instances with multiple types (11 instances) ...  -- TriplePostProcessor.processInstancesWithMultipleTypes()
2015.02.23 13:45:12.647 CET INFO: 0 ms
 -- TriplePostProcessor.processInstancesWithMultipleTypes()
2015.02.23 13:45:12.647 CET INFO: Postprocess: Add inferred superclasses ...  -- TriplePostProcessor.processInferredSuperclasses()
2015.02.23 13:45:12.647 CET INFO: 0 ms
 -- TriplePostProcessor.processInferredSuperclasses()
2015.02.23 13:45:12.647 CET INFO: Postprocess: Process orphan classes (65 classes) ...  -- TriplePostProcessor.processOrphanClses()
2015.02.23 13:45:12.657 CET INFO: 10 ms
 -- TriplePostProcessor.processOrphanClses()
2015.02.23 13:45:12.657 CET INFO: Postprocess: Generalized Concept Inclusion (0 axioms) ...  -- TriplePostProcessor.processGeneralizedConceptInclusions()
2015.02.23 13:45:12.657 CET INFO: 0 ms
 -- TriplePostProcessor.processGeneralizedConceptInclusions()
2015.02.23 13:45:12.657 CET INFO: Postprocess: Abstract classes...  -- TriplePostProcessor.processAbstractClasses()
2015.02.23 13:45:12.657 CET INFO: 0 ms
 -- TriplePostProcessor.processAbstractClasses()
2015.02.23 13:45:12.657 CET INFO: Postprocess: Domain and range of properties...  -- TriplePostProcessor.processDomainAndRange()
2015.02.23 13:45:12.667 CET INFO: 10 ms
 -- TriplePostProcessor.processDomainAndRange()
2015.02.23 13:45:12.667 CET INFO: Postprocess: Possibly typed entities (1 resources) ...  -- TriplePostProcessor.processPossiblyTypedResources()
2015.02.23 13:45:12.667 CET INFO: 0 ms
 -- TriplePostProcessor.processPossiblyTypedResources()
2015.02.23 13:45:12.677 CET INFO: Updating underlying frames model in 0 ms -- ProtegeOWLParser.doFinalPostProcessing()
2015.02.23 14:36:55.697 CET INFO: *** SYSTEM START ***
2015.02.23 14:36:56.617 CET WARNING: [Local Folder Repository] The specified file must be a directory. (D:\svn\semantic\java\Ontologie_Owl\annotator\plugins\edu.stanford.smi.protegex.owl) -- LocalFolderRepository.update()
2015.02.23 14:36:56.658 CET INFO: Loading triples for: null -- ProtegeOWLParser.loadTriples()
2015.02.23 14:36:57.588 CET INFO:     Completed triple loading after 810 ms -- ProtegeOWLParser.loadTriples()
2015.02.23 14:36:57.598 CET INFO: Postprocess: Process entities with incorrect Java type (0 entities) ...  -- TriplePostProcessor.processFramesWithWrongJavaType()
2015.02.23 14:36:57.598 CET INFO: 0 ms
 -- TriplePostProcessor.processFramesWithWrongJavaType()
2015.02.23 14:36:57.598 CET INFO: Postprocess: Process metaclasses (3 metaclasses) ...  -- TriplePostProcessor.processMetaclasses()
2015.02.23 14:36:57.598 CET INFO: 0 ms
 -- TriplePostProcessor.processMetaclasses()
2015.02.23 14:36:57.598 CET INFO: Postprocess: Process subclasses of rdf:List (1 classes) ...  -- TriplePostProcessor.processSubclassesOfRdfList()
2015.02.23 14:36:57.598 CET INFO: 0 ms
 -- TriplePostProcessor.processSubclassesOfRdfList()
2015.02.23 14:36:57.598 CET INFO: Postprocess: Instances with multiple types (16 instances) ...  -- TriplePostProcessor.processInstancesWithMultipleTypes()
2015.02.23 14:36:57.598 CET INFO: 0 ms
 -- TriplePostProcessor.processInstancesWithMultipleTypes()
2015.02.23 14:36:57.608 CET INFO: Postprocess: Add inferred superclasses ...  -- TriplePostProcessor.processInferredSuperclasses()
2015.02.23 14:36:57.608 CET INFO: 0 ms
 -- TriplePostProcessor.processInferredSuperclasses()
2015.02.23 14:36:57.608 CET INFO: Postprocess: Process orphan classes (65 classes) ...  -- TriplePostProcessor.processOrphanClses()
2015.02.23 14:36:57.618 CET INFO: 10 ms
 -- TriplePostProcessor.processOrphanClses()
2015.02.23 14:36:57.618 CET INFO: Postprocess: Generalized Concept Inclusion (0 axioms) ...  -- TriplePostProcessor.processGeneralizedConceptInclusions()
2015.02.23 14:36:57.618 CET INFO: 0 ms
 -- TriplePostProcessor.processGeneralizedConceptInclusions()
2015.02.23 14:36:57.618 CET INFO: Postprocess: Abstract classes...  -- TriplePostProcessor.processAbstractClasses()
2015.02.23 14:36:57.618 CET INFO: 0 ms
 -- TriplePostProcessor.processAbstractClasses()
2015.02.23 14:36:57.618 CET INFO: Postprocess: Domain and range of properties...  -- TriplePostProcessor.processDomainAndRange()
2015.02.23 14:36:57.628 CET INFO: 10 ms
 -- TriplePostProcessor.processDomainAndRange()
2015.02.23 14:36:57.628 CET INFO: Postprocess: Possibly typed entities (1 resources) ...  -- TriplePostProcessor.processPossiblyTypedResources()
2015.02.23 14:36:57.628 CET INFO: 0 ms
 -- TriplePostProcessor.processPossiblyTypedResources()
2015.02.23 14:36:57.628 CET INFO: Updating underlying frames model in 0 ms -- ProtegeOWLParser.doFinalPostProcessing()
2015.02.23 14:47:11.135 CET INFO: *** SYSTEM START ***
2015.02.23 14:47:12.105 CET WARNING: [Local Folder Repository] The specified file must be a directory. (D:\svn\semantic\java\Ontologie_Owl\annotator\plugins\edu.stanford.smi.protegex.owl) -- LocalFolderRepository.update()
2015.02.23 14:47:12.136 CET INFO: Loading triples for: null -- ProtegeOWLParser.loadTriples()
2015.02.23 14:47:13.018 CET INFO:     Completed triple loading after 772 ms -- ProtegeOWLParser.loadTriples()
2015.02.23 14:47:13.018 CET INFO: Postprocess: Process entities with incorrect Java type (0 entities) ...  -- TriplePostProcessor.processFramesWithWrongJavaType()
2015.02.23 14:47:13.018 CET INFO: 0 ms
 -- TriplePostProcessor.processFramesWithWrongJavaType()
2015.02.23 14:47:13.018 CET INFO: Postprocess: Process metaclasses (3 metaclasses) ...  -- TriplePostProcessor.processMetaclasses()
2015.02.23 14:47:13.018 CET INFO: 0 ms
 -- TriplePostProcessor.processMetaclasses()
2015.02.23 14:47:13.018 CET INFO: Postprocess: Process subclasses of rdf:List (1 classes) ...  -- TriplePostProcessor.processSubclassesOfRdfList()
2015.02.23 14:47:13.018 CET INFO: 0 ms
 -- TriplePostProcessor.processSubclassesOfRdfList()
2015.02.23 14:47:13.018 CET INFO: Postprocess: Instances with multiple types (16 instances) ...  -- TriplePostProcessor.processInstancesWithMultipleTypes()
2015.02.23 14:47:13.028 CET INFO: 10 ms
 -- TriplePostProcessor.processInstancesWithMultipleTypes()
2015.02.23 14:47:13.028 CET INFO: Postprocess: Add inferred superclasses ...  -- TriplePostProcessor.processInferredSuperclasses()
2015.02.23 14:47:13.028 CET INFO: 0 ms
 -- TriplePostProcessor.processInferredSuperclasses()
2015.02.23 14:47:13.028 CET INFO: Postprocess: Process orphan classes (65 classes) ...  -- TriplePostProcessor.processOrphanClses()
2015.02.23 14:47:13.028 CET INFO: 0 ms
 -- TriplePostProcessor.processOrphanClses()
2015.02.23 14:47:13.038 CET INFO: Postprocess: Generalized Concept Inclusion (0 axioms) ...  -- TriplePostProcessor.processGeneralizedConceptInclusions()
2015.02.23 14:47:13.038 CET INFO: 0 ms
 -- TriplePostProcessor.processGeneralizedConceptInclusions()
2015.02.23 14:47:13.038 CET INFO: Postprocess: Abstract classes...  -- TriplePostProcessor.processAbstractClasses()
2015.02.23 14:47:13.038 CET INFO: 0 ms
 -- TriplePostProcessor.processAbstractClasses()
2015.02.23 14:47:13.038 CET INFO: Postprocess: Domain and range of properties...  -- TriplePostProcessor.processDomainAndRange()
2015.02.23 14:47:13.048 CET INFO: 10 ms
 -- TriplePostProcessor.processDomainAndRange()
2015.02.23 14:47:13.048 CET INFO: Postprocess: Possibly typed entities (1 resources) ...  -- TriplePostProcessor.processPossiblyTypedResources()
2015.02.23 14:47:13.048 CET INFO: 0 ms
 -- TriplePostProcessor.processPossiblyTypedResources()
2015.02.23 14:47:13.048 CET INFO: Updating underlying frames model in 0 ms -- ProtegeOWLParser.doFinalPostProcessing()
2015.02.23 15:38:25.465 CET INFO: *** SYSTEM START ***
2015.02.23 15:38:26.445 CET WARNING: [Local Folder Repository] The specified file must be a directory. (D:\svn\semantic\java\Ontologie_Owl\annotator\plugins\edu.stanford.smi.protegex.owl) -- LocalFolderRepository.update()
2015.02.23 15:38:26.476 CET INFO: Loading triples for: null -- ProtegeOWLParser.loadTriples()
2015.02.23 15:38:27.426 CET INFO:     Completed triple loading after 840 ms -- ProtegeOWLParser.loadTriples()
2015.02.23 15:38:27.426 CET INFO: Postprocess: Process entities with incorrect Java type (0 entities) ...  -- TriplePostProcessor.processFramesWithWrongJavaType()
2015.02.23 15:38:27.426 CET INFO: 0 ms
 -- TriplePostProcessor.processFramesWithWrongJavaType()
2015.02.23 15:38:27.426 CET INFO: Postprocess: Process metaclasses (3 metaclasses) ...  -- TriplePostProcessor.processMetaclasses()
2015.02.23 15:38:27.426 CET INFO: 0 ms
 -- TriplePostProcessor.processMetaclasses()
2015.02.23 15:38:27.426 CET INFO: Postprocess: Process subclasses of rdf:List (1 classes) ...  -- TriplePostProcessor.processSubclassesOfRdfList()
2015.02.23 15:38:27.426 CET INFO: 0 ms
 -- TriplePostProcessor.processSubclassesOfRdfList()
2015.02.23 15:38:27.436 CET INFO: Postprocess: Instances with multiple types (16 instances) ...  -- TriplePostProcessor.processInstancesWithMultipleTypes()
2015.02.23 15:38:27.436 CET INFO: 0 ms
 -- TriplePostProcessor.processInstancesWithMultipleTypes()
2015.02.23 15:38:27.436 CET INFO: Postprocess: Add inferred superclasses ...  -- TriplePostProcessor.processInferredSuperclasses()
2015.02.23 15:38:27.436 CET INFO: 0 ms
 -- TriplePostProcessor.processInferredSuperclasses()
2015.02.23 15:38:27.446 CET INFO: Postprocess: Process orphan classes (65 classes) ...  -- TriplePostProcessor.processOrphanClses()
2015.02.23 15:38:27.446 CET INFO: 0 ms
 -- TriplePostProcessor.processOrphanClses()
2015.02.23 15:38:27.446 CET INFO: Postprocess: Generalized Concept Inclusion (0 axioms) ...  -- TriplePostProcessor.processGeneralizedConceptInclusions()
2015.02.23 15:38:27.446 CET INFO: 0 ms
 -- TriplePostProcessor.processGeneralizedConceptInclusions()
2015.02.23 15:38:27.446 CET INFO: Postprocess: Abstract classes...  -- TriplePostProcessor.processAbstractClasses()
2015.02.23 15:38:27.446 CET INFO: 0 ms
 -- TriplePostProcessor.processAbstractClasses()
2015.02.23 15:38:27.446 CET INFO: Postprocess: Domain and range of properties...  -- TriplePostProcessor.processDomainAndRange()
2015.02.23 15:38:27.456 CET INFO: 10 ms
 -- TriplePostProcessor.processDomainAndRange()
2015.02.23 15:38:27.456 CET INFO: Postprocess: Possibly typed entities (1 resources) ...  -- TriplePostProcessor.processPossiblyTypedResources()
2015.02.23 15:38:27.456 CET INFO: 0 ms
 -- TriplePostProcessor.processPossiblyTypedResources()
2015.02.23 15:38:27.456 CET INFO: Updating underlying frames model in 0 ms -- ProtegeOWLParser.doFinalPostProcessing()
2015.02.23 15:39:28.805 CET INFO: *** SYSTEM START ***
2015.02.23 15:39:29.754 CET WARNING: [Local Folder Repository] The specified file must be a directory. (D:\svn\semantic\java\Ontologie_Owl\annotator\plugins\edu.stanford.smi.protegex.owl) -- LocalFolderRepository.update()
2015.02.23 15:39:29.785 CET INFO: Loading triples for: null -- ProtegeOWLParser.loadTriples()
2015.02.23 15:39:30.755 CET INFO:     Completed triple loading after 850 ms -- ProtegeOWLParser.loadTriples()
2015.02.23 15:39:30.755 CET INFO: Postprocess: Process entities with incorrect Java type (0 entities) ...  -- TriplePostProcessor.processFramesWithWrongJavaType()
2015.02.23 15:39:30.755 CET INFO: 0 ms
 -- TriplePostProcessor.processFramesWithWrongJavaType()
2015.02.23 15:39:30.755 CET INFO: Postprocess: Process metaclasses (3 metaclasses) ...  -- TriplePostProcessor.processMetaclasses()
2015.02.23 15:39:30.755 CET INFO: 0 ms
 -- TriplePostProcessor.processMetaclasses()
2015.02.23 15:39:30.755 CET INFO: Postprocess: Process subclasses of rdf:List (1 classes) ...  -- TriplePostProcessor.processSubclassesOfRdfList()
2015.02.23 15:39:30.755 CET INFO: 0 ms
 -- TriplePostProcessor.processSubclassesOfRdfList()
2015.02.23 15:39:30.755 CET INFO: Postprocess: Instances with multiple types (16 instances) ...  -- TriplePostProcessor.processInstancesWithMultipleTypes()
2015.02.23 15:39:30.765 CET INFO: 10 ms
 -- TriplePostProcessor.processInstancesWithMultipleTypes()
2015.02.23 15:39:30.765 CET INFO: Postprocess: Add inferred superclasses ...  -- TriplePostProcessor.processInferredSuperclasses()
2015.02.23 15:39:30.765 CET INFO: 0 ms
 -- TriplePostProcessor.processInferredSuperclasses()
2015.02.23 15:39:30.776 CET INFO: Postprocess: Process orphan classes (65 classes) ...  -- TriplePostProcessor.processOrphanClses()
2015.02.23 15:39:30.776 CET INFO: 0 ms
 -- TriplePostProcessor.processOrphanClses()
2015.02.23 15:39:30.776 CET INFO: Postprocess: Generalized Concept Inclusion (0 axioms) ...  -- TriplePostProcessor.processGeneralizedConceptInclusions()
2015.02.23 15:39:30.776 CET INFO: 0 ms
 -- TriplePostProcessor.processGeneralizedConceptInclusions()
2015.02.23 15:39:30.776 CET INFO: Postprocess: Abstract classes...  -- TriplePostProcessor.processAbstractClasses()
2015.02.23 15:39:30.776 CET INFO: 0 ms
 -- TriplePostProcessor.processAbstractClasses()
2015.02.23 15:39:30.776 CET INFO: Postprocess: Domain and range of properties...  -- TriplePostProcessor.processDomainAndRange()
2015.02.23 15:39:30.786 CET INFO: 10 ms
 -- TriplePostProcessor.processDomainAndRange()
2015.02.23 15:39:30.786 CET INFO: Postprocess: Possibly typed entities (1 resources) ...  -- TriplePostProcessor.processPossiblyTypedResources()
2015.02.23 15:39:30.786 CET INFO: 0 ms
 -- TriplePostProcessor.processPossiblyTypedResources()
2015.02.23 15:39:30.786 CET INFO: Updating underlying frames model in 0 ms -- ProtegeOWLParser.doFinalPostProcessing()
