2015.02.26 11:42:10.990 CET INFO: *** SYSTEM START ***
2015.02.26 11:42:12.010 CET WARNING: [Local Folder Repository] The specified file must be a directory. (D:\svn\semantic\java\Ontologie_Owl\annotator\plugins\edu.stanford.smi.protegex.owl) -- LocalFolderRepository.update()
2015.02.26 11:42:12.039 CET INFO: Loading triples for: null -- ProtegeOWLParser.loadTriples()
2015.02.26 11:42:13.017 CET INFO:     Completed triple loading after 782 ms -- ProtegeOWLParser.loadTriples()
2015.02.26 11:42:13.022 CET INFO: Postprocess: Process entities with incorrect Java type (0 entities) ...  -- TriplePostProcessor.processFramesWithWrongJavaType()
2015.02.26 11:42:13.022 CET INFO: 0 ms
 -- TriplePostProcessor.processFramesWithWrongJavaType()
2015.02.26 11:42:13.023 CET INFO: Postprocess: Process metaclasses (3 metaclasses) ...  -- TriplePostProcessor.processMetaclasses()
2015.02.26 11:42:13.024 CET INFO: 1 ms
 -- TriplePostProcessor.processMetaclasses()
2015.02.26 11:42:13.024 CET INFO: Postprocess: Process subclasses of rdf:List (1 classes) ...  -- TriplePostProcessor.processSubclassesOfRdfList()
2015.02.26 11:42:13.025 CET INFO: 1 ms
 -- TriplePostProcessor.processSubclassesOfRdfList()
2015.02.26 11:42:13.025 CET INFO: Postprocess: Instances with multiple types (16 instances) ...  -- TriplePostProcessor.processInstancesWithMultipleTypes()
2015.02.26 11:42:13.029 CET INFO: 4 ms
 -- TriplePostProcessor.processInstancesWithMultipleTypes()
2015.02.26 11:42:13.032 CET INFO: Postprocess: Add inferred superclasses ...  -- TriplePostProcessor.processInferredSuperclasses()
2015.02.26 11:42:13.032 CET INFO: 0 ms
 -- TriplePostProcessor.processInferredSuperclasses()
2015.02.26 11:42:13.036 CET INFO: Postprocess: Process orphan classes (65 classes) ...  -- TriplePostProcessor.processOrphanClses()
2015.02.26 11:42:13.039 CET INFO: 3 ms
 -- TriplePostProcessor.processOrphanClses()
2015.02.26 11:42:13.039 CET INFO: Postprocess: Generalized Concept Inclusion (0 axioms) ...  -- TriplePostProcessor.processGeneralizedConceptInclusions()
2015.02.26 11:42:13.041 CET INFO: 1 ms
 -- TriplePostProcessor.processGeneralizedConceptInclusions()
2015.02.26 11:42:13.042 CET INFO: Postprocess: Abstract classes...  -- TriplePostProcessor.processAbstractClasses()
2015.02.26 11:42:13.042 CET INFO: 0 ms
 -- TriplePostProcessor.processAbstractClasses()
2015.02.26 11:42:13.042 CET INFO: Postprocess: Domain and range of properties...  -- TriplePostProcessor.processDomainAndRange()
2015.02.26 11:42:13.050 CET INFO: 7 ms
 -- TriplePostProcessor.processDomainAndRange()
2015.02.26 11:42:13.050 CET INFO: Postprocess: Possibly typed entities (1 resources) ...  -- TriplePostProcessor.processPossiblyTypedResources()
2015.02.26 11:42:13.051 CET INFO: 0 ms
 -- TriplePostProcessor.processPossiblyTypedResources()
2015.02.26 11:42:13.051 CET INFO: Updating underlying frames model in 0 ms -- ProtegeOWLParser.doFinalPostProcessing()
2015.02.26 11:42:33.640 CET INFO: *** SYSTEM START ***
2015.02.26 11:42:34.632 CET WARNING: [Local Folder Repository] The specified file must be a directory. (D:\svn\semantic\java\Ontologie_Owl\annotator\plugins\edu.stanford.smi.protegex.owl) -- LocalFolderRepository.update()
2015.02.26 11:42:34.661 CET INFO: Loading triples for: null -- ProtegeOWLParser.loadTriples()
2015.02.26 11:42:35.678 CET INFO:     Completed triple loading after 819 ms -- ProtegeOWLParser.loadTriples()
2015.02.26 11:42:35.682 CET INFO: Postprocess: Process entities with incorrect Java type (0 entities) ...  -- TriplePostProcessor.processFramesWithWrongJavaType()
2015.02.26 11:42:35.683 CET INFO: 1 ms
 -- TriplePostProcessor.processFramesWithWrongJavaType()
2015.02.26 11:42:35.683 CET INFO: Postprocess: Process metaclasses (3 metaclasses) ...  -- TriplePostProcessor.processMetaclasses()
2015.02.26 11:42:35.684 CET INFO: 1 ms
 -- TriplePostProcessor.processMetaclasses()
2015.02.26 11:42:35.684 CET INFO: Postprocess: Process subclasses of rdf:List (1 classes) ...  -- TriplePostProcessor.processSubclassesOfRdfList()
2015.02.26 11:42:35.684 CET INFO: 0 ms
 -- TriplePostProcessor.processSubclassesOfRdfList()
2015.02.26 11:42:35.685 CET INFO: Postprocess: Instances with multiple types (16 instances) ...  -- TriplePostProcessor.processInstancesWithMultipleTypes()
2015.02.26 11:42:35.690 CET INFO: 5 ms
 -- TriplePostProcessor.processInstancesWithMultipleTypes()
2015.02.26 11:42:35.693 CET INFO: Postprocess: Add inferred superclasses ...  -- TriplePostProcessor.processInferredSuperclasses()
2015.02.26 11:42:35.693 CET INFO: 0 ms
 -- TriplePostProcessor.processInferredSuperclasses()
2015.02.26 11:42:35.698 CET INFO: Postprocess: Process orphan classes (65 classes) ...  -- TriplePostProcessor.processOrphanClses()
2015.02.26 11:42:35.702 CET INFO: 4 ms
 -- TriplePostProcessor.processOrphanClses()
2015.02.26 11:42:35.703 CET INFO: Postprocess: Generalized Concept Inclusion (0 axioms) ...  -- TriplePostProcessor.processGeneralizedConceptInclusions()
2015.02.26 11:42:35.705 CET INFO: 2 ms
 -- TriplePostProcessor.processGeneralizedConceptInclusions()
2015.02.26 11:42:35.706 CET INFO: Postprocess: Abstract classes...  -- TriplePostProcessor.processAbstractClasses()
2015.02.26 11:42:35.706 CET INFO: 0 ms
 -- TriplePostProcessor.processAbstractClasses()
2015.02.26 11:42:35.706 CET INFO: Postprocess: Domain and range of properties...  -- TriplePostProcessor.processDomainAndRange()
2015.02.26 11:42:35.715 CET INFO: 8 ms
 -- TriplePostProcessor.processDomainAndRange()
2015.02.26 11:42:35.716 CET INFO: Postprocess: Possibly typed entities (1 resources) ...  -- TriplePostProcessor.processPossiblyTypedResources()
2015.02.26 11:42:35.716 CET INFO: 0 ms
 -- TriplePostProcessor.processPossiblyTypedResources()
2015.02.26 11:42:35.717 CET INFO: Updating underlying frames model in 0 ms -- ProtegeOWLParser.doFinalPostProcessing()
2015.02.26 11:43:01.331 CET INFO: *** SYSTEM START ***
2015.02.26 11:43:02.346 CET WARNING: [Local Folder Repository] The specified file must be a directory. (D:\svn\semantic\java\Ontologie_Owl\annotator\plugins\edu.stanford.smi.protegex.owl) -- LocalFolderRepository.update()
2015.02.26 11:43:02.376 CET INFO: Loading triples for: null -- ProtegeOWLParser.loadTriples()
2015.02.26 11:43:03.446 CET INFO:     Completed triple loading after 857 ms -- ProtegeOWLParser.loadTriples()
2015.02.26 11:43:03.450 CET INFO: Postprocess: Process entities with incorrect Java type (0 entities) ...  -- TriplePostProcessor.processFramesWithWrongJavaType()
2015.02.26 11:43:03.451 CET INFO: 0 ms
 -- TriplePostProcessor.processFramesWithWrongJavaType()
2015.02.26 11:43:03.451 CET INFO: Postprocess: Process metaclasses (3 metaclasses) ...  -- TriplePostProcessor.processMetaclasses()
2015.02.26 11:43:03.452 CET INFO: 0 ms
 -- TriplePostProcessor.processMetaclasses()
2015.02.26 11:43:03.452 CET INFO: Postprocess: Process subclasses of rdf:List (1 classes) ...  -- TriplePostProcessor.processSubclassesOfRdfList()
2015.02.26 11:43:03.453 CET INFO: 1 ms
 -- TriplePostProcessor.processSubclassesOfRdfList()
2015.02.26 11:43:03.453 CET INFO: Postprocess: Instances with multiple types (16 instances) ...  -- TriplePostProcessor.processInstancesWithMultipleTypes()
2015.02.26 11:43:03.458 CET INFO: 5 ms
 -- TriplePostProcessor.processInstancesWithMultipleTypes()
2015.02.26 11:43:03.461 CET INFO: Postprocess: Add inferred superclasses ...  -- TriplePostProcessor.processInferredSuperclasses()
2015.02.26 11:43:03.462 CET INFO: 0 ms
 -- TriplePostProcessor.processInferredSuperclasses()
2015.02.26 11:43:03.466 CET INFO: Postprocess: Process orphan classes (65 classes) ...  -- TriplePostProcessor.processOrphanClses()
2015.02.26 11:43:03.470 CET INFO: 3 ms
 -- TriplePostProcessor.processOrphanClses()
2015.02.26 11:43:03.471 CET INFO: Postprocess: Generalized Concept Inclusion (0 axioms) ...  -- TriplePostProcessor.processGeneralizedConceptInclusions()
2015.02.26 11:43:03.473 CET INFO: 2 ms
 -- TriplePostProcessor.processGeneralizedConceptInclusions()
2015.02.26 11:43:03.474 CET INFO: Postprocess: Abstract classes...  -- TriplePostProcessor.processAbstractClasses()
2015.02.26 11:43:03.474 CET INFO: 0 ms
 -- TriplePostProcessor.processAbstractClasses()
2015.02.26 11:43:03.475 CET INFO: Postprocess: Domain and range of properties...  -- TriplePostProcessor.processDomainAndRange()
2015.02.26 11:43:03.484 CET INFO: 9 ms
 -- TriplePostProcessor.processDomainAndRange()
2015.02.26 11:43:03.485 CET INFO: Postprocess: Possibly typed entities (1 resources) ...  -- TriplePostProcessor.processPossiblyTypedResources()
2015.02.26 11:43:03.485 CET INFO: 0 ms
 -- TriplePostProcessor.processPossiblyTypedResources()
2015.02.26 11:43:03.486 CET INFO: Updating underlying frames model in 0 ms -- ProtegeOWLParser.doFinalPostProcessing()
2015.02.26 11:43:40.144 CET INFO: *** SYSTEM START ***
2015.02.26 11:43:41.234 CET WARNING: [Local Folder Repository] The specified file must be a directory. (D:\svn\semantic\java\Ontologie_Owl\annotator\plugins\edu.stanford.smi.protegex.owl) -- LocalFolderRepository.update()
2015.02.26 11:43:41.275 CET INFO: Loading triples for: null -- ProtegeOWLParser.loadTriples()
2015.02.26 11:43:42.415 CET INFO:     Completed triple loading after 910 ms -- ProtegeOWLParser.loadTriples()
2015.02.26 11:43:42.425 CET INFO: Postprocess: Process entities with incorrect Java type (0 entities) ...  -- TriplePostProcessor.processFramesWithWrongJavaType()
2015.02.26 11:43:42.425 CET INFO: 0 ms
 -- TriplePostProcessor.processFramesWithWrongJavaType()
2015.02.26 11:43:42.425 CET INFO: Postprocess: Process metaclasses (3 metaclasses) ...  -- TriplePostProcessor.processMetaclasses()
2015.02.26 11:43:42.425 CET INFO: 0 ms
 -- TriplePostProcessor.processMetaclasses()
2015.02.26 11:43:42.425 CET INFO: Postprocess: Process subclasses of rdf:List (1 classes) ...  -- TriplePostProcessor.processSubclassesOfRdfList()
2015.02.26 11:43:42.425 CET INFO: 0 ms
 -- TriplePostProcessor.processSubclassesOfRdfList()
2015.02.26 11:43:42.425 CET INFO: Postprocess: Instances with multiple types (16 instances) ...  -- TriplePostProcessor.processInstancesWithMultipleTypes()
2015.02.26 11:43:42.436 CET INFO: 11 ms
 -- TriplePostProcessor.processInstancesWithMultipleTypes()
2015.02.26 11:43:42.436 CET INFO: Postprocess: Add inferred superclasses ...  -- TriplePostProcessor.processInferredSuperclasses()
2015.02.26 11:43:42.436 CET INFO: 0 ms
 -- TriplePostProcessor.processInferredSuperclasses()
2015.02.26 11:43:42.436 CET INFO: Postprocess: Process orphan classes (65 classes) ...  -- TriplePostProcessor.processOrphanClses()
2015.02.26 11:43:42.446 CET INFO: 10 ms
 -- TriplePostProcessor.processOrphanClses()
2015.02.26 11:43:42.446 CET INFO: Postprocess: Generalized Concept Inclusion (0 axioms) ...  -- TriplePostProcessor.processGeneralizedConceptInclusions()
2015.02.26 11:43:42.446 CET INFO: 0 ms
 -- TriplePostProcessor.processGeneralizedConceptInclusions()
2015.02.26 11:43:42.446 CET INFO: Postprocess: Abstract classes...  -- TriplePostProcessor.processAbstractClasses()
2015.02.26 11:43:42.446 CET INFO: 0 ms
 -- TriplePostProcessor.processAbstractClasses()
2015.02.26 11:43:42.446 CET INFO: Postprocess: Domain and range of properties...  -- TriplePostProcessor.processDomainAndRange()
2015.02.26 11:43:42.456 CET INFO: 10 ms
 -- TriplePostProcessor.processDomainAndRange()
2015.02.26 11:43:42.456 CET INFO: Postprocess: Possibly typed entities (1 resources) ...  -- TriplePostProcessor.processPossiblyTypedResources()
2015.02.26 11:43:42.456 CET INFO: 0 ms
 -- TriplePostProcessor.processPossiblyTypedResources()
2015.02.26 11:43:42.456 CET INFO: Updating underlying frames model in 0 ms -- ProtegeOWLParser.doFinalPostProcessing()
2015.02.26 11:48:53.749 CET INFO: *** SYSTEM START ***
2015.02.26 11:48:54.849 CET WARNING: [Local Folder Repository] The specified file must be a directory. (D:\svn\semantic\java\Ontologie_Owl\annotator\plugins\edu.stanford.smi.protegex.owl) -- LocalFolderRepository.update()
2015.02.26 11:48:54.888 CET INFO: Loading triples for: null -- ProtegeOWLParser.loadTriples()
2015.02.26 11:48:56.013 CET INFO:     Completed triple loading after 902 ms -- ProtegeOWLParser.loadTriples()
2015.02.26 11:48:56.023 CET INFO: Postprocess: Process entities with incorrect Java type (0 entities) ...  -- TriplePostProcessor.processFramesWithWrongJavaType()
2015.02.26 11:48:56.023 CET INFO: 0 ms
 -- TriplePostProcessor.processFramesWithWrongJavaType()
2015.02.26 11:48:56.023 CET INFO: Postprocess: Process metaclasses (3 metaclasses) ...  -- TriplePostProcessor.processMetaclasses()
2015.02.26 11:48:56.023 CET INFO: 0 ms
 -- TriplePostProcessor.processMetaclasses()
2015.02.26 11:48:56.023 CET INFO: Postprocess: Process subclasses of rdf:List (1 classes) ...  -- TriplePostProcessor.processSubclassesOfRdfList()
2015.02.26 11:48:56.023 CET INFO: 0 ms
 -- TriplePostProcessor.processSubclassesOfRdfList()
2015.02.26 11:48:56.023 CET INFO: Postprocess: Instances with multiple types (16 instances) ...  -- TriplePostProcessor.processInstancesWithMultipleTypes()
2015.02.26 11:48:56.023 CET INFO: 0 ms
 -- TriplePostProcessor.processInstancesWithMultipleTypes()
2015.02.26 11:48:56.033 CET INFO: Postprocess: Add inferred superclasses ...  -- TriplePostProcessor.processInferredSuperclasses()
2015.02.26 11:48:56.033 CET INFO: 0 ms
 -- TriplePostProcessor.processInferredSuperclasses()
2015.02.26 11:48:56.033 CET INFO: Postprocess: Process orphan classes (65 classes) ...  -- TriplePostProcessor.processOrphanClses()
2015.02.26 11:48:56.033 CET INFO: 0 ms
 -- TriplePostProcessor.processOrphanClses()
2015.02.26 11:48:56.043 CET INFO: Postprocess: Generalized Concept Inclusion (0 axioms) ...  -- TriplePostProcessor.processGeneralizedConceptInclusions()
2015.02.26 11:48:56.044 CET INFO: 1 ms
 -- TriplePostProcessor.processGeneralizedConceptInclusions()
2015.02.26 11:48:56.044 CET INFO: Postprocess: Abstract classes...  -- TriplePostProcessor.processAbstractClasses()
2015.02.26 11:48:56.044 CET INFO: 0 ms
 -- TriplePostProcessor.processAbstractClasses()
2015.02.26 11:48:56.044 CET INFO: Postprocess: Domain and range of properties...  -- TriplePostProcessor.processDomainAndRange()
2015.02.26 11:48:56.054 CET INFO: 10 ms
 -- TriplePostProcessor.processDomainAndRange()
2015.02.26 11:48:56.054 CET INFO: Postprocess: Possibly typed entities (1 resources) ...  -- TriplePostProcessor.processPossiblyTypedResources()
2015.02.26 11:48:56.054 CET INFO: 0 ms
 -- TriplePostProcessor.processPossiblyTypedResources()
2015.02.26 11:48:56.054 CET INFO: Updating underlying frames model in 0 ms -- ProtegeOWLParser.doFinalPostProcessing()
2015.02.26 13:46:16.727 CET INFO: *** SYSTEM START ***
2015.02.26 13:46:17.697 CET WARNING: [Local Folder Repository] The specified file must be a directory. (D:\svn\semantic\java\Ontologie_Owl\annotator\plugins\edu.stanford.smi.protegex.owl) -- LocalFolderRepository.update()
2015.02.26 13:46:17.718 CET INFO: Loading triples for: null -- ProtegeOWLParser.loadTriples()
2015.02.26 13:46:18.630 CET INFO:     Completed triple loading after 732 ms -- ProtegeOWLParser.loadTriples()
2015.02.26 13:46:18.630 CET INFO: Postprocess: Process entities with incorrect Java type (0 entities) ...  -- TriplePostProcessor.processFramesWithWrongJavaType()
2015.02.26 13:46:18.630 CET INFO: 0 ms
 -- TriplePostProcessor.processFramesWithWrongJavaType()
2015.02.26 13:46:18.630 CET INFO: Postprocess: Process metaclasses (3 metaclasses) ...  -- TriplePostProcessor.processMetaclasses()
2015.02.26 13:46:18.630 CET INFO: 0 ms
 -- TriplePostProcessor.processMetaclasses()
2015.02.26 13:46:18.630 CET INFO: Postprocess: Process subclasses of rdf:List (1 classes) ...  -- TriplePostProcessor.processSubclassesOfRdfList()
2015.02.26 13:46:18.630 CET INFO: 0 ms
 -- TriplePostProcessor.processSubclassesOfRdfList()
2015.02.26 13:46:18.630 CET INFO: Postprocess: Instances with multiple types (16 instances) ...  -- TriplePostProcessor.processInstancesWithMultipleTypes()
2015.02.26 13:46:18.630 CET INFO: 0 ms
 -- TriplePostProcessor.processInstancesWithMultipleTypes()
2015.02.26 13:46:18.640 CET INFO: Postprocess: Add inferred superclasses ...  -- TriplePostProcessor.processInferredSuperclasses()
2015.02.26 13:46:18.640 CET INFO: 0 ms
 -- TriplePostProcessor.processInferredSuperclasses()
2015.02.26 13:46:18.640 CET INFO: Postprocess: Process orphan classes (65 classes) ...  -- TriplePostProcessor.processOrphanClses()
2015.02.26 13:46:18.640 CET INFO: 0 ms
 -- TriplePostProcessor.processOrphanClses()
2015.02.26 13:46:18.640 CET INFO: Postprocess: Generalized Concept Inclusion (0 axioms) ...  -- TriplePostProcessor.processGeneralizedConceptInclusions()
2015.02.26 13:46:18.650 CET INFO: 10 ms
 -- TriplePostProcessor.processGeneralizedConceptInclusions()
2015.02.26 13:46:18.650 CET INFO: Postprocess: Abstract classes...  -- TriplePostProcessor.processAbstractClasses()
2015.02.26 13:46:18.650 CET INFO: 0 ms
 -- TriplePostProcessor.processAbstractClasses()
2015.02.26 13:46:18.650 CET INFO: Postprocess: Domain and range of properties...  -- TriplePostProcessor.processDomainAndRange()
2015.02.26 13:46:18.650 CET INFO: 0 ms
 -- TriplePostProcessor.processDomainAndRange()
2015.02.26 13:46:18.660 CET INFO: Postprocess: Possibly typed entities (1 resources) ...  -- TriplePostProcessor.processPossiblyTypedResources()
2015.02.26 13:46:18.660 CET INFO: 0 ms
 -- TriplePostProcessor.processPossiblyTypedResources()
2015.02.26 13:46:18.660 CET INFO: Updating underlying frames model in 0 ms -- ProtegeOWLParser.doFinalPostProcessing()
2015.02.26 13:47:40.076 CET INFO: *** SYSTEM START ***
2015.02.26 13:47:41.076 CET WARNING: [Local Folder Repository] The specified file must be a directory. (D:\svn\semantic\java\Ontologie_Owl\annotator\plugins\edu.stanford.smi.protegex.owl) -- LocalFolderRepository.update()
2015.02.26 13:47:41.117 CET INFO: Loading triples for: null -- ProtegeOWLParser.loadTriples()
2015.02.26 13:47:42.089 CET INFO:     Completed triple loading after 862 ms -- ProtegeOWLParser.loadTriples()
2015.02.26 13:47:42.099 CET INFO: Postprocess: Process entities with incorrect Java type (0 entities) ...  -- TriplePostProcessor.processFramesWithWrongJavaType()
2015.02.26 13:47:42.099 CET INFO: 0 ms
 -- TriplePostProcessor.processFramesWithWrongJavaType()
2015.02.26 13:47:42.099 CET INFO: Postprocess: Process metaclasses (3 metaclasses) ...  -- TriplePostProcessor.processMetaclasses()
2015.02.26 13:47:42.099 CET INFO: 0 ms
 -- TriplePostProcessor.processMetaclasses()
2015.02.26 13:47:42.099 CET INFO: Postprocess: Process subclasses of rdf:List (1 classes) ...  -- TriplePostProcessor.processSubclassesOfRdfList()
2015.02.26 13:47:42.099 CET INFO: 0 ms
 -- TriplePostProcessor.processSubclassesOfRdfList()
2015.02.26 13:47:42.099 CET INFO: Postprocess: Instances with multiple types (16 instances) ...  -- TriplePostProcessor.processInstancesWithMultipleTypes()
2015.02.26 13:47:42.099 CET INFO: 0 ms
 -- TriplePostProcessor.processInstancesWithMultipleTypes()
2015.02.26 13:47:42.110 CET INFO: Postprocess: Add inferred superclasses ...  -- TriplePostProcessor.processInferredSuperclasses()
2015.02.26 13:47:42.110 CET INFO: 0 ms
 -- TriplePostProcessor.processInferredSuperclasses()
2015.02.26 13:47:42.110 CET INFO: Postprocess: Process orphan classes (65 classes) ...  -- TriplePostProcessor.processOrphanClses()
2015.02.26 13:47:42.120 CET INFO: 10 ms
 -- TriplePostProcessor.processOrphanClses()
2015.02.26 13:47:42.120 CET INFO: Postprocess: Generalized Concept Inclusion (0 axioms) ...  -- TriplePostProcessor.processGeneralizedConceptInclusions()
2015.02.26 13:47:42.120 CET INFO: 0 ms
 -- TriplePostProcessor.processGeneralizedConceptInclusions()
2015.02.26 13:47:42.120 CET INFO: Postprocess: Abstract classes...  -- TriplePostProcessor.processAbstractClasses()
2015.02.26 13:47:42.120 CET INFO: 0 ms
 -- TriplePostProcessor.processAbstractClasses()
2015.02.26 13:47:42.120 CET INFO: Postprocess: Domain and range of properties...  -- TriplePostProcessor.processDomainAndRange()
2015.02.26 13:47:42.130 CET INFO: 10 ms
 -- TriplePostProcessor.processDomainAndRange()
2015.02.26 13:47:42.130 CET INFO: Postprocess: Possibly typed entities (1 resources) ...  -- TriplePostProcessor.processPossiblyTypedResources()
2015.02.26 13:47:42.130 CET INFO: 0 ms
 -- TriplePostProcessor.processPossiblyTypedResources()
2015.02.26 13:47:42.130 CET INFO: Updating underlying frames model in 0 ms -- ProtegeOWLParser.doFinalPostProcessing()
