2015.02.23 16:21:48.482 CET INFO: *** SYSTEM START ***
2015.02.23 16:21:49.462 CET WARNING: [Local Folder Repository] The specified file must be a directory. (D:\svn\semantic\java\Ontologie_Owl\annotator\plugins\edu.stanford.smi.protegex.owl) -- LocalFolderRepository.update()
2015.02.23 16:21:49.493 CET INFO: Loading triples for: null -- ProtegeOWLParser.loadTriples()
2015.02.23 16:21:50.435 CET INFO:     Completed triple loading after 842 ms -- ProtegeOWLParser.loadTriples()
2015.02.23 16:21:50.445 CET INFO: Postprocess: Process entities with incorrect Java type (0 entities) ...  -- TriplePostProcessor.processFramesWithWrongJavaType()
2015.02.23 16:21:50.445 CET INFO: 0 ms
 -- TriplePostProcessor.processFramesWithWrongJavaType()
2015.02.23 16:21:50.445 CET INFO: Postprocess: Process metaclasses (3 metaclasses) ...  -- TriplePostProcessor.processMetaclasses()
2015.02.23 16:21:50.445 CET INFO: 0 ms
 -- TriplePostProcessor.processMetaclasses()
2015.02.23 16:21:50.445 CET INFO: Postprocess: Process subclasses of rdf:List (1 classes) ...  -- TriplePostProcessor.processSubclassesOfRdfList()
2015.02.23 16:21:50.445 CET INFO: 0 ms
 -- TriplePostProcessor.processSubclassesOfRdfList()
2015.02.23 16:21:50.445 CET INFO: Postprocess: Instances with multiple types (16 instances) ...  -- TriplePostProcessor.processInstancesWithMultipleTypes()
2015.02.23 16:21:50.455 CET INFO: 10 ms
 -- TriplePostProcessor.processInstancesWithMultipleTypes()
2015.02.23 16:21:50.455 CET INFO: Postprocess: Add inferred superclasses ...  -- TriplePostProcessor.processInferredSuperclasses()
2015.02.23 16:21:50.455 CET INFO: 0 ms
 -- TriplePostProcessor.processInferredSuperclasses()
2015.02.23 16:21:50.455 CET INFO: Postprocess: Process orphan classes (65 classes) ...  -- TriplePostProcessor.processOrphanClses()
2015.02.23 16:21:50.465 CET INFO: 10 ms
 -- TriplePostProcessor.processOrphanClses()
2015.02.23 16:21:50.465 CET INFO: Postprocess: Generalized Concept Inclusion (0 axioms) ...  -- TriplePostProcessor.processGeneralizedConceptInclusions()
2015.02.23 16:21:50.465 CET INFO: 0 ms
 -- TriplePostProcessor.processGeneralizedConceptInclusions()
2015.02.23 16:21:50.465 CET INFO: Postprocess: Abstract classes...  -- TriplePostProcessor.processAbstractClasses()
2015.02.23 16:21:50.465 CET INFO: 0 ms
 -- TriplePostProcessor.processAbstractClasses()
2015.02.23 16:21:50.465 CET INFO: Postprocess: Domain and range of properties...  -- TriplePostProcessor.processDomainAndRange()
2015.02.23 16:21:50.475 CET INFO: 10 ms
 -- TriplePostProcessor.processDomainAndRange()
2015.02.23 16:21:50.475 CET INFO: Postprocess: Possibly typed entities (1 resources) ...  -- TriplePostProcessor.processPossiblyTypedResources()
2015.02.23 16:21:50.475 CET INFO: 0 ms
 -- TriplePostProcessor.processPossiblyTypedResources()
2015.02.23 16:21:50.475 CET INFO: Updating underlying frames model in 0 ms -- ProtegeOWLParser.doFinalPostProcessing()
2015.02.23 16:22:48.878 CET INFO: *** SYSTEM START ***
2015.02.23 16:22:49.918 CET WARNING: [Local Folder Repository] The specified file must be a directory. (D:\svn\semantic\java\Ontologie_Owl\annotator\plugins\edu.stanford.smi.protegex.owl) -- LocalFolderRepository.update()
2015.02.23 16:22:49.959 CET INFO: Loading triples for: null -- ProtegeOWLParser.loadTriples()
2015.02.23 16:22:50.919 CET INFO:     Completed triple loading after 850 ms -- ProtegeOWLParser.loadTriples()
2015.02.23 16:22:50.919 CET INFO: Postprocess: Process entities with incorrect Java type (0 entities) ...  -- TriplePostProcessor.processFramesWithWrongJavaType()
2015.02.23 16:22:50.919 CET INFO: 0 ms
 -- TriplePostProcessor.processFramesWithWrongJavaType()
2015.02.23 16:22:50.919 CET INFO: Postprocess: Process metaclasses (3 metaclasses) ...  -- TriplePostProcessor.processMetaclasses()
2015.02.23 16:22:50.929 CET INFO: 0 ms
 -- TriplePostProcessor.processMetaclasses()
2015.02.23 16:22:50.929 CET INFO: Postprocess: Process subclasses of rdf:List (1 classes) ...  -- TriplePostProcessor.processSubclassesOfRdfList()
2015.02.23 16:22:50.929 CET INFO: 0 ms
 -- TriplePostProcessor.processSubclassesOfRdfList()
2015.02.23 16:22:50.929 CET INFO: Postprocess: Instances with multiple types (16 instances) ...  -- TriplePostProcessor.processInstancesWithMultipleTypes()
2015.02.23 16:22:50.929 CET INFO: 0 ms
 -- TriplePostProcessor.processInstancesWithMultipleTypes()
2015.02.23 16:22:50.929 CET INFO: Postprocess: Add inferred superclasses ...  -- TriplePostProcessor.processInferredSuperclasses()
2015.02.23 16:22:50.929 CET INFO: 0 ms
 -- TriplePostProcessor.processInferredSuperclasses()
2015.02.23 16:22:50.939 CET INFO: Postprocess: Process orphan classes (65 classes) ...  -- TriplePostProcessor.processOrphanClses()
2015.02.23 16:22:50.939 CET INFO: 0 ms
 -- TriplePostProcessor.processOrphanClses()
2015.02.23 16:22:50.939 CET INFO: Postprocess: Generalized Concept Inclusion (0 axioms) ...  -- TriplePostProcessor.processGeneralizedConceptInclusions()
2015.02.23 16:22:50.950 CET INFO: 11 ms
 -- TriplePostProcessor.processGeneralizedConceptInclusions()
2015.02.23 16:22:50.950 CET INFO: Postprocess: Abstract classes...  -- TriplePostProcessor.processAbstractClasses()
2015.02.23 16:22:50.950 CET INFO: 0 ms
 -- TriplePostProcessor.processAbstractClasses()
2015.02.23 16:22:50.950 CET INFO: Postprocess: Domain and range of properties...  -- TriplePostProcessor.processDomainAndRange()
2015.02.23 16:22:50.950 CET INFO: 0 ms
 -- TriplePostProcessor.processDomainAndRange()
2015.02.23 16:22:50.960 CET INFO: Postprocess: Possibly typed entities (1 resources) ...  -- TriplePostProcessor.processPossiblyTypedResources()
2015.02.23 16:22:50.960 CET INFO: 0 ms
 -- TriplePostProcessor.processPossiblyTypedResources()
2015.02.23 16:22:50.960 CET INFO: Updating underlying frames model in 0 ms -- ProtegeOWLParser.doFinalPostProcessing()
2015.02.23 16:23:56.784 CET INFO: *** SYSTEM START ***
2015.02.23 16:23:57.834 CET WARNING: [Local Folder Repository] The specified file must be a directory. (D:\svn\semantic\java\Ontologie_Owl\annotator\plugins\edu.stanford.smi.protegex.owl) -- LocalFolderRepository.update()
2015.02.23 16:23:57.875 CET INFO: Loading triples for: null -- ProtegeOWLParser.loadTriples()
2015.02.23 16:23:58.857 CET INFO:     Completed triple loading after 862 ms -- ProtegeOWLParser.loadTriples()
2015.02.23 16:23:58.857 CET INFO: Postprocess: Process entities with incorrect Java type (0 entities) ...  -- TriplePostProcessor.processFramesWithWrongJavaType()
2015.02.23 16:23:58.857 CET INFO: 0 ms
 -- TriplePostProcessor.processFramesWithWrongJavaType()
2015.02.23 16:23:58.857 CET INFO: Postprocess: Process metaclasses (3 metaclasses) ...  -- TriplePostProcessor.processMetaclasses()
2015.02.23 16:23:58.857 CET INFO: 0 ms
 -- TriplePostProcessor.processMetaclasses()
2015.02.23 16:23:58.857 CET INFO: Postprocess: Process subclasses of rdf:List (1 classes) ...  -- TriplePostProcessor.processSubclassesOfRdfList()
2015.02.23 16:23:58.857 CET INFO: 0 ms
 -- TriplePostProcessor.processSubclassesOfRdfList()
2015.02.23 16:23:58.857 CET INFO: Postprocess: Instances with multiple types (16 instances) ...  -- TriplePostProcessor.processInstancesWithMultipleTypes()
2015.02.23 16:23:58.867 CET INFO: 0 ms
 -- TriplePostProcessor.processInstancesWithMultipleTypes()
2015.02.23 16:23:58.867 CET INFO: Postprocess: Add inferred superclasses ...  -- TriplePostProcessor.processInferredSuperclasses()
2015.02.23 16:23:58.867 CET INFO: 0 ms
 -- TriplePostProcessor.processInferredSuperclasses()
2015.02.23 16:23:58.878 CET INFO: Postprocess: Process orphan classes (65 classes) ...  -- TriplePostProcessor.processOrphanClses()
2015.02.23 16:23:58.878 CET INFO: 0 ms
 -- TriplePostProcessor.processOrphanClses()
2015.02.23 16:23:58.878 CET INFO: Postprocess: Generalized Concept Inclusion (0 axioms) ...  -- TriplePostProcessor.processGeneralizedConceptInclusions()
2015.02.23 16:23:58.878 CET INFO: 0 ms
 -- TriplePostProcessor.processGeneralizedConceptInclusions()
2015.02.23 16:23:58.878 CET INFO: Postprocess: Abstract classes...  -- TriplePostProcessor.processAbstractClasses()
2015.02.23 16:23:58.878 CET INFO: 0 ms
 -- TriplePostProcessor.processAbstractClasses()
2015.02.23 16:23:58.888 CET INFO: Postprocess: Domain and range of properties...  -- TriplePostProcessor.processDomainAndRange()
2015.02.23 16:23:58.888 CET INFO: 0 ms
 -- TriplePostProcessor.processDomainAndRange()
2015.02.23 16:23:58.888 CET INFO: Postprocess: Possibly typed entities (1 resources) ...  -- TriplePostProcessor.processPossiblyTypedResources()
2015.02.23 16:23:58.888 CET INFO: 0 ms
 -- TriplePostProcessor.processPossiblyTypedResources()
2015.02.23 16:23:58.898 CET INFO: Updating underlying frames model in 0 ms -- ProtegeOWLParser.doFinalPostProcessing()
2015.02.23 16:26:07.302 CET INFO: *** SYSTEM START ***
2015.02.23 16:26:08.362 CET WARNING: [Local Folder Repository] The specified file must be a directory. (D:\svn\semantic\java\Ontologie_Owl\annotator\plugins\edu.stanford.smi.protegex.owl) -- LocalFolderRepository.update()
2015.02.23 16:26:08.393 CET INFO: Loading triples for: null -- ProtegeOWLParser.loadTriples()
2015.02.23 16:26:09.377 CET INFO:     Completed triple loading after 864 ms -- ProtegeOWLParser.loadTriples()
2015.02.23 16:26:09.377 CET INFO: Postprocess: Process entities with incorrect Java type (0 entities) ...  -- TriplePostProcessor.processFramesWithWrongJavaType()
2015.02.23 16:26:09.377 CET INFO: 0 ms
 -- TriplePostProcessor.processFramesWithWrongJavaType()
2015.02.23 16:26:09.377 CET INFO: Postprocess: Process metaclasses (3 metaclasses) ...  -- TriplePostProcessor.processMetaclasses()
2015.02.23 16:26:09.377 CET INFO: 0 ms
 -- TriplePostProcessor.processMetaclasses()
2015.02.23 16:26:09.377 CET INFO: Postprocess: Process subclasses of rdf:List (1 classes) ...  -- TriplePostProcessor.processSubclassesOfRdfList()
2015.02.23 16:26:09.377 CET INFO: 0 ms
 -- TriplePostProcessor.processSubclassesOfRdfList()
2015.02.23 16:26:09.377 CET INFO: Postprocess: Instances with multiple types (16 instances) ...  -- TriplePostProcessor.processInstancesWithMultipleTypes()
2015.02.23 16:26:09.387 CET INFO: 10 ms
 -- TriplePostProcessor.processInstancesWithMultipleTypes()
2015.02.23 16:26:09.387 CET INFO: Postprocess: Add inferred superclasses ...  -- TriplePostProcessor.processInferredSuperclasses()
2015.02.23 16:26:09.387 CET INFO: 0 ms
 -- TriplePostProcessor.processInferredSuperclasses()
2015.02.23 16:26:09.397 CET INFO: Postprocess: Process orphan classes (65 classes) ...  -- TriplePostProcessor.processOrphanClses()
2015.02.23 16:26:09.397 CET INFO: 0 ms
 -- TriplePostProcessor.processOrphanClses()
2015.02.23 16:26:09.397 CET INFO: Postprocess: Generalized Concept Inclusion (0 axioms) ...  -- TriplePostProcessor.processGeneralizedConceptInclusions()
2015.02.23 16:26:09.407 CET INFO: 10 ms
 -- TriplePostProcessor.processGeneralizedConceptInclusions()
2015.02.23 16:26:09.407 CET INFO: Postprocess: Abstract classes...  -- TriplePostProcessor.processAbstractClasses()
2015.02.23 16:26:09.408 CET INFO: 0 ms
 -- TriplePostProcessor.processAbstractClasses()
2015.02.23 16:26:09.408 CET INFO: Postprocess: Domain and range of properties...  -- TriplePostProcessor.processDomainAndRange()
2015.02.23 16:26:09.418 CET INFO: 10 ms
 -- TriplePostProcessor.processDomainAndRange()
2015.02.23 16:26:09.418 CET INFO: Postprocess: Possibly typed entities (1 resources) ...  -- TriplePostProcessor.processPossiblyTypedResources()
2015.02.23 16:26:09.418 CET INFO: 0 ms
 -- TriplePostProcessor.processPossiblyTypedResources()
2015.02.23 16:26:09.418 CET INFO: Updating underlying frames model in 0 ms -- ProtegeOWLParser.doFinalPostProcessing()
2015.02.23 16:29:07.288 CET INFO: *** SYSTEM START ***
2015.02.23 16:29:08.338 CET WARNING: [Local Folder Repository] The specified file must be a directory. (D:\svn\semantic\java\Ontologie_Owl\annotator\plugins\edu.stanford.smi.protegex.owl) -- LocalFolderRepository.update()
2015.02.23 16:29:08.379 CET INFO: Loading triples for: null -- ProtegeOWLParser.loadTriples()
2015.02.23 16:29:09.314 CET INFO:     Completed triple loading after 815 ms -- ProtegeOWLParser.loadTriples()
2015.02.23 16:29:09.314 CET INFO: Postprocess: Process entities with incorrect Java type (0 entities) ...  -- TriplePostProcessor.processFramesWithWrongJavaType()
2015.02.23 16:29:09.314 CET INFO: 0 ms
 -- TriplePostProcessor.processFramesWithWrongJavaType()
2015.02.23 16:29:09.314 CET INFO: Postprocess: Process metaclasses (3 metaclasses) ...  -- TriplePostProcessor.processMetaclasses()
2015.02.23 16:29:09.314 CET INFO: 0 ms
 -- TriplePostProcessor.processMetaclasses()
2015.02.23 16:29:09.314 CET INFO: Postprocess: Process subclasses of rdf:List (1 classes) ...  -- TriplePostProcessor.processSubclassesOfRdfList()
2015.02.23 16:29:09.314 CET INFO: 0 ms
 -- TriplePostProcessor.processSubclassesOfRdfList()
2015.02.23 16:29:09.314 CET INFO: Postprocess: Instances with multiple types (16 instances) ...  -- TriplePostProcessor.processInstancesWithMultipleTypes()
2015.02.23 16:29:09.324 CET INFO: 10 ms
 -- TriplePostProcessor.processInstancesWithMultipleTypes()
2015.02.23 16:29:09.324 CET INFO: Postprocess: Add inferred superclasses ...  -- TriplePostProcessor.processInferredSuperclasses()
2015.02.23 16:29:09.324 CET INFO: 0 ms
 -- TriplePostProcessor.processInferredSuperclasses()
2015.02.23 16:29:09.324 CET INFO: Postprocess: Process orphan classes (65 classes) ...  -- TriplePostProcessor.processOrphanClses()
2015.02.23 16:29:09.334 CET INFO: 10 ms
 -- TriplePostProcessor.processOrphanClses()
2015.02.23 16:29:09.334 CET INFO: Postprocess: Generalized Concept Inclusion (0 axioms) ...  -- TriplePostProcessor.processGeneralizedConceptInclusions()
2015.02.23 16:29:09.334 CET INFO: 0 ms
 -- TriplePostProcessor.processGeneralizedConceptInclusions()
2015.02.23 16:29:09.334 CET INFO: Postprocess: Abstract classes...  -- TriplePostProcessor.processAbstractClasses()
2015.02.23 16:29:09.334 CET INFO: 0 ms
 -- TriplePostProcessor.processAbstractClasses()
2015.02.23 16:29:09.334 CET INFO: Postprocess: Domain and range of properties...  -- TriplePostProcessor.processDomainAndRange()
2015.02.23 16:29:09.344 CET INFO: 10 ms
 -- TriplePostProcessor.processDomainAndRange()
2015.02.23 16:29:09.344 CET INFO: Postprocess: Possibly typed entities (1 resources) ...  -- TriplePostProcessor.processPossiblyTypedResources()
2015.02.23 16:29:09.344 CET INFO: 0 ms
 -- TriplePostProcessor.processPossiblyTypedResources()
2015.02.23 16:29:09.344 CET INFO: Updating underlying frames model in 0 ms -- ProtegeOWLParser.doFinalPostProcessing()
2015.02.23 16:37:31.552 CET INFO: *** SYSTEM START ***
2015.02.23 16:37:32.622 CET WARNING: [Local Folder Repository] The specified file must be a directory. (D:\svn\semantic\java\Ontologie_Owl\annotator\plugins\edu.stanford.smi.protegex.owl) -- LocalFolderRepository.update()
2015.02.23 16:37:32.656 CET INFO: Loading triples for: null -- ProtegeOWLParser.loadTriples()
2015.02.23 16:37:33.646 CET INFO:     Completed triple loading after 870 ms -- ProtegeOWLParser.loadTriples()
2015.02.23 16:37:33.656 CET INFO: Postprocess: Process entities with incorrect Java type (0 entities) ...  -- TriplePostProcessor.processFramesWithWrongJavaType()
2015.02.23 16:37:33.656 CET INFO: 0 ms
 -- TriplePostProcessor.processFramesWithWrongJavaType()
2015.02.23 16:37:33.656 CET INFO: Postprocess: Process metaclasses (3 metaclasses) ...  -- TriplePostProcessor.processMetaclasses()
2015.02.23 16:37:33.656 CET INFO: 0 ms
 -- TriplePostProcessor.processMetaclasses()
2015.02.23 16:37:33.656 CET INFO: Postprocess: Process subclasses of rdf:List (1 classes) ...  -- TriplePostProcessor.processSubclassesOfRdfList()
2015.02.23 16:37:33.656 CET INFO: 0 ms
 -- TriplePostProcessor.processSubclassesOfRdfList()
2015.02.23 16:37:33.656 CET INFO: Postprocess: Instances with multiple types (16 instances) ...  -- TriplePostProcessor.processInstancesWithMultipleTypes()
2015.02.23 16:37:33.656 CET INFO: 0 ms
 -- TriplePostProcessor.processInstancesWithMultipleTypes()
2015.02.23 16:37:33.666 CET INFO: Postprocess: Add inferred superclasses ...  -- TriplePostProcessor.processInferredSuperclasses()
2015.02.23 16:37:33.666 CET INFO: 0 ms
 -- TriplePostProcessor.processInferredSuperclasses()
2015.02.23 16:37:33.666 CET INFO: Postprocess: Process orphan classes (65 classes) ...  -- TriplePostProcessor.processOrphanClses()
2015.02.23 16:37:33.676 CET INFO: 10 ms
 -- TriplePostProcessor.processOrphanClses()
2015.02.23 16:37:33.676 CET INFO: Postprocess: Generalized Concept Inclusion (0 axioms) ...  -- TriplePostProcessor.processGeneralizedConceptInclusions()
2015.02.23 16:37:33.676 CET INFO: 0 ms
 -- TriplePostProcessor.processGeneralizedConceptInclusions()
2015.02.23 16:37:33.676 CET INFO: Postprocess: Abstract classes...  -- TriplePostProcessor.processAbstractClasses()
2015.02.23 16:37:33.676 CET INFO: 0 ms
 -- TriplePostProcessor.processAbstractClasses()
2015.02.23 16:37:33.676 CET INFO: Postprocess: Domain and range of properties...  -- TriplePostProcessor.processDomainAndRange()
2015.02.23 16:37:33.687 CET INFO: 11 ms
 -- TriplePostProcessor.processDomainAndRange()
2015.02.23 16:37:33.687 CET INFO: Postprocess: Possibly typed entities (1 resources) ...  -- TriplePostProcessor.processPossiblyTypedResources()
2015.02.23 16:37:33.687 CET INFO: 0 ms
 -- TriplePostProcessor.processPossiblyTypedResources()
2015.02.23 16:37:33.687 CET INFO: Updating underlying frames model in 0 ms -- ProtegeOWLParser.doFinalPostProcessing()
2015.02.23 16:47:09.694 CET INFO: *** SYSTEM START ***
2015.02.23 16:47:10.634 CET WARNING: [Local Folder Repository] The specified file must be a directory. (D:\svn\semantic\java\Ontologie_Owl\annotator\plugins\edu.stanford.smi.protegex.owl) -- LocalFolderRepository.update()
2015.02.23 16:47:10.655 CET INFO: Loading triples for: null -- ProtegeOWLParser.loadTriples()
2015.02.23 16:47:11.497 CET INFO:     Completed triple loading after 732 ms -- ProtegeOWLParser.loadTriples()
2015.02.23 16:47:11.507 CET INFO: Postprocess: Process entities with incorrect Java type (0 entities) ...  -- TriplePostProcessor.processFramesWithWrongJavaType()
2015.02.23 16:47:11.507 CET INFO: 0 ms
 -- TriplePostProcessor.processFramesWithWrongJavaType()
2015.02.23 16:47:11.507 CET INFO: Postprocess: Process metaclasses (3 metaclasses) ...  -- TriplePostProcessor.processMetaclasses()
2015.02.23 16:47:11.507 CET INFO: 0 ms
 -- TriplePostProcessor.processMetaclasses()
2015.02.23 16:47:11.507 CET INFO: Postprocess: Process subclasses of rdf:List (1 classes) ...  -- TriplePostProcessor.processSubclassesOfRdfList()
2015.02.23 16:47:11.507 CET INFO: 0 ms
 -- TriplePostProcessor.processSubclassesOfRdfList()
2015.02.23 16:47:11.507 CET INFO: Postprocess: Instances with multiple types (16 instances) ...  -- TriplePostProcessor.processInstancesWithMultipleTypes()
2015.02.23 16:47:11.507 CET INFO: 0 ms
 -- TriplePostProcessor.processInstancesWithMultipleTypes()
2015.02.23 16:47:11.517 CET INFO: Postprocess: Add inferred superclasses ...  -- TriplePostProcessor.processInferredSuperclasses()
2015.02.23 16:47:11.517 CET INFO: 0 ms
 -- TriplePostProcessor.processInferredSuperclasses()
2015.02.23 16:47:11.517 CET INFO: Postprocess: Process orphan classes (65 classes) ...  -- TriplePostProcessor.processOrphanClses()
2015.02.23 16:47:11.527 CET INFO: 10 ms
 -- TriplePostProcessor.processOrphanClses()
2015.02.23 16:47:11.527 CET INFO: Postprocess: Generalized Concept Inclusion (0 axioms) ...  -- TriplePostProcessor.processGeneralizedConceptInclusions()
2015.02.23 16:47:11.527 CET INFO: 0 ms
 -- TriplePostProcessor.processGeneralizedConceptInclusions()
2015.02.23 16:47:11.527 CET INFO: Postprocess: Abstract classes...  -- TriplePostProcessor.processAbstractClasses()
2015.02.23 16:47:11.527 CET INFO: 0 ms
 -- TriplePostProcessor.processAbstractClasses()
2015.02.23 16:47:11.527 CET INFO: Postprocess: Domain and range of properties...  -- TriplePostProcessor.processDomainAndRange()
2015.02.23 16:47:11.537 CET INFO: 10 ms
 -- TriplePostProcessor.processDomainAndRange()
2015.02.23 16:47:11.537 CET INFO: Postprocess: Possibly typed entities (1 resources) ...  -- TriplePostProcessor.processPossiblyTypedResources()
2015.02.23 16:47:11.537 CET INFO: 0 ms
 -- TriplePostProcessor.processPossiblyTypedResources()
2015.02.23 16:47:11.537 CET INFO: Updating underlying frames model in 0 ms -- ProtegeOWLParser.doFinalPostProcessing()
2015.02.24 12:02:43.510 CET INFO: *** SYSTEM START ***
2015.02.24 12:02:44.493 CET WARNING: [Local Folder Repository] The specified file must be a directory. (D:\svn\semantic\java\Ontologie_Owl\annotator\plugins\edu.stanford.smi.protegex.owl) -- LocalFolderRepository.update()
2015.02.24 12:02:44.541 CET INFO: Loading triples for: null -- ProtegeOWLParser.loadTriples()
2015.02.24 12:02:45.461 CET INFO:     Completed triple loading after 811 ms -- ProtegeOWLParser.loadTriples()
2015.02.24 12:02:45.461 CET INFO: Postprocess: Process entities with incorrect Java type (0 entities) ...  -- TriplePostProcessor.processFramesWithWrongJavaType()
2015.02.24 12:02:45.461 CET INFO: 0 ms
 -- TriplePostProcessor.processFramesWithWrongJavaType()
2015.02.24 12:02:45.461 CET INFO: Postprocess: Process metaclasses (3 metaclasses) ...  -- TriplePostProcessor.processMetaclasses()
2015.02.24 12:02:45.461 CET INFO: 0 ms
 -- TriplePostProcessor.processMetaclasses()
2015.02.24 12:02:45.461 CET INFO: Postprocess: Process subclasses of rdf:List (1 classes) ...  -- TriplePostProcessor.processSubclassesOfRdfList()
2015.02.24 12:02:45.461 CET INFO: 0 ms
 -- TriplePostProcessor.processSubclassesOfRdfList()
2015.02.24 12:02:45.461 CET INFO: Postprocess: Instances with multiple types (16 instances) ...  -- TriplePostProcessor.processInstancesWithMultipleTypes()
2015.02.24 12:02:45.461 CET INFO: 0 ms
 -- TriplePostProcessor.processInstancesWithMultipleTypes()
2015.02.24 12:02:45.477 CET INFO: Postprocess: Add inferred superclasses ...  -- TriplePostProcessor.processInferredSuperclasses()
2015.02.24 12:02:45.477 CET INFO: 0 ms
 -- TriplePostProcessor.processInferredSuperclasses()
2015.02.24 12:02:45.477 CET INFO: Postprocess: Process orphan classes (65 classes) ...  -- TriplePostProcessor.processOrphanClses()
2015.02.24 12:02:45.477 CET INFO: 0 ms
 -- TriplePostProcessor.processOrphanClses()
2015.02.24 12:02:45.477 CET INFO: Postprocess: Generalized Concept Inclusion (0 axioms) ...  -- TriplePostProcessor.processGeneralizedConceptInclusions()
2015.02.24 12:02:45.477 CET INFO: 0 ms
 -- TriplePostProcessor.processGeneralizedConceptInclusions()
2015.02.24 12:02:45.477 CET INFO: Postprocess: Abstract classes...  -- TriplePostProcessor.processAbstractClasses()
2015.02.24 12:02:45.477 CET INFO: 0 ms
 -- TriplePostProcessor.processAbstractClasses()
2015.02.24 12:02:45.477 CET INFO: Postprocess: Domain and range of properties...  -- TriplePostProcessor.processDomainAndRange()
2015.02.24 12:02:45.493 CET INFO: 16 ms
 -- TriplePostProcessor.processDomainAndRange()
2015.02.24 12:02:45.493 CET INFO: Postprocess: Possibly typed entities (1 resources) ...  -- TriplePostProcessor.processPossiblyTypedResources()
2015.02.24 12:02:45.493 CET INFO: 0 ms
 -- TriplePostProcessor.processPossiblyTypedResources()
2015.02.24 12:02:45.493 CET INFO: Updating underlying frames model in 0 ms -- ProtegeOWLParser.doFinalPostProcessing()
2015.02.24 14:31:09.602 CET INFO: *** SYSTEM START ***
2015.02.24 14:31:10.662 CET WARNING: [Local Folder Repository] The specified file must be a directory. (D:\svn\semantic\java\Ontologie_Owl\annotator\plugins\edu.stanford.smi.protegex.owl) -- LocalFolderRepository.update()
2015.02.24 14:31:10.693 CET INFO: Loading triples for: null -- ProtegeOWLParser.loadTriples()
2015.02.24 14:31:11.693 CET INFO:     Completed triple loading after 790 ms -- ProtegeOWLParser.loadTriples()
2015.02.24 14:31:11.703 CET INFO: Postprocess: Process entities with incorrect Java type (0 entities) ...  -- TriplePostProcessor.processFramesWithWrongJavaType()
2015.02.24 14:31:11.703 CET INFO: 0 ms
 -- TriplePostProcessor.processFramesWithWrongJavaType()
2015.02.24 14:31:11.703 CET INFO: Postprocess: Process metaclasses (3 metaclasses) ...  -- TriplePostProcessor.processMetaclasses()
2015.02.24 14:31:11.703 CET INFO: 0 ms
 -- TriplePostProcessor.processMetaclasses()
2015.02.24 14:31:11.703 CET INFO: Postprocess: Process subclasses of rdf:List (1 classes) ...  -- TriplePostProcessor.processSubclassesOfRdfList()
2015.02.24 14:31:11.703 CET INFO: 0 ms
 -- TriplePostProcessor.processSubclassesOfRdfList()
2015.02.24 14:31:11.703 CET INFO: Postprocess: Instances with multiple types (16 instances) ...  -- TriplePostProcessor.processInstancesWithMultipleTypes()
2015.02.24 14:31:11.703 CET INFO: 0 ms
 -- TriplePostProcessor.processInstancesWithMultipleTypes()
2015.02.24 14:31:11.714 CET INFO: Postprocess: Add inferred superclasses ...  -- TriplePostProcessor.processInferredSuperclasses()
2015.02.24 14:31:11.714 CET INFO: 0 ms
 -- TriplePostProcessor.processInferredSuperclasses()
2015.02.24 14:31:11.714 CET INFO: Postprocess: Process orphan classes (65 classes) ...  -- TriplePostProcessor.processOrphanClses()
2015.02.24 14:31:11.714 CET INFO: 0 ms
 -- TriplePostProcessor.processOrphanClses()
2015.02.24 14:31:11.714 CET INFO: Postprocess: Generalized Concept Inclusion (0 axioms) ...  -- TriplePostProcessor.processGeneralizedConceptInclusions()
2015.02.24 14:31:11.724 CET INFO: 10 ms
 -- TriplePostProcessor.processGeneralizedConceptInclusions()
2015.02.24 14:31:11.724 CET INFO: Postprocess: Abstract classes...  -- TriplePostProcessor.processAbstractClasses()
2015.02.24 14:31:11.724 CET INFO: 0 ms
 -- TriplePostProcessor.processAbstractClasses()
2015.02.24 14:31:11.724 CET INFO: Postprocess: Domain and range of properties...  -- TriplePostProcessor.processDomainAndRange()
2015.02.24 14:31:11.724 CET INFO: 0 ms
 -- TriplePostProcessor.processDomainAndRange()
2015.02.24 14:31:11.724 CET INFO: Postprocess: Possibly typed entities (1 resources) ...  -- TriplePostProcessor.processPossiblyTypedResources()
2015.02.24 14:31:11.724 CET INFO: 0 ms
 -- TriplePostProcessor.processPossiblyTypedResources()
2015.02.24 14:31:11.724 CET INFO: Updating underlying frames model in 0 ms -- ProtegeOWLParser.doFinalPostProcessing()
2015.02.24 14:31:39.652 CET INFO: *** SYSTEM START ***
2015.02.24 14:31:40.712 CET WARNING: [Local Folder Repository] The specified file must be a directory. (D:\svn\semantic\java\Ontologie_Owl\annotator\plugins\edu.stanford.smi.protegex.owl) -- LocalFolderRepository.update()
2015.02.24 14:31:40.743 CET INFO: Loading triples for: null -- ProtegeOWLParser.loadTriples()
2015.02.24 14:31:41.825 CET INFO:     Completed triple loading after 862 ms -- ProtegeOWLParser.loadTriples()
2015.02.24 14:31:41.825 CET INFO: Postprocess: Process entities with incorrect Java type (0 entities) ...  -- TriplePostProcessor.processFramesWithWrongJavaType()
2015.02.24 14:31:41.825 CET INFO: 0 ms
 -- TriplePostProcessor.processFramesWithWrongJavaType()
2015.02.24 14:31:41.825 CET INFO: Postprocess: Process metaclasses (3 metaclasses) ...  -- TriplePostProcessor.processMetaclasses()
2015.02.24 14:31:41.825 CET INFO: 0 ms
 -- TriplePostProcessor.processMetaclasses()
2015.02.24 14:31:41.825 CET INFO: Postprocess: Process subclasses of rdf:List (1 classes) ...  -- TriplePostProcessor.processSubclassesOfRdfList()
2015.02.24 14:31:41.825 CET INFO: 0 ms
 -- TriplePostProcessor.processSubclassesOfRdfList()
2015.02.24 14:31:41.825 CET INFO: Postprocess: Instances with multiple types (16 instances) ...  -- TriplePostProcessor.processInstancesWithMultipleTypes()
2015.02.24 14:31:41.835 CET INFO: 10 ms
 -- TriplePostProcessor.processInstancesWithMultipleTypes()
2015.02.24 14:31:41.835 CET INFO: Postprocess: Add inferred superclasses ...  -- TriplePostProcessor.processInferredSuperclasses()
2015.02.24 14:31:41.835 CET INFO: 0 ms
 -- TriplePostProcessor.processInferredSuperclasses()
2015.02.24 14:31:41.845 CET INFO: Postprocess: Process orphan classes (65 classes) ...  -- TriplePostProcessor.processOrphanClses()
2015.02.24 14:31:41.846 CET INFO: 1 ms
 -- TriplePostProcessor.processOrphanClses()
2015.02.24 14:31:41.846 CET INFO: Postprocess: Generalized Concept Inclusion (0 axioms) ...  -- TriplePostProcessor.processGeneralizedConceptInclusions()
2015.02.24 14:31:41.846 CET INFO: 0 ms
 -- TriplePostProcessor.processGeneralizedConceptInclusions()
2015.02.24 14:31:41.846 CET INFO: Postprocess: Abstract classes...  -- TriplePostProcessor.processAbstractClasses()
2015.02.24 14:31:41.846 CET INFO: 0 ms
 -- TriplePostProcessor.processAbstractClasses()
2015.02.24 14:31:41.846 CET INFO: Postprocess: Domain and range of properties...  -- TriplePostProcessor.processDomainAndRange()
2015.02.24 14:31:41.856 CET INFO: 10 ms
 -- TriplePostProcessor.processDomainAndRange()
2015.02.24 14:31:41.856 CET INFO: Postprocess: Possibly typed entities (1 resources) ...  -- TriplePostProcessor.processPossiblyTypedResources()
2015.02.24 14:31:41.856 CET INFO: 0 ms
 -- TriplePostProcessor.processPossiblyTypedResources()
2015.02.24 14:31:41.856 CET INFO: Updating underlying frames model in 0 ms -- ProtegeOWLParser.doFinalPostProcessing()
2015.02.24 14:32:29.616 CET INFO: *** SYSTEM START ***
2015.02.24 14:32:30.576 CET WARNING: [Local Folder Repository] The specified file must be a directory. (D:\svn\semantic\java\Ontologie_Owl\annotator\plugins\edu.stanford.smi.protegex.owl) -- LocalFolderRepository.update()
2015.02.24 14:32:30.607 CET INFO: Loading triples for: null -- ProtegeOWLParser.loadTriples()
2015.02.24 14:32:31.720 CET INFO:     Completed triple loading after 893 ms -- ProtegeOWLParser.loadTriples()
2015.02.24 14:32:31.730 CET INFO: Postprocess: Process entities with incorrect Java type (0 entities) ...  -- TriplePostProcessor.processFramesWithWrongJavaType()
2015.02.24 14:32:31.730 CET INFO: 0 ms
 -- TriplePostProcessor.processFramesWithWrongJavaType()
2015.02.24 14:32:31.730 CET INFO: Postprocess: Process metaclasses (3 metaclasses) ...  -- TriplePostProcessor.processMetaclasses()
2015.02.24 14:32:31.730 CET INFO: 0 ms
 -- TriplePostProcessor.processMetaclasses()
2015.02.24 14:32:31.730 CET INFO: Postprocess: Process subclasses of rdf:List (1 classes) ...  -- TriplePostProcessor.processSubclassesOfRdfList()
2015.02.24 14:32:31.730 CET INFO: 0 ms
 -- TriplePostProcessor.processSubclassesOfRdfList()
2015.02.24 14:32:31.730 CET INFO: Postprocess: Instances with multiple types (16 instances) ...  -- TriplePostProcessor.processInstancesWithMultipleTypes()
2015.02.24 14:32:31.730 CET INFO: 0 ms
 -- TriplePostProcessor.processInstancesWithMultipleTypes()
2015.02.24 14:32:31.741 CET INFO: Postprocess: Add inferred superclasses ...  -- TriplePostProcessor.processInferredSuperclasses()
2015.02.24 14:32:31.741 CET INFO: 0 ms
 -- TriplePostProcessor.processInferredSuperclasses()
2015.02.24 14:32:31.741 CET INFO: Postprocess: Process orphan classes (65 classes) ...  -- TriplePostProcessor.processOrphanClses()
2015.02.24 14:32:31.741 CET INFO: 0 ms
 -- TriplePostProcessor.processOrphanClses()
2015.02.24 14:32:31.741 CET INFO: Postprocess: Generalized Concept Inclusion (0 axioms) ...  -- TriplePostProcessor.processGeneralizedConceptInclusions()
2015.02.24 14:32:31.751 CET INFO: 10 ms
 -- TriplePostProcessor.processGeneralizedConceptInclusions()
2015.02.24 14:32:31.751 CET INFO: Postprocess: Abstract classes...  -- TriplePostProcessor.processAbstractClasses()
2015.02.24 14:32:31.751 CET INFO: 0 ms
 -- TriplePostProcessor.processAbstractClasses()
2015.02.24 14:32:31.751 CET INFO: Postprocess: Domain and range of properties...  -- TriplePostProcessor.processDomainAndRange()
2015.02.24 14:32:31.761 CET INFO: 10 ms
 -- TriplePostProcessor.processDomainAndRange()
2015.02.24 14:32:31.761 CET INFO: Postprocess: Possibly typed entities (1 resources) ...  -- TriplePostProcessor.processPossiblyTypedResources()
2015.02.24 14:32:31.761 CET INFO: 0 ms
 -- TriplePostProcessor.processPossiblyTypedResources()
2015.02.24 14:32:31.761 CET INFO: Updating underlying frames model in 0 ms -- ProtegeOWLParser.doFinalPostProcessing()
2015.02.24 14:34:41.568 CET INFO: *** SYSTEM START ***
2015.02.24 14:34:42.626 CET WARNING: [Local Folder Repository] The specified file must be a directory. (D:\svn\semantic\java\Ontologie_Owl\annotator\plugins\edu.stanford.smi.protegex.owl) -- LocalFolderRepository.update()
2015.02.24 14:34:42.667 CET INFO: Loading triples for: null -- ProtegeOWLParser.loadTriples()
2015.02.24 14:34:43.809 CET INFO:     Completed triple loading after 932 ms -- ProtegeOWLParser.loadTriples()
2015.02.24 14:34:43.809 CET INFO: Postprocess: Process entities with incorrect Java type (0 entities) ...  -- TriplePostProcessor.processFramesWithWrongJavaType()
2015.02.24 14:34:43.809 CET INFO: 0 ms
 -- TriplePostProcessor.processFramesWithWrongJavaType()
2015.02.24 14:34:43.809 CET INFO: Postprocess: Process metaclasses (3 metaclasses) ...  -- TriplePostProcessor.processMetaclasses()
2015.02.24 14:34:43.809 CET INFO: 0 ms
 -- TriplePostProcessor.processMetaclasses()
2015.02.24 14:34:43.809 CET INFO: Postprocess: Process subclasses of rdf:List (1 classes) ...  -- TriplePostProcessor.processSubclassesOfRdfList()
2015.02.24 14:34:43.819 CET INFO: 0 ms
 -- TriplePostProcessor.processSubclassesOfRdfList()
2015.02.24 14:34:43.819 CET INFO: Postprocess: Instances with multiple types (16 instances) ...  -- TriplePostProcessor.processInstancesWithMultipleTypes()
2015.02.24 14:34:43.819 CET INFO: 0 ms
 -- TriplePostProcessor.processInstancesWithMultipleTypes()
2015.02.24 14:34:43.819 CET INFO: Postprocess: Add inferred superclasses ...  -- TriplePostProcessor.processInferredSuperclasses()
2015.02.24 14:34:43.819 CET INFO: 0 ms
 -- TriplePostProcessor.processInferredSuperclasses()
2015.02.24 14:34:43.830 CET INFO: Postprocess: Process orphan classes (65 classes) ...  -- TriplePostProcessor.processOrphanClses()
2015.02.24 14:34:43.830 CET INFO: 0 ms
 -- TriplePostProcessor.processOrphanClses()
2015.02.24 14:34:43.830 CET INFO: Postprocess: Generalized Concept Inclusion (0 axioms) ...  -- TriplePostProcessor.processGeneralizedConceptInclusions()
2015.02.24 14:34:43.830 CET INFO: 0 ms
 -- TriplePostProcessor.processGeneralizedConceptInclusions()
2015.02.24 14:34:43.830 CET INFO: Postprocess: Abstract classes...  -- TriplePostProcessor.processAbstractClasses()
2015.02.24 14:34:43.830 CET INFO: 0 ms
 -- TriplePostProcessor.processAbstractClasses()
2015.02.24 14:34:43.840 CET INFO: Postprocess: Domain and range of properties...  -- TriplePostProcessor.processDomainAndRange()
2015.02.24 14:34:43.850 CET INFO: 10 ms
 -- TriplePostProcessor.processDomainAndRange()
2015.02.24 14:34:43.850 CET INFO: Postprocess: Possibly typed entities (1 resources) ...  -- TriplePostProcessor.processPossiblyTypedResources()
2015.02.24 14:34:43.850 CET INFO: 0 ms
 -- TriplePostProcessor.processPossiblyTypedResources()
2015.02.24 14:34:43.850 CET INFO: Updating underlying frames model in 0 ms -- ProtegeOWLParser.doFinalPostProcessing()
2015.02.24 14:35:40.891 CET INFO: *** SYSTEM START ***
2015.02.24 14:35:41.941 CET WARNING: [Local Folder Repository] The specified file must be a directory. (D:\svn\semantic\java\Ontologie_Owl\annotator\plugins\edu.stanford.smi.protegex.owl) -- LocalFolderRepository.update()
2015.02.24 14:35:41.972 CET INFO: Loading triples for: null -- ProtegeOWLParser.loadTriples()
2015.02.24 14:35:42.982 CET INFO:     Completed triple loading after 810 ms -- ProtegeOWLParser.loadTriples()
2015.02.24 14:35:42.992 CET INFO: Postprocess: Process entities with incorrect Java type (0 entities) ...  -- TriplePostProcessor.processFramesWithWrongJavaType()
2015.02.24 14:35:42.992 CET INFO: 0 ms
 -- TriplePostProcessor.processFramesWithWrongJavaType()
2015.02.24 14:35:42.992 CET INFO: Postprocess: Process metaclasses (3 metaclasses) ...  -- TriplePostProcessor.processMetaclasses()
2015.02.24 14:35:42.992 CET INFO: 0 ms
 -- TriplePostProcessor.processMetaclasses()
2015.02.24 14:35:42.992 CET INFO: Postprocess: Process subclasses of rdf:List (1 classes) ...  -- TriplePostProcessor.processSubclassesOfRdfList()
2015.02.24 14:35:42.992 CET INFO: 0 ms
 -- TriplePostProcessor.processSubclassesOfRdfList()
2015.02.24 14:35:42.992 CET INFO: Postprocess: Instances with multiple types (16 instances) ...  -- TriplePostProcessor.processInstancesWithMultipleTypes()
2015.02.24 14:35:43.002 CET INFO: 10 ms
 -- TriplePostProcessor.processInstancesWithMultipleTypes()
2015.02.24 14:35:43.002 CET INFO: Postprocess: Add inferred superclasses ...  -- TriplePostProcessor.processInferredSuperclasses()
2015.02.24 14:35:43.002 CET INFO: 0 ms
 -- TriplePostProcessor.processInferredSuperclasses()
2015.02.24 14:35:43.002 CET INFO: Postprocess: Process orphan classes (65 classes) ...  -- TriplePostProcessor.processOrphanClses()
2015.02.24 14:35:43.013 CET INFO: 11 ms
 -- TriplePostProcessor.processOrphanClses()
2015.02.24 14:35:43.013 CET INFO: Postprocess: Generalized Concept Inclusion (0 axioms) ...  -- TriplePostProcessor.processGeneralizedConceptInclusions()
2015.02.24 14:35:43.013 CET INFO: 0 ms
 -- TriplePostProcessor.processGeneralizedConceptInclusions()
2015.02.24 14:35:43.013 CET INFO: Postprocess: Abstract classes...  -- TriplePostProcessor.processAbstractClasses()
2015.02.24 14:35:43.013 CET INFO: 0 ms
 -- TriplePostProcessor.processAbstractClasses()
2015.02.24 14:35:43.013 CET INFO: Postprocess: Domain and range of properties...  -- TriplePostProcessor.processDomainAndRange()
2015.02.24 14:35:43.023 CET INFO: 10 ms
 -- TriplePostProcessor.processDomainAndRange()
2015.02.24 14:35:43.023 CET INFO: Postprocess: Possibly typed entities (1 resources) ...  -- TriplePostProcessor.processPossiblyTypedResources()
2015.02.24 14:35:43.023 CET INFO: 0 ms
 -- TriplePostProcessor.processPossiblyTypedResources()
2015.02.24 14:35:43.023 CET INFO: Updating underlying frames model in 0 ms -- ProtegeOWLParser.doFinalPostProcessing()
2015.02.24 14:41:50.471 CET INFO: *** SYSTEM START ***
2015.02.24 14:41:51.531 CET WARNING: [Local Folder Repository] The specified file must be a directory. (D:\svn\semantic\java\Ontologie_Owl\annotator\plugins\edu.stanford.smi.protegex.owl) -- LocalFolderRepository.update()
2015.02.24 14:41:51.562 CET INFO: Loading triples for: null -- ProtegeOWLParser.loadTriples()
2015.02.24 14:41:52.702 CET INFO:     Completed triple loading after 910 ms -- ProtegeOWLParser.loadTriples()
2015.02.24 14:41:52.702 CET INFO: Postprocess: Process entities with incorrect Java type (0 entities) ...  -- TriplePostProcessor.processFramesWithWrongJavaType()
2015.02.24 14:41:52.702 CET INFO: 0 ms
 -- TriplePostProcessor.processFramesWithWrongJavaType()
2015.02.24 14:41:52.702 CET INFO: Postprocess: Process metaclasses (3 metaclasses) ...  -- TriplePostProcessor.processMetaclasses()
2015.02.24 14:41:52.702 CET INFO: 0 ms
 -- TriplePostProcessor.processMetaclasses()
2015.02.24 14:41:52.702 CET INFO: Postprocess: Process subclasses of rdf:List (1 classes) ...  -- TriplePostProcessor.processSubclassesOfRdfList()
2015.02.24 14:41:52.702 CET INFO: 0 ms
 -- TriplePostProcessor.processSubclassesOfRdfList()
2015.02.24 14:41:52.702 CET INFO: Postprocess: Instances with multiple types (16 instances) ...  -- TriplePostProcessor.processInstancesWithMultipleTypes()
2015.02.24 14:41:52.712 CET INFO: 10 ms
 -- TriplePostProcessor.processInstancesWithMultipleTypes()
2015.02.24 14:41:52.712 CET INFO: Postprocess: Add inferred superclasses ...  -- TriplePostProcessor.processInferredSuperclasses()
2015.02.24 14:41:52.712 CET INFO: 0 ms
 -- TriplePostProcessor.processInferredSuperclasses()
2015.02.24 14:41:52.712 CET INFO: Postprocess: Process orphan classes (65 classes) ...  -- TriplePostProcessor.processOrphanClses()
2015.02.24 14:41:52.723 CET INFO: 11 ms
 -- TriplePostProcessor.processOrphanClses()
2015.02.24 14:41:52.723 CET INFO: Postprocess: Generalized Concept Inclusion (0 axioms) ...  -- TriplePostProcessor.processGeneralizedConceptInclusions()
2015.02.24 14:41:52.723 CET INFO: 0 ms
 -- TriplePostProcessor.processGeneralizedConceptInclusions()
2015.02.24 14:41:52.723 CET INFO: Postprocess: Abstract classes...  -- TriplePostProcessor.processAbstractClasses()
2015.02.24 14:41:52.723 CET INFO: 0 ms
 -- TriplePostProcessor.processAbstractClasses()
2015.02.24 14:41:52.723 CET INFO: Postprocess: Domain and range of properties...  -- TriplePostProcessor.processDomainAndRange()
2015.02.24 14:41:52.733 CET INFO: 10 ms
 -- TriplePostProcessor.processDomainAndRange()
2015.02.24 14:41:52.733 CET INFO: Postprocess: Possibly typed entities (1 resources) ...  -- TriplePostProcessor.processPossiblyTypedResources()
2015.02.24 14:41:52.733 CET INFO: 0 ms
 -- TriplePostProcessor.processPossiblyTypedResources()
2015.02.24 14:41:52.733 CET INFO: Updating underlying frames model in 0 ms -- ProtegeOWLParser.doFinalPostProcessing()
2015.02.24 14:42:12.867 CET INFO: *** SYSTEM START ***
2015.02.24 14:42:13.867 CET WARNING: [Local Folder Repository] The specified file must be a directory. (D:\svn\semantic\java\Ontologie_Owl\annotator\plugins\edu.stanford.smi.protegex.owl) -- LocalFolderRepository.update()
2015.02.24 14:42:13.898 CET INFO: Loading triples for: null -- ProtegeOWLParser.loadTriples()
2015.02.24 14:42:14.960 CET INFO:     Completed triple loading after 872 ms -- ProtegeOWLParser.loadTriples()
2015.02.24 14:42:14.960 CET INFO: Postprocess: Process entities with incorrect Java type (0 entities) ...  -- TriplePostProcessor.processFramesWithWrongJavaType()
2015.02.24 14:42:14.960 CET INFO: 0 ms
 -- TriplePostProcessor.processFramesWithWrongJavaType()
2015.02.24 14:42:14.960 CET INFO: Postprocess: Process metaclasses (3 metaclasses) ...  -- TriplePostProcessor.processMetaclasses()
2015.02.24 14:42:14.960 CET INFO: 0 ms
 -- TriplePostProcessor.processMetaclasses()
2015.02.24 14:42:14.960 CET INFO: Postprocess: Process subclasses of rdf:List (1 classes) ...  -- TriplePostProcessor.processSubclassesOfRdfList()
2015.02.24 14:42:14.960 CET INFO: 0 ms
 -- TriplePostProcessor.processSubclassesOfRdfList()
2015.02.24 14:42:14.960 CET INFO: Postprocess: Instances with multiple types (16 instances) ...  -- TriplePostProcessor.processInstancesWithMultipleTypes()
2015.02.24 14:42:14.970 CET INFO: 10 ms
 -- TriplePostProcessor.processInstancesWithMultipleTypes()
2015.02.24 14:42:14.970 CET INFO: Postprocess: Add inferred superclasses ...  -- TriplePostProcessor.processInferredSuperclasses()
2015.02.24 14:42:14.970 CET INFO: 0 ms
 -- TriplePostProcessor.processInferredSuperclasses()
2015.02.24 14:42:14.981 CET INFO: Postprocess: Process orphan classes (65 classes) ...  -- TriplePostProcessor.processOrphanClses()
2015.02.24 14:42:14.981 CET INFO: 0 ms
 -- TriplePostProcessor.processOrphanClses()
2015.02.24 14:42:14.981 CET INFO: Postprocess: Generalized Concept Inclusion (0 axioms) ...  -- TriplePostProcessor.processGeneralizedConceptInclusions()
2015.02.24 14:42:14.981 CET INFO: 0 ms
 -- TriplePostProcessor.processGeneralizedConceptInclusions()
2015.02.24 14:42:14.981 CET INFO: Postprocess: Abstract classes...  -- TriplePostProcessor.processAbstractClasses()
2015.02.24 14:42:14.981 CET INFO: 0 ms
 -- TriplePostProcessor.processAbstractClasses()
2015.02.24 14:42:14.981 CET INFO: Postprocess: Domain and range of properties...  -- TriplePostProcessor.processDomainAndRange()
2015.02.24 14:42:14.991 CET INFO: 10 ms
 -- TriplePostProcessor.processDomainAndRange()
2015.02.24 14:42:14.991 CET INFO: Postprocess: Possibly typed entities (1 resources) ...  -- TriplePostProcessor.processPossiblyTypedResources()
2015.02.24 14:42:14.991 CET INFO: 0 ms
 -- TriplePostProcessor.processPossiblyTypedResources()
2015.02.24 14:42:15.001 CET INFO: Updating underlying frames model in 10 ms -- ProtegeOWLParser.doFinalPostProcessing()
2015.02.24 14:43:00.992 CET INFO: *** SYSTEM START ***
2015.02.24 14:43:02.092 CET WARNING: [Local Folder Repository] The specified file must be a directory. (D:\svn\semantic\java\Ontologie_Owl\annotator\plugins\edu.stanford.smi.protegex.owl) -- LocalFolderRepository.update()
2015.02.24 14:43:02.123 CET INFO: Loading triples for: null -- ProtegeOWLParser.loadTriples()
2015.02.24 14:43:03.273 CET INFO:     Completed triple loading after 920 ms -- ProtegeOWLParser.loadTriples()
2015.02.24 14:43:03.273 CET INFO: Postprocess: Process entities with incorrect Java type (0 entities) ...  -- TriplePostProcessor.processFramesWithWrongJavaType()
2015.02.24 14:43:03.273 CET INFO: 0 ms
 -- TriplePostProcessor.processFramesWithWrongJavaType()
2015.02.24 14:43:03.273 CET INFO: Postprocess: Process metaclasses (3 metaclasses) ...  -- TriplePostProcessor.processMetaclasses()
2015.02.24 14:43:03.273 CET INFO: 0 ms
 -- TriplePostProcessor.processMetaclasses()
2015.02.24 14:43:03.273 CET INFO: Postprocess: Process subclasses of rdf:List (1 classes) ...  -- TriplePostProcessor.processSubclassesOfRdfList()
2015.02.24 14:43:03.283 CET INFO: 0 ms
 -- TriplePostProcessor.processSubclassesOfRdfList()
2015.02.24 14:43:03.283 CET INFO: Postprocess: Instances with multiple types (16 instances) ...  -- TriplePostProcessor.processInstancesWithMultipleTypes()
2015.02.24 14:43:03.283 CET INFO: 0 ms
 -- TriplePostProcessor.processInstancesWithMultipleTypes()
2015.02.24 14:43:03.283 CET INFO: Postprocess: Add inferred superclasses ...  -- TriplePostProcessor.processInferredSuperclasses()
2015.02.24 14:43:03.283 CET INFO: 0 ms
 -- TriplePostProcessor.processInferredSuperclasses()
2015.02.24 14:43:03.294 CET INFO: Postprocess: Process orphan classes (65 classes) ...  -- TriplePostProcessor.processOrphanClses()
2015.02.24 14:43:03.294 CET INFO: 0 ms
 -- TriplePostProcessor.processOrphanClses()
2015.02.24 14:43:03.294 CET INFO: Postprocess: Generalized Concept Inclusion (0 axioms) ...  -- TriplePostProcessor.processGeneralizedConceptInclusions()
2015.02.24 14:43:03.294 CET INFO: 0 ms
 -- TriplePostProcessor.processGeneralizedConceptInclusions()
2015.02.24 14:43:03.304 CET INFO: Postprocess: Abstract classes...  -- TriplePostProcessor.processAbstractClasses()
2015.02.24 14:43:03.304 CET INFO: 0 ms
 -- TriplePostProcessor.processAbstractClasses()
2015.02.24 14:43:03.304 CET INFO: Postprocess: Domain and range of properties...  -- TriplePostProcessor.processDomainAndRange()
2015.02.24 14:43:03.314 CET INFO: 10 ms
 -- TriplePostProcessor.processDomainAndRange()
2015.02.24 14:43:03.314 CET INFO: Postprocess: Possibly typed entities (1 resources) ...  -- TriplePostProcessor.processPossiblyTypedResources()
2015.02.24 14:43:03.314 CET INFO: 0 ms
 -- TriplePostProcessor.processPossiblyTypedResources()
2015.02.24 14:43:03.314 CET INFO: Updating underlying frames model in 0 ms -- ProtegeOWLParser.doFinalPostProcessing()
2015.02.24 14:43:52.373 CET INFO: *** SYSTEM START ***
2015.02.24 14:43:53.323 CET WARNING: [Local Folder Repository] The specified file must be a directory. (D:\svn\semantic\java\Ontologie_Owl\annotator\plugins\edu.stanford.smi.protegex.owl) -- LocalFolderRepository.update()
2015.02.24 14:43:53.354 CET INFO: Loading triples for: null -- ProtegeOWLParser.loadTriples()
2015.02.24 14:43:54.364 CET INFO:     Completed triple loading after 840 ms -- ProtegeOWLParser.loadTriples()
2015.02.24 14:43:54.364 CET INFO: Postprocess: Process entities with incorrect Java type (0 entities) ...  -- TriplePostProcessor.processFramesWithWrongJavaType()
2015.02.24 14:43:54.364 CET INFO: 0 ms
 -- TriplePostProcessor.processFramesWithWrongJavaType()
2015.02.24 14:43:54.364 CET INFO: Postprocess: Process metaclasses (3 metaclasses) ...  -- TriplePostProcessor.processMetaclasses()
2015.02.24 14:43:54.364 CET INFO: 0 ms
 -- TriplePostProcessor.processMetaclasses()
2015.02.24 14:43:54.364 CET INFO: Postprocess: Process subclasses of rdf:List (1 classes) ...  -- TriplePostProcessor.processSubclassesOfRdfList()
2015.02.24 14:43:54.364 CET INFO: 0 ms
 -- TriplePostProcessor.processSubclassesOfRdfList()
2015.02.24 14:43:54.364 CET INFO: Postprocess: Instances with multiple types (16 instances) ...  -- TriplePostProcessor.processInstancesWithMultipleTypes()
2015.02.24 14:43:54.374 CET INFO: 10 ms
 -- TriplePostProcessor.processInstancesWithMultipleTypes()
2015.02.24 14:43:54.374 CET INFO: Postprocess: Add inferred superclasses ...  -- TriplePostProcessor.processInferredSuperclasses()
2015.02.24 14:43:54.374 CET INFO: 0 ms
 -- TriplePostProcessor.processInferredSuperclasses()
2015.02.24 14:43:54.374 CET INFO: Postprocess: Process orphan classes (65 classes) ...  -- TriplePostProcessor.processOrphanClses()
2015.02.24 14:43:54.384 CET INFO: 10 ms
 -- TriplePostProcessor.processOrphanClses()
2015.02.24 14:43:54.384 CET INFO: Postprocess: Generalized Concept Inclusion (0 axioms) ...  -- TriplePostProcessor.processGeneralizedConceptInclusions()
2015.02.24 14:43:54.384 CET INFO: 0 ms
 -- TriplePostProcessor.processGeneralizedConceptInclusions()
2015.02.24 14:43:54.384 CET INFO: Postprocess: Abstract classes...  -- TriplePostProcessor.processAbstractClasses()
2015.02.24 14:43:54.384 CET INFO: 0 ms
 -- TriplePostProcessor.processAbstractClasses()
2015.02.24 14:43:54.384 CET INFO: Postprocess: Domain and range of properties...  -- TriplePostProcessor.processDomainAndRange()
2015.02.24 14:43:54.394 CET INFO: 10 ms
 -- TriplePostProcessor.processDomainAndRange()
2015.02.24 14:43:54.394 CET INFO: Postprocess: Possibly typed entities (1 resources) ...  -- TriplePostProcessor.processPossiblyTypedResources()
2015.02.24 14:43:54.394 CET INFO: 0 ms
 -- TriplePostProcessor.processPossiblyTypedResources()
2015.02.24 14:43:54.394 CET INFO: Updating underlying frames model in 0 ms -- ProtegeOWLParser.doFinalPostProcessing()
2015.02.24 14:44:12.852 CET INFO: *** SYSTEM START ***
2015.02.24 14:44:13.922 CET WARNING: [Local Folder Repository] The specified file must be a directory. (D:\svn\semantic\java\Ontologie_Owl\annotator\plugins\edu.stanford.smi.protegex.owl) -- LocalFolderRepository.update()
2015.02.24 14:44:13.953 CET INFO: Loading triples for: null -- ProtegeOWLParser.loadTriples()
2015.02.24 14:44:15.023 CET INFO:     Completed triple loading after 850 ms -- ProtegeOWLParser.loadTriples()
2015.02.24 14:44:15.023 CET INFO: Postprocess: Process entities with incorrect Java type (0 entities) ...  -- TriplePostProcessor.processFramesWithWrongJavaType()
2015.02.24 14:44:15.033 CET INFO: 10 ms
 -- TriplePostProcessor.processFramesWithWrongJavaType()
2015.02.24 14:44:15.033 CET INFO: Postprocess: Process metaclasses (3 metaclasses) ...  -- TriplePostProcessor.processMetaclasses()
2015.02.24 14:44:15.033 CET INFO: 0 ms
 -- TriplePostProcessor.processMetaclasses()
2015.02.24 14:44:15.033 CET INFO: Postprocess: Process subclasses of rdf:List (1 classes) ...  -- TriplePostProcessor.processSubclassesOfRdfList()
2015.02.24 14:44:15.033 CET INFO: 0 ms
 -- TriplePostProcessor.processSubclassesOfRdfList()
2015.02.24 14:44:15.033 CET INFO: Postprocess: Instances with multiple types (16 instances) ...  -- TriplePostProcessor.processInstancesWithMultipleTypes()
2015.02.24 14:44:15.033 CET INFO: 0 ms
 -- TriplePostProcessor.processInstancesWithMultipleTypes()
2015.02.24 14:44:15.033 CET INFO: Postprocess: Add inferred superclasses ...  -- TriplePostProcessor.processInferredSuperclasses()
2015.02.24 14:44:15.043 CET INFO: 0 ms
 -- TriplePostProcessor.processInferredSuperclasses()
2015.02.24 14:44:15.043 CET INFO: Postprocess: Process orphan classes (65 classes) ...  -- TriplePostProcessor.processOrphanClses()
2015.02.24 14:44:15.043 CET INFO: 0 ms
 -- TriplePostProcessor.processOrphanClses()
2015.02.24 14:44:15.043 CET INFO: Postprocess: Generalized Concept Inclusion (0 axioms) ...  -- TriplePostProcessor.processGeneralizedConceptInclusions()
2015.02.24 14:44:15.053 CET INFO: 10 ms
 -- TriplePostProcessor.processGeneralizedConceptInclusions()
2015.02.24 14:44:15.054 CET INFO: Postprocess: Abstract classes...  -- TriplePostProcessor.processAbstractClasses()
2015.02.24 14:44:15.054 CET INFO: 0 ms
 -- TriplePostProcessor.processAbstractClasses()
2015.02.24 14:44:15.054 CET INFO: Postprocess: Domain and range of properties...  -- TriplePostProcessor.processDomainAndRange()
2015.02.24 14:44:15.054 CET INFO: 0 ms
 -- TriplePostProcessor.processDomainAndRange()
2015.02.24 14:44:15.054 CET INFO: Postprocess: Possibly typed entities (1 resources) ...  -- TriplePostProcessor.processPossiblyTypedResources()
2015.02.24 14:44:15.054 CET INFO: 0 ms
 -- TriplePostProcessor.processPossiblyTypedResources()
2015.02.24 14:44:15.064 CET INFO: Updating underlying frames model in 0 ms -- ProtegeOWLParser.doFinalPostProcessing()
2015.02.24 14:45:58.907 CET INFO: *** SYSTEM START ***
2015.02.24 14:45:59.943 CET WARNING: [Local Folder Repository] The specified file must be a directory. (D:\svn\semantic\java\Ontologie_Owl\annotator\plugins\edu.stanford.smi.protegex.owl) -- LocalFolderRepository.update()
2015.02.24 14:45:59.974 CET INFO: Loading triples for: null -- ProtegeOWLParser.loadTriples()
2015.02.24 14:46:01.094 CET INFO:     Completed triple loading after 900 ms -- ProtegeOWLParser.loadTriples()
2015.02.24 14:46:01.094 CET INFO: Postprocess: Process entities with incorrect Java type (0 entities) ...  -- TriplePostProcessor.processFramesWithWrongJavaType()
2015.02.24 14:46:01.094 CET INFO: 0 ms
 -- TriplePostProcessor.processFramesWithWrongJavaType()
2015.02.24 14:46:01.094 CET INFO: Postprocess: Process metaclasses (3 metaclasses) ...  -- TriplePostProcessor.processMetaclasses()
2015.02.24 14:46:01.094 CET INFO: 0 ms
 -- TriplePostProcessor.processMetaclasses()
2015.02.24 14:46:01.094 CET INFO: Postprocess: Process subclasses of rdf:List (1 classes) ...  -- TriplePostProcessor.processSubclassesOfRdfList()
2015.02.24 14:46:01.094 CET INFO: 0 ms
 -- TriplePostProcessor.processSubclassesOfRdfList()
2015.02.24 14:46:01.094 CET INFO: Postprocess: Instances with multiple types (16 instances) ...  -- TriplePostProcessor.processInstancesWithMultipleTypes()
2015.02.24 14:46:01.104 CET INFO: 10 ms
 -- TriplePostProcessor.processInstancesWithMultipleTypes()
2015.02.24 14:46:01.104 CET INFO: Postprocess: Add inferred superclasses ...  -- TriplePostProcessor.processInferredSuperclasses()
2015.02.24 14:46:01.104 CET INFO: 0 ms
 -- TriplePostProcessor.processInferredSuperclasses()
2015.02.24 14:46:01.114 CET INFO: Postprocess: Process orphan classes (65 classes) ...  -- TriplePostProcessor.processOrphanClses()
2015.02.24 14:46:01.114 CET INFO: 0 ms
 -- TriplePostProcessor.processOrphanClses()
2015.02.24 14:46:01.114 CET INFO: Postprocess: Generalized Concept Inclusion (0 axioms) ...  -- TriplePostProcessor.processGeneralizedConceptInclusions()
2015.02.24 14:46:01.114 CET INFO: 0 ms
 -- TriplePostProcessor.processGeneralizedConceptInclusions()
2015.02.24 14:46:01.114 CET INFO: Postprocess: Abstract classes...  -- TriplePostProcessor.processAbstractClasses()
2015.02.24 14:46:01.114 CET INFO: 0 ms
 -- TriplePostProcessor.processAbstractClasses()
2015.02.24 14:46:01.114 CET INFO: Postprocess: Domain and range of properties...  -- TriplePostProcessor.processDomainAndRange()
2015.02.24 14:46:01.125 CET INFO: 11 ms
 -- TriplePostProcessor.processDomainAndRange()
2015.02.24 14:46:01.125 CET INFO: Postprocess: Possibly typed entities (1 resources) ...  -- TriplePostProcessor.processPossiblyTypedResources()
2015.02.24 14:46:01.125 CET INFO: 0 ms
 -- TriplePostProcessor.processPossiblyTypedResources()
2015.02.24 14:46:01.125 CET INFO: Updating underlying frames model in 0 ms -- ProtegeOWLParser.doFinalPostProcessing()
2015.02.24 14:46:43.428 CET INFO: *** SYSTEM START ***
2015.02.24 14:46:44.518 CET WARNING: [Local Folder Repository] The specified file must be a directory. (D:\svn\semantic\java\Ontologie_Owl\annotator\plugins\edu.stanford.smi.protegex.owl) -- LocalFolderRepository.update()
2015.02.24 14:46:44.549 CET INFO: Loading triples for: null -- ProtegeOWLParser.loadTriples()
2015.02.24 14:46:45.649 CET INFO:     Completed triple loading after 870 ms -- ProtegeOWLParser.loadTriples()
2015.02.24 14:46:45.659 CET INFO: Postprocess: Process entities with incorrect Java type (0 entities) ...  -- TriplePostProcessor.processFramesWithWrongJavaType()
2015.02.24 14:46:45.659 CET INFO: 0 ms
 -- TriplePostProcessor.processFramesWithWrongJavaType()
2015.02.24 14:46:45.659 CET INFO: Postprocess: Process metaclasses (3 metaclasses) ...  -- TriplePostProcessor.processMetaclasses()
2015.02.24 14:46:45.659 CET INFO: 0 ms
 -- TriplePostProcessor.processMetaclasses()
2015.02.24 14:46:45.659 CET INFO: Postprocess: Process subclasses of rdf:List (1 classes) ...  -- TriplePostProcessor.processSubclassesOfRdfList()
2015.02.24 14:46:45.659 CET INFO: 0 ms
 -- TriplePostProcessor.processSubclassesOfRdfList()
2015.02.24 14:46:45.659 CET INFO: Postprocess: Instances with multiple types (16 instances) ...  -- TriplePostProcessor.processInstancesWithMultipleTypes()
2015.02.24 14:46:45.659 CET INFO: 0 ms
 -- TriplePostProcessor.processInstancesWithMultipleTypes()
2015.02.24 14:46:45.669 CET INFO: Postprocess: Add inferred superclasses ...  -- TriplePostProcessor.processInferredSuperclasses()
2015.02.24 14:46:45.669 CET INFO: 0 ms
 -- TriplePostProcessor.processInferredSuperclasses()
2015.02.24 14:46:45.669 CET INFO: Postprocess: Process orphan classes (65 classes) ...  -- TriplePostProcessor.processOrphanClses()
2015.02.24 14:46:45.680 CET INFO: 11 ms
 -- TriplePostProcessor.processOrphanClses()
2015.02.24 14:46:45.680 CET INFO: Postprocess: Generalized Concept Inclusion (0 axioms) ...  -- TriplePostProcessor.processGeneralizedConceptInclusions()
2015.02.24 14:46:45.680 CET INFO: 0 ms
 -- TriplePostProcessor.processGeneralizedConceptInclusions()
2015.02.24 14:46:45.680 CET INFO: Postprocess: Abstract classes...  -- TriplePostProcessor.processAbstractClasses()
2015.02.24 14:46:45.680 CET INFO: 0 ms
 -- TriplePostProcessor.processAbstractClasses()
2015.02.24 14:46:45.680 CET INFO: Postprocess: Domain and range of properties...  -- TriplePostProcessor.processDomainAndRange()
2015.02.24 14:46:45.690 CET INFO: 10 ms
 -- TriplePostProcessor.processDomainAndRange()
2015.02.24 14:46:45.690 CET INFO: Postprocess: Possibly typed entities (1 resources) ...  -- TriplePostProcessor.processPossiblyTypedResources()
2015.02.24 14:46:45.690 CET INFO: 0 ms
 -- TriplePostProcessor.processPossiblyTypedResources()
2015.02.24 14:46:45.690 CET INFO: Updating underlying frames model in 0 ms -- ProtegeOWLParser.doFinalPostProcessing()
2015.02.24 15:07:55.399 CET INFO: *** SYSTEM START ***
2015.02.24 15:07:56.439 CET WARNING: [Local Folder Repository] The specified file must be a directory. (D:\svn\semantic\java\Ontologie_Owl\annotator\plugins\edu.stanford.smi.protegex.owl) -- LocalFolderRepository.update()
2015.02.24 15:07:56.470 CET INFO: Loading triples for: null -- ProtegeOWLParser.loadTriples()
2015.02.24 15:07:57.582 CET INFO:     Completed triple loading after 902 ms -- ProtegeOWLParser.loadTriples()
2015.02.24 15:07:57.592 CET INFO: Postprocess: Process entities with incorrect Java type (0 entities) ...  -- TriplePostProcessor.processFramesWithWrongJavaType()
2015.02.24 15:07:57.592 CET INFO: 0 ms
 -- TriplePostProcessor.processFramesWithWrongJavaType()
2015.02.24 15:07:57.592 CET INFO: Postprocess: Process metaclasses (3 metaclasses) ...  -- TriplePostProcessor.processMetaclasses()
2015.02.24 15:07:57.592 CET INFO: 0 ms
 -- TriplePostProcessor.processMetaclasses()
2015.02.24 15:07:57.592 CET INFO: Postprocess: Process subclasses of rdf:List (1 classes) ...  -- TriplePostProcessor.processSubclassesOfRdfList()
2015.02.24 15:07:57.592 CET INFO: 0 ms
 -- TriplePostProcessor.processSubclassesOfRdfList()
2015.02.24 15:07:57.592 CET INFO: Postprocess: Instances with multiple types (16 instances) ...  -- TriplePostProcessor.processInstancesWithMultipleTypes()
2015.02.24 15:07:57.592 CET INFO: 0 ms
 -- TriplePostProcessor.processInstancesWithMultipleTypes()
2015.02.24 15:07:57.603 CET INFO: Postprocess: Add inferred superclasses ...  -- TriplePostProcessor.processInferredSuperclasses()
2015.02.24 15:07:57.603 CET INFO: 0 ms
 -- TriplePostProcessor.processInferredSuperclasses()
2015.02.24 15:07:57.603 CET INFO: Postprocess: Process orphan classes (65 classes) ...  -- TriplePostProcessor.processOrphanClses()
2015.02.24 15:07:57.603 CET INFO: 0 ms
 -- TriplePostProcessor.processOrphanClses()
2015.02.24 15:07:57.603 CET INFO: Postprocess: Generalized Concept Inclusion (0 axioms) ...  -- TriplePostProcessor.processGeneralizedConceptInclusions()
2015.02.24 15:07:57.613 CET INFO: 10 ms
 -- TriplePostProcessor.processGeneralizedConceptInclusions()
2015.02.24 15:07:57.613 CET INFO: Postprocess: Abstract classes...  -- TriplePostProcessor.processAbstractClasses()
2015.02.24 15:07:57.613 CET INFO: 0 ms
 -- TriplePostProcessor.processAbstractClasses()
2015.02.24 15:07:57.613 CET INFO: Postprocess: Domain and range of properties...  -- TriplePostProcessor.processDomainAndRange()
2015.02.24 15:07:57.623 CET INFO: 10 ms
 -- TriplePostProcessor.processDomainAndRange()
2015.02.24 15:07:57.623 CET INFO: Postprocess: Possibly typed entities (1 resources) ...  -- TriplePostProcessor.processPossiblyTypedResources()
2015.02.24 15:07:57.623 CET INFO: 0 ms
 -- TriplePostProcessor.processPossiblyTypedResources()
2015.02.24 15:07:57.623 CET INFO: Updating underlying frames model in 0 ms -- ProtegeOWLParser.doFinalPostProcessing()
2015.02.24 15:11:55.899 CET INFO: *** SYSTEM START ***
2015.02.24 15:11:56.979 CET WARNING: [Local Folder Repository] The specified file must be a directory. (D:\svn\semantic\java\Ontologie_Owl\annotator\plugins\edu.stanford.smi.protegex.owl) -- LocalFolderRepository.update()
2015.02.24 15:11:57.010 CET INFO: Loading triples for: null -- ProtegeOWLParser.loadTriples()
2015.02.24 15:11:58.090 CET INFO:     Completed triple loading after 860 ms -- ProtegeOWLParser.loadTriples()
2015.02.24 15:11:58.100 CET INFO: Postprocess: Process entities with incorrect Java type (0 entities) ...  -- TriplePostProcessor.processFramesWithWrongJavaType()
2015.02.24 15:11:58.100 CET INFO: 0 ms
 -- TriplePostProcessor.processFramesWithWrongJavaType()
2015.02.24 15:11:58.100 CET INFO: Postprocess: Process metaclasses (3 metaclasses) ...  -- TriplePostProcessor.processMetaclasses()
2015.02.24 15:11:58.100 CET INFO: 0 ms
 -- TriplePostProcessor.processMetaclasses()
2015.02.24 15:11:58.100 CET INFO: Postprocess: Process subclasses of rdf:List (1 classes) ...  -- TriplePostProcessor.processSubclassesOfRdfList()
2015.02.24 15:11:58.100 CET INFO: 0 ms
 -- TriplePostProcessor.processSubclassesOfRdfList()
2015.02.24 15:11:58.100 CET INFO: Postprocess: Instances with multiple types (16 instances) ...  -- TriplePostProcessor.processInstancesWithMultipleTypes()
2015.02.24 15:11:58.100 CET INFO: 0 ms
 -- TriplePostProcessor.processInstancesWithMultipleTypes()
2015.02.24 15:11:58.110 CET INFO: Postprocess: Add inferred superclasses ...  -- TriplePostProcessor.processInferredSuperclasses()
2015.02.24 15:11:58.110 CET INFO: 0 ms
 -- TriplePostProcessor.processInferredSuperclasses()
2015.02.24 15:11:58.111 CET INFO: Postprocess: Process orphan classes (65 classes) ...  -- TriplePostProcessor.processOrphanClses()
2015.02.24 15:11:58.111 CET INFO: 0 ms
 -- TriplePostProcessor.processOrphanClses()
2015.02.24 15:11:58.111 CET INFO: Postprocess: Generalized Concept Inclusion (0 axioms) ...  -- TriplePostProcessor.processGeneralizedConceptInclusions()
2015.02.24 15:11:58.121 CET INFO: 10 ms
 -- TriplePostProcessor.processGeneralizedConceptInclusions()
2015.02.24 15:11:58.121 CET INFO: Postprocess: Abstract classes...  -- TriplePostProcessor.processAbstractClasses()
2015.02.24 15:11:58.121 CET INFO: 0 ms
 -- TriplePostProcessor.processAbstractClasses()
2015.02.24 15:11:58.121 CET INFO: Postprocess: Domain and range of properties...  -- TriplePostProcessor.processDomainAndRange()
2015.02.24 15:11:58.131 CET INFO: 10 ms
 -- TriplePostProcessor.processDomainAndRange()
2015.02.24 15:11:58.131 CET INFO: Postprocess: Possibly typed entities (1 resources) ...  -- TriplePostProcessor.processPossiblyTypedResources()
2015.02.24 15:11:58.131 CET INFO: 0 ms
 -- TriplePostProcessor.processPossiblyTypedResources()
2015.02.24 15:11:58.131 CET INFO: Updating underlying frames model in 0 ms -- ProtegeOWLParser.doFinalPostProcessing()
2015.02.24 15:30:16.171 CET INFO: *** SYSTEM START ***
2015.02.24 15:30:17.281 CET WARNING: [Local Folder Repository] The specified file must be a directory. (D:\svn\semantic\java\Ontologie_Owl\annotator\plugins\edu.stanford.smi.protegex.owl) -- LocalFolderRepository.update()
2015.02.24 15:30:17.322 CET INFO: Loading triples for: null -- ProtegeOWLParser.loadTriples()
2015.02.24 15:30:18.464 CET INFO:     Completed triple loading after 922 ms -- ProtegeOWLParser.loadTriples()
2015.02.24 15:30:18.464 CET INFO: Postprocess: Process entities with incorrect Java type (0 entities) ...  -- TriplePostProcessor.processFramesWithWrongJavaType()
2015.02.24 15:30:18.464 CET INFO: 0 ms
 -- TriplePostProcessor.processFramesWithWrongJavaType()
2015.02.24 15:30:18.474 CET INFO: Postprocess: Process metaclasses (3 metaclasses) ...  -- TriplePostProcessor.processMetaclasses()
2015.02.24 15:30:18.474 CET INFO: 0 ms
 -- TriplePostProcessor.processMetaclasses()
2015.02.24 15:30:18.474 CET INFO: Postprocess: Process subclasses of rdf:List (1 classes) ...  -- TriplePostProcessor.processSubclassesOfRdfList()
2015.02.24 15:30:18.474 CET INFO: 0 ms
 -- TriplePostProcessor.processSubclassesOfRdfList()
2015.02.24 15:30:18.474 CET INFO: Postprocess: Instances with multiple types (16 instances) ...  -- TriplePostProcessor.processInstancesWithMultipleTypes()
2015.02.24 15:30:18.474 CET INFO: 0 ms
 -- TriplePostProcessor.processInstancesWithMultipleTypes()
2015.02.24 15:30:18.474 CET INFO: Postprocess: Add inferred superclasses ...  -- TriplePostProcessor.processInferredSuperclasses()
2015.02.24 15:30:18.474 CET INFO: 0 ms
 -- TriplePostProcessor.processInferredSuperclasses()
2015.02.24 15:30:18.485 CET INFO: Postprocess: Process orphan classes (65 classes) ...  -- TriplePostProcessor.processOrphanClses()
2015.02.24 15:30:18.485 CET INFO: 0 ms
 -- TriplePostProcessor.processOrphanClses()
2015.02.24 15:30:18.485 CET INFO: Postprocess: Generalized Concept Inclusion (0 axioms) ...  -- TriplePostProcessor.processGeneralizedConceptInclusions()
2015.02.24 15:30:18.495 CET INFO: 10 ms
 -- TriplePostProcessor.processGeneralizedConceptInclusions()
2015.02.24 15:30:18.495 CET INFO: Postprocess: Abstract classes...  -- TriplePostProcessor.processAbstractClasses()
2015.02.24 15:30:18.495 CET INFO: 0 ms
 -- TriplePostProcessor.processAbstractClasses()
2015.02.24 15:30:18.495 CET INFO: Postprocess: Domain and range of properties...  -- TriplePostProcessor.processDomainAndRange()
2015.02.24 15:30:18.505 CET INFO: 10 ms
 -- TriplePostProcessor.processDomainAndRange()
2015.02.24 15:30:18.505 CET INFO: Postprocess: Possibly typed entities (1 resources) ...  -- TriplePostProcessor.processPossiblyTypedResources()
2015.02.24 15:30:18.505 CET INFO: 0 ms
 -- TriplePostProcessor.processPossiblyTypedResources()
2015.02.24 15:30:18.505 CET INFO: Updating underlying frames model in 0 ms -- ProtegeOWLParser.doFinalPostProcessing()
2015.02.24 15:31:02.208 CET INFO: *** SYSTEM START ***
2015.02.24 15:31:03.198 CET WARNING: [Local Folder Repository] The specified file must be a directory. (D:\svn\semantic\java\Ontologie_Owl\annotator\plugins\edu.stanford.smi.protegex.owl) -- LocalFolderRepository.update()
2015.02.24 15:31:03.239 CET INFO: Loading triples for: null -- ProtegeOWLParser.loadTriples()
2015.02.24 15:31:04.179 CET INFO:     Completed triple loading after 820 ms -- ProtegeOWLParser.loadTriples()
2015.02.24 15:31:04.189 CET INFO: Postprocess: Process entities with incorrect Java type (0 entities) ...  -- TriplePostProcessor.processFramesWithWrongJavaType()
2015.02.24 15:31:04.189 CET INFO: 0 ms
 -- TriplePostProcessor.processFramesWithWrongJavaType()
2015.02.24 15:31:04.189 CET INFO: Postprocess: Process metaclasses (3 metaclasses) ...  -- TriplePostProcessor.processMetaclasses()
2015.02.24 15:31:04.189 CET INFO: 0 ms
 -- TriplePostProcessor.processMetaclasses()
2015.02.24 15:31:04.189 CET INFO: Postprocess: Process subclasses of rdf:List (1 classes) ...  -- TriplePostProcessor.processSubclassesOfRdfList()
2015.02.24 15:31:04.189 CET INFO: 0 ms
 -- TriplePostProcessor.processSubclassesOfRdfList()
2015.02.24 15:31:04.189 CET INFO: Postprocess: Instances with multiple types (16 instances) ...  -- TriplePostProcessor.processInstancesWithMultipleTypes()
2015.02.24 15:31:04.189 CET INFO: 0 ms
 -- TriplePostProcessor.processInstancesWithMultipleTypes()
2015.02.24 15:31:04.189 CET INFO: Postprocess: Add inferred superclasses ...  -- TriplePostProcessor.processInferredSuperclasses()
2015.02.24 15:31:04.199 CET INFO: 0 ms
 -- TriplePostProcessor.processInferredSuperclasses()
2015.02.24 15:31:04.199 CET INFO: Postprocess: Process orphan classes (65 classes) ...  -- TriplePostProcessor.processOrphanClses()
2015.02.24 15:31:04.199 CET INFO: 0 ms
 -- TriplePostProcessor.processOrphanClses()
2015.02.24 15:31:04.199 CET INFO: Postprocess: Generalized Concept Inclusion (0 axioms) ...  -- TriplePostProcessor.processGeneralizedConceptInclusions()
2015.02.24 15:31:04.209 CET INFO: 10 ms
 -- TriplePostProcessor.processGeneralizedConceptInclusions()
2015.02.24 15:31:04.209 CET INFO: Postprocess: Abstract classes...  -- TriplePostProcessor.processAbstractClasses()
2015.02.24 15:31:04.209 CET INFO: 0 ms
 -- TriplePostProcessor.processAbstractClasses()
2015.02.24 15:31:04.209 CET INFO: Postprocess: Domain and range of properties...  -- TriplePostProcessor.processDomainAndRange()
2015.02.24 15:31:04.220 CET INFO: 11 ms
 -- TriplePostProcessor.processDomainAndRange()
2015.02.24 15:31:04.220 CET INFO: Postprocess: Possibly typed entities (1 resources) ...  -- TriplePostProcessor.processPossiblyTypedResources()
2015.02.24 15:31:04.220 CET INFO: 0 ms
 -- TriplePostProcessor.processPossiblyTypedResources()
2015.02.24 15:31:04.220 CET INFO: Updating underlying frames model in 0 ms -- ProtegeOWLParser.doFinalPostProcessing()
2015.02.24 15:41:41.533 CET INFO: *** SYSTEM START ***
2015.02.24 15:41:42.593 CET WARNING: [Local Folder Repository] The specified file must be a directory. (D:\svn\semantic\java\Ontologie_Owl\annotator\plugins\edu.stanford.smi.protegex.owl) -- LocalFolderRepository.update()
2015.02.24 15:41:42.624 CET INFO: Loading triples for: null -- ProtegeOWLParser.loadTriples()
2015.02.24 15:41:43.584 CET INFO:     Completed triple loading after 840 ms -- ProtegeOWLParser.loadTriples()
2015.02.24 15:41:43.594 CET INFO: Postprocess: Process entities with incorrect Java type (0 entities) ...  -- TriplePostProcessor.processFramesWithWrongJavaType()
2015.02.24 15:41:43.594 CET INFO: 0 ms
 -- TriplePostProcessor.processFramesWithWrongJavaType()
2015.02.24 15:41:43.594 CET INFO: Postprocess: Process metaclasses (3 metaclasses) ...  -- TriplePostProcessor.processMetaclasses()
2015.02.24 15:41:43.594 CET INFO: 0 ms
 -- TriplePostProcessor.processMetaclasses()
2015.02.24 15:41:43.594 CET INFO: Postprocess: Process subclasses of rdf:List (1 classes) ...  -- TriplePostProcessor.processSubclassesOfRdfList()
2015.02.24 15:41:43.594 CET INFO: 0 ms
 -- TriplePostProcessor.processSubclassesOfRdfList()
2015.02.24 15:41:43.594 CET INFO: Postprocess: Instances with multiple types (16 instances) ...  -- TriplePostProcessor.processInstancesWithMultipleTypes()
2015.02.24 15:41:43.604 CET INFO: 10 ms
 -- TriplePostProcessor.processInstancesWithMultipleTypes()
2015.02.24 15:41:43.604 CET INFO: Postprocess: Add inferred superclasses ...  -- TriplePostProcessor.processInferredSuperclasses()
2015.02.24 15:41:43.604 CET INFO: 0 ms
 -- TriplePostProcessor.processInferredSuperclasses()
2015.02.24 15:41:43.604 CET INFO: Postprocess: Process orphan classes (65 classes) ...  -- TriplePostProcessor.processOrphanClses()
2015.02.24 15:41:43.615 CET INFO: 11 ms
 -- TriplePostProcessor.processOrphanClses()
2015.02.24 15:41:43.615 CET INFO: Postprocess: Generalized Concept Inclusion (0 axioms) ...  -- TriplePostProcessor.processGeneralizedConceptInclusions()
2015.02.24 15:41:43.615 CET INFO: 0 ms
 -- TriplePostProcessor.processGeneralizedConceptInclusions()
2015.02.24 15:41:43.615 CET INFO: Postprocess: Abstract classes...  -- TriplePostProcessor.processAbstractClasses()
2015.02.24 15:41:43.615 CET INFO: 0 ms
 -- TriplePostProcessor.processAbstractClasses()
2015.02.24 15:41:43.615 CET INFO: Postprocess: Domain and range of properties...  -- TriplePostProcessor.processDomainAndRange()
2015.02.24 15:41:43.625 CET INFO: 10 ms
 -- TriplePostProcessor.processDomainAndRange()
2015.02.24 15:41:43.625 CET INFO: Postprocess: Possibly typed entities (1 resources) ...  -- TriplePostProcessor.processPossiblyTypedResources()
2015.02.24 15:41:43.625 CET INFO: 0 ms
 -- TriplePostProcessor.processPossiblyTypedResources()
2015.02.24 15:41:43.625 CET INFO: Updating underlying frames model in 0 ms -- ProtegeOWLParser.doFinalPostProcessing()
2015.02.24 16:32:32.323 CET INFO: *** SYSTEM START ***
2015.02.24 16:32:33.283 CET WARNING: [Local Folder Repository] The specified file must be a directory. (D:\svn\semantic\java\Ontologie_Owl\annotator\plugins\edu.stanford.smi.protegex.owl) -- LocalFolderRepository.update()
2015.02.24 16:32:33.324 CET INFO: Loading triples for: null -- ProtegeOWLParser.loadTriples()
2015.02.24 16:32:34.286 CET INFO:     Completed triple loading after 842 ms -- ProtegeOWLParser.loadTriples()
2015.02.24 16:32:34.296 CET INFO: Postprocess: Process entities with incorrect Java type (0 entities) ...  -- TriplePostProcessor.processFramesWithWrongJavaType()
2015.02.24 16:32:34.296 CET INFO: 0 ms
 -- TriplePostProcessor.processFramesWithWrongJavaType()
2015.02.24 16:32:34.296 CET INFO: Postprocess: Process metaclasses (3 metaclasses) ...  -- TriplePostProcessor.processMetaclasses()
2015.02.24 16:32:34.296 CET INFO: 0 ms
 -- TriplePostProcessor.processMetaclasses()
2015.02.24 16:32:34.296 CET INFO: Postprocess: Process subclasses of rdf:List (1 classes) ...  -- TriplePostProcessor.processSubclassesOfRdfList()
2015.02.24 16:32:34.296 CET INFO: 0 ms
 -- TriplePostProcessor.processSubclassesOfRdfList()
2015.02.24 16:32:34.296 CET INFO: Postprocess: Instances with multiple types (16 instances) ...  -- TriplePostProcessor.processInstancesWithMultipleTypes()
2015.02.24 16:32:34.306 CET INFO: 10 ms
 -- TriplePostProcessor.processInstancesWithMultipleTypes()
2015.02.24 16:32:34.306 CET INFO: Postprocess: Add inferred superclasses ...  -- TriplePostProcessor.processInferredSuperclasses()
2015.02.24 16:32:34.306 CET INFO: 0 ms
 -- TriplePostProcessor.processInferredSuperclasses()
2015.02.24 16:32:34.306 CET INFO: Postprocess: Process orphan classes (65 classes) ...  -- TriplePostProcessor.processOrphanClses()
2015.02.24 16:32:34.316 CET INFO: 10 ms
 -- TriplePostProcessor.processOrphanClses()
2015.02.24 16:32:34.316 CET INFO: Postprocess: Generalized Concept Inclusion (0 axioms) ...  -- TriplePostProcessor.processGeneralizedConceptInclusions()
2015.02.24 16:32:34.316 CET INFO: 0 ms
 -- TriplePostProcessor.processGeneralizedConceptInclusions()
2015.02.24 16:32:34.316 CET INFO: Postprocess: Abstract classes...  -- TriplePostProcessor.processAbstractClasses()
2015.02.24 16:32:34.316 CET INFO: 0 ms
 -- TriplePostProcessor.processAbstractClasses()
2015.02.24 16:32:34.316 CET INFO: Postprocess: Domain and range of properties...  -- TriplePostProcessor.processDomainAndRange()
2015.02.24 16:32:34.327 CET INFO: 11 ms
 -- TriplePostProcessor.processDomainAndRange()
2015.02.24 16:32:34.327 CET INFO: Postprocess: Possibly typed entities (1 resources) ...  -- TriplePostProcessor.processPossiblyTypedResources()
2015.02.24 16:32:34.327 CET INFO: 0 ms
 -- TriplePostProcessor.processPossiblyTypedResources()
2015.02.24 16:32:34.327 CET INFO: Updating underlying frames model in 0 ms -- ProtegeOWLParser.doFinalPostProcessing()
2015.02.25 15:13:22.236 CET INFO: *** SYSTEM START ***
2015.02.25 15:13:23.336 CET WARNING: [Local Folder Repository] The specified file must be a directory. (D:\svn\semantic\java\Ontologie_Owl\annotator\plugins\edu.stanford.smi.protegex.owl) -- LocalFolderRepository.update()
2015.02.25 15:13:23.377 CET INFO: Loading triples for: null -- ProtegeOWLParser.loadTriples()
2015.02.25 15:13:24.541 CET INFO:     Completed triple loading after 934 ms -- ProtegeOWLParser.loadTriples()
2015.02.25 15:13:24.551 CET INFO: Postprocess: Process entities with incorrect Java type (0 entities) ...  -- TriplePostProcessor.processFramesWithWrongJavaType()
2015.02.25 15:13:24.551 CET INFO: 0 ms
 -- TriplePostProcessor.processFramesWithWrongJavaType()
2015.02.25 15:13:24.551 CET INFO: Postprocess: Process metaclasses (3 metaclasses) ...  -- TriplePostProcessor.processMetaclasses()
2015.02.25 15:13:24.551 CET INFO: 0 ms
 -- TriplePostProcessor.processMetaclasses()
2015.02.25 15:13:24.551 CET INFO: Postprocess: Process subclasses of rdf:List (1 classes) ...  -- TriplePostProcessor.processSubclassesOfRdfList()
2015.02.25 15:13:24.551 CET INFO: 0 ms
 -- TriplePostProcessor.processSubclassesOfRdfList()
2015.02.25 15:13:24.551 CET INFO: Postprocess: Instances with multiple types (16 instances) ...  -- TriplePostProcessor.processInstancesWithMultipleTypes()
2015.02.25 15:13:24.551 CET INFO: 0 ms
 -- TriplePostProcessor.processInstancesWithMultipleTypes()
2015.02.25 15:13:24.561 CET INFO: Postprocess: Add inferred superclasses ...  -- TriplePostProcessor.processInferredSuperclasses()
2015.02.25 15:13:24.561 CET INFO: 0 ms
 -- TriplePostProcessor.processInferredSuperclasses()
2015.02.25 15:13:24.561 CET INFO: Postprocess: Process orphan classes (65 classes) ...  -- TriplePostProcessor.processOrphanClses()
2015.02.25 15:13:24.572 CET INFO: 11 ms
 -- TriplePostProcessor.processOrphanClses()
2015.02.25 15:13:24.572 CET INFO: Postprocess: Generalized Concept Inclusion (0 axioms) ...  -- TriplePostProcessor.processGeneralizedConceptInclusions()
2015.02.25 15:13:24.572 CET INFO: 0 ms
 -- TriplePostProcessor.processGeneralizedConceptInclusions()
2015.02.25 15:13:24.572 CET INFO: Postprocess: Abstract classes...  -- TriplePostProcessor.processAbstractClasses()
2015.02.25 15:13:24.572 CET INFO: 0 ms
 -- TriplePostProcessor.processAbstractClasses()
2015.02.25 15:13:24.572 CET INFO: Postprocess: Domain and range of properties...  -- TriplePostProcessor.processDomainAndRange()
2015.02.25 15:13:24.582 CET INFO: 10 ms
 -- TriplePostProcessor.processDomainAndRange()
2015.02.25 15:13:24.582 CET INFO: Postprocess: Possibly typed entities (1 resources) ...  -- TriplePostProcessor.processPossiblyTypedResources()
2015.02.25 15:13:24.582 CET INFO: 0 ms
 -- TriplePostProcessor.processPossiblyTypedResources()
2015.02.25 15:13:24.582 CET INFO: Updating underlying frames model in 0 ms -- ProtegeOWLParser.doFinalPostProcessing()
2015.02.25 15:14:30.459 CET INFO: *** SYSTEM START ***
2015.02.25 15:14:31.533 CET WARNING: [Local Folder Repository] The specified file must be a directory. (D:\svn\semantic\java\Ontologie_Owl\annotator\plugins\edu.stanford.smi.protegex.owl) -- LocalFolderRepository.update()
2015.02.25 15:14:31.567 CET INFO: Loading triples for: null -- ProtegeOWLParser.loadTriples()
2015.02.25 15:14:32.699 CET INFO:     Completed triple loading after 912 ms -- ProtegeOWLParser.loadTriples()
2015.02.25 15:14:32.699 CET INFO: Postprocess: Process entities with incorrect Java type (0 entities) ...  -- TriplePostProcessor.processFramesWithWrongJavaType()
2015.02.25 15:14:32.699 CET INFO: 0 ms
 -- TriplePostProcessor.processFramesWithWrongJavaType()
2015.02.25 15:14:32.699 CET INFO: Postprocess: Process metaclasses (3 metaclasses) ...  -- TriplePostProcessor.processMetaclasses()
2015.02.25 15:14:32.699 CET INFO: 0 ms
 -- TriplePostProcessor.processMetaclasses()
2015.02.25 15:14:32.699 CET INFO: Postprocess: Process subclasses of rdf:List (1 classes) ...  -- TriplePostProcessor.processSubclassesOfRdfList()
2015.02.25 15:14:32.699 CET INFO: 0 ms
 -- TriplePostProcessor.processSubclassesOfRdfList()
2015.02.25 15:14:32.699 CET INFO: Postprocess: Instances with multiple types (16 instances) ...  -- TriplePostProcessor.processInstancesWithMultipleTypes()
2015.02.25 15:14:32.712 CET INFO: 13 ms
 -- TriplePostProcessor.processInstancesWithMultipleTypes()
2015.02.25 15:14:32.715 CET INFO: Postprocess: Add inferred superclasses ...  -- TriplePostProcessor.processInferredSuperclasses()
2015.02.25 15:14:32.716 CET INFO: 0 ms
 -- TriplePostProcessor.processInferredSuperclasses()
2015.02.25 15:14:32.721 CET INFO: Postprocess: Process orphan classes (65 classes) ...  -- TriplePostProcessor.processOrphanClses()
2015.02.25 15:14:32.725 CET INFO: 4 ms
 -- TriplePostProcessor.processOrphanClses()
2015.02.25 15:14:32.725 CET INFO: Postprocess: Generalized Concept Inclusion (0 axioms) ...  -- TriplePostProcessor.processGeneralizedConceptInclusions()
2015.02.25 15:14:32.728 CET INFO: 2 ms
 -- TriplePostProcessor.processGeneralizedConceptInclusions()
2015.02.25 15:14:32.728 CET INFO: Postprocess: Abstract classes...  -- TriplePostProcessor.processAbstractClasses()
2015.02.25 15:14:32.729 CET INFO: 0 ms
 -- TriplePostProcessor.processAbstractClasses()
2015.02.25 15:14:32.729 CET INFO: Postprocess: Domain and range of properties...  -- TriplePostProcessor.processDomainAndRange()
2015.02.25 15:14:32.731 CET INFO: 2 ms
 -- TriplePostProcessor.processDomainAndRange()
2015.02.25 15:14:32.731 CET INFO: Postprocess: Possibly typed entities (1 resources) ...  -- TriplePostProcessor.processPossiblyTypedResources()
2015.02.25 15:14:32.731 CET INFO: 0 ms
 -- TriplePostProcessor.processPossiblyTypedResources()
2015.02.25 15:14:32.731 CET INFO: Updating underlying frames model in 0 ms -- ProtegeOWLParser.doFinalPostProcessing()
