2015.02.26 13:55:31.870 CET INFO: *** SYSTEM START ***
2015.02.26 13:55:32.830 CET WARNING: [Local Folder Repository] The specified file must be a directory. (D:\svn\semantic\java\Ontologie_Owl\annotator\plugins\edu.stanford.smi.protegex.owl) -- LocalFolderRepository.update()
2015.02.26 13:55:32.861 CET INFO: Loading triples for: null -- ProtegeOWLParser.loadTriples()
2015.02.26 13:55:33.701 CET INFO:     Completed triple loading after 740 ms -- ProtegeOWLParser.loadTriples()
2015.02.26 13:55:33.711 CET INFO: Postprocess: Process entities with incorrect Java type (0 entities) ...  -- TriplePostProcessor.processFramesWithWrongJavaType()
2015.02.26 13:55:33.711 CET INFO: 0 ms
 -- TriplePostProcessor.processFramesWithWrongJavaType()
2015.02.26 13:55:33.711 CET INFO: Postprocess: Process metaclasses (3 metaclasses) ...  -- TriplePostProcessor.processMetaclasses()
2015.02.26 13:55:33.711 CET INFO: 0 ms
 -- TriplePostProcessor.processMetaclasses()
2015.02.26 13:55:33.711 CET INFO: Postprocess: Process subclasses of rdf:List (1 classes) ...  -- TriplePostProcessor.processSubclassesOfRdfList()
2015.02.26 13:55:33.711 CET INFO: 0 ms
 -- TriplePostProcessor.processSubclassesOfRdfList()
2015.02.26 13:55:33.711 CET INFO: Postprocess: Instances with multiple types (16 instances) ...  -- TriplePostProcessor.processInstancesWithMultipleTypes()
2015.02.26 13:55:33.721 CET INFO: 10 ms
 -- TriplePostProcessor.processInstancesWithMultipleTypes()
2015.02.26 13:55:33.721 CET INFO: Postprocess: Add inferred superclasses ...  -- TriplePostProcessor.processInferredSuperclasses()
2015.02.26 13:55:33.721 CET INFO: 0 ms
 -- TriplePostProcessor.processInferredSuperclasses()
2015.02.26 13:55:33.721 CET INFO: Postprocess: Process orphan classes (65 classes) ...  -- TriplePostProcessor.processOrphanClses()
2015.02.26 13:55:33.731 CET INFO: 10 ms
 -- TriplePostProcessor.processOrphanClses()
2015.02.26 13:55:33.731 CET INFO: Postprocess: Generalized Concept Inclusion (0 axioms) ...  -- TriplePostProcessor.processGeneralizedConceptInclusions()
2015.02.26 13:55:33.731 CET INFO: 0 ms
 -- TriplePostProcessor.processGeneralizedConceptInclusions()
2015.02.26 13:55:33.731 CET INFO: Postprocess: Abstract classes...  -- TriplePostProcessor.processAbstractClasses()
2015.02.26 13:55:33.731 CET INFO: 0 ms
 -- TriplePostProcessor.processAbstractClasses()
2015.02.26 13:55:33.731 CET INFO: Postprocess: Domain and range of properties...  -- TriplePostProcessor.processDomainAndRange()
2015.02.26 13:55:33.741 CET INFO: 10 ms
 -- TriplePostProcessor.processDomainAndRange()
2015.02.26 13:55:33.741 CET INFO: Postprocess: Possibly typed entities (1 resources) ...  -- TriplePostProcessor.processPossiblyTypedResources()
2015.02.26 13:55:33.741 CET INFO: 0 ms
 -- TriplePostProcessor.processPossiblyTypedResources()
2015.02.26 13:55:33.741 CET INFO: Updating underlying frames model in 0 ms -- ProtegeOWLParser.doFinalPostProcessing()
2015.02.26 13:59:23.659 CET INFO: *** SYSTEM START ***
2015.02.26 13:59:24.719 CET WARNING: [Local Folder Repository] The specified file must be a directory. (D:\svn\semantic\java\Ontologie_Owl\annotator\plugins\edu.stanford.smi.protegex.owl) -- LocalFolderRepository.update()
2015.02.26 13:59:24.760 CET INFO: Loading triples for: null -- ProtegeOWLParser.loadTriples()
2015.02.26 13:59:25.740 CET INFO:     Completed triple loading after 860 ms -- ProtegeOWLParser.loadTriples()
2015.02.26 13:59:25.740 CET INFO: Postprocess: Process entities with incorrect Java type (0 entities) ...  -- TriplePostProcessor.processFramesWithWrongJavaType()
2015.02.26 13:59:25.750 CET INFO: 0 ms
 -- TriplePostProcessor.processFramesWithWrongJavaType()
2015.02.26 13:59:25.750 CET INFO: Postprocess: Process metaclasses (3 metaclasses) ...  -- TriplePostProcessor.processMetaclasses()
2015.02.26 13:59:25.750 CET INFO: 0 ms
 -- TriplePostProcessor.processMetaclasses()
2015.02.26 13:59:25.750 CET INFO: Postprocess: Process subclasses of rdf:List (1 classes) ...  -- TriplePostProcessor.processSubclassesOfRdfList()
2015.02.26 13:59:25.750 CET INFO: 0 ms
 -- TriplePostProcessor.processSubclassesOfRdfList()
2015.02.26 13:59:25.750 CET INFO: Postprocess: Instances with multiple types (16 instances) ...  -- TriplePostProcessor.processInstancesWithMultipleTypes()
2015.02.26 13:59:25.750 CET INFO: 0 ms
 -- TriplePostProcessor.processInstancesWithMultipleTypes()
2015.02.26 13:59:25.750 CET INFO: Postprocess: Add inferred superclasses ...  -- TriplePostProcessor.processInferredSuperclasses()
2015.02.26 13:59:25.750 CET INFO: 0 ms
 -- TriplePostProcessor.processInferredSuperclasses()
2015.02.26 13:59:25.760 CET INFO: Postprocess: Process orphan classes (65 classes) ...  -- TriplePostProcessor.processOrphanClses()
2015.02.26 13:59:25.760 CET INFO: 0 ms
 -- TriplePostProcessor.processOrphanClses()
2015.02.26 13:59:25.760 CET INFO: Postprocess: Generalized Concept Inclusion (0 axioms) ...  -- TriplePostProcessor.processGeneralizedConceptInclusions()
2015.02.26 13:59:25.770 CET INFO: 10 ms
 -- TriplePostProcessor.processGeneralizedConceptInclusions()
2015.02.26 13:59:25.770 CET INFO: Postprocess: Abstract classes...  -- TriplePostProcessor.processAbstractClasses()
2015.02.26 13:59:25.770 CET INFO: 0 ms
 -- TriplePostProcessor.processAbstractClasses()
2015.02.26 13:59:25.770 CET INFO: Postprocess: Domain and range of properties...  -- TriplePostProcessor.processDomainAndRange()
2015.02.26 13:59:25.780 CET INFO: 10 ms
 -- TriplePostProcessor.processDomainAndRange()
2015.02.26 13:59:25.780 CET INFO: Postprocess: Possibly typed entities (1 resources) ...  -- TriplePostProcessor.processPossiblyTypedResources()
2015.02.26 13:59:25.781 CET INFO: 0 ms
 -- TriplePostProcessor.processPossiblyTypedResources()
2015.02.26 13:59:25.781 CET INFO: Updating underlying frames model in 0 ms -- ProtegeOWLParser.doFinalPostProcessing()
2015.02.26 14:06:30.485 CET INFO: *** SYSTEM START ***
2015.02.26 14:06:31.525 CET WARNING: [Local Folder Repository] The specified file must be a directory. (D:\svn\semantic\java\Ontologie_Owl\annotator\plugins\edu.stanford.smi.protegex.owl) -- LocalFolderRepository.update()
2015.02.26 14:06:31.556 CET INFO: Loading triples for: null -- ProtegeOWLParser.loadTriples()
2015.02.26 14:06:32.678 CET INFO:     Completed triple loading after 892 ms -- ProtegeOWLParser.loadTriples()
2015.02.26 14:06:32.688 CET INFO: Postprocess: Process entities with incorrect Java type (0 entities) ...  -- TriplePostProcessor.processFramesWithWrongJavaType()
2015.02.26 14:06:32.688 CET INFO: 0 ms
 -- TriplePostProcessor.processFramesWithWrongJavaType()
2015.02.26 14:06:32.688 CET INFO: Postprocess: Process metaclasses (3 metaclasses) ...  -- TriplePostProcessor.processMetaclasses()
2015.02.26 14:06:32.688 CET INFO: 0 ms
 -- TriplePostProcessor.processMetaclasses()
2015.02.26 14:06:32.688 CET INFO: Postprocess: Process subclasses of rdf:List (1 classes) ...  -- TriplePostProcessor.processSubclassesOfRdfList()
2015.02.26 14:06:32.688 CET INFO: 0 ms
 -- TriplePostProcessor.processSubclassesOfRdfList()
2015.02.26 14:06:32.688 CET INFO: Postprocess: Instances with multiple types (16 instances) ...  -- TriplePostProcessor.processInstancesWithMultipleTypes()
2015.02.26 14:06:32.698 CET INFO: 10 ms
 -- TriplePostProcessor.processInstancesWithMultipleTypes()
2015.02.26 14:06:32.698 CET INFO: Postprocess: Add inferred superclasses ...  -- TriplePostProcessor.processInferredSuperclasses()
2015.02.26 14:06:32.698 CET INFO: 0 ms
 -- TriplePostProcessor.processInferredSuperclasses()
2015.02.26 14:06:32.698 CET INFO: Postprocess: Process orphan classes (65 classes) ...  -- TriplePostProcessor.processOrphanClses()
2015.02.26 14:06:32.709 CET INFO: 11 ms
 -- TriplePostProcessor.processOrphanClses()
2015.02.26 14:06:32.709 CET INFO: Postprocess: Generalized Concept Inclusion (0 axioms) ...  -- TriplePostProcessor.processGeneralizedConceptInclusions()
2015.02.26 14:06:32.709 CET INFO: 0 ms
 -- TriplePostProcessor.processGeneralizedConceptInclusions()
2015.02.26 14:06:32.709 CET INFO: Postprocess: Abstract classes...  -- TriplePostProcessor.processAbstractClasses()
2015.02.26 14:06:32.709 CET INFO: 0 ms
 -- TriplePostProcessor.processAbstractClasses()
2015.02.26 14:06:32.709 CET INFO: Postprocess: Domain and range of properties...  -- TriplePostProcessor.processDomainAndRange()
2015.02.26 14:06:32.719 CET INFO: 10 ms
 -- TriplePostProcessor.processDomainAndRange()
2015.02.26 14:06:32.719 CET INFO: Postprocess: Possibly typed entities (1 resources) ...  -- TriplePostProcessor.processPossiblyTypedResources()
2015.02.26 14:06:32.719 CET INFO: 0 ms
 -- TriplePostProcessor.processPossiblyTypedResources()
2015.02.26 14:06:32.719 CET INFO: Updating underlying frames model in 0 ms -- ProtegeOWLParser.doFinalPostProcessing()
2015.02.26 14:06:40.548 CET INFO: *** SYSTEM START ***
2015.02.26 14:06:41.628 CET WARNING: [Local Folder Repository] The specified file must be a directory. (D:\svn\semantic\java\Ontologie_Owl\annotator\plugins\edu.stanford.smi.protegex.owl) -- LocalFolderRepository.update()
2015.02.26 14:06:41.660 CET INFO: Loading triples for: null -- ProtegeOWLParser.loadTriples()
2015.02.26 14:06:42.754 CET INFO:     Completed triple loading after 880 ms -- ProtegeOWLParser.loadTriples()
2015.02.26 14:06:42.754 CET INFO: Postprocess: Process entities with incorrect Java type (0 entities) ...  -- TriplePostProcessor.processFramesWithWrongJavaType()
2015.02.26 14:06:42.754 CET INFO: 0 ms
 -- TriplePostProcessor.processFramesWithWrongJavaType()
2015.02.26 14:06:42.754 CET INFO: Postprocess: Process metaclasses (3 metaclasses) ...  -- TriplePostProcessor.processMetaclasses()
2015.02.26 14:06:42.764 CET INFO: 0 ms
 -- TriplePostProcessor.processMetaclasses()
2015.02.26 14:06:42.764 CET INFO: Postprocess: Process subclasses of rdf:List (1 classes) ...  -- TriplePostProcessor.processSubclassesOfRdfList()
2015.02.26 14:06:42.764 CET INFO: 0 ms
 -- TriplePostProcessor.processSubclassesOfRdfList()
2015.02.26 14:06:42.764 CET INFO: Postprocess: Instances with multiple types (16 instances) ...  -- TriplePostProcessor.processInstancesWithMultipleTypes()
2015.02.26 14:06:42.764 CET INFO: 0 ms
 -- TriplePostProcessor.processInstancesWithMultipleTypes()
2015.02.26 14:06:42.774 CET INFO: Postprocess: Add inferred superclasses ...  -- TriplePostProcessor.processInferredSuperclasses()
2015.02.26 14:06:42.774 CET INFO: 0 ms
 -- TriplePostProcessor.processInferredSuperclasses()
2015.02.26 14:06:42.774 CET INFO: Postprocess: Process orphan classes (65 classes) ...  -- TriplePostProcessor.processOrphanClses()
2015.02.26 14:06:42.784 CET INFO: 10 ms
 -- TriplePostProcessor.processOrphanClses()
2015.02.26 14:06:42.784 CET INFO: Postprocess: Generalized Concept Inclusion (0 axioms) ...  -- TriplePostProcessor.processGeneralizedConceptInclusions()
2015.02.26 14:06:42.784 CET INFO: 0 ms
 -- TriplePostProcessor.processGeneralizedConceptInclusions()
2015.02.26 14:06:42.784 CET INFO: Postprocess: Abstract classes...  -- TriplePostProcessor.processAbstractClasses()
2015.02.26 14:06:42.784 CET INFO: 0 ms
 -- TriplePostProcessor.processAbstractClasses()
2015.02.26 14:06:42.784 CET INFO: Postprocess: Domain and range of properties...  -- TriplePostProcessor.processDomainAndRange()
2015.02.26 14:06:42.795 CET INFO: 11 ms
 -- TriplePostProcessor.processDomainAndRange()
2015.02.26 14:06:42.795 CET INFO: Postprocess: Possibly typed entities (1 resources) ...  -- TriplePostProcessor.processPossiblyTypedResources()
2015.02.26 14:06:42.795 CET INFO: 0 ms
 -- TriplePostProcessor.processPossiblyTypedResources()
2015.02.26 14:06:42.795 CET INFO: Updating underlying frames model in 0 ms -- ProtegeOWLParser.doFinalPostProcessing()
2015.02.26 14:07:18.320 CET INFO: *** SYSTEM START ***
2015.02.26 14:07:19.410 CET WARNING: [Local Folder Repository] The specified file must be a directory. (D:\svn\semantic\java\Ontologie_Owl\annotator\plugins\edu.stanford.smi.protegex.owl) -- LocalFolderRepository.update()
2015.02.26 14:07:19.441 CET INFO: Loading triples for: null -- ProtegeOWLParser.loadTriples()
2015.02.26 14:07:20.571 CET INFO:     Completed triple loading after 900 ms -- ProtegeOWLParser.loadTriples()
2015.02.26 14:07:20.581 CET INFO: Postprocess: Process entities with incorrect Java type (0 entities) ...  -- TriplePostProcessor.processFramesWithWrongJavaType()
2015.02.26 14:07:20.581 CET INFO: 0 ms
 -- TriplePostProcessor.processFramesWithWrongJavaType()
2015.02.26 14:07:20.581 CET INFO: Postprocess: Process metaclasses (3 metaclasses) ...  -- TriplePostProcessor.processMetaclasses()
2015.02.26 14:07:20.581 CET INFO: 0 ms
 -- TriplePostProcessor.processMetaclasses()
2015.02.26 14:07:20.581 CET INFO: Postprocess: Process subclasses of rdf:List (1 classes) ...  -- TriplePostProcessor.processSubclassesOfRdfList()
2015.02.26 14:07:20.581 CET INFO: 0 ms
 -- TriplePostProcessor.processSubclassesOfRdfList()
2015.02.26 14:07:20.581 CET INFO: Postprocess: Instances with multiple types (16 instances) ...  -- TriplePostProcessor.processInstancesWithMultipleTypes()
2015.02.26 14:07:20.581 CET INFO: 0 ms
 -- TriplePostProcessor.processInstancesWithMultipleTypes()
2015.02.26 14:07:20.592 CET INFO: Postprocess: Add inferred superclasses ...  -- TriplePostProcessor.processInferredSuperclasses()
2015.02.26 14:07:20.592 CET INFO: 0 ms
 -- TriplePostProcessor.processInferredSuperclasses()
2015.02.26 14:07:20.592 CET INFO: Postprocess: Process orphan classes (65 classes) ...  -- TriplePostProcessor.processOrphanClses()
2015.02.26 14:07:20.602 CET INFO: 10 ms
 -- TriplePostProcessor.processOrphanClses()
2015.02.26 14:07:20.602 CET INFO: Postprocess: Generalized Concept Inclusion (0 axioms) ...  -- TriplePostProcessor.processGeneralizedConceptInclusions()
2015.02.26 14:07:20.602 CET INFO: 0 ms
 -- TriplePostProcessor.processGeneralizedConceptInclusions()
2015.02.26 14:07:20.602 CET INFO: Postprocess: Abstract classes...  -- TriplePostProcessor.processAbstractClasses()
2015.02.26 14:07:20.602 CET INFO: 0 ms
 -- TriplePostProcessor.processAbstractClasses()
2015.02.26 14:07:20.602 CET INFO: Postprocess: Domain and range of properties...  -- TriplePostProcessor.processDomainAndRange()
2015.02.26 14:07:20.612 CET INFO: 10 ms
 -- TriplePostProcessor.processDomainAndRange()
2015.02.26 14:07:20.612 CET INFO: Postprocess: Possibly typed entities (1 resources) ...  -- TriplePostProcessor.processPossiblyTypedResources()
2015.02.26 14:07:20.612 CET INFO: 0 ms
 -- TriplePostProcessor.processPossiblyTypedResources()
2015.02.26 14:07:20.612 CET INFO: Updating underlying frames model in 0 ms -- ProtegeOWLParser.doFinalPostProcessing()
2015.02.26 14:07:56.841 CET INFO: *** SYSTEM START ***
2015.02.26 14:07:57.931 CET WARNING: [Local Folder Repository] The specified file must be a directory. (D:\svn\semantic\java\Ontologie_Owl\annotator\plugins\edu.stanford.smi.protegex.owl) -- LocalFolderRepository.update()
2015.02.26 14:07:57.965 CET INFO: Loading triples for: null -- ProtegeOWLParser.loadTriples()
2015.02.26 14:07:59.107 CET INFO:     Completed triple loading after 922 ms -- ProtegeOWLParser.loadTriples()
2015.02.26 14:07:59.107 CET INFO: Postprocess: Process entities with incorrect Java type (0 entities) ...  -- TriplePostProcessor.processFramesWithWrongJavaType()
2015.02.26 14:07:59.107 CET INFO: 0 ms
 -- TriplePostProcessor.processFramesWithWrongJavaType()
2015.02.26 14:07:59.107 CET INFO: Postprocess: Process metaclasses (3 metaclasses) ...  -- TriplePostProcessor.processMetaclasses()
2015.02.26 14:07:59.107 CET INFO: 0 ms
 -- TriplePostProcessor.processMetaclasses()
2015.02.26 14:07:59.107 CET INFO: Postprocess: Process subclasses of rdf:List (1 classes) ...  -- TriplePostProcessor.processSubclassesOfRdfList()
2015.02.26 14:07:59.107 CET INFO: 0 ms
 -- TriplePostProcessor.processSubclassesOfRdfList()
2015.02.26 14:07:59.107 CET INFO: Postprocess: Instances with multiple types (16 instances) ...  -- TriplePostProcessor.processInstancesWithMultipleTypes()
2015.02.26 14:07:59.117 CET INFO: 10 ms
 -- TriplePostProcessor.processInstancesWithMultipleTypes()
2015.02.26 14:07:59.117 CET INFO: Postprocess: Add inferred superclasses ...  -- TriplePostProcessor.processInferredSuperclasses()
2015.02.26 14:07:59.117 CET INFO: 0 ms
 -- TriplePostProcessor.processInferredSuperclasses()
2015.02.26 14:07:59.128 CET INFO: Postprocess: Process orphan classes (65 classes) ...  -- TriplePostProcessor.processOrphanClses()
2015.02.26 14:07:59.128 CET INFO: 0 ms
 -- TriplePostProcessor.processOrphanClses()
2015.02.26 14:07:59.128 CET INFO: Postprocess: Generalized Concept Inclusion (0 axioms) ...  -- TriplePostProcessor.processGeneralizedConceptInclusions()
2015.02.26 14:07:59.128 CET INFO: 0 ms
 -- TriplePostProcessor.processGeneralizedConceptInclusions()
2015.02.26 14:07:59.128 CET INFO: Postprocess: Abstract classes...  -- TriplePostProcessor.processAbstractClasses()
2015.02.26 14:07:59.128 CET INFO: 0 ms
 -- TriplePostProcessor.processAbstractClasses()
2015.02.26 14:07:59.128 CET INFO: Postprocess: Domain and range of properties...  -- TriplePostProcessor.processDomainAndRange()
2015.02.26 14:07:59.138 CET INFO: 10 ms
 -- TriplePostProcessor.processDomainAndRange()
2015.02.26 14:07:59.138 CET INFO: Postprocess: Possibly typed entities (1 resources) ...  -- TriplePostProcessor.processPossiblyTypedResources()
2015.02.26 14:07:59.138 CET INFO: 0 ms
 -- TriplePostProcessor.processPossiblyTypedResources()
2015.02.26 14:07:59.138 CET INFO: Updating underlying frames model in 0 ms -- ProtegeOWLParser.doFinalPostProcessing()
2015.02.26 14:08:25.905 CET INFO: *** SYSTEM START ***
2015.02.26 14:08:26.917 CET WARNING: [Local Folder Repository] The specified file must be a directory. (D:\svn\semantic\java\Ontologie_Owl\annotator\plugins\edu.stanford.smi.protegex.owl) -- LocalFolderRepository.update()
2015.02.26 14:08:26.948 CET INFO: Loading triples for: null -- ProtegeOWLParser.loadTriples()
2015.02.26 14:08:27.818 CET INFO:     Completed triple loading after 770 ms -- ProtegeOWLParser.loadTriples()
2015.02.26 14:08:27.828 CET INFO: Postprocess: Process entities with incorrect Java type (0 entities) ...  -- TriplePostProcessor.processFramesWithWrongJavaType()
2015.02.26 14:08:27.828 CET INFO: 0 ms
 -- TriplePostProcessor.processFramesWithWrongJavaType()
2015.02.26 14:08:27.828 CET INFO: Postprocess: Process metaclasses (3 metaclasses) ...  -- TriplePostProcessor.processMetaclasses()
2015.02.26 14:08:27.828 CET INFO: 0 ms
 -- TriplePostProcessor.processMetaclasses()
2015.02.26 14:08:27.828 CET INFO: Postprocess: Process subclasses of rdf:List (1 classes) ...  -- TriplePostProcessor.processSubclassesOfRdfList()
2015.02.26 14:08:27.828 CET INFO: 0 ms
 -- TriplePostProcessor.processSubclassesOfRdfList()
2015.02.26 14:08:27.828 CET INFO: Postprocess: Instances with multiple types (16 instances) ...  -- TriplePostProcessor.processInstancesWithMultipleTypes()
2015.02.26 14:08:27.838 CET INFO: 10 ms
 -- TriplePostProcessor.processInstancesWithMultipleTypes()
2015.02.26 14:08:27.838 CET INFO: Postprocess: Add inferred superclasses ...  -- TriplePostProcessor.processInferredSuperclasses()
2015.02.26 14:08:27.838 CET INFO: 0 ms
 -- TriplePostProcessor.processInferredSuperclasses()
2015.02.26 14:08:27.838 CET INFO: Postprocess: Process orphan classes (65 classes) ...  -- TriplePostProcessor.processOrphanClses()
2015.02.26 14:08:27.848 CET INFO: 10 ms
 -- TriplePostProcessor.processOrphanClses()
2015.02.26 14:08:27.848 CET INFO: Postprocess: Generalized Concept Inclusion (0 axioms) ...  -- TriplePostProcessor.processGeneralizedConceptInclusions()
2015.02.26 14:08:27.848 CET INFO: 0 ms
 -- TriplePostProcessor.processGeneralizedConceptInclusions()
2015.02.26 14:08:27.848 CET INFO: Postprocess: Abstract classes...  -- TriplePostProcessor.processAbstractClasses()
2015.02.26 14:08:27.848 CET INFO: 0 ms
 -- TriplePostProcessor.processAbstractClasses()
2015.02.26 14:08:27.848 CET INFO: Postprocess: Domain and range of properties...  -- TriplePostProcessor.processDomainAndRange()
2015.02.26 14:08:27.858 CET INFO: 10 ms
 -- TriplePostProcessor.processDomainAndRange()
2015.02.26 14:08:27.858 CET INFO: Postprocess: Possibly typed entities (1 resources) ...  -- TriplePostProcessor.processPossiblyTypedResources()
2015.02.26 14:08:27.858 CET INFO: 0 ms
 -- TriplePostProcessor.processPossiblyTypedResources()
2015.02.26 14:08:27.858 CET INFO: Updating underlying frames model in 0 ms -- ProtegeOWLParser.doFinalPostProcessing()
2015.02.26 14:16:28.503 CET INFO: *** SYSTEM START ***
2015.02.26 14:16:29.563 CET WARNING: [Local Folder Repository] The specified file must be a directory. (D:\svn\semantic\java\Ontologie_Owl\annotator\plugins\edu.stanford.smi.protegex.owl) -- LocalFolderRepository.update()
2015.02.26 14:16:29.604 CET INFO: Loading triples for: null -- ProtegeOWLParser.loadTriples()
2015.02.26 14:16:30.606 CET INFO:     Completed triple loading after 882 ms -- ProtegeOWLParser.loadTriples()
2015.02.26 14:16:30.606 CET INFO: Postprocess: Process entities with incorrect Java type (0 entities) ...  -- TriplePostProcessor.processFramesWithWrongJavaType()
2015.02.26 14:16:30.606 CET INFO: 0 ms
 -- TriplePostProcessor.processFramesWithWrongJavaType()
2015.02.26 14:16:30.606 CET INFO: Postprocess: Process metaclasses (3 metaclasses) ...  -- TriplePostProcessor.processMetaclasses()
2015.02.26 14:16:30.616 CET INFO: 0 ms
 -- TriplePostProcessor.processMetaclasses()
2015.02.26 14:16:30.616 CET INFO: Postprocess: Process subclasses of rdf:List (1 classes) ...  -- TriplePostProcessor.processSubclassesOfRdfList()
2015.02.26 14:16:30.616 CET INFO: 0 ms
 -- TriplePostProcessor.processSubclassesOfRdfList()
2015.02.26 14:16:30.616 CET INFO: Postprocess: Instances with multiple types (16 instances) ...  -- TriplePostProcessor.processInstancesWithMultipleTypes()
2015.02.26 14:16:30.616 CET INFO: 0 ms
 -- TriplePostProcessor.processInstancesWithMultipleTypes()
2015.02.26 14:16:30.616 CET INFO: Postprocess: Add inferred superclasses ...  -- TriplePostProcessor.processInferredSuperclasses()
2015.02.26 14:16:30.616 CET INFO: 0 ms
 -- TriplePostProcessor.processInferredSuperclasses()
2015.02.26 14:16:30.626 CET INFO: Postprocess: Process orphan classes (65 classes) ...  -- TriplePostProcessor.processOrphanClses()
2015.02.26 14:16:30.626 CET INFO: 0 ms
 -- TriplePostProcessor.processOrphanClses()
2015.02.26 14:16:30.626 CET INFO: Postprocess: Generalized Concept Inclusion (0 axioms) ...  -- TriplePostProcessor.processGeneralizedConceptInclusions()
2015.02.26 14:16:30.637 CET INFO: 10 ms
 -- TriplePostProcessor.processGeneralizedConceptInclusions()
2015.02.26 14:16:30.637 CET INFO: Postprocess: Abstract classes...  -- TriplePostProcessor.processAbstractClasses()
2015.02.26 14:16:30.637 CET INFO: 0 ms
 -- TriplePostProcessor.processAbstractClasses()
2015.02.26 14:16:30.637 CET INFO: Postprocess: Domain and range of properties...  -- TriplePostProcessor.processDomainAndRange()
2015.02.26 14:16:30.647 CET INFO: 10 ms
 -- TriplePostProcessor.processDomainAndRange()
2015.02.26 14:16:30.647 CET INFO: Postprocess: Possibly typed entities (1 resources) ...  -- TriplePostProcessor.processPossiblyTypedResources()
2015.02.26 14:16:30.647 CET INFO: 0 ms
 -- TriplePostProcessor.processPossiblyTypedResources()
2015.02.26 14:16:30.647 CET INFO: Updating underlying frames model in 0 ms -- ProtegeOWLParser.doFinalPostProcessing()
2015.02.26 14:25:54.194 CET INFO: *** SYSTEM START ***
2015.02.26 14:25:55.244 CET WARNING: [Local Folder Repository] The specified file must be a directory. (D:\svn\semantic\java\Ontologie_Owl\annotator\plugins\edu.stanford.smi.protegex.owl) -- LocalFolderRepository.update()
2015.02.26 14:25:55.275 CET INFO: Loading triples for: null -- ProtegeOWLParser.loadTriples()
2015.02.26 14:25:56.255 CET INFO:     Completed triple loading after 850 ms -- ProtegeOWLParser.loadTriples()
2015.02.26 14:25:56.265 CET INFO: Postprocess: Process entities with incorrect Java type (0 entities) ...  -- TriplePostProcessor.processFramesWithWrongJavaType()
2015.02.26 14:25:56.265 CET INFO: 0 ms
 -- TriplePostProcessor.processFramesWithWrongJavaType()
2015.02.26 14:25:56.265 CET INFO: Postprocess: Process metaclasses (3 metaclasses) ...  -- TriplePostProcessor.processMetaclasses()
2015.02.26 14:25:56.265 CET INFO: 0 ms
 -- TriplePostProcessor.processMetaclasses()
2015.02.26 14:25:56.265 CET INFO: Postprocess: Process subclasses of rdf:List (1 classes) ...  -- TriplePostProcessor.processSubclassesOfRdfList()
2015.02.26 14:25:56.265 CET INFO: 0 ms
 -- TriplePostProcessor.processSubclassesOfRdfList()
2015.02.26 14:25:56.265 CET INFO: Postprocess: Instances with multiple types (16 instances) ...  -- TriplePostProcessor.processInstancesWithMultipleTypes()
2015.02.26 14:25:56.275 CET INFO: 10 ms
 -- TriplePostProcessor.processInstancesWithMultipleTypes()
2015.02.26 14:25:56.275 CET INFO: Postprocess: Add inferred superclasses ...  -- TriplePostProcessor.processInferredSuperclasses()
2015.02.26 14:25:56.275 CET INFO: 0 ms
 -- TriplePostProcessor.processInferredSuperclasses()
2015.02.26 14:25:56.285 CET INFO: Postprocess: Process orphan classes (65 classes) ...  -- TriplePostProcessor.processOrphanClses()
2015.02.26 14:25:56.285 CET INFO: 0 ms
 -- TriplePostProcessor.processOrphanClses()
2015.02.26 14:25:56.285 CET INFO: Postprocess: Generalized Concept Inclusion (0 axioms) ...  -- TriplePostProcessor.processGeneralizedConceptInclusions()
2015.02.26 14:25:56.285 CET INFO: 0 ms
 -- TriplePostProcessor.processGeneralizedConceptInclusions()
2015.02.26 14:25:56.285 CET INFO: Postprocess: Abstract classes...  -- TriplePostProcessor.processAbstractClasses()
2015.02.26 14:25:56.285 CET INFO: 0 ms
 -- TriplePostProcessor.processAbstractClasses()
2015.02.26 14:25:56.285 CET INFO: Postprocess: Domain and range of properties...  -- TriplePostProcessor.processDomainAndRange()
2015.02.26 14:25:56.296 CET INFO: 11 ms
 -- TriplePostProcessor.processDomainAndRange()
2015.02.26 14:25:56.296 CET INFO: Postprocess: Possibly typed entities (1 resources) ...  -- TriplePostProcessor.processPossiblyTypedResources()
2015.02.26 14:25:56.296 CET INFO: 0 ms
 -- TriplePostProcessor.processPossiblyTypedResources()
2015.02.26 14:25:56.296 CET INFO: Updating underlying frames model in 0 ms -- ProtegeOWLParser.doFinalPostProcessing()
2015.02.26 14:36:31.216 CET INFO: *** SYSTEM START ***
2015.02.26 14:36:32.226 CET WARNING: [Local Folder Repository] The specified file must be a directory. (D:\svn\semantic\java\Ontologie_Owl\annotator\plugins\edu.stanford.smi.protegex.owl) -- LocalFolderRepository.update()
2015.02.26 14:36:32.257 CET INFO: Loading triples for: null -- ProtegeOWLParser.loadTriples()
2015.02.26 14:36:33.237 CET INFO:     Completed triple loading after 860 ms -- ProtegeOWLParser.loadTriples()
2015.02.26 14:36:33.237 CET INFO: Postprocess: Process entities with incorrect Java type (0 entities) ...  -- TriplePostProcessor.processFramesWithWrongJavaType()
2015.02.26 14:36:33.237 CET INFO: 0 ms
 -- TriplePostProcessor.processFramesWithWrongJavaType()
2015.02.26 14:36:33.237 CET INFO: Postprocess: Process metaclasses (3 metaclasses) ...  -- TriplePostProcessor.processMetaclasses()
2015.02.26 14:36:33.237 CET INFO: 0 ms
 -- TriplePostProcessor.processMetaclasses()
2015.02.26 14:36:33.237 CET INFO: Postprocess: Process subclasses of rdf:List (1 classes) ...  -- TriplePostProcessor.processSubclassesOfRdfList()
2015.02.26 14:36:33.237 CET INFO: 0 ms
 -- TriplePostProcessor.processSubclassesOfRdfList()
2015.02.26 14:36:33.237 CET INFO: Postprocess: Instances with multiple types (16 instances) ...  -- TriplePostProcessor.processInstancesWithMultipleTypes()
2015.02.26 14:36:33.247 CET INFO: 10 ms
 -- TriplePostProcessor.processInstancesWithMultipleTypes()
2015.02.26 14:36:33.247 CET INFO: Postprocess: Add inferred superclasses ...  -- TriplePostProcessor.processInferredSuperclasses()
2015.02.26 14:36:33.247 CET INFO: 0 ms
 -- TriplePostProcessor.processInferredSuperclasses()
2015.02.26 14:36:33.257 CET INFO: Postprocess: Process orphan classes (65 classes) ...  -- TriplePostProcessor.processOrphanClses()
2015.02.26 14:36:33.257 CET INFO: 0 ms
 -- TriplePostProcessor.processOrphanClses()
2015.02.26 14:36:33.257 CET INFO: Postprocess: Generalized Concept Inclusion (0 axioms) ...  -- TriplePostProcessor.processGeneralizedConceptInclusions()
2015.02.26 14:36:33.257 CET INFO: 0 ms
 -- TriplePostProcessor.processGeneralizedConceptInclusions()
2015.02.26 14:36:33.257 CET INFO: Postprocess: Abstract classes...  -- TriplePostProcessor.processAbstractClasses()
2015.02.26 14:36:33.257 CET INFO: 0 ms
 -- TriplePostProcessor.processAbstractClasses()
2015.02.26 14:36:33.257 CET INFO: Postprocess: Domain and range of properties...  -- TriplePostProcessor.processDomainAndRange()
2015.02.26 14:36:33.267 CET INFO: 10 ms
 -- TriplePostProcessor.processDomainAndRange()
2015.02.26 14:36:33.267 CET INFO: Postprocess: Possibly typed entities (1 resources) ...  -- TriplePostProcessor.processPossiblyTypedResources()
2015.02.26 14:36:33.277 CET INFO: 0 ms
 -- TriplePostProcessor.processPossiblyTypedResources()
2015.02.26 14:36:33.278 CET INFO: Updating underlying frames model in 1 ms -- ProtegeOWLParser.doFinalPostProcessing()
2015.02.26 15:01:51.002 CET INFO: *** SYSTEM START ***
2015.02.26 15:01:52.062 CET WARNING: [Local Folder Repository] The specified file must be a directory. (D:\svn\semantic\java\Ontologie_Owl\annotator\plugins\edu.stanford.smi.protegex.owl) -- LocalFolderRepository.update()
2015.02.26 15:01:52.093 CET INFO: Loading triples for: null -- ProtegeOWLParser.loadTriples()
2015.02.26 15:01:53.073 CET INFO:     Completed triple loading after 860 ms -- ProtegeOWLParser.loadTriples()
2015.02.26 15:01:53.073 CET INFO: Postprocess: Process entities with incorrect Java type (0 entities) ...  -- TriplePostProcessor.processFramesWithWrongJavaType()
2015.02.26 15:01:53.073 CET INFO: 0 ms
 -- TriplePostProcessor.processFramesWithWrongJavaType()
2015.02.26 15:01:53.073 CET INFO: Postprocess: Process metaclasses (3 metaclasses) ...  -- TriplePostProcessor.processMetaclasses()
2015.02.26 15:01:53.073 CET INFO: 0 ms
 -- TriplePostProcessor.processMetaclasses()
2015.02.26 15:01:53.073 CET INFO: Postprocess: Process subclasses of rdf:List (1 classes) ...  -- TriplePostProcessor.processSubclassesOfRdfList()
2015.02.26 15:01:53.073 CET INFO: 0 ms
 -- TriplePostProcessor.processSubclassesOfRdfList()
2015.02.26 15:01:53.073 CET INFO: Postprocess: Instances with multiple types (16 instances) ...  -- TriplePostProcessor.processInstancesWithMultipleTypes()
2015.02.26 15:01:53.083 CET INFO: 10 ms
 -- TriplePostProcessor.processInstancesWithMultipleTypes()
2015.02.26 15:01:53.083 CET INFO: Postprocess: Add inferred superclasses ...  -- TriplePostProcessor.processInferredSuperclasses()
2015.02.26 15:01:53.083 CET INFO: 0 ms
 -- TriplePostProcessor.processInferredSuperclasses()
2015.02.26 15:01:53.094 CET INFO: Postprocess: Process orphan classes (65 classes) ...  -- TriplePostProcessor.processOrphanClses()
2015.02.26 15:01:53.098 CET INFO: 4 ms
 -- TriplePostProcessor.processOrphanClses()
2015.02.26 15:01:53.098 CET INFO: Postprocess: Generalized Concept Inclusion (0 axioms) ...  -- TriplePostProcessor.processGeneralizedConceptInclusions()
2015.02.26 15:01:53.101 CET INFO: 2 ms
 -- TriplePostProcessor.processGeneralizedConceptInclusions()
2015.02.26 15:01:53.102 CET INFO: Postprocess: Abstract classes...  -- TriplePostProcessor.processAbstractClasses()
2015.02.26 15:01:53.102 CET INFO: 0 ms
 -- TriplePostProcessor.processAbstractClasses()
2015.02.26 15:01:53.103 CET INFO: Postprocess: Domain and range of properties...  -- TriplePostProcessor.processDomainAndRange()
2015.02.26 15:01:53.110 CET INFO: 7 ms
 -- TriplePostProcessor.processDomainAndRange()
2015.02.26 15:01:53.110 CET INFO: Postprocess: Possibly typed entities (1 resources) ...  -- TriplePostProcessor.processPossiblyTypedResources()
2015.02.26 15:01:53.110 CET INFO: 0 ms
 -- TriplePostProcessor.processPossiblyTypedResources()
2015.02.26 15:01:53.110 CET INFO: Updating underlying frames model in 0 ms -- ProtegeOWLParser.doFinalPostProcessing()
