2015.02.26 15:07:00.416 CET INFO: *** SYSTEM START ***
2015.02.26 15:07:01.486 CET WARNING: [Local Folder Repository] The specified file must be a directory. (D:\svn\semantic\java\Ontologie_Owl\annotator\plugins\edu.stanford.smi.protegex.owl) -- LocalFolderRepository.update()
2015.02.26 15:07:01.517 CET INFO: Loading triples for: null -- ProtegeOWLParser.loadTriples()
2015.02.26 15:07:02.489 CET INFO:     Completed triple loading after 852 ms -- ProtegeOWLParser.loadTriples()
2015.02.26 15:07:02.499 CET INFO: Postprocess: Process entities with incorrect Java type (0 entities) ...  -- TriplePostProcessor.processFramesWithWrongJavaType()
2015.02.26 15:07:02.499 CET INFO: 0 ms
 -- TriplePostProcessor.processFramesWithWrongJavaType()
2015.02.26 15:07:02.499 CET INFO: Postprocess: Process metaclasses (3 metaclasses) ...  -- TriplePostProcessor.processMetaclasses()
2015.02.26 15:07:02.499 CET INFO: 0 ms
 -- TriplePostProcessor.processMetaclasses()
2015.02.26 15:07:02.499 CET INFO: Postprocess: Process subclasses of rdf:List (1 classes) ...  -- TriplePostProcessor.processSubclassesOfRdfList()
2015.02.26 15:07:02.499 CET INFO: 0 ms
 -- TriplePostProcessor.processSubclassesOfRdfList()
2015.02.26 15:07:02.499 CET INFO: Postprocess: Instances with multiple types (16 instances) ...  -- TriplePostProcessor.processInstancesWithMultipleTypes()
2015.02.26 15:07:02.499 CET INFO: 0 ms
 -- TriplePostProcessor.processInstancesWithMultipleTypes()
2015.02.26 15:07:02.499 CET INFO: Postprocess: Add inferred superclasses ...  -- TriplePostProcessor.processInferredSuperclasses()
2015.02.26 15:07:02.509 CET INFO: 0 ms
 -- TriplePostProcessor.processInferredSuperclasses()
2015.02.26 15:07:02.510 CET INFO: Postprocess: Process orphan classes (65 classes) ...  -- TriplePostProcessor.processOrphanClses()
2015.02.26 15:07:02.510 CET INFO: 0 ms
 -- TriplePostProcessor.processOrphanClses()
2015.02.26 15:07:02.510 CET INFO: Postprocess: Generalized Concept Inclusion (0 axioms) ...  -- TriplePostProcessor.processGeneralizedConceptInclusions()
2015.02.26 15:07:02.520 CET INFO: 10 ms
 -- TriplePostProcessor.processGeneralizedConceptInclusions()
2015.02.26 15:07:02.520 CET INFO: Postprocess: Abstract classes...  -- TriplePostProcessor.processAbstractClasses()
2015.02.26 15:07:02.520 CET INFO: 0 ms
 -- TriplePostProcessor.processAbstractClasses()
2015.02.26 15:07:02.520 CET INFO: Postprocess: Domain and range of properties...  -- TriplePostProcessor.processDomainAndRange()
2015.02.26 15:07:02.520 CET INFO: 0 ms
 -- TriplePostProcessor.processDomainAndRange()
2015.02.26 15:07:02.520 CET INFO: Postprocess: Possibly typed entities (1 resources) ...  -- TriplePostProcessor.processPossiblyTypedResources()
2015.02.26 15:07:02.530 CET INFO: 0 ms
 -- TriplePostProcessor.processPossiblyTypedResources()
2015.02.26 15:07:02.530 CET INFO: Updating underlying frames model in 0 ms -- ProtegeOWLParser.doFinalPostProcessing()
2015.02.26 15:26:19.337 CET INFO: *** SYSTEM START ***
2015.02.26 15:26:20.367 CET WARNING: [Local Folder Repository] The specified file must be a directory. (D:\svn\semantic\java\Ontologie_Owl\annotator\plugins\edu.stanford.smi.protegex.owl) -- LocalFolderRepository.update()
2015.02.26 15:26:20.399 CET INFO: Loading triples for: null -- ProtegeOWLParser.loadTriples()
2015.02.26 15:26:21.371 CET INFO:     Completed triple loading after 852 ms -- ProtegeOWLParser.loadTriples()
2015.02.26 15:26:21.371 CET INFO: Postprocess: Process entities with incorrect Java type (0 entities) ...  -- TriplePostProcessor.processFramesWithWrongJavaType()
2015.02.26 15:26:21.371 CET INFO: 0 ms
 -- TriplePostProcessor.processFramesWithWrongJavaType()
2015.02.26 15:26:21.371 CET INFO: Postprocess: Process metaclasses (3 metaclasses) ...  -- TriplePostProcessor.processMetaclasses()
2015.02.26 15:26:21.371 CET INFO: 0 ms
 -- TriplePostProcessor.processMetaclasses()
2015.02.26 15:26:21.381 CET INFO: Postprocess: Process subclasses of rdf:List (1 classes) ...  -- TriplePostProcessor.processSubclassesOfRdfList()
2015.02.26 15:26:21.381 CET INFO: 0 ms
 -- TriplePostProcessor.processSubclassesOfRdfList()
2015.02.26 15:26:21.381 CET INFO: Postprocess: Instances with multiple types (16 instances) ...  -- TriplePostProcessor.processInstancesWithMultipleTypes()
2015.02.26 15:26:21.381 CET INFO: 0 ms
 -- TriplePostProcessor.processInstancesWithMultipleTypes()
2015.02.26 15:26:21.381 CET INFO: Postprocess: Add inferred superclasses ...  -- TriplePostProcessor.processInferredSuperclasses()
2015.02.26 15:26:21.381 CET INFO: 0 ms
 -- TriplePostProcessor.processInferredSuperclasses()
2015.02.26 15:26:21.392 CET INFO: Postprocess: Process orphan classes (65 classes) ...  -- TriplePostProcessor.processOrphanClses()
2015.02.26 15:26:21.392 CET INFO: 0 ms
 -- TriplePostProcessor.processOrphanClses()
2015.02.26 15:26:21.392 CET INFO: Postprocess: Generalized Concept Inclusion (0 axioms) ...  -- TriplePostProcessor.processGeneralizedConceptInclusions()
2015.02.26 15:26:21.392 CET INFO: 0 ms
 -- TriplePostProcessor.processGeneralizedConceptInclusions()
2015.02.26 15:26:21.402 CET INFO: Postprocess: Abstract classes...  -- TriplePostProcessor.processAbstractClasses()
2015.02.26 15:26:21.402 CET INFO: 0 ms
 -- TriplePostProcessor.processAbstractClasses()
2015.02.26 15:26:21.402 CET INFO: Postprocess: Domain and range of properties...  -- TriplePostProcessor.processDomainAndRange()
2015.02.26 15:26:21.412 CET INFO: 10 ms
 -- TriplePostProcessor.processDomainAndRange()
2015.02.26 15:26:21.412 CET INFO: Postprocess: Possibly typed entities (1 resources) ...  -- TriplePostProcessor.processPossiblyTypedResources()
2015.02.26 15:26:21.412 CET INFO: 0 ms
 -- TriplePostProcessor.processPossiblyTypedResources()
2015.02.26 15:26:21.412 CET INFO: Updating underlying frames model in 0 ms -- ProtegeOWLParser.doFinalPostProcessing()
2015.03.02 14:28:25.059 CET INFO: *** SYSTEM START ***
