2015.01.15 11:44:28.612 CET INFO: *** SYSTEM START ***
2015.01.15 11:44:29.552 CET WARNING: [Local Folder Repository] The specified file must be a directory. (D:\Ontologie_Owl\annotator\plugins\edu.stanford.smi.protegex.owl) -- LocalFolderRepository.update()
2015.01.15 11:44:29.583 CET INFO: Loading triples for: null -- ProtegeOWLParser.loadTriples()
2015.01.15 11:44:30.643 CET INFO:     Completed triple loading after 830 ms -- ProtegeOWLParser.loadTriples()
2015.01.15 11:44:30.653 CET INFO: Postprocess: Process entities with incorrect Java type (0 entities) ...  -- TriplePostProcessor.processFramesWithWrongJavaType()
2015.01.15 11:44:30.653 CET INFO: 0 ms
 -- TriplePostProcessor.processFramesWithWrongJavaType()
2015.01.15 11:44:30.653 CET INFO: Postprocess: Process metaclasses (3 metaclasses) ...  -- TriplePostProcessor.processMetaclasses()
2015.01.15 11:44:30.653 CET INFO: 0 ms
 -- TriplePostProcessor.processMetaclasses()
2015.01.15 11:44:30.653 CET INFO: Postprocess: Process subclasses of rdf:List (1 classes) ...  -- TriplePostProcessor.processSubclassesOfRdfList()
2015.01.15 11:44:30.653 CET INFO: 0 ms
 -- TriplePostProcessor.processSubclassesOfRdfList()
2015.01.15 11:44:30.653 CET INFO: Postprocess: Instances with multiple types (15 instances) ...  -- TriplePostProcessor.processInstancesWithMultipleTypes()
2015.01.15 11:44:30.653 CET INFO: 0 ms
 -- TriplePostProcessor.processInstancesWithMultipleTypes()
2015.01.15 11:44:30.653 CET INFO: Postprocess: Add inferred superclasses ...  -- TriplePostProcessor.processInferredSuperclasses()
2015.01.15 11:44:30.653 CET INFO: 0 ms
 -- TriplePostProcessor.processInferredSuperclasses()
2015.01.15 11:44:30.664 CET INFO: Postprocess: Process orphan classes (62 classes) ...  -- TriplePostProcessor.processOrphanClses()
2015.01.15 11:44:30.664 CET INFO: 0 ms
 -- TriplePostProcessor.processOrphanClses()
2015.01.15 11:44:30.664 CET INFO: Postprocess: Generalized Concept Inclusion (0 axioms) ...  -- TriplePostProcessor.processGeneralizedConceptInclusions()
2015.01.15 11:44:30.664 CET INFO: 0 ms
 -- TriplePostProcessor.processGeneralizedConceptInclusions()
2015.01.15 11:44:30.674 CET INFO: Postprocess: Abstract classes...  -- TriplePostProcessor.processAbstractClasses()
2015.01.15 11:44:30.674 CET INFO: 0 ms
 -- TriplePostProcessor.processAbstractClasses()
2015.01.15 11:44:30.674 CET INFO: Postprocess: Domain and range of properties...  -- TriplePostProcessor.processDomainAndRange()
2015.01.15 11:44:30.684 CET INFO: 10 ms
 -- TriplePostProcessor.processDomainAndRange()
2015.01.15 11:44:30.684 CET INFO: Postprocess: Possibly typed entities (0 resources) ...  -- TriplePostProcessor.processPossiblyTypedResources()
2015.01.15 11:44:30.684 CET INFO: 0 ms
 -- TriplePostProcessor.processPossiblyTypedResources()
2015.01.15 11:44:30.684 CET INFO: Updating underlying frames model in 0 ms -- ProtegeOWLParser.doFinalPostProcessing()
2015.01.15 11:46:14.957 CET INFO: *** SYSTEM START ***
2015.01.15 11:46:16.046 CET WARNING: [Local Folder Repository] The specified file must be a directory. (D:\Ontologie_Owl\annotator\plugins\edu.stanford.smi.protegex.owl) -- LocalFolderRepository.update()
2015.01.15 11:46:16.077 CET INFO: Loading triples for: null -- ProtegeOWLParser.loadTriples()
2015.01.15 11:46:17.156 CET INFO:     Completed triple loading after 859 ms -- ProtegeOWLParser.loadTriples()
2015.01.15 11:46:17.166 CET INFO: Postprocess: Process entities with incorrect Java type (0 entities) ...  -- TriplePostProcessor.processFramesWithWrongJavaType()
2015.01.15 11:46:17.166 CET INFO: 0 ms
 -- TriplePostProcessor.processFramesWithWrongJavaType()
2015.01.15 11:46:17.166 CET INFO: Postprocess: Process metaclasses (3 metaclasses) ...  -- TriplePostProcessor.processMetaclasses()
2015.01.15 11:46:17.166 CET INFO: 0 ms
 -- TriplePostProcessor.processMetaclasses()
2015.01.15 11:46:17.166 CET INFO: Postprocess: Process subclasses of rdf:List (1 classes) ...  -- TriplePostProcessor.processSubclassesOfRdfList()
2015.01.15 11:46:17.166 CET INFO: 0 ms
 -- TriplePostProcessor.processSubclassesOfRdfList()
2015.01.15 11:46:17.166 CET INFO: Postprocess: Instances with multiple types (15 instances) ...  -- TriplePostProcessor.processInstancesWithMultipleTypes()
2015.01.15 11:46:17.166 CET INFO: 0 ms
 -- TriplePostProcessor.processInstancesWithMultipleTypes()
2015.01.15 11:46:17.166 CET INFO: Postprocess: Add inferred superclasses ...  -- TriplePostProcessor.processInferredSuperclasses()
2015.01.15 11:46:17.166 CET INFO: 0 ms
 -- TriplePostProcessor.processInferredSuperclasses()
2015.01.15 11:46:17.177 CET INFO: Postprocess: Process orphan classes (62 classes) ...  -- TriplePostProcessor.processOrphanClses()
2015.01.15 11:46:17.177 CET INFO: 0 ms
 -- TriplePostProcessor.processOrphanClses()
2015.01.15 11:46:17.177 CET INFO: Postprocess: Generalized Concept Inclusion (0 axioms) ...  -- TriplePostProcessor.processGeneralizedConceptInclusions()
2015.01.15 11:46:17.187 CET INFO: 10 ms
 -- TriplePostProcessor.processGeneralizedConceptInclusions()
2015.01.15 11:46:17.187 CET INFO: Postprocess: Abstract classes...  -- TriplePostProcessor.processAbstractClasses()
2015.01.15 11:46:17.187 CET INFO: 0 ms
 -- TriplePostProcessor.processAbstractClasses()
2015.01.15 11:46:17.187 CET INFO: Postprocess: Domain and range of properties...  -- TriplePostProcessor.processDomainAndRange()
2015.01.15 11:46:17.197 CET INFO: 10 ms
 -- TriplePostProcessor.processDomainAndRange()
2015.01.15 11:46:17.197 CET INFO: Postprocess: Possibly typed entities (0 resources) ...  -- TriplePostProcessor.processPossiblyTypedResources()
2015.01.15 11:46:17.197 CET INFO: 0 ms
 -- TriplePostProcessor.processPossiblyTypedResources()
2015.01.15 11:46:17.197 CET INFO: Updating underlying frames model in 0 ms -- ProtegeOWLParser.doFinalPostProcessing()
2015.01.15 11:48:25.090 CET INFO: *** SYSTEM START ***
2015.01.15 11:48:26.150 CET WARNING: [Local Folder Repository] The specified file must be a directory. (D:\Ontologie_Owl\annotator\plugins\edu.stanford.smi.protegex.owl) -- LocalFolderRepository.update()
2015.01.15 11:48:26.191 CET INFO: Loading triples for: null -- ProtegeOWLParser.loadTriples()
2015.01.15 11:48:27.271 CET INFO:     Completed triple loading after 860 ms -- ProtegeOWLParser.loadTriples()
2015.01.15 11:48:27.281 CET INFO: Postprocess: Process entities with incorrect Java type (0 entities) ...  -- TriplePostProcessor.processFramesWithWrongJavaType()
2015.01.15 11:48:27.281 CET INFO: 0 ms
 -- TriplePostProcessor.processFramesWithWrongJavaType()
2015.01.15 11:48:27.281 CET INFO: Postprocess: Process metaclasses (3 metaclasses) ...  -- TriplePostProcessor.processMetaclasses()
2015.01.15 11:48:27.281 CET INFO: 0 ms
 -- TriplePostProcessor.processMetaclasses()
2015.01.15 11:48:27.281 CET INFO: Postprocess: Process subclasses of rdf:List (1 classes) ...  -- TriplePostProcessor.processSubclassesOfRdfList()
2015.01.15 11:48:27.281 CET INFO: 0 ms
 -- TriplePostProcessor.processSubclassesOfRdfList()
2015.01.15 11:48:27.281 CET INFO: Postprocess: Instances with multiple types (15 instances) ...  -- TriplePostProcessor.processInstancesWithMultipleTypes()
2015.01.15 11:48:27.281 CET INFO: 0 ms
 -- TriplePostProcessor.processInstancesWithMultipleTypes()
2015.01.15 11:48:27.281 CET INFO: Postprocess: Add inferred superclasses ...  -- TriplePostProcessor.processInferredSuperclasses()
2015.01.15 11:48:27.281 CET INFO: 0 ms
 -- TriplePostProcessor.processInferredSuperclasses()
2015.01.15 11:48:27.292 CET INFO: Postprocess: Process orphan classes (62 classes) ...  -- TriplePostProcessor.processOrphanClses()
2015.01.15 11:48:27.292 CET INFO: 0 ms
 -- TriplePostProcessor.processOrphanClses()
2015.01.15 11:48:27.292 CET INFO: Postprocess: Generalized Concept Inclusion (0 axioms) ...  -- TriplePostProcessor.processGeneralizedConceptInclusions()
2015.01.15 11:48:27.302 CET INFO: 10 ms
 -- TriplePostProcessor.processGeneralizedConceptInclusions()
2015.01.15 11:48:27.302 CET INFO: Postprocess: Abstract classes...  -- TriplePostProcessor.processAbstractClasses()
2015.01.15 11:48:27.302 CET INFO: 0 ms
 -- TriplePostProcessor.processAbstractClasses()
2015.01.15 11:48:27.302 CET INFO: Postprocess: Domain and range of properties...  -- TriplePostProcessor.processDomainAndRange()
2015.01.15 11:48:27.312 CET INFO: 10 ms
 -- TriplePostProcessor.processDomainAndRange()
2015.01.15 11:48:27.312 CET INFO: Postprocess: Possibly typed entities (0 resources) ...  -- TriplePostProcessor.processPossiblyTypedResources()
2015.01.15 11:48:27.312 CET INFO: 0 ms
 -- TriplePostProcessor.processPossiblyTypedResources()
2015.01.15 11:48:27.312 CET INFO: Updating underlying frames model in 0 ms -- ProtegeOWLParser.doFinalPostProcessing()
2015.01.15 11:52:59.370 CET INFO: *** SYSTEM START ***
2015.01.15 11:53:00.407 CET WARNING: [Local Folder Repository] The specified file must be a directory. (D:\Ontologie_Owl\annotator\plugins\edu.stanford.smi.protegex.owl) -- LocalFolderRepository.update()
2015.01.15 11:53:00.431 CET INFO: Loading triples for: null -- ProtegeOWLParser.loadTriples()
2015.01.15 11:53:01.481 CET INFO:     Completed triple loading after 820 ms -- ProtegeOWLParser.loadTriples()
2015.01.15 11:53:01.491 CET INFO: Postprocess: Process entities with incorrect Java type (0 entities) ...  -- TriplePostProcessor.processFramesWithWrongJavaType()
2015.01.15 11:53:01.491 CET INFO: 0 ms
 -- TriplePostProcessor.processFramesWithWrongJavaType()
2015.01.15 11:53:01.491 CET INFO: Postprocess: Process metaclasses (3 metaclasses) ...  -- TriplePostProcessor.processMetaclasses()
2015.01.15 11:53:01.491 CET INFO: 0 ms
 -- TriplePostProcessor.processMetaclasses()
2015.01.15 11:53:01.491 CET INFO: Postprocess: Process subclasses of rdf:List (1 classes) ...  -- TriplePostProcessor.processSubclassesOfRdfList()
2015.01.15 11:53:01.491 CET INFO: 0 ms
 -- TriplePostProcessor.processSubclassesOfRdfList()
2015.01.15 11:53:01.491 CET INFO: Postprocess: Instances with multiple types (15 instances) ...  -- TriplePostProcessor.processInstancesWithMultipleTypes()
2015.01.15 11:53:01.491 CET INFO: 0 ms
 -- TriplePostProcessor.processInstancesWithMultipleTypes()
2015.01.15 11:53:01.491 CET INFO: Postprocess: Add inferred superclasses ...  -- TriplePostProcessor.processInferredSuperclasses()
2015.01.15 11:53:01.491 CET INFO: 0 ms
 -- TriplePostProcessor.processInferredSuperclasses()
2015.01.15 11:53:01.502 CET INFO: Postprocess: Process orphan classes (62 classes) ...  -- TriplePostProcessor.processOrphanClses()
2015.01.15 11:53:01.502 CET INFO: 0 ms
 -- TriplePostProcessor.processOrphanClses()
2015.01.15 11:53:01.502 CET INFO: Postprocess: Generalized Concept Inclusion (0 axioms) ...  -- TriplePostProcessor.processGeneralizedConceptInclusions()
2015.01.15 11:53:01.512 CET INFO: 10 ms
 -- TriplePostProcessor.processGeneralizedConceptInclusions()
2015.01.15 11:53:01.512 CET INFO: Postprocess: Abstract classes...  -- TriplePostProcessor.processAbstractClasses()
2015.01.15 11:53:01.512 CET INFO: 0 ms
 -- TriplePostProcessor.processAbstractClasses()
2015.01.15 11:53:01.512 CET INFO: Postprocess: Domain and range of properties...  -- TriplePostProcessor.processDomainAndRange()
2015.01.15 11:53:01.522 CET INFO: 10 ms
 -- TriplePostProcessor.processDomainAndRange()
2015.01.15 11:53:01.522 CET INFO: Postprocess: Possibly typed entities (0 resources) ...  -- TriplePostProcessor.processPossiblyTypedResources()
2015.01.15 11:53:01.522 CET INFO: 0 ms
 -- TriplePostProcessor.processPossiblyTypedResources()
2015.01.15 11:53:01.522 CET INFO: Updating underlying frames model in 0 ms -- ProtegeOWLParser.doFinalPostProcessing()
2015.01.15 13:46:25.186 CET INFO: *** SYSTEM START ***
2015.01.15 13:46:26.116 CET WARNING: [Local Folder Repository] The specified file must be a directory. (D:\Ontologie_Owl\annotator\plugins\edu.stanford.smi.protegex.owl) -- LocalFolderRepository.update()
2015.01.15 13:46:26.147 CET INFO: Loading triples for: null -- ProtegeOWLParser.loadTriples()
2015.01.15 13:46:27.211 CET INFO:     Completed triple loading after 814 ms -- ProtegeOWLParser.loadTriples()
2015.01.15 13:46:27.211 CET INFO: Postprocess: Process entities with incorrect Java type (0 entities) ...  -- TriplePostProcessor.processFramesWithWrongJavaType()
2015.01.15 13:46:27.211 CET INFO: 0 ms
 -- TriplePostProcessor.processFramesWithWrongJavaType()
2015.01.15 13:46:27.211 CET INFO: Postprocess: Process metaclasses (3 metaclasses) ...  -- TriplePostProcessor.processMetaclasses()
2015.01.15 13:46:27.221 CET INFO: 0 ms
 -- TriplePostProcessor.processMetaclasses()
2015.01.15 13:46:27.221 CET INFO: Postprocess: Process subclasses of rdf:List (1 classes) ...  -- TriplePostProcessor.processSubclassesOfRdfList()
2015.01.15 13:46:27.221 CET INFO: 0 ms
 -- TriplePostProcessor.processSubclassesOfRdfList()
2015.01.15 13:46:27.221 CET INFO: Postprocess: Instances with multiple types (15 instances) ...  -- TriplePostProcessor.processInstancesWithMultipleTypes()
2015.01.15 13:46:27.221 CET INFO: 0 ms
 -- TriplePostProcessor.processInstancesWithMultipleTypes()
2015.01.15 13:46:27.221 CET INFO: Postprocess: Add inferred superclasses ...  -- TriplePostProcessor.processInferredSuperclasses()
2015.01.15 13:46:27.221 CET INFO: 0 ms
 -- TriplePostProcessor.processInferredSuperclasses()
2015.01.15 13:46:27.232 CET INFO: Postprocess: Process orphan classes (62 classes) ...  -- TriplePostProcessor.processOrphanClses()
2015.01.15 13:46:27.232 CET INFO: 0 ms
 -- TriplePostProcessor.processOrphanClses()
2015.01.15 13:46:27.232 CET INFO: Postprocess: Generalized Concept Inclusion (0 axioms) ...  -- TriplePostProcessor.processGeneralizedConceptInclusions()
2015.01.15 13:46:27.232 CET INFO: 0 ms
 -- TriplePostProcessor.processGeneralizedConceptInclusions()
2015.01.15 13:46:27.232 CET INFO: Postprocess: Abstract classes...  -- TriplePostProcessor.processAbstractClasses()
2015.01.15 13:46:27.232 CET INFO: 0 ms
 -- TriplePostProcessor.processAbstractClasses()
2015.01.15 13:46:27.232 CET INFO: Postprocess: Domain and range of properties...  -- TriplePostProcessor.processDomainAndRange()
2015.01.15 13:46:27.242 CET INFO: 10 ms
 -- TriplePostProcessor.processDomainAndRange()
2015.01.15 13:46:27.242 CET INFO: Postprocess: Possibly typed entities (0 resources) ...  -- TriplePostProcessor.processPossiblyTypedResources()
2015.01.15 13:46:27.242 CET INFO: 0 ms
 -- TriplePostProcessor.processPossiblyTypedResources()
2015.01.15 13:46:27.252 CET INFO: Updating underlying frames model in 0 ms -- ProtegeOWLParser.doFinalPostProcessing()
2015.01.15 13:49:12.361 CET INFO: *** SYSTEM START ***
2015.01.15 13:49:13.391 CET WARNING: [Local Folder Repository] The specified file must be a directory. (D:\Ontologie_Owl\annotator\plugins\edu.stanford.smi.protegex.owl) -- LocalFolderRepository.update()
2015.01.15 13:49:13.423 CET INFO: Loading triples for: null -- ProtegeOWLParser.loadTriples()
2015.01.15 13:49:14.343 CET INFO:     Completed triple loading after 702 ms -- ProtegeOWLParser.loadTriples()
2015.01.15 13:49:14.359 CET INFO: Postprocess: Process entities with incorrect Java type (0 entities) ...  -- TriplePostProcessor.processFramesWithWrongJavaType()
2015.01.15 13:49:14.359 CET INFO: 0 ms
 -- TriplePostProcessor.processFramesWithWrongJavaType()
2015.01.15 13:49:14.359 CET INFO: Postprocess: Process metaclasses (3 metaclasses) ...  -- TriplePostProcessor.processMetaclasses()
2015.01.15 13:49:14.359 CET INFO: 0 ms
 -- TriplePostProcessor.processMetaclasses()
2015.01.15 13:49:14.359 CET INFO: Postprocess: Process subclasses of rdf:List (1 classes) ...  -- TriplePostProcessor.processSubclassesOfRdfList()
2015.01.15 13:49:14.359 CET INFO: 0 ms
 -- TriplePostProcessor.processSubclassesOfRdfList()
2015.01.15 13:49:14.359 CET INFO: Postprocess: Instances with multiple types (15 instances) ...  -- TriplePostProcessor.processInstancesWithMultipleTypes()
2015.01.15 13:49:14.359 CET INFO: 0 ms
 -- TriplePostProcessor.processInstancesWithMultipleTypes()
2015.01.15 13:49:14.359 CET INFO: Postprocess: Add inferred superclasses ...  -- TriplePostProcessor.processInferredSuperclasses()
2015.01.15 13:49:14.359 CET INFO: 0 ms
 -- TriplePostProcessor.processInferredSuperclasses()
2015.01.15 13:49:14.359 CET INFO: Postprocess: Process orphan classes (62 classes) ...  -- TriplePostProcessor.processOrphanClses()
2015.01.15 13:49:14.374 CET INFO: 15 ms
 -- TriplePostProcessor.processOrphanClses()
2015.01.15 13:49:14.374 CET INFO: Postprocess: Generalized Concept Inclusion (0 axioms) ...  -- TriplePostProcessor.processGeneralizedConceptInclusions()
2015.01.15 13:49:14.374 CET INFO: 0 ms
 -- TriplePostProcessor.processGeneralizedConceptInclusions()
2015.01.15 13:49:14.374 CET INFO: Postprocess: Abstract classes...  -- TriplePostProcessor.processAbstractClasses()
2015.01.15 13:49:14.374 CET INFO: 0 ms
 -- TriplePostProcessor.processAbstractClasses()
2015.01.15 13:49:14.374 CET INFO: Postprocess: Domain and range of properties...  -- TriplePostProcessor.processDomainAndRange()
2015.01.15 13:49:14.390 CET INFO: 16 ms
 -- TriplePostProcessor.processDomainAndRange()
2015.01.15 13:49:14.390 CET INFO: Postprocess: Possibly typed entities (0 resources) ...  -- TriplePostProcessor.processPossiblyTypedResources()
2015.01.15 13:49:14.390 CET INFO: 0 ms
 -- TriplePostProcessor.processPossiblyTypedResources()
2015.01.15 13:49:14.390 CET INFO: Updating underlying frames model in 0 ms -- ProtegeOWLParser.doFinalPostProcessing()
2015.01.15 13:50:29.991 CET INFO: *** SYSTEM START ***
2015.01.15 13:50:30.916 CET WARNING: [Local Folder Repository] The specified file must be a directory. (D:\Ontologie_Owl\annotator\plugins\edu.stanford.smi.protegex.owl) -- LocalFolderRepository.update()
2015.01.15 13:50:30.931 CET INFO: Loading triples for: null -- ProtegeOWLParser.loadTriples()
2015.01.15 13:50:31.917 CET INFO:     Completed triple loading after 782 ms -- ProtegeOWLParser.loadTriples()
2015.01.15 13:50:31.917 CET INFO: Postprocess: Process entities with incorrect Java type (0 entities) ...  -- TriplePostProcessor.processFramesWithWrongJavaType()
2015.01.15 13:50:31.917 CET INFO: 0 ms
 -- TriplePostProcessor.processFramesWithWrongJavaType()
2015.01.15 13:50:31.917 CET INFO: Postprocess: Process metaclasses (3 metaclasses) ...  -- TriplePostProcessor.processMetaclasses()
2015.01.15 13:50:31.917 CET INFO: 0 ms
 -- TriplePostProcessor.processMetaclasses()
2015.01.15 13:50:31.917 CET INFO: Postprocess: Process subclasses of rdf:List (1 classes) ...  -- TriplePostProcessor.processSubclassesOfRdfList()
2015.01.15 13:50:31.917 CET INFO: 0 ms
 -- TriplePostProcessor.processSubclassesOfRdfList()
2015.01.15 13:50:31.917 CET INFO: Postprocess: Instances with multiple types (15 instances) ...  -- TriplePostProcessor.processInstancesWithMultipleTypes()
2015.01.15 13:50:31.933 CET INFO: 16 ms
 -- TriplePostProcessor.processInstancesWithMultipleTypes()
2015.01.15 13:50:31.933 CET INFO: Postprocess: Add inferred superclasses ...  -- TriplePostProcessor.processInferredSuperclasses()
2015.01.15 13:50:31.933 CET INFO: 0 ms
 -- TriplePostProcessor.processInferredSuperclasses()
2015.01.15 13:50:31.933 CET INFO: Postprocess: Process orphan classes (62 classes) ...  -- TriplePostProcessor.processOrphanClses()
2015.01.15 13:50:31.933 CET INFO: 0 ms
 -- TriplePostProcessor.processOrphanClses()
2015.01.15 13:50:31.933 CET INFO: Postprocess: Generalized Concept Inclusion (0 axioms) ...  -- TriplePostProcessor.processGeneralizedConceptInclusions()
2015.01.15 13:50:31.933 CET INFO: 0 ms
 -- TriplePostProcessor.processGeneralizedConceptInclusions()
2015.01.15 13:50:31.948 CET INFO: Postprocess: Abstract classes...  -- TriplePostProcessor.processAbstractClasses()
2015.01.15 13:50:31.949 CET INFO: 0 ms
 -- TriplePostProcessor.processAbstractClasses()
2015.01.15 13:50:31.949 CET INFO: Postprocess: Domain and range of properties...  -- TriplePostProcessor.processDomainAndRange()
2015.01.15 13:50:31.949 CET INFO: 0 ms
 -- TriplePostProcessor.processDomainAndRange()
2015.01.15 13:50:31.949 CET INFO: Postprocess: Possibly typed entities (0 resources) ...  -- TriplePostProcessor.processPossiblyTypedResources()
2015.01.15 13:50:31.949 CET INFO: 0 ms
 -- TriplePostProcessor.processPossiblyTypedResources()
2015.01.15 13:50:31.949 CET INFO: Updating underlying frames model in 0 ms -- ProtegeOWLParser.doFinalPostProcessing()
2015.01.15 15:59:21.633 CET INFO: *** SYSTEM START ***
2015.01.15 15:59:22.541 CET WARNING: [Local Folder Repository] The specified file must be a directory. (D:\Ontologie_Owl\annotator\plugins\edu.stanford.smi.protegex.owl) -- LocalFolderRepository.update()
2015.01.15 15:59:22.572 CET INFO: Loading triples for: null -- ProtegeOWLParser.loadTriples()
2015.01.15 15:59:23.461 CET INFO:     Completed triple loading after 719 ms -- ProtegeOWLParser.loadTriples()
2015.01.15 15:59:23.461 CET INFO: Postprocess: Process entities with incorrect Java type (0 entities) ...  -- TriplePostProcessor.processFramesWithWrongJavaType()
2015.01.15 15:59:23.461 CET INFO: 0 ms
 -- TriplePostProcessor.processFramesWithWrongJavaType()
2015.01.15 15:59:23.461 CET INFO: Postprocess: Process metaclasses (3 metaclasses) ...  -- TriplePostProcessor.processMetaclasses()
2015.01.15 15:59:23.461 CET INFO: 0 ms
 -- TriplePostProcessor.processMetaclasses()
2015.01.15 15:59:23.471 CET INFO: Postprocess: Process subclasses of rdf:List (1 classes) ...  -- TriplePostProcessor.processSubclassesOfRdfList()
2015.01.15 15:59:23.471 CET INFO: 0 ms
 -- TriplePostProcessor.processSubclassesOfRdfList()
2015.01.15 15:59:23.471 CET INFO: Postprocess: Instances with multiple types (15 instances) ...  -- TriplePostProcessor.processInstancesWithMultipleTypes()
2015.01.15 15:59:23.471 CET INFO: 0 ms
 -- TriplePostProcessor.processInstancesWithMultipleTypes()
2015.01.15 15:59:23.471 CET INFO: Postprocess: Add inferred superclasses ...  -- TriplePostProcessor.processInferredSuperclasses()
2015.01.15 15:59:23.471 CET INFO: 0 ms
 -- TriplePostProcessor.processInferredSuperclasses()
2015.01.15 15:59:23.471 CET INFO: Postprocess: Process orphan classes (62 classes) ...  -- TriplePostProcessor.processOrphanClses()
2015.01.15 15:59:23.481 CET INFO: 10 ms
 -- TriplePostProcessor.processOrphanClses()
2015.01.15 15:59:23.481 CET INFO: Postprocess: Generalized Concept Inclusion (0 axioms) ...  -- TriplePostProcessor.processGeneralizedConceptInclusions()
2015.01.15 15:59:23.481 CET INFO: 0 ms
 -- TriplePostProcessor.processGeneralizedConceptInclusions()
2015.01.15 15:59:23.481 CET INFO: Postprocess: Abstract classes...  -- TriplePostProcessor.processAbstractClasses()
2015.01.15 15:59:23.481 CET INFO: 0 ms
 -- TriplePostProcessor.processAbstractClasses()
2015.01.15 15:59:23.481 CET INFO: Postprocess: Domain and range of properties...  -- TriplePostProcessor.processDomainAndRange()
2015.01.15 15:59:23.491 CET INFO: 10 ms
 -- TriplePostProcessor.processDomainAndRange()
2015.01.15 15:59:23.491 CET INFO: Postprocess: Possibly typed entities (0 resources) ...  -- TriplePostProcessor.processPossiblyTypedResources()
2015.01.15 15:59:23.491 CET INFO: 0 ms
 -- TriplePostProcessor.processPossiblyTypedResources()
2015.01.15 15:59:23.491 CET INFO: Updating underlying frames model in 0 ms -- ProtegeOWLParser.doFinalPostProcessing()
